Global
Viper

2022/10/29 14:45:28 /data/go/pkg/mod/gorm.io/driver/mysql@v1.3.3/migrator.go:228
[0.117ms] [rows:-] SELECT DATABASE()

2022/10/29 14:45:28 /data/go/pkg/mod/gorm.io/driver/mysql@v1.3.3/migrator.go:231
[0.413ms] [rows:1] SELECT SCHEMA_NAME from Information_schema.SCHEMATA where SCHEMA_NAME LIKE 'douyin%' ORDER BY SCHEMA_NAME='douyin' DESC limit 1

2022/10/29 14:45:28 /home/cheng/Desktop/Linux/douyin-fighting/initialize/mysql.go:54
[0.814ms] [rows:-] SELECT count(*) FROM information_schema.tables WHERE table_schema = 'douyin' AND table_name = 'users' AND table_type = 'BASE TABLE'

2022/10/29 14:45:28 /data/go/pkg/mod/gorm.io/driver/mysql@v1.3.3/migrator.go:228
[0.064ms] [rows:-] SELECT DATABASE()

2022/10/29 14:45:28 /data/go/pkg/mod/gorm.io/driver/mysql@v1.3.3/migrator.go:231
[0.331ms] [rows:1] SELECT SCHEMA_NAME from Information_schema.SCHEMATA where SCHEMA_NAME LIKE 'douyin%' ORDER BY SCHEMA_NAME='douyin' DESC limit 1

2022/10/29 14:45:28 /data/go/pkg/mod/gorm.io/driver/mysql@v1.3.3/migrator.go:148
[2.004ms] [rows:-] SELECT * FROM `users` LIMIT 1

2022/10/29 14:45:28 /data/go/pkg/mod/gorm.io/driver/mysql@v1.3.3/migrator.go:166
[0.527ms] [rows:-] SELECT column_name, column_default, is_nullable = 'YES', data_type, character_maximum_length, column_type, column_key, extra, column_comment, numeric_precision, numeric_scale , datetime_precision FROM information_schema.columns WHERE table_schema = 'douyin' AND table_name = 'users' ORDER BY ORDINAL_POSITION

2022/10/29 14:45:28 /data/go/pkg/mod/gorm.io/driver/mysql@v1.3.3/migrator.go:228
[0.283ms] [rows:-] SELECT DATABASE()

2022/10/29 14:45:28 /data/go/pkg/mod/gorm.io/driver/mysql@v1.3.3/migrator.go:231
[0.727ms] [rows:1] SELECT SCHEMA_NAME from Information_schema.SCHEMATA where SCHEMA_NAME LIKE 'douyin%' ORDER BY SCHEMA_NAME='douyin' DESC limit 1

2022/10/29 14:45:28 /home/cheng/Desktop/Linux/douyin-fighting/initialize/mysql.go:55
[0.251ms] [rows:-] SELECT count(*) FROM information_schema.tables WHERE table_schema = 'douyin' AND table_name = 'videos' AND table_type = 'BASE TABLE'

2022/10/29 14:45:28 /data/go/pkg/mod/gorm.io/driver/mysql@v1.3.3/migrator.go:228
[0.088ms] [rows:-] SELECT DATABASE()

2022/10/29 14:45:28 /data/go/pkg/mod/gorm.io/driver/mysql@v1.3.3/migrator.go:231
[3.280ms] [rows:1] SELECT SCHEMA_NAME from Information_schema.SCHEMATA where SCHEMA_NAME LIKE 'douyin%' ORDER BY SCHEMA_NAME='douyin' DESC limit 1

2022/10/29 14:45:28 /data/go/pkg/mod/gorm.io/driver/mysql@v1.3.3/migrator.go:148
[1.387ms] [rows:-] SELECT * FROM `videos` LIMIT 1

2022/10/29 14:45:28 /data/go/pkg/mod/gorm.io/driver/mysql@v1.3.3/migrator.go:166
[0.606ms] [rows:-] SELECT column_name, column_default, is_nullable = 'YES', data_type, character_maximum_length, column_type, column_key, extra, column_comment, numeric_precision, numeric_scale , datetime_precision FROM information_schema.columns WHERE table_schema = 'douyin' AND table_name = 'videos' ORDER BY ORDINAL_POSITION

2022/10/29 14:45:28 /data/go/pkg/mod/gorm.io/driver/mysql@v1.3.3/migrator.go:228
[0.097ms] [rows:-] SELECT DATABASE()

2022/10/29 14:45:28 /data/go/pkg/mod/gorm.io/driver/mysql@v1.3.3/migrator.go:231
[0.354ms] [rows:1] SELECT SCHEMA_NAME from Information_schema.SCHEMATA where SCHEMA_NAME LIKE 'douyin%' ORDER BY SCHEMA_NAME='douyin' DESC limit 1

2022/10/29 14:45:28 /home/cheng/Desktop/Linux/douyin-fighting/initialize/mysql.go:55
[0.246ms] [rows:-] SELECT count(*) FROM information_schema.statistics WHERE table_schema = 'douyin' AND table_name = 'videos' AND index_name = 'idx_videos_created_at'

2022/10/29 14:45:28 /data/go/pkg/mod/gorm.io/driver/mysql@v1.3.3/migrator.go:228
[0.065ms] [rows:-] SELECT DATABASE()

2022/10/29 14:45:28 /data/go/pkg/mod/gorm.io/driver/mysql@v1.3.3/migrator.go:231
[0.281ms] [rows:1] SELECT SCHEMA_NAME from Information_schema.SCHEMATA where SCHEMA_NAME LIKE 'douyin%' ORDER BY SCHEMA_NAME='douyin' DESC limit 1

2022/10/29 14:45:28 /home/cheng/Desktop/Linux/douyin-fighting/initialize/mysql.go:55
[0.726ms] [rows:-] SELECT count(*) FROM information_schema.statistics WHERE table_schema = 'douyin' AND table_name = 'videos' AND index_name = 'idx_videos_author_id'

2022/10/29 14:45:28 /data/go/pkg/mod/gorm.io/driver/mysql@v1.3.3/migrator.go:228
[0.092ms] [rows:-] SELECT DATABASE()

2022/10/29 14:45:28 /data/go/pkg/mod/gorm.io/driver/mysql@v1.3.3/migrator.go:231
[0.352ms] [rows:1] SELECT SCHEMA_NAME from Information_schema.SCHEMATA where SCHEMA_NAME LIKE 'douyin%' ORDER BY SCHEMA_NAME='douyin' DESC limit 1

2022/10/29 14:45:28 /home/cheng/Desktop/Linux/douyin-fighting/initialize/mysql.go:56
[0.846ms] [rows:-] SELECT count(*) FROM information_schema.tables WHERE table_schema = 'douyin' AND table_name = 'favorites' AND table_type = 'BASE TABLE'

2022/10/29 14:45:28 /data/go/pkg/mod/gorm.io/driver/mysql@v1.3.3/migrator.go:228
[0.091ms] [rows:-] SELECT DATABASE()

2022/10/29 14:45:28 /data/go/pkg/mod/gorm.io/driver/mysql@v1.3.3/migrator.go:231
[0.287ms] [rows:1] SELECT SCHEMA_NAME from Information_schema.SCHEMATA where SCHEMA_NAME LIKE 'douyin%' ORDER BY SCHEMA_NAME='douyin' DESC limit 1

2022/10/29 14:45:28 /data/go/pkg/mod/gorm.io/driver/mysql@v1.3.3/migrator.go:148
[0.699ms] [rows:-] SELECT * FROM `favorites` LIMIT 1

2022/10/29 14:45:28 /data/go/pkg/mod/gorm.io/driver/mysql@v1.3.3/migrator.go:166
[0.547ms] [rows:-] SELECT column_name, column_default, is_nullable = 'YES', data_type, character_maximum_length, column_type, column_key, extra, column_comment, numeric_precision, numeric_scale , datetime_precision FROM information_schema.columns WHERE table_schema = 'douyin' AND table_name = 'favorites' ORDER BY ORDINAL_POSITION

2022/10/29 14:45:28 /data/go/pkg/mod/gorm.io/driver/mysql@v1.3.3/migrator.go:228
[0.107ms] [rows:-] SELECT DATABASE()

2022/10/29 14:45:28 /data/go/pkg/mod/gorm.io/driver/mysql@v1.3.3/migrator.go:231
[1.811ms] [rows:1] SELECT SCHEMA_NAME from Information_schema.SCHEMATA where SCHEMA_NAME LIKE 'douyin%' ORDER BY SCHEMA_NAME='douyin' DESC limit 1

2022/10/29 14:45:28 /home/cheng/Desktop/Linux/douyin-fighting/initialize/mysql.go:56
[0.268ms] [rows:-] SELECT count(*) FROM information_schema.statistics WHERE table_schema = 'douyin' AND table_name = 'favorites' AND index_name = 'idx_01'

2022/10/29 14:45:28 /data/go/pkg/mod/gorm.io/driver/mysql@v1.3.3/migrator.go:228
[0.090ms] [rows:-] SELECT DATABASE()

2022/10/29 14:45:28 /data/go/pkg/mod/gorm.io/driver/mysql@v1.3.3/migrator.go:231
[0.319ms] [rows:1] SELECT SCHEMA_NAME from Information_schema.SCHEMATA where SCHEMA_NAME LIKE 'douyin%' ORDER BY SCHEMA_NAME='douyin' DESC limit 1

2022/10/29 14:45:28 /home/cheng/Desktop/Linux/douyin-fighting/initialize/mysql.go:56
[0.311ms] [rows:-] SELECT count(*) FROM information_schema.statistics WHERE table_schema = 'douyin' AND table_name = 'favorites' AND index_name = 'idx_02'

2022/10/29 14:45:28 /data/go/pkg/mod/gorm.io/driver/mysql@v1.3.3/migrator.go:228
[0.090ms] [rows:-] SELECT DATABASE()

2022/10/29 14:45:28 /data/go/pkg/mod/gorm.io/driver/mysql@v1.3.3/migrator.go:231
[0.341ms] [rows:1] SELECT SCHEMA_NAME from Information_schema.SCHEMATA where SCHEMA_NAME LIKE 'douyin%' ORDER BY SCHEMA_NAME='douyin' DESC limit 1

2022/10/29 14:45:28 /home/cheng/Desktop/Linux/douyin-fighting/initialize/mysql.go:57
[0.235ms] [rows:-] SELECT count(*) FROM information_schema.tables WHERE table_schema = 'douyin' AND table_name = 'comments' AND table_type = 'BASE TABLE'

2022/10/29 14:45:28 /data/go/pkg/mod/gorm.io/driver/mysql@v1.3.3/migrator.go:228
[0.096ms] [rows:-] SELECT DATABASE()

2022/10/29 14:45:28 /data/go/pkg/mod/gorm.io/driver/mysql@v1.3.3/migrator.go:231
[16.177ms] [rows:1] SELECT SCHEMA_NAME from Information_schema.SCHEMATA where SCHEMA_NAME LIKE 'douyin%' ORDER BY SCHEMA_NAME='douyin' DESC limit 1

2022/10/29 14:45:28 /data/go/pkg/mod/gorm.io/driver/mysql@v1.3.3/migrator.go:148
[23.716ms] [rows:-] SELECT * FROM `comments` LIMIT 1

2022/10/29 14:45:28 /data/go/pkg/mod/gorm.io/driver/mysql@v1.3.3/migrator.go:166
[1.238ms] [rows:-] SELECT column_name, column_default, is_nullable = 'YES', data_type, character_maximum_length, column_type, column_key, extra, column_comment, numeric_precision, numeric_scale , datetime_precision FROM information_schema.columns WHERE table_schema = 'douyin' AND table_name = 'comments' ORDER BY ORDINAL_POSITION

2022/10/29 14:45:28 /data/go/pkg/mod/gorm.io/driver/mysql@v1.3.3/migrator.go:228
[0.092ms] [rows:-] SELECT DATABASE()

2022/10/29 14:45:28 /data/go/pkg/mod/gorm.io/driver/mysql@v1.3.3/migrator.go:231
[0.423ms] [rows:1] SELECT SCHEMA_NAME from Information_schema.SCHEMATA where SCHEMA_NAME LIKE 'douyin%' ORDER BY SCHEMA_NAME='douyin' DESC limit 1

2022/10/29 14:45:28 /home/cheng/Desktop/Linux/douyin-fighting/initialize/mysql.go:57
[0.355ms] [rows:-] SELECT count(*) FROM information_schema.statistics WHERE table_schema = 'douyin' AND table_name = 'comments' AND index_name = 'video_user'

2022/10/29 14:45:28 /data/go/pkg/mod/gorm.io/driver/mysql@v1.3.3/migrator.go:228
[0.138ms] [rows:-] SELECT DATABASE()

2022/10/29 14:45:28 /data/go/pkg/mod/gorm.io/driver/mysql@v1.3.3/migrator.go:231
[1.027ms] [rows:1] SELECT SCHEMA_NAME from Information_schema.SCHEMATA where SCHEMA_NAME LIKE 'douyin%' ORDER BY SCHEMA_NAME='douyin' DESC limit 1

2022/10/29 14:45:28 /home/cheng/Desktop/Linux/douyin-fighting/initialize/mysql.go:58
[0.474ms] [rows:-] SELECT count(*) FROM information_schema.tables WHERE table_schema = 'douyin' AND table_name = 'follows' AND table_type = 'BASE TABLE'

2022/10/29 14:45:28 /data/go/pkg/mod/gorm.io/driver/mysql@v1.3.3/migrator.go:228
[0.393ms] [rows:-] SELECT DATABASE()

2022/10/29 14:45:28 /data/go/pkg/mod/gorm.io/driver/mysql@v1.3.3/migrator.go:231
[9.460ms] [rows:1] SELECT SCHEMA_NAME from Information_schema.SCHEMATA where SCHEMA_NAME LIKE 'douyin%' ORDER BY SCHEMA_NAME='douyin' DESC limit 1

2022/10/29 14:45:28 /data/go/pkg/mod/gorm.io/driver/mysql@v1.3.3/migrator.go:148
[0.582ms] [rows:-] SELECT * FROM `follows` LIMIT 1

2022/10/29 14:45:28 /data/go/pkg/mod/gorm.io/driver/mysql@v1.3.3/migrator.go:166
[0.476ms] [rows:-] SELECT column_name, column_default, is_nullable = 'YES', data_type, character_maximum_length, column_type, column_key, extra, column_comment, numeric_precision, numeric_scale , datetime_precision FROM information_schema.columns WHERE table_schema = 'douyin' AND table_name = 'follows' ORDER BY ORDINAL_POSITION

2022/10/29 14:45:28 /data/go/pkg/mod/gorm.io/driver/mysql@v1.3.3/migrator.go:228
[0.173ms] [rows:-] SELECT DATABASE()

2022/10/29 14:45:28 /data/go/pkg/mod/gorm.io/driver/mysql@v1.3.3/migrator.go:231
[0.331ms] [rows:1] SELECT SCHEMA_NAME from Information_schema.SCHEMATA where SCHEMA_NAME LIKE 'douyin%' ORDER BY SCHEMA_NAME='douyin' DESC limit 1

2022/10/29 14:45:28 /home/cheng/Desktop/Linux/douyin-fighting/initialize/mysql.go:58
[0.375ms] [rows:-] SELECT count(*) FROM information_schema.statistics WHERE table_schema = 'douyin' AND table_name = 'follows' AND index_name = 'idx_01'

2022/10/29 14:45:28 /data/go/pkg/mod/gorm.io/driver/mysql@v1.3.3/migrator.go:228
[0.111ms] [rows:-] SELECT DATABASE()

2022/10/29 14:45:28 /data/go/pkg/mod/gorm.io/driver/mysql@v1.3.3/migrator.go:231
[0.460ms] [rows:1] SELECT SCHEMA_NAME from Information_schema.SCHEMATA where SCHEMA_NAME LIKE 'douyin%' ORDER BY SCHEMA_NAME='douyin' DESC limit 1

2022/10/29 14:45:28 /home/cheng/Desktop/Linux/douyin-fighting/initialize/mysql.go:58
[0.820ms] [rows:-] SELECT count(*) FROM information_schema.statistics WHERE table_schema = 'douyin' AND table_name = 'follows' AND index_name = 'idx_02'
MySQL
Redis
1111111111111111111
0.0.0.0:8080Feed ================
GetFeed 1
GetFeed 2
GetFeed 3
[23467265047416193 23466359480405377 23465876514688385 23465809741368705 23464019025218945 23462739410177409 23462573751946625 23461385153301889 23245963636264321]

2022/10/29 14:45:34 /home/cheng/Desktop/Linux/douyin-fighting/service/video.go:256
[0.405ms] [rows:5] SELECT * FROM `videos` WHERE video_id in (23464019025218945,23462739410177409,23462573751946625,23461385153301889,23245963636264321)

2022/10/29 14:45:34 /home/cheng/Desktop/Linux/douyin-fighting/service/comment.go:209
[0.488ms] [rows:0] SELECT `video_id`,COUNT(video_id) as comment_count FROM `comments` WHERE video_id in (23464019025218945,23462739410177409,23462573751946625,23461385153301889,23245963636264321) AND `comments`.`deleted_at` IS NULL GROUP BY `video_id`

2022/10/29 14:45:34 /home/cheng/Desktop/Linux/douyin-fighting/service/favorite.go:178
[1.621ms] [rows:0] SELECT `video_id`,COUNT(video_id) as favorite_count FROM `favorites` WHERE video_id in (23464019025218945,23462739410177409,23462573751946625,23461385153301889,23245963636264321) and is_favorite = true GROUP BY `video_id`
numVideos:  0
[GIN] 2022/10/29 - 14:45:34 | 500 |    4.672322ms |    192.168.77.1 | GET      "/douyin/feed/?latest_time=1667079934698&token=eyJhbGciOiJIUzI1NiIsInR5cCI6IkpXVCJ9.eyJVc2VySUQiOjIzNDY3MjUwNTE4MzQ3MTM3LCJOYW1lIjoiMyIsImV4cCI6MTY2NzE2NTI4OSwibmJmIjoxNjY3MDc4ODg5LCJpYXQiOjE2NjcwNzg4ODl9.0B3EsW5zi93QaCi0hS7y92-sRB1S5FM5A5raASf7dTs"
Feed ================
GetFeed 1
GetFeed 2
numVideos:  0
GetFeed 1
GetFeed 2
GetFeed 3
[23467265047416193 23466359480405377 23465876514688385 23465809741368705 23464019025218945 23462739410177409 23462573751946625 23461385153301889 23245963636264321]

2022/10/29 14:45:37 /home/cheng/Desktop/Linux/douyin-fighting/service/video.go:256
[0.740ms] [rows:5] SELECT * FROM `videos` WHERE video_id in (23464019025218945,23462739410177409,23462573751946625,23461385153301889,23245963636264321)

2022/10/29 14:45:37 /home/cheng/Desktop/Linux/douyin-fighting/service/comment.go:209
[1.294ms] [rows:0] SELECT `video_id`,COUNT(video_id) as comment_count FROM `comments` WHERE video_id in (23464019025218945,23462739410177409,23462573751946625,23461385153301889,23245963636264321) AND `comments`.`deleted_at` IS NULL GROUP BY `video_id`

2022/10/29 14:45:37 /home/cheng/Desktop/Linux/douyin-fighting/service/favorite.go:178
[0.483ms] [rows:0] SELECT `video_id`,COUNT(video_id) as favorite_count FROM `favorites` WHERE video_id in (23464019025218945,23462739410177409,23462573751946625,23461385153301889,23245963636264321) and is_favorite = true GROUP BY `video_id`
[GIN] 2022/10/29 - 14:45:37 | 200 |    6.507071ms |    192.168.77.1 | GET      "/douyin/feed/?latest_time=0&token=eyJhbGciOiJIUzI1NiIsInR5cCI6IkpXVCJ9.eyJVc2VySUQiOjIzNDY3MjUwNTE4MzQ3MTM3LCJOYW1lIjoiMyIsImV4cCI6MTY2NzE2NTI4OSwibmJmIjoxNjY3MDc4ODg5LCJpYXQiOjE2NjcwNzg4ODl9.0B3EsW5zi93QaCi0hS7y92-sRB1S5FM5A5raASf7dTs"
