Global
Viper

2022/10/27 22:21:37 /data/go/pkg/mod/gorm.io/driver/mysql@v1.3.3/migrator.go:228
[0.191ms] [rows:-] SELECT DATABASE()

2022/10/27 22:21:37 /data/go/pkg/mod/gorm.io/driver/mysql@v1.3.3/migrator.go:231
[0.499ms] [rows:1] SELECT SCHEMA_NAME from Information_schema.SCHEMATA where SCHEMA_NAME LIKE 'douyin%' ORDER BY SCHEMA_NAME='douyin' DESC limit 1

2022/10/27 22:21:37 /home/cheng/Desktop/Linux/douyin-fighting/initialize/mysql.go:54
[0.464ms] [rows:-] SELECT count(*) FROM information_schema.tables WHERE table_schema = 'douyin' AND table_name = 'users' AND table_type = 'BASE TABLE'

2022/10/27 22:21:37 /data/go/pkg/mod/gorm.io/driver/mysql@v1.3.3/migrator.go:228
[0.191ms] [rows:-] SELECT DATABASE()

2022/10/27 22:21:37 /data/go/pkg/mod/gorm.io/driver/mysql@v1.3.3/migrator.go:231
[0.378ms] [rows:1] SELECT SCHEMA_NAME from Information_schema.SCHEMATA where SCHEMA_NAME LIKE 'douyin%' ORDER BY SCHEMA_NAME='douyin' DESC limit 1

2022/10/27 22:21:37 /data/go/pkg/mod/gorm.io/driver/mysql@v1.3.3/migrator.go:148
[0.267ms] [rows:-] SELECT * FROM `users` LIMIT 1

2022/10/27 22:21:37 /data/go/pkg/mod/gorm.io/driver/mysql@v1.3.3/migrator.go:166
[0.606ms] [rows:-] SELECT column_name, column_default, is_nullable = 'YES', data_type, character_maximum_length, column_type, column_key, extra, column_comment, numeric_precision, numeric_scale , datetime_precision FROM information_schema.columns WHERE table_schema = 'douyin' AND table_name = 'users' ORDER BY ORDINAL_POSITION

2022/10/27 22:21:37 /data/go/pkg/mod/gorm.io/driver/mysql@v1.3.3/migrator.go:228
[0.137ms] [rows:-] SELECT DATABASE()

2022/10/27 22:21:37 /data/go/pkg/mod/gorm.io/driver/mysql@v1.3.3/migrator.go:231
[0.378ms] [rows:1] SELECT SCHEMA_NAME from Information_schema.SCHEMATA where SCHEMA_NAME LIKE 'douyin%' ORDER BY SCHEMA_NAME='douyin' DESC limit 1

2022/10/27 22:21:37 /home/cheng/Desktop/Linux/douyin-fighting/initialize/mysql.go:55
[0.371ms] [rows:-] SELECT count(*) FROM information_schema.tables WHERE table_schema = 'douyin' AND table_name = 'videos' AND table_type = 'BASE TABLE'

2022/10/27 22:21:37 /data/go/pkg/mod/gorm.io/driver/mysql@v1.3.3/migrator.go:228
[0.128ms] [rows:-] SELECT DATABASE()

2022/10/27 22:21:37 /data/go/pkg/mod/gorm.io/driver/mysql@v1.3.3/migrator.go:231
[0.341ms] [rows:1] SELECT SCHEMA_NAME from Information_schema.SCHEMATA where SCHEMA_NAME LIKE 'douyin%' ORDER BY SCHEMA_NAME='douyin' DESC limit 1

2022/10/27 22:21:37 /data/go/pkg/mod/gorm.io/driver/mysql@v1.3.3/migrator.go:148
[0.246ms] [rows:-] SELECT * FROM `videos` LIMIT 1

2022/10/27 22:21:37 /data/go/pkg/mod/gorm.io/driver/mysql@v1.3.3/migrator.go:166
[0.501ms] [rows:-] SELECT column_name, column_default, is_nullable = 'YES', data_type, character_maximum_length, column_type, column_key, extra, column_comment, numeric_precision, numeric_scale , datetime_precision FROM information_schema.columns WHERE table_schema = 'douyin' AND table_name = 'videos' ORDER BY ORDINAL_POSITION

2022/10/27 22:21:37 /data/go/pkg/mod/gorm.io/driver/mysql@v1.3.3/migrator.go:228
[0.135ms] [rows:-] SELECT DATABASE()

2022/10/27 22:21:37 /data/go/pkg/mod/gorm.io/driver/mysql@v1.3.3/migrator.go:231
[0.441ms] [rows:1] SELECT SCHEMA_NAME from Information_schema.SCHEMATA where SCHEMA_NAME LIKE 'douyin%' ORDER BY SCHEMA_NAME='douyin' DESC limit 1

2022/10/27 22:21:37 /home/cheng/Desktop/Linux/douyin-fighting/initialize/mysql.go:55
[0.282ms] [rows:-] SELECT count(*) FROM information_schema.statistics WHERE table_schema = 'douyin' AND table_name = 'videos' AND index_name = 'idx_videos_author_id'

2022/10/27 22:21:37 /data/go/pkg/mod/gorm.io/driver/mysql@v1.3.3/migrator.go:228
[0.134ms] [rows:-] SELECT DATABASE()

2022/10/27 22:21:37 /data/go/pkg/mod/gorm.io/driver/mysql@v1.3.3/migrator.go:231
[0.334ms] [rows:1] SELECT SCHEMA_NAME from Information_schema.SCHEMATA where SCHEMA_NAME LIKE 'douyin%' ORDER BY SCHEMA_NAME='douyin' DESC limit 1

2022/10/27 22:21:37 /home/cheng/Desktop/Linux/douyin-fighting/initialize/mysql.go:55
[0.277ms] [rows:-] SELECT count(*) FROM information_schema.statistics WHERE table_schema = 'douyin' AND table_name = 'videos' AND index_name = 'idx_videos_created_at'

2022/10/27 22:21:37 /data/go/pkg/mod/gorm.io/driver/mysql@v1.3.3/migrator.go:228
[0.134ms] [rows:-] SELECT DATABASE()

2022/10/27 22:21:37 /data/go/pkg/mod/gorm.io/driver/mysql@v1.3.3/migrator.go:231
[0.326ms] [rows:1] SELECT SCHEMA_NAME from Information_schema.SCHEMATA where SCHEMA_NAME LIKE 'douyin%' ORDER BY SCHEMA_NAME='douyin' DESC limit 1

2022/10/27 22:21:37 /home/cheng/Desktop/Linux/douyin-fighting/initialize/mysql.go:56
[0.371ms] [rows:-] SELECT count(*) FROM information_schema.tables WHERE table_schema = 'douyin' AND table_name = 'favorites' AND table_type = 'BASE TABLE'

2022/10/27 22:21:37 /data/go/pkg/mod/gorm.io/driver/mysql@v1.3.3/migrator.go:228
[0.121ms] [rows:-] SELECT DATABASE()

2022/10/27 22:21:37 /data/go/pkg/mod/gorm.io/driver/mysql@v1.3.3/migrator.go:231
[0.426ms] [rows:1] SELECT SCHEMA_NAME from Information_schema.SCHEMATA where SCHEMA_NAME LIKE 'douyin%' ORDER BY SCHEMA_NAME='douyin' DESC limit 1

2022/10/27 22:21:37 /data/go/pkg/mod/gorm.io/driver/mysql@v1.3.3/migrator.go:148
[0.252ms] [rows:-] SELECT * FROM `favorites` LIMIT 1

2022/10/27 22:21:37 /data/go/pkg/mod/gorm.io/driver/mysql@v1.3.3/migrator.go:166
[0.471ms] [rows:-] SELECT column_name, column_default, is_nullable = 'YES', data_type, character_maximum_length, column_type, column_key, extra, column_comment, numeric_precision, numeric_scale , datetime_precision FROM information_schema.columns WHERE table_schema = 'douyin' AND table_name = 'favorites' ORDER BY ORDINAL_POSITION

2022/10/27 22:21:37 /data/go/pkg/mod/gorm.io/driver/mysql@v1.3.3/migrator.go:228
[0.124ms] [rows:-] SELECT DATABASE()

2022/10/27 22:21:37 /data/go/pkg/mod/gorm.io/driver/mysql@v1.3.3/migrator.go:231
[0.365ms] [rows:1] SELECT SCHEMA_NAME from Information_schema.SCHEMATA where SCHEMA_NAME LIKE 'douyin%' ORDER BY SCHEMA_NAME='douyin' DESC limit 1

2022/10/27 22:21:37 /home/cheng/Desktop/Linux/douyin-fighting/initialize/mysql.go:56
[1.141ms] [rows:-] SELECT count(*) FROM information_schema.statistics WHERE table_schema = 'douyin' AND table_name = 'favorites' AND index_name = 'idx_01'

2022/10/27 22:21:37 /data/go/pkg/mod/gorm.io/driver/mysql@v1.3.3/migrator.go:228
[0.121ms] [rows:-] SELECT DATABASE()

2022/10/27 22:21:37 /data/go/pkg/mod/gorm.io/driver/mysql@v1.3.3/migrator.go:231
[0.925ms] [rows:1] SELECT SCHEMA_NAME from Information_schema.SCHEMATA where SCHEMA_NAME LIKE 'douyin%' ORDER BY SCHEMA_NAME='douyin' DESC limit 1

2022/10/27 22:21:37 /home/cheng/Desktop/Linux/douyin-fighting/initialize/mysql.go:56
[0.319ms] [rows:-] SELECT count(*) FROM information_schema.statistics WHERE table_schema = 'douyin' AND table_name = 'favorites' AND index_name = 'idx_02'

2022/10/27 22:21:37 /data/go/pkg/mod/gorm.io/driver/mysql@v1.3.3/migrator.go:228
[0.115ms] [rows:-] SELECT DATABASE()

2022/10/27 22:21:37 /data/go/pkg/mod/gorm.io/driver/mysql@v1.3.3/migrator.go:231
[0.353ms] [rows:1] SELECT SCHEMA_NAME from Information_schema.SCHEMATA where SCHEMA_NAME LIKE 'douyin%' ORDER BY SCHEMA_NAME='douyin' DESC limit 1

2022/10/27 22:21:37 /home/cheng/Desktop/Linux/douyin-fighting/initialize/mysql.go:57
[0.276ms] [rows:-] SELECT count(*) FROM information_schema.tables WHERE table_schema = 'douyin' AND table_name = 'comments' AND table_type = 'BASE TABLE'

2022/10/27 22:21:37 /data/go/pkg/mod/gorm.io/driver/mysql@v1.3.3/migrator.go:228
[0.182ms] [rows:-] SELECT DATABASE()

2022/10/27 22:21:37 /data/go/pkg/mod/gorm.io/driver/mysql@v1.3.3/migrator.go:231
[0.380ms] [rows:1] SELECT SCHEMA_NAME from Information_schema.SCHEMATA where SCHEMA_NAME LIKE 'douyin%' ORDER BY SCHEMA_NAME='douyin' DESC limit 1

2022/10/27 22:21:37 /data/go/pkg/mod/gorm.io/driver/mysql@v1.3.3/migrator.go:148
[0.195ms] [rows:-] SELECT * FROM `comments` LIMIT 1

2022/10/27 22:21:37 /data/go/pkg/mod/gorm.io/driver/mysql@v1.3.3/migrator.go:166
[0.467ms] [rows:-] SELECT column_name, column_default, is_nullable = 'YES', data_type, character_maximum_length, column_type, column_key, extra, column_comment, numeric_precision, numeric_scale , datetime_precision FROM information_schema.columns WHERE table_schema = 'douyin' AND table_name = 'comments' ORDER BY ORDINAL_POSITION

2022/10/27 22:21:37 /data/go/pkg/mod/gorm.io/driver/mysql@v1.3.3/migrator.go:228
[4.270ms] [rows:-] SELECT DATABASE()

2022/10/27 22:21:37 /data/go/pkg/mod/gorm.io/driver/mysql@v1.3.3/migrator.go:231
[0.773ms] [rows:1] SELECT SCHEMA_NAME from Information_schema.SCHEMATA where SCHEMA_NAME LIKE 'douyin%' ORDER BY SCHEMA_NAME='douyin' DESC limit 1

2022/10/27 22:21:37 /home/cheng/Desktop/Linux/douyin-fighting/initialize/mysql.go:57
[0.351ms] [rows:-] SELECT count(*) FROM information_schema.statistics WHERE table_schema = 'douyin' AND table_name = 'comments' AND index_name = 'video_user'

2022/10/27 22:21:37 /data/go/pkg/mod/gorm.io/driver/mysql@v1.3.3/migrator.go:228
[0.147ms] [rows:-] SELECT DATABASE()

2022/10/27 22:21:37 /data/go/pkg/mod/gorm.io/driver/mysql@v1.3.3/migrator.go:231
[0.383ms] [rows:1] SELECT SCHEMA_NAME from Information_schema.SCHEMATA where SCHEMA_NAME LIKE 'douyin%' ORDER BY SCHEMA_NAME='douyin' DESC limit 1

2022/10/27 22:21:37 /home/cheng/Desktop/Linux/douyin-fighting/initialize/mysql.go:58
[0.432ms] [rows:-] SELECT count(*) FROM information_schema.tables WHERE table_schema = 'douyin' AND table_name = 'follows' AND table_type = 'BASE TABLE'

2022/10/27 22:21:37 /data/go/pkg/mod/gorm.io/driver/mysql@v1.3.3/migrator.go:228
[0.141ms] [rows:-] SELECT DATABASE()

2022/10/27 22:21:37 /data/go/pkg/mod/gorm.io/driver/mysql@v1.3.3/migrator.go:231
[0.339ms] [rows:1] SELECT SCHEMA_NAME from Information_schema.SCHEMATA where SCHEMA_NAME LIKE 'douyin%' ORDER BY SCHEMA_NAME='douyin' DESC limit 1

2022/10/27 22:21:37 /data/go/pkg/mod/gorm.io/driver/mysql@v1.3.3/migrator.go:148
[0.230ms] [rows:-] SELECT * FROM `follows` LIMIT 1

2022/10/27 22:21:37 /data/go/pkg/mod/gorm.io/driver/mysql@v1.3.3/migrator.go:166
[0.598ms] [rows:-] SELECT column_name, column_default, is_nullable = 'YES', data_type, character_maximum_length, column_type, column_key, extra, column_comment, numeric_precision, numeric_scale , datetime_precision FROM information_schema.columns WHERE table_schema = 'douyin' AND table_name = 'follows' ORDER BY ORDINAL_POSITION

2022/10/27 22:21:37 /data/go/pkg/mod/gorm.io/driver/mysql@v1.3.3/migrator.go:228
[0.147ms] [rows:-] SELECT DATABASE()

2022/10/27 22:21:37 /data/go/pkg/mod/gorm.io/driver/mysql@v1.3.3/migrator.go:231
[0.355ms] [rows:1] SELECT SCHEMA_NAME from Information_schema.SCHEMATA where SCHEMA_NAME LIKE 'douyin%' ORDER BY SCHEMA_NAME='douyin' DESC limit 1

2022/10/27 22:21:37 /home/cheng/Desktop/Linux/douyin-fighting/initialize/mysql.go:58
[0.449ms] [rows:-] SELECT count(*) FROM information_schema.statistics WHERE table_schema = 'douyin' AND table_name = 'follows' AND index_name = 'idx_01'

2022/10/27 22:21:37 /data/go/pkg/mod/gorm.io/driver/mysql@v1.3.3/migrator.go:228
[0.140ms] [rows:-] SELECT DATABASE()

2022/10/27 22:21:37 /data/go/pkg/mod/gorm.io/driver/mysql@v1.3.3/migrator.go:231
[0.468ms] [rows:1] SELECT SCHEMA_NAME from Information_schema.SCHEMATA where SCHEMA_NAME LIKE 'douyin%' ORDER BY SCHEMA_NAME='douyin' DESC limit 1

2022/10/27 22:21:37 /home/cheng/Desktop/Linux/douyin-fighting/initialize/mysql.go:58
[0.401ms] [rows:-] SELECT count(*) FROM information_schema.statistics WHERE table_schema = 'douyin' AND table_name = 'follows' AND index_name = 'idx_02'
MySQL

2022/10/27 22:21:37 /home/cheng/Desktop/Linux/douyin-fighting/service/video_redis.go:47
[0.182ms] [rows:0] SELECT * FROM `videos`
Redis
