Global
Viper

2022/10/29 14:54:18 /data/go/pkg/mod/gorm.io/driver/mysql@v1.3.3/migrator.go:228
[0.127ms] [rows:-] SELECT DATABASE()

2022/10/29 14:54:18 /data/go/pkg/mod/gorm.io/driver/mysql@v1.3.3/migrator.go:231
[1.407ms] [rows:1] SELECT SCHEMA_NAME from Information_schema.SCHEMATA where SCHEMA_NAME LIKE 'douyin%' ORDER BY SCHEMA_NAME='douyin' DESC limit 1

2022/10/29 14:54:18 /home/cheng/Desktop/Linux/douyin-fighting/initialize/mysql.go:54
[0.271ms] [rows:-] SELECT count(*) FROM information_schema.tables WHERE table_schema = 'douyin' AND table_name = 'users' AND table_type = 'BASE TABLE'

2022/10/29 14:54:18 /data/go/pkg/mod/gorm.io/driver/mysql@v1.3.3/migrator.go:228
[0.086ms] [rows:-] SELECT DATABASE()

2022/10/29 14:54:18 /data/go/pkg/mod/gorm.io/driver/mysql@v1.3.3/migrator.go:231
[0.257ms] [rows:1] SELECT SCHEMA_NAME from Information_schema.SCHEMATA where SCHEMA_NAME LIKE 'douyin%' ORDER BY SCHEMA_NAME='douyin' DESC limit 1

2022/10/29 14:54:18 /data/go/pkg/mod/gorm.io/driver/mysql@v1.3.3/migrator.go:148
[0.551ms] [rows:-] SELECT * FROM `users` LIMIT 1

2022/10/29 14:54:18 /data/go/pkg/mod/gorm.io/driver/mysql@v1.3.3/migrator.go:166
[1.004ms] [rows:-] SELECT column_name, column_default, is_nullable = 'YES', data_type, character_maximum_length, column_type, column_key, extra, column_comment, numeric_precision, numeric_scale , datetime_precision FROM information_schema.columns WHERE table_schema = 'douyin' AND table_name = 'users' ORDER BY ORDINAL_POSITION

2022/10/29 14:54:18 /data/go/pkg/mod/gorm.io/driver/mysql@v1.3.3/migrator.go:228
[0.767ms] [rows:-] SELECT DATABASE()

2022/10/29 14:54:18 /data/go/pkg/mod/gorm.io/driver/mysql@v1.3.3/migrator.go:231
[0.267ms] [rows:1] SELECT SCHEMA_NAME from Information_schema.SCHEMATA where SCHEMA_NAME LIKE 'douyin%' ORDER BY SCHEMA_NAME='douyin' DESC limit 1

2022/10/29 14:54:18 /home/cheng/Desktop/Linux/douyin-fighting/initialize/mysql.go:55
[0.209ms] [rows:-] SELECT count(*) FROM information_schema.tables WHERE table_schema = 'douyin' AND table_name = 'videos' AND table_type = 'BASE TABLE'

2022/10/29 14:54:18 /data/go/pkg/mod/gorm.io/driver/mysql@v1.3.3/migrator.go:228
[0.048ms] [rows:-] SELECT DATABASE()

2022/10/29 14:54:18 /data/go/pkg/mod/gorm.io/driver/mysql@v1.3.3/migrator.go:231
[0.195ms] [rows:1] SELECT SCHEMA_NAME from Information_schema.SCHEMATA where SCHEMA_NAME LIKE 'douyin%' ORDER BY SCHEMA_NAME='douyin' DESC limit 1

2022/10/29 14:54:18 /data/go/pkg/mod/gorm.io/driver/mysql@v1.3.3/migrator.go:148
[0.338ms] [rows:-] SELECT * FROM `videos` LIMIT 1

2022/10/29 14:54:18 /data/go/pkg/mod/gorm.io/driver/mysql@v1.3.3/migrator.go:166
[0.375ms] [rows:-] SELECT column_name, column_default, is_nullable = 'YES', data_type, character_maximum_length, column_type, column_key, extra, column_comment, numeric_precision, numeric_scale , datetime_precision FROM information_schema.columns WHERE table_schema = 'douyin' AND table_name = 'videos' ORDER BY ORDINAL_POSITION

2022/10/29 14:54:18 /data/go/pkg/mod/gorm.io/driver/mysql@v1.3.3/migrator.go:228
[0.059ms] [rows:-] SELECT DATABASE()

2022/10/29 14:54:18 /data/go/pkg/mod/gorm.io/driver/mysql@v1.3.3/migrator.go:231
[0.954ms] [rows:1] SELECT SCHEMA_NAME from Information_schema.SCHEMATA where SCHEMA_NAME LIKE 'douyin%' ORDER BY SCHEMA_NAME='douyin' DESC limit 1

2022/10/29 14:54:18 /home/cheng/Desktop/Linux/douyin-fighting/initialize/mysql.go:55
[0.160ms] [rows:-] SELECT count(*) FROM information_schema.statistics WHERE table_schema = 'douyin' AND table_name = 'videos' AND index_name = 'idx_videos_author_id'

2022/10/29 14:54:18 /data/go/pkg/mod/gorm.io/driver/mysql@v1.3.3/migrator.go:228
[0.046ms] [rows:-] SELECT DATABASE()

2022/10/29 14:54:18 /data/go/pkg/mod/gorm.io/driver/mysql@v1.3.3/migrator.go:231
[0.236ms] [rows:1] SELECT SCHEMA_NAME from Information_schema.SCHEMATA where SCHEMA_NAME LIKE 'douyin%' ORDER BY SCHEMA_NAME='douyin' DESC limit 1

2022/10/29 14:54:18 /home/cheng/Desktop/Linux/douyin-fighting/initialize/mysql.go:55
[0.147ms] [rows:-] SELECT count(*) FROM information_schema.statistics WHERE table_schema = 'douyin' AND table_name = 'videos' AND index_name = 'idx_videos_created_at'

2022/10/29 14:54:18 /data/go/pkg/mod/gorm.io/driver/mysql@v1.3.3/migrator.go:228
[0.049ms] [rows:-] SELECT DATABASE()

2022/10/29 14:54:18 /data/go/pkg/mod/gorm.io/driver/mysql@v1.3.3/migrator.go:231
[0.247ms] [rows:1] SELECT SCHEMA_NAME from Information_schema.SCHEMATA where SCHEMA_NAME LIKE 'douyin%' ORDER BY SCHEMA_NAME='douyin' DESC limit 1

2022/10/29 14:54:18 /home/cheng/Desktop/Linux/douyin-fighting/initialize/mysql.go:56
[0.272ms] [rows:-] SELECT count(*) FROM information_schema.tables WHERE table_schema = 'douyin' AND table_name = 'favorites' AND table_type = 'BASE TABLE'

2022/10/29 14:54:18 /data/go/pkg/mod/gorm.io/driver/mysql@v1.3.3/migrator.go:228
[0.091ms] [rows:-] SELECT DATABASE()

2022/10/29 14:54:18 /data/go/pkg/mod/gorm.io/driver/mysql@v1.3.3/migrator.go:231
[0.400ms] [rows:1] SELECT SCHEMA_NAME from Information_schema.SCHEMATA where SCHEMA_NAME LIKE 'douyin%' ORDER BY SCHEMA_NAME='douyin' DESC limit 1

2022/10/29 14:54:18 /data/go/pkg/mod/gorm.io/driver/mysql@v1.3.3/migrator.go:148
[0.117ms] [rows:-] SELECT * FROM `favorites` LIMIT 1

2022/10/29 14:54:18 /data/go/pkg/mod/gorm.io/driver/mysql@v1.3.3/migrator.go:166
[0.356ms] [rows:-] SELECT column_name, column_default, is_nullable = 'YES', data_type, character_maximum_length, column_type, column_key, extra, column_comment, numeric_precision, numeric_scale , datetime_precision FROM information_schema.columns WHERE table_schema = 'douyin' AND table_name = 'favorites' ORDER BY ORDINAL_POSITION

2022/10/29 14:54:18 /data/go/pkg/mod/gorm.io/driver/mysql@v1.3.3/migrator.go:228
[0.050ms] [rows:-] SELECT DATABASE()

2022/10/29 14:54:18 /data/go/pkg/mod/gorm.io/driver/mysql@v1.3.3/migrator.go:231
[0.225ms] [rows:1] SELECT SCHEMA_NAME from Information_schema.SCHEMATA where SCHEMA_NAME LIKE 'douyin%' ORDER BY SCHEMA_NAME='douyin' DESC limit 1

2022/10/29 14:54:18 /home/cheng/Desktop/Linux/douyin-fighting/initialize/mysql.go:56
[0.154ms] [rows:-] SELECT count(*) FROM information_schema.statistics WHERE table_schema = 'douyin' AND table_name = 'favorites' AND index_name = 'idx_01'

2022/10/29 14:54:18 /data/go/pkg/mod/gorm.io/driver/mysql@v1.3.3/migrator.go:228
[0.044ms] [rows:-] SELECT DATABASE()

2022/10/29 14:54:18 /data/go/pkg/mod/gorm.io/driver/mysql@v1.3.3/migrator.go:231
[0.833ms] [rows:1] SELECT SCHEMA_NAME from Information_schema.SCHEMATA where SCHEMA_NAME LIKE 'douyin%' ORDER BY SCHEMA_NAME='douyin' DESC limit 1

2022/10/29 14:54:18 /home/cheng/Desktop/Linux/douyin-fighting/initialize/mysql.go:56
[0.158ms] [rows:-] SELECT count(*) FROM information_schema.statistics WHERE table_schema = 'douyin' AND table_name = 'favorites' AND index_name = 'idx_02'

2022/10/29 14:54:18 /data/go/pkg/mod/gorm.io/driver/mysql@v1.3.3/migrator.go:228
[0.055ms] [rows:-] SELECT DATABASE()

2022/10/29 14:54:18 /data/go/pkg/mod/gorm.io/driver/mysql@v1.3.3/migrator.go:231
[1.016ms] [rows:1] SELECT SCHEMA_NAME from Information_schema.SCHEMATA where SCHEMA_NAME LIKE 'douyin%' ORDER BY SCHEMA_NAME='douyin' DESC limit 1

2022/10/29 14:54:18 /home/cheng/Desktop/Linux/douyin-fighting/initialize/mysql.go:57
[0.229ms] [rows:-] SELECT count(*) FROM information_schema.tables WHERE table_schema = 'douyin' AND table_name = 'comments' AND table_type = 'BASE TABLE'

2022/10/29 14:54:18 /data/go/pkg/mod/gorm.io/driver/mysql@v1.3.3/migrator.go:228
[0.090ms] [rows:-] SELECT DATABASE()

2022/10/29 14:54:18 /data/go/pkg/mod/gorm.io/driver/mysql@v1.3.3/migrator.go:231
[0.201ms] [rows:1] SELECT SCHEMA_NAME from Information_schema.SCHEMATA where SCHEMA_NAME LIKE 'douyin%' ORDER BY SCHEMA_NAME='douyin' DESC limit 1

2022/10/29 14:54:18 /data/go/pkg/mod/gorm.io/driver/mysql@v1.3.3/migrator.go:148
[0.660ms] [rows:-] SELECT * FROM `comments` LIMIT 1

2022/10/29 14:54:18 /data/go/pkg/mod/gorm.io/driver/mysql@v1.3.3/migrator.go:166
[1.195ms] [rows:-] SELECT column_name, column_default, is_nullable = 'YES', data_type, character_maximum_length, column_type, column_key, extra, column_comment, numeric_precision, numeric_scale , datetime_precision FROM information_schema.columns WHERE table_schema = 'douyin' AND table_name = 'comments' ORDER BY ORDINAL_POSITION

2022/10/29 14:54:18 /data/go/pkg/mod/gorm.io/driver/mysql@v1.3.3/migrator.go:228
[0.139ms] [rows:-] SELECT DATABASE()

2022/10/29 14:54:18 /data/go/pkg/mod/gorm.io/driver/mysql@v1.3.3/migrator.go:231
[0.387ms] [rows:1] SELECT SCHEMA_NAME from Information_schema.SCHEMATA where SCHEMA_NAME LIKE 'douyin%' ORDER BY SCHEMA_NAME='douyin' DESC limit 1

2022/10/29 14:54:18 /home/cheng/Desktop/Linux/douyin-fighting/initialize/mysql.go:57
[0.226ms] [rows:-] SELECT count(*) FROM information_schema.statistics WHERE table_schema = 'douyin' AND table_name = 'comments' AND index_name = 'video_user'

2022/10/29 14:54:18 /data/go/pkg/mod/gorm.io/driver/mysql@v1.3.3/migrator.go:228
[0.056ms] [rows:-] SELECT DATABASE()

2022/10/29 14:54:18 /data/go/pkg/mod/gorm.io/driver/mysql@v1.3.3/migrator.go:231
[0.314ms] [rows:1] SELECT SCHEMA_NAME from Information_schema.SCHEMATA where SCHEMA_NAME LIKE 'douyin%' ORDER BY SCHEMA_NAME='douyin' DESC limit 1

2022/10/29 14:54:18 /home/cheng/Desktop/Linux/douyin-fighting/initialize/mysql.go:58
[0.240ms] [rows:-] SELECT count(*) FROM information_schema.tables WHERE table_schema = 'douyin' AND table_name = 'follows' AND table_type = 'BASE TABLE'

2022/10/29 14:54:18 /data/go/pkg/mod/gorm.io/driver/mysql@v1.3.3/migrator.go:228
[0.097ms] [rows:-] SELECT DATABASE()

2022/10/29 14:54:18 /data/go/pkg/mod/gorm.io/driver/mysql@v1.3.3/migrator.go:231
[0.290ms] [rows:1] SELECT SCHEMA_NAME from Information_schema.SCHEMATA where SCHEMA_NAME LIKE 'douyin%' ORDER BY SCHEMA_NAME='douyin' DESC limit 1

2022/10/29 14:54:18 /data/go/pkg/mod/gorm.io/driver/mysql@v1.3.3/migrator.go:148
[0.983ms] [rows:-] SELECT * FROM `follows` LIMIT 1

2022/10/29 14:54:18 /data/go/pkg/mod/gorm.io/driver/mysql@v1.3.3/migrator.go:166
[0.490ms] [rows:-] SELECT column_name, column_default, is_nullable = 'YES', data_type, character_maximum_length, column_type, column_key, extra, column_comment, numeric_precision, numeric_scale , datetime_precision FROM information_schema.columns WHERE table_schema = 'douyin' AND table_name = 'follows' ORDER BY ORDINAL_POSITION

2022/10/29 14:54:18 /data/go/pkg/mod/gorm.io/driver/mysql@v1.3.3/migrator.go:228
[0.215ms] [rows:-] SELECT DATABASE()

2022/10/29 14:54:18 /data/go/pkg/mod/gorm.io/driver/mysql@v1.3.3/migrator.go:231
[0.351ms] [rows:1] SELECT SCHEMA_NAME from Information_schema.SCHEMATA where SCHEMA_NAME LIKE 'douyin%' ORDER BY SCHEMA_NAME='douyin' DESC limit 1

2022/10/29 14:54:18 /home/cheng/Desktop/Linux/douyin-fighting/initialize/mysql.go:58
[0.199ms] [rows:-] SELECT count(*) FROM information_schema.statistics WHERE table_schema = 'douyin' AND table_name = 'follows' AND index_name = 'idx_01'

2022/10/29 14:54:18 /data/go/pkg/mod/gorm.io/driver/mysql@v1.3.3/migrator.go:228
[0.137ms] [rows:-] SELECT DATABASE()

2022/10/29 14:54:18 /data/go/pkg/mod/gorm.io/driver/mysql@v1.3.3/migrator.go:231
[0.273ms] [rows:1] SELECT SCHEMA_NAME from Information_schema.SCHEMATA where SCHEMA_NAME LIKE 'douyin%' ORDER BY SCHEMA_NAME='douyin' DESC limit 1

2022/10/29 14:54:18 /home/cheng/Desktop/Linux/douyin-fighting/initialize/mysql.go:58
[0.240ms] [rows:-] SELECT count(*) FROM information_schema.statistics WHERE table_schema = 'douyin' AND table_name = 'follows' AND index_name = 'idx_02'
MySQL
Redis
1111111111111111111
0.0.0.0:8080Feed ================
GetFeed 1
GetFeed 2
GetFeed 3
[23467265047416193 23466359480405377 23465876514688385 23465809741368705 23464019025218945 23462739410177409 23462573751946625 23461385153301889 23245963636264321]
Video:23467265047416193 : in redis
Video:23466359480405377 : in redis
Video:23465876514688385 : in redis
Video:23465809741368705 : in redis

2022/10/29 14:54:24 /home/cheng/Desktop/Linux/douyin-fighting/service/video.go:258
[0.396ms] [rows:5] SELECT * FROM `videos` WHERE video_id in (23464019025218945,23462739410177409,23462573751946625,23461385153301889,23245963636264321)

2022/10/29 14:54:24 /home/cheng/Desktop/Linux/douyin-fighting/service/comment.go:209
[1.499ms] [rows:0] SELECT `video_id`,COUNT(video_id) as comment_count FROM `comments` WHERE video_id in (23464019025218945,23462739410177409,23462573751946625,23461385153301889,23245963636264321) AND `comments`.`deleted_at` IS NULL GROUP BY `video_id`

2022/10/29 14:54:24 /home/cheng/Desktop/Linux/douyin-fighting/service/favorite.go:178
[0.344ms] [rows:0] SELECT `video_id`,COUNT(video_id) as favorite_count FROM `favorites` WHERE video_id in (23464019025218945,23462739410177409,23462573751946625,23461385153301889,23245963636264321) and is_favorite = true GROUP BY `video_id`
numVideos:  0
[GIN] 2022/10/29 - 14:54:24 | 500 |    7.337406ms |    192.168.77.1 | GET      "/douyin/feed/?latest_time=1667080465112&token=eyJhbGciOiJIUzI1NiIsInR5cCI6IkpXVCJ9.eyJVc2VySUQiOjIzNDY3MjUwNTE4MzQ3MTM3LCJOYW1lIjoiMyIsImV4cCI6MTY2NzE2NTI4OSwibmJmIjoxNjY3MDc4ODg5LCJpYXQiOjE2NjcwNzg4ODl9.0B3EsW5zi93QaCi0hS7y92-sRB1S5FM5A5raASf7dTs"
Feed ================
GetFeed 1
GetFeed 2
numVideos:  0
GetFeed 1
GetFeed 2
GetFeed 3
[23467265047416193 23466359480405377 23465876514688385 23465809741368705 23464019025218945 23462739410177409 23462573751946625 23461385153301889 23245963636264321]
Video:23467265047416193 : in redis
Video:23466359480405377 : in redis
Video:23465876514688385 : in redis
Video:23465809741368705 : in redis

2022/10/29 14:54:27 /home/cheng/Desktop/Linux/douyin-fighting/service/video.go:258
[0.372ms] [rows:5] SELECT * FROM `videos` WHERE video_id in (23464019025218945,23462739410177409,23462573751946625,23461385153301889,23245963636264321)

2022/10/29 14:54:27 /home/cheng/Desktop/Linux/douyin-fighting/service/comment.go:209
[0.222ms] [rows:0] SELECT `video_id`,COUNT(video_id) as comment_count FROM `comments` WHERE video_id in (23464019025218945,23462739410177409,23462573751946625,23461385153301889,23245963636264321) AND `comments`.`deleted_at` IS NULL GROUP BY `video_id`

2022/10/29 14:54:27 /home/cheng/Desktop/Linux/douyin-fighting/service/favorite.go:178
[0.194ms] [rows:0] SELECT `video_id`,COUNT(video_id) as favorite_count FROM `favorites` WHERE video_id in (23464019025218945,23462739410177409,23462573751946625,23461385153301889,23245963636264321) and is_favorite = true GROUP BY `video_id`
[GIN] 2022/10/29 - 14:54:27 | 200 |    2.062616ms |    192.168.77.1 | GET      "/douyin/feed/?latest_time=0&token=eyJhbGciOiJIUzI1NiIsInR5cCI6IkpXVCJ9.eyJVc2VySUQiOjIzNDY3MjUwNTE4MzQ3MTM3LCJOYW1lIjoiMyIsImV4cCI6MTY2NzE2NTI4OSwibmJmIjoxNjY3MDc4ODg5LCJpYXQiOjE2NjcwNzg4ODl9.0B3EsW5zi93QaCi0hS7y92-sRB1S5FM5A5raASf7dTs"
