Global
Viper

2022/10/29 16:01:05 /data/go/pkg/mod/gorm.io/driver/mysql@v1.3.3/migrator.go:228
[0.122ms] [rows:-] SELECT DATABASE()

2022/10/29 16:01:05 /data/go/pkg/mod/gorm.io/driver/mysql@v1.3.3/migrator.go:231
[1.105ms] [rows:1] SELECT SCHEMA_NAME from Information_schema.SCHEMATA where SCHEMA_NAME LIKE 'douyin%' ORDER BY SCHEMA_NAME='douyin' DESC limit 1

2022/10/29 16:01:05 /home/cheng/Desktop/Linux/douyin-fighting/initialize/mysql.go:54
[0.315ms] [rows:-] SELECT count(*) FROM information_schema.tables WHERE table_schema = 'douyin' AND table_name = 'users' AND table_type = 'BASE TABLE'

2022/10/29 16:01:05 /data/go/pkg/mod/gorm.io/driver/mysql@v1.3.3/migrator.go:228
[0.117ms] [rows:-] SELECT DATABASE()

2022/10/29 16:01:05 /data/go/pkg/mod/gorm.io/driver/mysql@v1.3.3/migrator.go:231
[0.355ms] [rows:1] SELECT SCHEMA_NAME from Information_schema.SCHEMATA where SCHEMA_NAME LIKE 'douyin%' ORDER BY SCHEMA_NAME='douyin' DESC limit 1

2022/10/29 16:01:05 /data/go/pkg/mod/gorm.io/driver/mysql@v1.3.3/migrator.go:148
[0.804ms] [rows:-] SELECT * FROM `users` LIMIT 1

2022/10/29 16:01:05 /data/go/pkg/mod/gorm.io/driver/mysql@v1.3.3/migrator.go:166
[0.712ms] [rows:-] SELECT column_name, column_default, is_nullable = 'YES', data_type, character_maximum_length, column_type, column_key, extra, column_comment, numeric_precision, numeric_scale , datetime_precision FROM information_schema.columns WHERE table_schema = 'douyin' AND table_name = 'users' ORDER BY ORDINAL_POSITION

2022/10/29 16:01:05 /data/go/pkg/mod/gorm.io/driver/mysql@v1.3.3/migrator.go:228
[0.184ms] [rows:-] SELECT DATABASE()

2022/10/29 16:01:05 /data/go/pkg/mod/gorm.io/driver/mysql@v1.3.3/migrator.go:231
[0.496ms] [rows:1] SELECT SCHEMA_NAME from Information_schema.SCHEMATA where SCHEMA_NAME LIKE 'douyin%' ORDER BY SCHEMA_NAME='douyin' DESC limit 1

2022/10/29 16:01:05 /home/cheng/Desktop/Linux/douyin-fighting/initialize/mysql.go:55
[0.511ms] [rows:-] SELECT count(*) FROM information_schema.tables WHERE table_schema = 'douyin' AND table_name = 'videos' AND table_type = 'BASE TABLE'

2022/10/29 16:01:05 /data/go/pkg/mod/gorm.io/driver/mysql@v1.3.3/migrator.go:228
[0.215ms] [rows:-] SELECT DATABASE()

2022/10/29 16:01:05 /data/go/pkg/mod/gorm.io/driver/mysql@v1.3.3/migrator.go:231
[0.435ms] [rows:1] SELECT SCHEMA_NAME from Information_schema.SCHEMATA where SCHEMA_NAME LIKE 'douyin%' ORDER BY SCHEMA_NAME='douyin' DESC limit 1

2022/10/29 16:01:05 /data/go/pkg/mod/gorm.io/driver/mysql@v1.3.3/migrator.go:148
[0.981ms] [rows:-] SELECT * FROM `videos` LIMIT 1

2022/10/29 16:01:05 /data/go/pkg/mod/gorm.io/driver/mysql@v1.3.3/migrator.go:166
[0.656ms] [rows:-] SELECT column_name, column_default, is_nullable = 'YES', data_type, character_maximum_length, column_type, column_key, extra, column_comment, numeric_precision, numeric_scale , datetime_precision FROM information_schema.columns WHERE table_schema = 'douyin' AND table_name = 'videos' ORDER BY ORDINAL_POSITION

2022/10/29 16:01:05 /data/go/pkg/mod/gorm.io/driver/mysql@v1.3.3/migrator.go:228
[0.174ms] [rows:-] SELECT DATABASE()

2022/10/29 16:01:05 /data/go/pkg/mod/gorm.io/driver/mysql@v1.3.3/migrator.go:231
[0.461ms] [rows:1] SELECT SCHEMA_NAME from Information_schema.SCHEMATA where SCHEMA_NAME LIKE 'douyin%' ORDER BY SCHEMA_NAME='douyin' DESC limit 1

2022/10/29 16:01:05 /home/cheng/Desktop/Linux/douyin-fighting/initialize/mysql.go:55
[0.286ms] [rows:-] SELECT count(*) FROM information_schema.statistics WHERE table_schema = 'douyin' AND table_name = 'videos' AND index_name = 'idx_videos_author_id'

2022/10/29 16:01:05 /data/go/pkg/mod/gorm.io/driver/mysql@v1.3.3/migrator.go:228
[0.176ms] [rows:-] SELECT DATABASE()

2022/10/29 16:01:05 /data/go/pkg/mod/gorm.io/driver/mysql@v1.3.3/migrator.go:231
[0.450ms] [rows:1] SELECT SCHEMA_NAME from Information_schema.SCHEMATA where SCHEMA_NAME LIKE 'douyin%' ORDER BY SCHEMA_NAME='douyin' DESC limit 1

2022/10/29 16:01:05 /home/cheng/Desktop/Linux/douyin-fighting/initialize/mysql.go:55
[0.394ms] [rows:-] SELECT count(*) FROM information_schema.statistics WHERE table_schema = 'douyin' AND table_name = 'videos' AND index_name = 'idx_videos_created_at'

2022/10/29 16:01:05 /data/go/pkg/mod/gorm.io/driver/mysql@v1.3.3/migrator.go:228
[0.183ms] [rows:-] SELECT DATABASE()

2022/10/29 16:01:05 /data/go/pkg/mod/gorm.io/driver/mysql@v1.3.3/migrator.go:231
[1.222ms] [rows:1] SELECT SCHEMA_NAME from Information_schema.SCHEMATA where SCHEMA_NAME LIKE 'douyin%' ORDER BY SCHEMA_NAME='douyin' DESC limit 1

2022/10/29 16:01:05 /home/cheng/Desktop/Linux/douyin-fighting/initialize/mysql.go:56
[0.656ms] [rows:-] SELECT count(*) FROM information_schema.tables WHERE table_schema = 'douyin' AND table_name = 'favorites' AND table_type = 'BASE TABLE'

2022/10/29 16:01:05 /data/go/pkg/mod/gorm.io/driver/mysql@v1.3.3/migrator.go:228
[0.423ms] [rows:-] SELECT DATABASE()

2022/10/29 16:01:05 /data/go/pkg/mod/gorm.io/driver/mysql@v1.3.3/migrator.go:231
[0.502ms] [rows:1] SELECT SCHEMA_NAME from Information_schema.SCHEMATA where SCHEMA_NAME LIKE 'douyin%' ORDER BY SCHEMA_NAME='douyin' DESC limit 1

2022/10/29 16:01:05 /data/go/pkg/mod/gorm.io/driver/mysql@v1.3.3/migrator.go:148
[1.021ms] [rows:-] SELECT * FROM `favorites` LIMIT 1

2022/10/29 16:01:05 /data/go/pkg/mod/gorm.io/driver/mysql@v1.3.3/migrator.go:166
[0.523ms] [rows:-] SELECT column_name, column_default, is_nullable = 'YES', data_type, character_maximum_length, column_type, column_key, extra, column_comment, numeric_precision, numeric_scale , datetime_precision FROM information_schema.columns WHERE table_schema = 'douyin' AND table_name = 'favorites' ORDER BY ORDINAL_POSITION

2022/10/29 16:01:05 /data/go/pkg/mod/gorm.io/driver/mysql@v1.3.3/migrator.go:228
[0.177ms] [rows:-] SELECT DATABASE()

2022/10/29 16:01:05 /data/go/pkg/mod/gorm.io/driver/mysql@v1.3.3/migrator.go:231
[0.426ms] [rows:1] SELECT SCHEMA_NAME from Information_schema.SCHEMATA where SCHEMA_NAME LIKE 'douyin%' ORDER BY SCHEMA_NAME='douyin' DESC limit 1

2022/10/29 16:01:05 /home/cheng/Desktop/Linux/douyin-fighting/initialize/mysql.go:56
[0.264ms] [rows:-] SELECT count(*) FROM information_schema.statistics WHERE table_schema = 'douyin' AND table_name = 'favorites' AND index_name = 'idx_01'

2022/10/29 16:01:05 /data/go/pkg/mod/gorm.io/driver/mysql@v1.3.3/migrator.go:228
[0.156ms] [rows:-] SELECT DATABASE()

2022/10/29 16:01:05 /data/go/pkg/mod/gorm.io/driver/mysql@v1.3.3/migrator.go:231
[0.380ms] [rows:1] SELECT SCHEMA_NAME from Information_schema.SCHEMATA where SCHEMA_NAME LIKE 'douyin%' ORDER BY SCHEMA_NAME='douyin' DESC limit 1

2022/10/29 16:01:05 /home/cheng/Desktop/Linux/douyin-fighting/initialize/mysql.go:56
[0.304ms] [rows:-] SELECT count(*) FROM information_schema.statistics WHERE table_schema = 'douyin' AND table_name = 'favorites' AND index_name = 'idx_02'

2022/10/29 16:01:05 /data/go/pkg/mod/gorm.io/driver/mysql@v1.3.3/migrator.go:228
[0.792ms] [rows:-] SELECT DATABASE()

2022/10/29 16:01:05 /data/go/pkg/mod/gorm.io/driver/mysql@v1.3.3/migrator.go:231
[0.943ms] [rows:1] SELECT SCHEMA_NAME from Information_schema.SCHEMATA where SCHEMA_NAME LIKE 'douyin%' ORDER BY SCHEMA_NAME='douyin' DESC limit 1

2022/10/29 16:01:05 /home/cheng/Desktop/Linux/douyin-fighting/initialize/mysql.go:57
[0.314ms] [rows:-] SELECT count(*) FROM information_schema.tables WHERE table_schema = 'douyin' AND table_name = 'comments' AND table_type = 'BASE TABLE'

2022/10/29 16:01:05 /data/go/pkg/mod/gorm.io/driver/mysql@v1.3.3/migrator.go:228
[0.269ms] [rows:-] SELECT DATABASE()

2022/10/29 16:01:05 /data/go/pkg/mod/gorm.io/driver/mysql@v1.3.3/migrator.go:231
[4.544ms] [rows:1] SELECT SCHEMA_NAME from Information_schema.SCHEMATA where SCHEMA_NAME LIKE 'douyin%' ORDER BY SCHEMA_NAME='douyin' DESC limit 1

2022/10/29 16:01:05 /data/go/pkg/mod/gorm.io/driver/mysql@v1.3.3/migrator.go:148
[0.286ms] [rows:-] SELECT * FROM `comments` LIMIT 1

2022/10/29 16:01:05 /data/go/pkg/mod/gorm.io/driver/mysql@v1.3.3/migrator.go:166
[1.421ms] [rows:-] SELECT column_name, column_default, is_nullable = 'YES', data_type, character_maximum_length, column_type, column_key, extra, column_comment, numeric_precision, numeric_scale , datetime_precision FROM information_schema.columns WHERE table_schema = 'douyin' AND table_name = 'comments' ORDER BY ORDINAL_POSITION

2022/10/29 16:01:05 /data/go/pkg/mod/gorm.io/driver/mysql@v1.3.3/migrator.go:228
[0.301ms] [rows:-] SELECT DATABASE()

2022/10/29 16:01:05 /data/go/pkg/mod/gorm.io/driver/mysql@v1.3.3/migrator.go:231
[1.405ms] [rows:1] SELECT SCHEMA_NAME from Information_schema.SCHEMATA where SCHEMA_NAME LIKE 'douyin%' ORDER BY SCHEMA_NAME='douyin' DESC limit 1

2022/10/29 16:01:05 /home/cheng/Desktop/Linux/douyin-fighting/initialize/mysql.go:57
[0.384ms] [rows:-] SELECT count(*) FROM information_schema.statistics WHERE table_schema = 'douyin' AND table_name = 'comments' AND index_name = 'video_user'

2022/10/29 16:01:05 /data/go/pkg/mod/gorm.io/driver/mysql@v1.3.3/migrator.go:228
[0.136ms] [rows:-] SELECT DATABASE()

2022/10/29 16:01:05 /data/go/pkg/mod/gorm.io/driver/mysql@v1.3.3/migrator.go:231
[0.363ms] [rows:1] SELECT SCHEMA_NAME from Information_schema.SCHEMATA where SCHEMA_NAME LIKE 'douyin%' ORDER BY SCHEMA_NAME='douyin' DESC limit 1

2022/10/29 16:01:05 /home/cheng/Desktop/Linux/douyin-fighting/initialize/mysql.go:58
[0.593ms] [rows:-] SELECT count(*) FROM information_schema.tables WHERE table_schema = 'douyin' AND table_name = 'follows' AND table_type = 'BASE TABLE'

2022/10/29 16:01:05 /data/go/pkg/mod/gorm.io/driver/mysql@v1.3.3/migrator.go:228
[0.116ms] [rows:-] SELECT DATABASE()

2022/10/29 16:01:05 /data/go/pkg/mod/gorm.io/driver/mysql@v1.3.3/migrator.go:231
[0.389ms] [rows:1] SELECT SCHEMA_NAME from Information_schema.SCHEMATA where SCHEMA_NAME LIKE 'douyin%' ORDER BY SCHEMA_NAME='douyin' DESC limit 1

2022/10/29 16:01:05 /data/go/pkg/mod/gorm.io/driver/mysql@v1.3.3/migrator.go:148
[0.951ms] [rows:-] SELECT * FROM `follows` LIMIT 1

2022/10/29 16:01:05 /data/go/pkg/mod/gorm.io/driver/mysql@v1.3.3/migrator.go:166
[0.874ms] [rows:-] SELECT column_name, column_default, is_nullable = 'YES', data_type, character_maximum_length, column_type, column_key, extra, column_comment, numeric_precision, numeric_scale , datetime_precision FROM information_schema.columns WHERE table_schema = 'douyin' AND table_name = 'follows' ORDER BY ORDINAL_POSITION

2022/10/29 16:01:05 /data/go/pkg/mod/gorm.io/driver/mysql@v1.3.3/migrator.go:228
[0.097ms] [rows:-] SELECT DATABASE()

2022/10/29 16:01:05 /data/go/pkg/mod/gorm.io/driver/mysql@v1.3.3/migrator.go:231
[0.434ms] [rows:1] SELECT SCHEMA_NAME from Information_schema.SCHEMATA where SCHEMA_NAME LIKE 'douyin%' ORDER BY SCHEMA_NAME='douyin' DESC limit 1

2022/10/29 16:01:05 /home/cheng/Desktop/Linux/douyin-fighting/initialize/mysql.go:58
[0.261ms] [rows:-] SELECT count(*) FROM information_schema.statistics WHERE table_schema = 'douyin' AND table_name = 'follows' AND index_name = 'idx_02'

2022/10/29 16:01:05 /data/go/pkg/mod/gorm.io/driver/mysql@v1.3.3/migrator.go:228
[0.207ms] [rows:-] SELECT DATABASE()

2022/10/29 16:01:05 /data/go/pkg/mod/gorm.io/driver/mysql@v1.3.3/migrator.go:231
[0.454ms] [rows:1] SELECT SCHEMA_NAME from Information_schema.SCHEMATA where SCHEMA_NAME LIKE 'douyin%' ORDER BY SCHEMA_NAME='douyin' DESC limit 1

2022/10/29 16:01:05 /home/cheng/Desktop/Linux/douyin-fighting/initialize/mysql.go:58
[0.260ms] [rows:-] SELECT count(*) FROM information_schema.statistics WHERE table_schema = 'douyin' AND table_name = 'follows' AND index_name = 'idx_01'
MySQL
Redis
1111111111111111111
0.0.0.0:8080[GIN] 2022/10/29 - 16:01:07 | 200 |     635.628µs |    192.168.77.1 | GET      "/douyin/publish/list/?token=eyJhbGciOiJIUzI1NiIsInR5cCI6IkpXVCJ9.eyJVc2VySUQiOjIzNDczNjIxMTk2MzYxMDg5LCJOYW1lIjoiMSIsImV4cCI6MTY2NzE3MDY5OCwibmJmIjoxNjY3MDg0Mjk4LCJpYXQiOjE2NjcwODQyOTh9.TjFfZ7N-TLMwVFxFhaXOgFJzgI-1YuZteyxQXZ9rEhs&user_id=23473621196361089"
GetVideoListByIDsRedis: later
[GIN] 2022/10/29 - 16:01:07 | 200 |     778.246µs |    192.168.77.1 | GET      "/douyin/favorite/list/?token=eyJhbGciOiJIUzI1NiIsInR5cCI6IkpXVCJ9.eyJVc2VySUQiOjIzNDczNjIxMTk2MzYxMDg5LCJOYW1lIjoiMSIsImV4cCI6MTY2NzE3MDY5OCwibmJmIjoxNjY3MDg0Mjk4LCJpYXQiOjE2NjcwODQyOTh9.TjFfZ7N-TLMwVFxFhaXOgFJzgI-1YuZteyxQXZ9rEhs&user_id=23473621196361089"
Feed ================
GetFeed 1
GetFeed 2
GetFeed 3
[23476001883311489 23474693730225537 23474522149637505 23474442524970369 23473691677445505]
Video:23476001883311489 : in redis
GetVideoListByIDsRedis: later

2022/10/29 16:01:10 /home/cheng/Desktop/Linux/douyin-fighting/service/video.go:268
[0.539ms] [rows:4] SELECT * FROM `videos` WHERE video_id in (23474693730225537,23474522149637505,23474442524970369,23473691677445505)
result:  &{0xc0000c7050 <nil> 4 0xc0003161c0 0} 
 result error:  <nil>

2022/10/29 16:01:10 /home/cheng/Desktop/Linux/douyin-fighting/service/comment.go:209
[0.472ms] [rows:0] SELECT `video_id`,COUNT(video_id) as comment_count FROM `comments` WHERE video_id in (23474693730225537,23474522149637505,23474442524970369,23473691677445505) AND `comments`.`deleted_at` IS NULL GROUP BY `video_id`

2022/10/29 16:01:10 /home/cheng/Desktop/Linux/douyin-fighting/service/favorite.go:178
[0.373ms] [rows:0] SELECT `video_id`,COUNT(video_id) as favorite_count FROM `favorites` WHERE video_id in (23474693730225537,23474522149637505,23474442524970369,23473691677445505) and is_favorite = true GROUP BY `video_id`
GetFavoriteCountListByVideoIDList:  <nil>
videoList:  &[{23474693730225537 aa 23474693730225537 23474693730225537.jpg 0 0 0 2022-10-29 15:40:08.863 -0700 PDT <nil>} {23474522149637505 bb 23474522149637505 23474522149637505.jpg 0 0 0 2022-10-29 15:38:26.67 -0700 PDT <nil>} {23474442524970369 a 23474442524970369 23474442524970369.jpg 0 0 0 2022-10-29 15:37:39.208 -0700 PDT <nil>} {23473691677445505 a 23473691677445505 23473691677445505.jpg 0 0 0 2022-10-29 15:30:11.704 -0700 PDT <nil>}]
GetVideoListByIDsSql: 
GetVideoListByIDsRedis:  &[{23476001883311489 aaa 23476001883311489 23476001883311489.jpg 0 0 0 2022-10-29 15:53:08.697 -0700 PDT <nil>} {0    0 0 0 0001-01-01 00:00:00 +0000 UTC <nil>} {0    0 0 0 0001-01-01 00:00:00 +0000 UTC <nil>} {0    0 0 0 0001-01-01 00:00:00 +0000 UTC <nil>} {0    0 0 0 0001-01-01 00:00:00 +0000 UTC <nil>}]  
 [23476001883311489 23474693730225537 23474522149637505 23474442524970369 23473691677445505]
numVideos:  0
[GIN] 2022/10/29 - 16:01:10 | 500 |    4.467342ms |    192.168.77.1 | GET      "/douyin/feed/?latest_time=1667084471281"

2022/10/29 16:01:15 /home/cheng/Desktop/Linux/douyin-fighting/service/user.go:28
[16.603ms] [rows:1] SELECT * FROM `users` WHERE name = '1' LIMIT 1
[GIN] 2022/10/29 - 16:01:15 | 200 |   76.185313ms |    192.168.77.1 | POST     "/douyin/user/login/?username=1&password=111111"
[GIN] 2022/10/29 - 16:01:15 | 200 |     565.105µs |    192.168.77.1 | GET      "/douyin/user/?user_id=23473621196361089&token=eyJhbGciOiJIUzI1NiIsInR5cCI6IkpXVCJ9.eyJVc2VySUQiOjIzNDczNjIxMTk2MzYxMDg5LCJOYW1lIjoiMSIsImV4cCI6MTY2NzE3MDg3NSwibmJmIjoxNjY3MDg0NDc1LCJpYXQiOjE2NjcwODQ0NzV9.AePzZmFIzR-r-v7EJ6k4ExVDja6F-fjGuXPs3QbXVZA"
GetVideoListByIDsRedis: later
[GIN] 2022/10/29 - 16:01:15 | 200 |     541.857µs |    192.168.77.1 | GET      "/douyin/publish/list/?token=eyJhbGciOiJIUzI1NiIsInR5cCI6IkpXVCJ9.eyJVc2VySUQiOjIzNDczNjIxMTk2MzYxMDg5LCJOYW1lIjoiMSIsImV4cCI6MTY2NzE3MDg3NSwibmJmIjoxNjY3MDg0NDc1LCJpYXQiOjE2NjcwODQ0NzV9.AePzZmFIzR-r-v7EJ6k4ExVDja6F-fjGuXPs3QbXVZA&user_id=23473621196361089"
[GIN] 2022/10/29 - 16:01:15 | 200 |    1.038783ms |    192.168.77.1 | GET      "/douyin/favorite/list/?token=eyJhbGciOiJIUzI1NiIsInR5cCI6IkpXVCJ9.eyJVc2VySUQiOjIzNDczNjIxMTk2MzYxMDg5LCJOYW1lIjoiMSIsImV4cCI6MTY2NzE3MDg3NSwibmJmIjoxNjY3MDg0NDc1LCJpYXQiOjE2NjcwODQ0NzV9.AePzZmFIzR-r-v7EJ6k4ExVDja6F-fjGuXPs3QbXVZA&user_id=23473621196361089"
Feed ================
GetFeed 1
GetFeed 2
numVideos:  0
GetFeed 1
GetFeed 2
GetFeed 3
[23476001883311489 23474693730225537 23474522149637505 23474442524970369 23473691677445505]
Video:23476001883311489 : in redis
GetVideoListByIDsRedis: later

2022/10/29 16:01:19 /home/cheng/Desktop/Linux/douyin-fighting/service/video.go:268
[0.727ms] [rows:4] SELECT * FROM `videos` WHERE video_id in (23474693730225537,23474522149637505,23474442524970369,23473691677445505)
result:  &{0xc0000c7050 <nil> 4 0xc0003a2380 0} 
 result error:  <nil>

2022/10/29 16:01:19 /home/cheng/Desktop/Linux/douyin-fighting/service/comment.go:209
[0.601ms] [rows:0] SELECT `video_id`,COUNT(video_id) as comment_count FROM `comments` WHERE video_id in (23474693730225537,23474522149637505,23474442524970369,23473691677445505) AND `comments`.`deleted_at` IS NULL GROUP BY `video_id`

2022/10/29 16:01:19 /home/cheng/Desktop/Linux/douyin-fighting/service/favorite.go:178
[0.647ms] [rows:0] SELECT `video_id`,COUNT(video_id) as favorite_count FROM `favorites` WHERE video_id in (23474693730225537,23474522149637505,23474442524970369,23473691677445505) and is_favorite = true GROUP BY `video_id`
GetFavoriteCountListByVideoIDList:  <nil>
videoList:  &[{23474693730225537 aa 23474693730225537 23474693730225537.jpg 0 0 0 2022-10-29 15:40:08.863 -0700 PDT <nil>} {23474522149637505 bb 23474522149637505 23474522149637505.jpg 0 0 0 2022-10-29 15:38:26.67 -0700 PDT <nil>} {23474442524970369 a 23474442524970369 23474442524970369.jpg 0 0 0 2022-10-29 15:37:39.208 -0700 PDT <nil>} {23473691677445505 a 23473691677445505 23473691677445505.jpg 0 0 0 2022-10-29 15:30:11.704 -0700 PDT <nil>}]
GetVideoListByIDsSql: 
GetVideoListByIDsRedis:  &[{23476001883311489 aaa 23476001883311489 23476001883311489.jpg 0 0 0 2022-10-29 15:53:08.697 -0700 PDT <nil>} {0    0 0 0 0001-01-01 00:00:00 +0000 UTC <nil>} {0    0 0 0 0001-01-01 00:00:00 +0000 UTC <nil>} {0    0 0 0 0001-01-01 00:00:00 +0000 UTC <nil>} {0    0 0 0 0001-01-01 00:00:00 +0000 UTC <nil>}]  
 [23476001883311489 23474693730225537 23474522149637505 23474442524970369 23473691677445505]
numVideos:  0
[GIN] 2022/10/29 - 16:01:19 | 200 |    4.413843ms |    192.168.77.1 | GET      "/douyin/feed/?latest_time=0&token=eyJhbGciOiJIUzI1NiIsInR5cCI6IkpXVCJ9.eyJVc2VySUQiOjIzNDczNjIxMTk2MzYxMDg5LCJOYW1lIjoiMSIsImV4cCI6MTY2NzE3MDg3NSwibmJmIjoxNjY3MDg0NDc1LCJpYXQiOjE2NjcwODQ0NzV9.AePzZmFIzR-r-v7EJ6k4ExVDja6F-fjGuXPs3QbXVZA"
