Global
Viper

2022/10/29 15:20:29 /data/go/pkg/mod/gorm.io/driver/mysql@v1.3.3/migrator.go:228
[0.148ms] [rows:-] SELECT DATABASE()

2022/10/29 15:20:29 /data/go/pkg/mod/gorm.io/driver/mysql@v1.3.3/migrator.go:231
[1.258ms] [rows:1] SELECT SCHEMA_NAME from Information_schema.SCHEMATA where SCHEMA_NAME LIKE 'douyin%' ORDER BY SCHEMA_NAME='douyin' DESC limit 1

2022/10/29 15:20:29 /home/cheng/Desktop/Linux/douyin-fighting/initialize/mysql.go:54
[0.429ms] [rows:-] SELECT count(*) FROM information_schema.tables WHERE table_schema = 'douyin' AND table_name = 'users' AND table_type = 'BASE TABLE'

2022/10/29 15:20:29 /data/go/pkg/mod/gorm.io/driver/mysql@v1.3.3/migrator.go:228
[0.248ms] [rows:-] SELECT DATABASE()

2022/10/29 15:20:29 /data/go/pkg/mod/gorm.io/driver/mysql@v1.3.3/migrator.go:231
[1.077ms] [rows:1] SELECT SCHEMA_NAME from Information_schema.SCHEMATA where SCHEMA_NAME LIKE 'douyin%' ORDER BY SCHEMA_NAME='douyin' DESC limit 1

2022/10/29 15:20:29 /data/go/pkg/mod/gorm.io/driver/mysql@v1.3.3/migrator.go:148
[1.341ms] [rows:-] SELECT * FROM `users` LIMIT 1

2022/10/29 15:20:29 /data/go/pkg/mod/gorm.io/driver/mysql@v1.3.3/migrator.go:166
[1.224ms] [rows:-] SELECT column_name, column_default, is_nullable = 'YES', data_type, character_maximum_length, column_type, column_key, extra, column_comment, numeric_precision, numeric_scale , datetime_precision FROM information_schema.columns WHERE table_schema = 'douyin' AND table_name = 'users' ORDER BY ORDINAL_POSITION

2022/10/29 15:20:29 /data/go/pkg/mod/gorm.io/driver/mysql@v1.3.3/migrator.go:228
[0.112ms] [rows:-] SELECT DATABASE()

2022/10/29 15:20:29 /data/go/pkg/mod/gorm.io/driver/mysql@v1.3.3/migrator.go:231
[0.414ms] [rows:1] SELECT SCHEMA_NAME from Information_schema.SCHEMATA where SCHEMA_NAME LIKE 'douyin%' ORDER BY SCHEMA_NAME='douyin' DESC limit 1

2022/10/29 15:20:29 /home/cheng/Desktop/Linux/douyin-fighting/initialize/mysql.go:55
[0.252ms] [rows:-] SELECT count(*) FROM information_schema.tables WHERE table_schema = 'douyin' AND table_name = 'videos' AND table_type = 'BASE TABLE'

2022/10/29 15:20:29 /data/go/pkg/mod/gorm.io/driver/mysql@v1.3.3/migrator.go:228
[0.088ms] [rows:-] SELECT DATABASE()

2022/10/29 15:20:29 /data/go/pkg/mod/gorm.io/driver/mysql@v1.3.3/migrator.go:231
[0.275ms] [rows:1] SELECT SCHEMA_NAME from Information_schema.SCHEMATA where SCHEMA_NAME LIKE 'douyin%' ORDER BY SCHEMA_NAME='douyin' DESC limit 1

2022/10/29 15:20:29 /data/go/pkg/mod/gorm.io/driver/mysql@v1.3.3/migrator.go:148
[0.415ms] [rows:-] SELECT * FROM `videos` LIMIT 1

2022/10/29 15:20:29 /data/go/pkg/mod/gorm.io/driver/mysql@v1.3.3/migrator.go:166
[0.414ms] [rows:-] SELECT column_name, column_default, is_nullable = 'YES', data_type, character_maximum_length, column_type, column_key, extra, column_comment, numeric_precision, numeric_scale , datetime_precision FROM information_schema.columns WHERE table_schema = 'douyin' AND table_name = 'videos' ORDER BY ORDINAL_POSITION

2022/10/29 15:20:29 /data/go/pkg/mod/gorm.io/driver/mysql@v1.3.3/migrator.go:228
[0.106ms] [rows:-] SELECT DATABASE()

2022/10/29 15:20:29 /data/go/pkg/mod/gorm.io/driver/mysql@v1.3.3/migrator.go:231
[0.842ms] [rows:1] SELECT SCHEMA_NAME from Information_schema.SCHEMATA where SCHEMA_NAME LIKE 'douyin%' ORDER BY SCHEMA_NAME='douyin' DESC limit 1

2022/10/29 15:20:29 /home/cheng/Desktop/Linux/douyin-fighting/initialize/mysql.go:55
[0.247ms] [rows:-] SELECT count(*) FROM information_schema.statistics WHERE table_schema = 'douyin' AND table_name = 'videos' AND index_name = 'idx_videos_created_at'

2022/10/29 15:20:29 /data/go/pkg/mod/gorm.io/driver/mysql@v1.3.3/migrator.go:228
[0.066ms] [rows:-] SELECT DATABASE()

2022/10/29 15:20:29 /data/go/pkg/mod/gorm.io/driver/mysql@v1.3.3/migrator.go:231
[0.941ms] [rows:1] SELECT SCHEMA_NAME from Information_schema.SCHEMATA where SCHEMA_NAME LIKE 'douyin%' ORDER BY SCHEMA_NAME='douyin' DESC limit 1

2022/10/29 15:20:29 /home/cheng/Desktop/Linux/douyin-fighting/initialize/mysql.go:55
[0.284ms] [rows:-] SELECT count(*) FROM information_schema.statistics WHERE table_schema = 'douyin' AND table_name = 'videos' AND index_name = 'idx_videos_author_id'

2022/10/29 15:20:29 /data/go/pkg/mod/gorm.io/driver/mysql@v1.3.3/migrator.go:228
[0.091ms] [rows:-] SELECT DATABASE()

2022/10/29 15:20:29 /data/go/pkg/mod/gorm.io/driver/mysql@v1.3.3/migrator.go:231
[0.325ms] [rows:1] SELECT SCHEMA_NAME from Information_schema.SCHEMATA where SCHEMA_NAME LIKE 'douyin%' ORDER BY SCHEMA_NAME='douyin' DESC limit 1

2022/10/29 15:20:29 /home/cheng/Desktop/Linux/douyin-fighting/initialize/mysql.go:56
[1.247ms] [rows:-] SELECT count(*) FROM information_schema.tables WHERE table_schema = 'douyin' AND table_name = 'favorites' AND table_type = 'BASE TABLE'

2022/10/29 15:20:29 /data/go/pkg/mod/gorm.io/driver/mysql@v1.3.3/migrator.go:228
[0.099ms] [rows:-] SELECT DATABASE()

2022/10/29 15:20:29 /data/go/pkg/mod/gorm.io/driver/mysql@v1.3.3/migrator.go:231
[0.345ms] [rows:1] SELECT SCHEMA_NAME from Information_schema.SCHEMATA where SCHEMA_NAME LIKE 'douyin%' ORDER BY SCHEMA_NAME='douyin' DESC limit 1

2022/10/29 15:20:29 /data/go/pkg/mod/gorm.io/driver/mysql@v1.3.3/migrator.go:148
[0.168ms] [rows:-] SELECT * FROM `favorites` LIMIT 1

2022/10/29 15:20:29 /data/go/pkg/mod/gorm.io/driver/mysql@v1.3.3/migrator.go:166
[3.551ms] [rows:-] SELECT column_name, column_default, is_nullable = 'YES', data_type, character_maximum_length, column_type, column_key, extra, column_comment, numeric_precision, numeric_scale , datetime_precision FROM information_schema.columns WHERE table_schema = 'douyin' AND table_name = 'favorites' ORDER BY ORDINAL_POSITION

2022/10/29 15:20:29 /data/go/pkg/mod/gorm.io/driver/mysql@v1.3.3/migrator.go:228
[0.118ms] [rows:-] SELECT DATABASE()

2022/10/29 15:20:29 /data/go/pkg/mod/gorm.io/driver/mysql@v1.3.3/migrator.go:231
[0.297ms] [rows:1] SELECT SCHEMA_NAME from Information_schema.SCHEMATA where SCHEMA_NAME LIKE 'douyin%' ORDER BY SCHEMA_NAME='douyin' DESC limit 1

2022/10/29 15:20:29 /home/cheng/Desktop/Linux/douyin-fighting/initialize/mysql.go:56
[0.270ms] [rows:-] SELECT count(*) FROM information_schema.statistics WHERE table_schema = 'douyin' AND table_name = 'favorites' AND index_name = 'idx_01'

2022/10/29 15:20:29 /data/go/pkg/mod/gorm.io/driver/mysql@v1.3.3/migrator.go:228
[0.438ms] [rows:-] SELECT DATABASE()

2022/10/29 15:20:29 /data/go/pkg/mod/gorm.io/driver/mysql@v1.3.3/migrator.go:231
[0.216ms] [rows:1] SELECT SCHEMA_NAME from Information_schema.SCHEMATA where SCHEMA_NAME LIKE 'douyin%' ORDER BY SCHEMA_NAME='douyin' DESC limit 1

2022/10/29 15:20:29 /home/cheng/Desktop/Linux/douyin-fighting/initialize/mysql.go:56
[0.210ms] [rows:-] SELECT count(*) FROM information_schema.statistics WHERE table_schema = 'douyin' AND table_name = 'favorites' AND index_name = 'idx_02'

2022/10/29 15:20:29 /data/go/pkg/mod/gorm.io/driver/mysql@v1.3.3/migrator.go:228
[0.054ms] [rows:-] SELECT DATABASE()

2022/10/29 15:20:29 /data/go/pkg/mod/gorm.io/driver/mysql@v1.3.3/migrator.go:231
[0.880ms] [rows:1] SELECT SCHEMA_NAME from Information_schema.SCHEMATA where SCHEMA_NAME LIKE 'douyin%' ORDER BY SCHEMA_NAME='douyin' DESC limit 1

2022/10/29 15:20:29 /home/cheng/Desktop/Linux/douyin-fighting/initialize/mysql.go:57
[0.169ms] [rows:-] SELECT count(*) FROM information_schema.tables WHERE table_schema = 'douyin' AND table_name = 'comments' AND table_type = 'BASE TABLE'

2022/10/29 15:20:29 /data/go/pkg/mod/gorm.io/driver/mysql@v1.3.3/migrator.go:228
[0.074ms] [rows:-] SELECT DATABASE()

2022/10/29 15:20:29 /data/go/pkg/mod/gorm.io/driver/mysql@v1.3.3/migrator.go:231
[0.214ms] [rows:1] SELECT SCHEMA_NAME from Information_schema.SCHEMATA where SCHEMA_NAME LIKE 'douyin%' ORDER BY SCHEMA_NAME='douyin' DESC limit 1

2022/10/29 15:20:29 /data/go/pkg/mod/gorm.io/driver/mysql@v1.3.3/migrator.go:148
[0.102ms] [rows:-] SELECT * FROM `comments` LIMIT 1

2022/10/29 15:20:29 /data/go/pkg/mod/gorm.io/driver/mysql@v1.3.3/migrator.go:166
[0.988ms] [rows:-] SELECT column_name, column_default, is_nullable = 'YES', data_type, character_maximum_length, column_type, column_key, extra, column_comment, numeric_precision, numeric_scale , datetime_precision FROM information_schema.columns WHERE table_schema = 'douyin' AND table_name = 'comments' ORDER BY ORDINAL_POSITION

2022/10/29 15:20:29 /data/go/pkg/mod/gorm.io/driver/mysql@v1.3.3/migrator.go:228
[0.092ms] [rows:-] SELECT DATABASE()

2022/10/29 15:20:29 /data/go/pkg/mod/gorm.io/driver/mysql@v1.3.3/migrator.go:231
[0.253ms] [rows:1] SELECT SCHEMA_NAME from Information_schema.SCHEMATA where SCHEMA_NAME LIKE 'douyin%' ORDER BY SCHEMA_NAME='douyin' DESC limit 1

2022/10/29 15:20:29 /home/cheng/Desktop/Linux/douyin-fighting/initialize/mysql.go:57
[0.174ms] [rows:-] SELECT count(*) FROM information_schema.statistics WHERE table_schema = 'douyin' AND table_name = 'comments' AND index_name = 'video_user'

2022/10/29 15:20:29 /data/go/pkg/mod/gorm.io/driver/mysql@v1.3.3/migrator.go:228
[0.059ms] [rows:-] SELECT DATABASE()

2022/10/29 15:20:29 /data/go/pkg/mod/gorm.io/driver/mysql@v1.3.3/migrator.go:231
[0.298ms] [rows:1] SELECT SCHEMA_NAME from Information_schema.SCHEMATA where SCHEMA_NAME LIKE 'douyin%' ORDER BY SCHEMA_NAME='douyin' DESC limit 1

2022/10/29 15:20:29 /home/cheng/Desktop/Linux/douyin-fighting/initialize/mysql.go:58
[0.652ms] [rows:-] SELECT count(*) FROM information_schema.tables WHERE table_schema = 'douyin' AND table_name = 'follows' AND table_type = 'BASE TABLE'

2022/10/29 15:20:29 /data/go/pkg/mod/gorm.io/driver/mysql@v1.3.3/migrator.go:228
[0.072ms] [rows:-] SELECT DATABASE()

2022/10/29 15:20:29 /data/go/pkg/mod/gorm.io/driver/mysql@v1.3.3/migrator.go:231
[0.693ms] [rows:1] SELECT SCHEMA_NAME from Information_schema.SCHEMATA where SCHEMA_NAME LIKE 'douyin%' ORDER BY SCHEMA_NAME='douyin' DESC limit 1

2022/10/29 15:20:29 /data/go/pkg/mod/gorm.io/driver/mysql@v1.3.3/migrator.go:148
[0.232ms] [rows:-] SELECT * FROM `follows` LIMIT 1

2022/10/29 15:20:29 /data/go/pkg/mod/gorm.io/driver/mysql@v1.3.3/migrator.go:166
[0.460ms] [rows:-] SELECT column_name, column_default, is_nullable = 'YES', data_type, character_maximum_length, column_type, column_key, extra, column_comment, numeric_precision, numeric_scale , datetime_precision FROM information_schema.columns WHERE table_schema = 'douyin' AND table_name = 'follows' ORDER BY ORDINAL_POSITION

2022/10/29 15:20:29 /data/go/pkg/mod/gorm.io/driver/mysql@v1.3.3/migrator.go:228
[0.076ms] [rows:-] SELECT DATABASE()

2022/10/29 15:20:29 /data/go/pkg/mod/gorm.io/driver/mysql@v1.3.3/migrator.go:231
[0.655ms] [rows:1] SELECT SCHEMA_NAME from Information_schema.SCHEMATA where SCHEMA_NAME LIKE 'douyin%' ORDER BY SCHEMA_NAME='douyin' DESC limit 1

2022/10/29 15:20:29 /home/cheng/Desktop/Linux/douyin-fighting/initialize/mysql.go:58
[0.334ms] [rows:-] SELECT count(*) FROM information_schema.statistics WHERE table_schema = 'douyin' AND table_name = 'follows' AND index_name = 'idx_01'

2022/10/29 15:20:29 /data/go/pkg/mod/gorm.io/driver/mysql@v1.3.3/migrator.go:228
[0.122ms] [rows:-] SELECT DATABASE()

2022/10/29 15:20:29 /data/go/pkg/mod/gorm.io/driver/mysql@v1.3.3/migrator.go:231
[0.550ms] [rows:1] SELECT SCHEMA_NAME from Information_schema.SCHEMATA where SCHEMA_NAME LIKE 'douyin%' ORDER BY SCHEMA_NAME='douyin' DESC limit 1

2022/10/29 15:20:29 /home/cheng/Desktop/Linux/douyin-fighting/initialize/mysql.go:58
[0.298ms] [rows:-] SELECT count(*) FROM information_schema.statistics WHERE table_schema = 'douyin' AND table_name = 'follows' AND index_name = 'idx_02'
MySQL
Redis
1111111111111111111
0.0.0.0:8080Feed ================
GetFeed 1
GetFeed 2
GetFeed 3
[23467265047416193 23466359480405377 23465876514688385 23465809741368705 23464019025218945 23462739410177409 23462573751946625 23461385153301889 23245963636264321]
Video:23467265047416193 : in redis
Video:23466359480405377 : in redis
Video:23465876514688385 : in redis
Video:23465809741368705 : in redis
GetVideoListByIDsRedis: later

2022/10/29 15:20:38 /home/cheng/Desktop/Linux/douyin-fighting/service/video.go:268
[0.513ms] [rows:5] SELECT * FROM `videos` WHERE video_id in (23464019025218945,23462739410177409,23462573751946625,23461385153301889,23245963636264321)

2022/10/29 15:20:38 /home/cheng/Desktop/Linux/douyin-fighting/service/comment.go:209
[0.595ms] [rows:0] SELECT `video_id`,COUNT(video_id) as comment_count FROM `comments` WHERE video_id in (23464019025218945,23462739410177409,23462573751946625,23461385153301889,23245963636264321) AND `comments`.`deleted_at` IS NULL GROUP BY `video_id`

2022/10/29 15:20:38 /home/cheng/Desktop/Linux/douyin-fighting/service/favorite.go:178
[0.366ms] [rows:0] SELECT `video_id`,COUNT(video_id) as favorite_count FROM `favorites` WHERE video_id in (23464019025218945,23462739410177409,23462573751946625,23461385153301889,23245963636264321) and is_favorite = true GROUP BY `video_id`
GetVideoListByIDsSql: 
GetVideoListByIDsRedis:  &[{23467265047416193 aa 23467265047416193 23467265047416193.jpg 0 0 0 2022-10-29 14:26:21.027 -0700 PDT <nil>} {23466359480405377 2 23466359480405377 23466359480405377.jpg 0 0 0 2022-10-29 14:17:21.366 -0700 PDT <nil>} {23465876514688385 aa 23465876514688385 23465876514688385.jpg 0 0 0 2022-10-29 14:12:33.385 -0700 PDT <nil>} {23465809741368705 a 23465809741368705 23465809741368705.jpg 0 0 0 2022-10-29 14:11:53.587 -0700 PDT <nil>} {0    0 0 0 0001-01-01 00:00:00 +0000 UTC <nil>} {0    0 0 0 0001-01-01 00:00:00 +0000 UTC <nil>} {0    0 0 0 0001-01-01 00:00:00 +0000 UTC <nil>} {0    0 0 0 0001-01-01 00:00:00 +0000 UTC <nil>} {0    0 0 0 0001-01-01 00:00:00 +0000 UTC <nil>}]  
 [23467265047416193 23466359480405377 23465876514688385 23465809741368705 23464019025218945 23462739410177409 23462573751946625 23461385153301889 23245963636264321]
numVideos:  0
[GIN] 2022/10/29 - 15:20:38 | 500 |     3.90547ms |    192.168.77.1 | GET      "/douyin/feed/?latest_time=1667082038723&token=eyJhbGciOiJIUzI1NiIsInR5cCI6IkpXVCJ9.eyJVc2VySUQiOjIzNDY3MjUwNTE4MzQ3MTM3LCJOYW1lIjoiMyIsImV4cCI6MTY2NzE2NTI4OSwibmJmIjoxNjY3MDc4ODg5LCJpYXQiOjE2NjcwNzg4ODl9.0B3EsW5zi93QaCi0hS7y92-sRB1S5FM5A5raASf7dTs"
Feed ================
GetFeed 1
GetFeed 2
numVideos:  0
GetFeed 1
GetFeed 2
GetFeed 3
[23467265047416193 23466359480405377 23465876514688385 23465809741368705 23464019025218945 23462739410177409 23462573751946625 23461385153301889 23245963636264321]
Video:23467265047416193 : in redis
Video:23466359480405377 : in redis
Video:23465876514688385 : in redis
Video:23465809741368705 : in redis
GetVideoListByIDsRedis: later

2022/10/29 15:20:39 /home/cheng/Desktop/Linux/douyin-fighting/service/video.go:268
[1.218ms] [rows:5] SELECT * FROM `videos` WHERE video_id in (23464019025218945,23462739410177409,23462573751946625,23461385153301889,23245963636264321)

2022/10/29 15:20:39 /home/cheng/Desktop/Linux/douyin-fighting/service/comment.go:209
[0.585ms] [rows:0] SELECT `video_id`,COUNT(video_id) as comment_count FROM `comments` WHERE video_id in (23464019025218945,23462739410177409,23462573751946625,23461385153301889,23245963636264321) AND `comments`.`deleted_at` IS NULL GROUP BY `video_id`

2022/10/29 15:20:39 /home/cheng/Desktop/Linux/douyin-fighting/service/favorite.go:178
[0.354ms] [rows:0] SELECT `video_id`,COUNT(video_id) as favorite_count FROM `favorites` WHERE video_id in (23464019025218945,23462739410177409,23462573751946625,23461385153301889,23245963636264321) and is_favorite = true GROUP BY `video_id`
GetVideoListByIDsSql: 
GetVideoListByIDsRedis:  &[{23467265047416193 aa 23467265047416193 23467265047416193.jpg 0 0 0 2022-10-29 14:26:21.027 -0700 PDT <nil>} {23466359480405377 2 23466359480405377 23466359480405377.jpg 0 0 0 2022-10-29 14:17:21.366 -0700 PDT <nil>} {23465876514688385 aa 23465876514688385 23465876514688385.jpg 0 0 0 2022-10-29 14:12:33.385 -0700 PDT <nil>} {23465809741368705 a 23465809741368705 23465809741368705.jpg 0 0 0 2022-10-29 14:11:53.587 -0700 PDT <nil>} {0    0 0 0 0001-01-01 00:00:00 +0000 UTC <nil>} {0    0 0 0 0001-01-01 00:00:00 +0000 UTC <nil>} {0    0 0 0 0001-01-01 00:00:00 +0000 UTC <nil>} {0    0 0 0 0001-01-01 00:00:00 +0000 UTC <nil>} {0    0 0 0 0001-01-01 00:00:00 +0000 UTC <nil>}]  
 [23467265047416193 23466359480405377 23465876514688385 23465809741368705 23464019025218945 23462739410177409 23462573751946625 23461385153301889 23245963636264321]
numVideos:  0
[GIN] 2022/10/29 - 15:20:39 | 200 |   10.666849ms |    192.168.77.1 | GET      "/douyin/feed/?latest_time=0&token=eyJhbGciOiJIUzI1NiIsInR5cCI6IkpXVCJ9.eyJVc2VySUQiOjIzNDY3MjUwNTE4MzQ3MTM3LCJOYW1lIjoiMyIsImV4cCI6MTY2NzE2NTI4OSwibmJmIjoxNjY3MDc4ODg5LCJpYXQiOjE2NjcwNzg4ODl9.0B3EsW5zi93QaCi0hS7y92-sRB1S5FM5A5raASf7dTs"
