Global
Viper

2022/10/29 12:01:56 /data/go/pkg/mod/gorm.io/driver/mysql@v1.3.3/migrator.go:228
[0.070ms] [rows:-] SELECT DATABASE()

2022/10/29 12:01:56 /data/go/pkg/mod/gorm.io/driver/mysql@v1.3.3/migrator.go:231
[0.624ms] [rows:1] SELECT SCHEMA_NAME from Information_schema.SCHEMATA where SCHEMA_NAME LIKE 'douyin%' ORDER BY SCHEMA_NAME='douyin' DESC limit 1

2022/10/29 12:01:56 /home/cheng/Desktop/Linux/douyin-fighting/initialize/mysql.go:54
[0.234ms] [rows:-] SELECT count(*) FROM information_schema.tables WHERE table_schema = 'douyin' AND table_name = 'users' AND table_type = 'BASE TABLE'

2022/10/29 12:01:56 /data/go/pkg/mod/gorm.io/driver/mysql@v1.3.3/migrator.go:228
[0.052ms] [rows:-] SELECT DATABASE()

2022/10/29 12:01:56 /data/go/pkg/mod/gorm.io/driver/mysql@v1.3.3/migrator.go:231
[0.251ms] [rows:1] SELECT SCHEMA_NAME from Information_schema.SCHEMATA where SCHEMA_NAME LIKE 'douyin%' ORDER BY SCHEMA_NAME='douyin' DESC limit 1

2022/10/29 12:01:56 /data/go/pkg/mod/gorm.io/driver/mysql@v1.3.3/migrator.go:148
[0.291ms] [rows:-] SELECT * FROM `users` LIMIT 1

2022/10/29 12:01:56 /data/go/pkg/mod/gorm.io/driver/mysql@v1.3.3/migrator.go:166
[0.922ms] [rows:-] SELECT column_name, column_default, is_nullable = 'YES', data_type, character_maximum_length, column_type, column_key, extra, column_comment, numeric_precision, numeric_scale , datetime_precision FROM information_schema.columns WHERE table_schema = 'douyin' AND table_name = 'users' ORDER BY ORDINAL_POSITION

2022/10/29 12:01:56 /data/go/pkg/mod/gorm.io/driver/mysql@v1.3.3/migrator.go:228
[0.228ms] [rows:-] SELECT DATABASE()

2022/10/29 12:01:56 /data/go/pkg/mod/gorm.io/driver/mysql@v1.3.3/migrator.go:231
[0.302ms] [rows:1] SELECT SCHEMA_NAME from Information_schema.SCHEMATA where SCHEMA_NAME LIKE 'douyin%' ORDER BY SCHEMA_NAME='douyin' DESC limit 1

2022/10/29 12:01:56 /home/cheng/Desktop/Linux/douyin-fighting/initialize/mysql.go:55
[0.175ms] [rows:-] SELECT count(*) FROM information_schema.tables WHERE table_schema = 'douyin' AND table_name = 'videos' AND table_type = 'BASE TABLE'

2022/10/29 12:01:56 /data/go/pkg/mod/gorm.io/driver/mysql@v1.3.3/migrator.go:228
[0.065ms] [rows:-] SELECT DATABASE()

2022/10/29 12:01:56 /data/go/pkg/mod/gorm.io/driver/mysql@v1.3.3/migrator.go:231
[0.211ms] [rows:1] SELECT SCHEMA_NAME from Information_schema.SCHEMATA where SCHEMA_NAME LIKE 'douyin%' ORDER BY SCHEMA_NAME='douyin' DESC limit 1

2022/10/29 12:01:56 /data/go/pkg/mod/gorm.io/driver/mysql@v1.3.3/migrator.go:148
[0.127ms] [rows:-] SELECT * FROM `videos` LIMIT 1

2022/10/29 12:01:56 /data/go/pkg/mod/gorm.io/driver/mysql@v1.3.3/migrator.go:166
[0.368ms] [rows:-] SELECT column_name, column_default, is_nullable = 'YES', data_type, character_maximum_length, column_type, column_key, extra, column_comment, numeric_precision, numeric_scale , datetime_precision FROM information_schema.columns WHERE table_schema = 'douyin' AND table_name = 'videos' ORDER BY ORDINAL_POSITION

2022/10/29 12:01:56 /data/go/pkg/mod/gorm.io/driver/mysql@v1.3.3/migrator.go:228
[0.055ms] [rows:-] SELECT DATABASE()

2022/10/29 12:01:56 /data/go/pkg/mod/gorm.io/driver/mysql@v1.3.3/migrator.go:231
[0.222ms] [rows:1] SELECT SCHEMA_NAME from Information_schema.SCHEMATA where SCHEMA_NAME LIKE 'douyin%' ORDER BY SCHEMA_NAME='douyin' DESC limit 1

2022/10/29 12:01:56 /home/cheng/Desktop/Linux/douyin-fighting/initialize/mysql.go:55
[0.170ms] [rows:-] SELECT count(*) FROM information_schema.statistics WHERE table_schema = 'douyin' AND table_name = 'videos' AND index_name = 'idx_videos_author_id'

2022/10/29 12:01:56 /data/go/pkg/mod/gorm.io/driver/mysql@v1.3.3/migrator.go:228
[0.053ms] [rows:-] SELECT DATABASE()

2022/10/29 12:01:56 /data/go/pkg/mod/gorm.io/driver/mysql@v1.3.3/migrator.go:231
[0.301ms] [rows:1] SELECT SCHEMA_NAME from Information_schema.SCHEMATA where SCHEMA_NAME LIKE 'douyin%' ORDER BY SCHEMA_NAME='douyin' DESC limit 1

2022/10/29 12:01:56 /home/cheng/Desktop/Linux/douyin-fighting/initialize/mysql.go:55
[0.171ms] [rows:-] SELECT count(*) FROM information_schema.statistics WHERE table_schema = 'douyin' AND table_name = 'videos' AND index_name = 'idx_videos_created_at'

2022/10/29 12:01:56 /data/go/pkg/mod/gorm.io/driver/mysql@v1.3.3/migrator.go:228
[0.079ms] [rows:-] SELECT DATABASE()

2022/10/29 12:01:56 /data/go/pkg/mod/gorm.io/driver/mysql@v1.3.3/migrator.go:231
[0.291ms] [rows:1] SELECT SCHEMA_NAME from Information_schema.SCHEMATA where SCHEMA_NAME LIKE 'douyin%' ORDER BY SCHEMA_NAME='douyin' DESC limit 1

2022/10/29 12:01:56 /home/cheng/Desktop/Linux/douyin-fighting/initialize/mysql.go:56
[0.222ms] [rows:-] SELECT count(*) FROM information_schema.tables WHERE table_schema = 'douyin' AND table_name = 'favorites' AND table_type = 'BASE TABLE'

2022/10/29 12:01:56 /data/go/pkg/mod/gorm.io/driver/mysql@v1.3.3/migrator.go:228
[0.051ms] [rows:-] SELECT DATABASE()

2022/10/29 12:01:56 /data/go/pkg/mod/gorm.io/driver/mysql@v1.3.3/migrator.go:231
[0.209ms] [rows:1] SELECT SCHEMA_NAME from Information_schema.SCHEMATA where SCHEMA_NAME LIKE 'douyin%' ORDER BY SCHEMA_NAME='douyin' DESC limit 1

2022/10/29 12:01:56 /data/go/pkg/mod/gorm.io/driver/mysql@v1.3.3/migrator.go:148
[0.186ms] [rows:-] SELECT * FROM `favorites` LIMIT 1

2022/10/29 12:01:56 /data/go/pkg/mod/gorm.io/driver/mysql@v1.3.3/migrator.go:166
[0.362ms] [rows:-] SELECT column_name, column_default, is_nullable = 'YES', data_type, character_maximum_length, column_type, column_key, extra, column_comment, numeric_precision, numeric_scale , datetime_precision FROM information_schema.columns WHERE table_schema = 'douyin' AND table_name = 'favorites' ORDER BY ORDINAL_POSITION

2022/10/29 12:01:56 /data/go/pkg/mod/gorm.io/driver/mysql@v1.3.3/migrator.go:228
[0.058ms] [rows:-] SELECT DATABASE()

2022/10/29 12:01:56 /data/go/pkg/mod/gorm.io/driver/mysql@v1.3.3/migrator.go:231
[0.255ms] [rows:1] SELECT SCHEMA_NAME from Information_schema.SCHEMATA where SCHEMA_NAME LIKE 'douyin%' ORDER BY SCHEMA_NAME='douyin' DESC limit 1

2022/10/29 12:01:56 /home/cheng/Desktop/Linux/douyin-fighting/initialize/mysql.go:56
[0.169ms] [rows:-] SELECT count(*) FROM information_schema.statistics WHERE table_schema = 'douyin' AND table_name = 'favorites' AND index_name = 'idx_01'

2022/10/29 12:01:56 /data/go/pkg/mod/gorm.io/driver/mysql@v1.3.3/migrator.go:228
[0.050ms] [rows:-] SELECT DATABASE()

2022/10/29 12:01:56 /data/go/pkg/mod/gorm.io/driver/mysql@v1.3.3/migrator.go:231
[3.102ms] [rows:1] SELECT SCHEMA_NAME from Information_schema.SCHEMATA where SCHEMA_NAME LIKE 'douyin%' ORDER BY SCHEMA_NAME='douyin' DESC limit 1

2022/10/29 12:01:56 /home/cheng/Desktop/Linux/douyin-fighting/initialize/mysql.go:56
[0.471ms] [rows:-] SELECT count(*) FROM information_schema.statistics WHERE table_schema = 'douyin' AND table_name = 'favorites' AND index_name = 'idx_02'

2022/10/29 12:01:56 /data/go/pkg/mod/gorm.io/driver/mysql@v1.3.3/migrator.go:228
[0.072ms] [rows:-] SELECT DATABASE()

2022/10/29 12:01:56 /data/go/pkg/mod/gorm.io/driver/mysql@v1.3.3/migrator.go:231
[0.289ms] [rows:1] SELECT SCHEMA_NAME from Information_schema.SCHEMATA where SCHEMA_NAME LIKE 'douyin%' ORDER BY SCHEMA_NAME='douyin' DESC limit 1

2022/10/29 12:01:56 /home/cheng/Desktop/Linux/douyin-fighting/initialize/mysql.go:57
[0.201ms] [rows:-] SELECT count(*) FROM information_schema.tables WHERE table_schema = 'douyin' AND table_name = 'comments' AND table_type = 'BASE TABLE'

2022/10/29 12:01:56 /data/go/pkg/mod/gorm.io/driver/mysql@v1.3.3/migrator.go:228
[0.049ms] [rows:-] SELECT DATABASE()

2022/10/29 12:01:56 /data/go/pkg/mod/gorm.io/driver/mysql@v1.3.3/migrator.go:231
[0.216ms] [rows:1] SELECT SCHEMA_NAME from Information_schema.SCHEMATA where SCHEMA_NAME LIKE 'douyin%' ORDER BY SCHEMA_NAME='douyin' DESC limit 1

2022/10/29 12:01:56 /data/go/pkg/mod/gorm.io/driver/mysql@v1.3.3/migrator.go:148
[0.132ms] [rows:-] SELECT * FROM `comments` LIMIT 1

2022/10/29 12:01:56 /data/go/pkg/mod/gorm.io/driver/mysql@v1.3.3/migrator.go:166
[0.396ms] [rows:-] SELECT column_name, column_default, is_nullable = 'YES', data_type, character_maximum_length, column_type, column_key, extra, column_comment, numeric_precision, numeric_scale , datetime_precision FROM information_schema.columns WHERE table_schema = 'douyin' AND table_name = 'comments' ORDER BY ORDINAL_POSITION

2022/10/29 12:01:56 /data/go/pkg/mod/gorm.io/driver/mysql@v1.3.3/migrator.go:228
[0.060ms] [rows:-] SELECT DATABASE()

2022/10/29 12:01:56 /data/go/pkg/mod/gorm.io/driver/mysql@v1.3.3/migrator.go:231
[0.226ms] [rows:1] SELECT SCHEMA_NAME from Information_schema.SCHEMATA where SCHEMA_NAME LIKE 'douyin%' ORDER BY SCHEMA_NAME='douyin' DESC limit 1

2022/10/29 12:01:56 /home/cheng/Desktop/Linux/douyin-fighting/initialize/mysql.go:57
[0.223ms] [rows:-] SELECT count(*) FROM information_schema.statistics WHERE table_schema = 'douyin' AND table_name = 'comments' AND index_name = 'video_user'

2022/10/29 12:01:56 /data/go/pkg/mod/gorm.io/driver/mysql@v1.3.3/migrator.go:228
[0.060ms] [rows:-] SELECT DATABASE()

2022/10/29 12:01:56 /data/go/pkg/mod/gorm.io/driver/mysql@v1.3.3/migrator.go:231
[0.224ms] [rows:1] SELECT SCHEMA_NAME from Information_schema.SCHEMATA where SCHEMA_NAME LIKE 'douyin%' ORDER BY SCHEMA_NAME='douyin' DESC limit 1

2022/10/29 12:01:56 /home/cheng/Desktop/Linux/douyin-fighting/initialize/mysql.go:58
[0.169ms] [rows:-] SELECT count(*) FROM information_schema.tables WHERE table_schema = 'douyin' AND table_name = 'follows' AND table_type = 'BASE TABLE'

2022/10/29 12:01:56 /data/go/pkg/mod/gorm.io/driver/mysql@v1.3.3/migrator.go:228
[0.051ms] [rows:-] SELECT DATABASE()

2022/10/29 12:01:56 /data/go/pkg/mod/gorm.io/driver/mysql@v1.3.3/migrator.go:231
[0.215ms] [rows:1] SELECT SCHEMA_NAME from Information_schema.SCHEMATA where SCHEMA_NAME LIKE 'douyin%' ORDER BY SCHEMA_NAME='douyin' DESC limit 1

2022/10/29 12:01:56 /data/go/pkg/mod/gorm.io/driver/mysql@v1.3.3/migrator.go:148
[0.167ms] [rows:-] SELECT * FROM `follows` LIMIT 1

2022/10/29 12:01:56 /data/go/pkg/mod/gorm.io/driver/mysql@v1.3.3/migrator.go:166
[0.368ms] [rows:-] SELECT column_name, column_default, is_nullable = 'YES', data_type, character_maximum_length, column_type, column_key, extra, column_comment, numeric_precision, numeric_scale , datetime_precision FROM information_schema.columns WHERE table_schema = 'douyin' AND table_name = 'follows' ORDER BY ORDINAL_POSITION

2022/10/29 12:01:56 /data/go/pkg/mod/gorm.io/driver/mysql@v1.3.3/migrator.go:228
[0.061ms] [rows:-] SELECT DATABASE()

2022/10/29 12:01:56 /data/go/pkg/mod/gorm.io/driver/mysql@v1.3.3/migrator.go:231
[0.225ms] [rows:1] SELECT SCHEMA_NAME from Information_schema.SCHEMATA where SCHEMA_NAME LIKE 'douyin%' ORDER BY SCHEMA_NAME='douyin' DESC limit 1

2022/10/29 12:01:56 /home/cheng/Desktop/Linux/douyin-fighting/initialize/mysql.go:58
[0.647ms] [rows:-] SELECT count(*) FROM information_schema.statistics WHERE table_schema = 'douyin' AND table_name = 'follows' AND index_name = 'idx_01'

2022/10/29 12:01:56 /data/go/pkg/mod/gorm.io/driver/mysql@v1.3.3/migrator.go:228
[0.147ms] [rows:-] SELECT DATABASE()

2022/10/29 12:01:56 /data/go/pkg/mod/gorm.io/driver/mysql@v1.3.3/migrator.go:231
[0.289ms] [rows:1] SELECT SCHEMA_NAME from Information_schema.SCHEMATA where SCHEMA_NAME LIKE 'douyin%' ORDER BY SCHEMA_NAME='douyin' DESC limit 1

2022/10/29 12:01:56 /home/cheng/Desktop/Linux/douyin-fighting/initialize/mysql.go:58
[0.188ms] [rows:-] SELECT count(*) FROM information_schema.statistics WHERE table_schema = 'douyin' AND table_name = 'follows' AND index_name = 'idx_02'
MySQL
Redis
0.0.0.0:8080[GIN] 2022/10/29 - 12:02:04 | 200 |    9.469594ms |    192.168.77.1 | GET      "/douyin/publish/list/?token=eyJhbGciOiJIUzI1NiIsInR5cCI6IkpXVCJ9.eyJVc2VySUQiOjIzNDUyNDk4NDI5NzU4ODQ5LCJOYW1lIjoiMSIsImV4cCI6MTY2NzE1NjM3OSwibmJmIjoxNjY3MDY5OTc5LCJpYXQiOjE2NjcwNjk5Nzl9.X4I4_QUFywcxSESC6085gCG6msYBLUemwZs6blbmnxg&user_id=23452498429758849"
[GIN] 2022/10/29 - 12:02:04 | 200 |    7.249007ms |    192.168.77.1 | GET      "/douyin/favorite/list/?token=eyJhbGciOiJIUzI1NiIsInR5cCI6IkpXVCJ9.eyJVc2VySUQiOjIzNDUyNDk4NDI5NzU4ODQ5LCJOYW1lIjoiMSIsImV4cCI6MTY2NzE1NjM3OSwibmJmIjoxNjY3MDY5OTc5LCJpYXQiOjE2NjcwNjk5Nzl9.X4I4_QUFywcxSESC6085gCG6msYBLUemwZs6blbmnxg&user_id=23452498429758849"

2022/10/29 12:02:15 /home/cheng/Desktop/Linux/douyin-fighting/service/video.go:232
[0.402ms] [rows:1] SELECT * FROM `videos` WHERE video_id in (23245963636264321)

2022/10/29 12:02:15 /home/cheng/Desktop/Linux/douyin-fighting/service/comment.go:209
[0.788ms] [rows:0] SELECT `video_id`,COUNT(video_id) as comment_count FROM `comments` WHERE video_id in (23245963636264321) AND `comments`.`deleted_at` IS NULL GROUP BY `video_id`

2022/10/29 12:02:15 /home/cheng/Desktop/Linux/douyin-fighting/service/favorite.go:178
[0.881ms] [rows:0] SELECT `video_id`,COUNT(video_id) as favorite_count FROM `favorites` WHERE video_id in (23245963636264321) and is_favorite = true GROUP BY `video_id`
[GIN] 2022/10/29 - 12:02:15 | 500 |    2.712259ms |    192.168.77.1 | GET      "/douyin/feed/?latest_time=1667070136263&token=eyJhbGciOiJIUzI1NiIsInR5cCI6IkpXVCJ9.eyJVc2VySUQiOjIzNDUyNDk4NDI5NzU4ODQ5LCJOYW1lIjoiMSIsImV4cCI6MTY2NzE1NjM3OSwibmJmIjoxNjY3MDY5OTc5LCJpYXQiOjE2NjcwNjk5Nzl9.X4I4_QUFywcxSESC6085gCG6msYBLUemwZs6blbmnxg"
[GIN] 2022/10/29 - 12:02:24 | 200 |     302.657µs |    192.168.77.1 | GET      "/douyin/publish/list/?token=eyJhbGciOiJIUzI1NiIsInR5cCI6IkpXVCJ9.eyJVc2VySUQiOjIzNDUyNDk4NDI5NzU4ODQ5LCJOYW1lIjoiMSIsImV4cCI6MTY2NzE1NjM3OSwibmJmIjoxNjY3MDY5OTc5LCJpYXQiOjE2NjcwNjk5Nzl9.X4I4_QUFywcxSESC6085gCG6msYBLUemwZs6blbmnxg&user_id=23452498429758849"
[GIN] 2022/10/29 - 12:02:24 | 200 |     304.144µs |    192.168.77.1 | GET      "/douyin/favorite/list/?token=eyJhbGciOiJIUzI1NiIsInR5cCI6IkpXVCJ9.eyJVc2VySUQiOjIzNDUyNDk4NDI5NzU4ODQ5LCJOYW1lIjoiMSIsImV4cCI6MTY2NzE1NjM3OSwibmJmIjoxNjY3MDY5OTc5LCJpYXQiOjE2NjcwNjk5Nzl9.X4I4_QUFywcxSESC6085gCG6msYBLUemwZs6blbmnxg&user_id=23452498429758849"

2022/10/29 12:03:56 /home/cheng/Desktop/Linux/douyin-fighting/service/video.go:68
[2.068ms] [rows:1] INSERT INTO `videos` (`title`,`play_name`,`cover_name`,`author_id`,`created_at`,`ext_info`,`video_id`) VALUES ('aaa','23452930409516417.mp4','23452930409516417.jpg',23452498429758849,'2022-10-29 12:03:56.9',NULL,23452930409516417)

2022/10/29 12:03:56 /home/cheng/Desktop/Linux/douyin-fighting/service/video.go:80
[0.305ms] [rows:2] SELECT * FROM `videos` WHERE author_id = 23452498429758849
[GIN] 2022/10/29 - 12:03:56 | 500 |   52.269849ms |    192.168.77.1 | POST     "/douyin/publish/action/"

2022/10/29 12:03:59 /home/cheng/Desktop/Linux/douyin-fighting/service/video.go:68
[1.286ms] [rows:1] INSERT INTO `videos` (`title`,`play_name`,`cover_name`,`author_id`,`created_at`,`ext_info`,`video_id`) VALUES ('aaa','23452935241354625.mp4','23452935241354625.jpg',23452498429758849,'2022-10-29 12:03:59.781',NULL,23452935241354625)

2022/10/29 12:03:59 /home/cheng/Desktop/Linux/douyin-fighting/service/video.go:80
[0.726ms] [rows:3] SELECT * FROM `videos` WHERE author_id = 23452498429758849
[GIN] 2022/10/29 - 12:03:59 | 500 |    46.44023ms |    192.168.77.1 | POST     "/douyin/publish/action/"
[GIN] 2022/10/29 - 12:08:07 | 200 |     646.743µs |    192.168.77.1 | GET      "/douyin/publish/list/?token=eyJhbGciOiJIUzI1NiIsInR5cCI6IkpXVCJ9.eyJVc2VySUQiOjIzNDUyNDk4NDI5NzU4ODQ5LCJOYW1lIjoiMSIsImV4cCI6MTY2NzE1NjM3OSwibmJmIjoxNjY3MDY5OTc5LCJpYXQiOjE2NjcwNjk5Nzl9.X4I4_QUFywcxSESC6085gCG6msYBLUemwZs6blbmnxg&user_id=23452498429758849"
[GIN] 2022/10/29 - 12:08:07 | 200 |     841.023µs |    192.168.77.1 | GET      "/douyin/favorite/list/?token=eyJhbGciOiJIUzI1NiIsInR5cCI6IkpXVCJ9.eyJVc2VySUQiOjIzNDUyNDk4NDI5NzU4ODQ5LCJOYW1lIjoiMSIsImV4cCI6MTY2NzE1NjM3OSwibmJmIjoxNjY3MDY5OTc5LCJpYXQiOjE2NjcwNjk5Nzl9.X4I4_QUFywcxSESC6085gCG6msYBLUemwZs6blbmnxg&user_id=23452498429758849"

2022/10/29 12:08:13 /home/cheng/Desktop/Linux/douyin-fighting/service/video.go:232
[0.611ms] [rows:1] SELECT * FROM `videos` WHERE video_id in (23245963636264321)

2022/10/29 12:08:13 /home/cheng/Desktop/Linux/douyin-fighting/service/comment.go:209
[0.822ms] [rows:0] SELECT `video_id`,COUNT(video_id) as comment_count FROM `comments` WHERE video_id in (23245963636264321) AND `comments`.`deleted_at` IS NULL GROUP BY `video_id`

2022/10/29 12:08:13 /home/cheng/Desktop/Linux/douyin-fighting/service/favorite.go:178
[0.484ms] [rows:0] SELECT `video_id`,COUNT(video_id) as favorite_count FROM `favorites` WHERE video_id in (23245963636264321) and is_favorite = true GROUP BY `video_id`
[GIN] 2022/10/29 - 12:08:13 | 500 |    3.124436ms |    192.168.77.1 | GET      "/douyin/feed/?latest_time=1667070493640"

2022/10/29 12:08:19 /home/cheng/Desktop/Linux/douyin-fighting/service/user.go:28
[0.656ms] [rows:1] SELECT * FROM `users` WHERE name = '1' LIMIT 1
[GIN] 2022/10/29 - 12:08:19 | 200 |   59.940162ms |    192.168.77.1 | POST     "/douyin/user/login/?username=1&password=111111"
[GIN] 2022/10/29 - 12:08:19 | 200 |     266.345µs |    192.168.77.1 | GET      "/douyin/user/?user_id=23452498429758849&token=eyJhbGciOiJIUzI1NiIsInR5cCI6IkpXVCJ9.eyJVc2VySUQiOjIzNDUyNDk4NDI5NzU4ODQ5LCJOYW1lIjoiMSIsImV4cCI6MTY2NzE1Njg5OSwibmJmIjoxNjY3MDcwNDk5LCJpYXQiOjE2NjcwNzA0OTl9.VCe2QVEDDuEp8UwKw5F62jy3XFBsDkUx10OzCK7PbvM"
[GIN] 2022/10/29 - 12:08:19 | 200 |     317.626µs |    192.168.77.1 | GET      "/douyin/publish/list/?token=eyJhbGciOiJIUzI1NiIsInR5cCI6IkpXVCJ9.eyJVc2VySUQiOjIzNDUyNDk4NDI5NzU4ODQ5LCJOYW1lIjoiMSIsImV4cCI6MTY2NzE1Njg5OSwibmJmIjoxNjY3MDcwNDk5LCJpYXQiOjE2NjcwNzA0OTl9.VCe2QVEDDuEp8UwKw5F62jy3XFBsDkUx10OzCK7PbvM&user_id=23452498429758849"
[GIN] 2022/10/29 - 12:08:19 | 200 |     884.091µs |    192.168.77.1 | GET      "/douyin/favorite/list/?token=eyJhbGciOiJIUzI1NiIsInR5cCI6IkpXVCJ9.eyJVc2VySUQiOjIzNDUyNDk4NDI5NzU4ODQ5LCJOYW1lIjoiMSIsImV4cCI6MTY2NzE1Njg5OSwibmJmIjoxNjY3MDcwNDk5LCJpYXQiOjE2NjcwNzA0OTl9.VCe2QVEDDuEp8UwKw5F62jy3XFBsDkUx10OzCK7PbvM&user_id=23452498429758849"

2022/10/29 12:08:34 /home/cheng/Desktop/Linux/douyin-fighting/service/video.go:68
[2.662ms] [rows:1] INSERT INTO `videos` (`title`,`play_name`,`cover_name`,`author_id`,`created_at`,`ext_info`,`video_id`) VALUES ('aaa','23453395339726209.mp4','23453395339726209.jpg',23452498429758849,'2022-10-29 12:08:34.023',NULL,23453395339726209)

2022/10/29 12:08:34 /home/cheng/Desktop/Linux/douyin-fighting/service/video.go:80
[0.503ms] [rows:4] SELECT * FROM `videos` WHERE author_id = 23452498429758849
[GIN] 2022/10/29 - 12:08:34 | 500 |   48.831362ms |    192.168.77.1 | POST     "/douyin/publish/action/"
