Global
Viper

2022/10/29 13:41:03 /data/go/pkg/mod/gorm.io/driver/mysql@v1.3.3/migrator.go:228
[0.103ms] [rows:-] SELECT DATABASE()

2022/10/29 13:41:03 /data/go/pkg/mod/gorm.io/driver/mysql@v1.3.3/migrator.go:231
[1.140ms] [rows:1] SELECT SCHEMA_NAME from Information_schema.SCHEMATA where SCHEMA_NAME LIKE 'douyin%' ORDER BY SCHEMA_NAME='douyin' DESC limit 1

2022/10/29 13:41:03 /home/cheng/Desktop/Linux/douyin-fighting/initialize/mysql.go:54
[0.185ms] [rows:-] SELECT count(*) FROM information_schema.tables WHERE table_schema = 'douyin' AND table_name = 'users' AND table_type = 'BASE TABLE'

2022/10/29 13:41:03 /data/go/pkg/mod/gorm.io/driver/mysql@v1.3.3/migrator.go:228
[0.047ms] [rows:-] SELECT DATABASE()

2022/10/29 13:41:03 /data/go/pkg/mod/gorm.io/driver/mysql@v1.3.3/migrator.go:231
[0.800ms] [rows:1] SELECT SCHEMA_NAME from Information_schema.SCHEMATA where SCHEMA_NAME LIKE 'douyin%' ORDER BY SCHEMA_NAME='douyin' DESC limit 1

2022/10/29 13:41:03 /data/go/pkg/mod/gorm.io/driver/mysql@v1.3.3/migrator.go:148
[3.323ms] [rows:-] SELECT * FROM `users` LIMIT 1

2022/10/29 13:41:03 /data/go/pkg/mod/gorm.io/driver/mysql@v1.3.3/migrator.go:166
[2.157ms] [rows:-] SELECT column_name, column_default, is_nullable = 'YES', data_type, character_maximum_length, column_type, column_key, extra, column_comment, numeric_precision, numeric_scale , datetime_precision FROM information_schema.columns WHERE table_schema = 'douyin' AND table_name = 'users' ORDER BY ORDINAL_POSITION

2022/10/29 13:41:03 /data/go/pkg/mod/gorm.io/driver/mysql@v1.3.3/migrator.go:228
[0.132ms] [rows:-] SELECT DATABASE()

2022/10/29 13:41:03 /data/go/pkg/mod/gorm.io/driver/mysql@v1.3.3/migrator.go:231
[1.983ms] [rows:1] SELECT SCHEMA_NAME from Information_schema.SCHEMATA where SCHEMA_NAME LIKE 'douyin%' ORDER BY SCHEMA_NAME='douyin' DESC limit 1

2022/10/29 13:41:03 /home/cheng/Desktop/Linux/douyin-fighting/initialize/mysql.go:55
[0.192ms] [rows:-] SELECT count(*) FROM information_schema.tables WHERE table_schema = 'douyin' AND table_name = 'videos' AND table_type = 'BASE TABLE'

2022/10/29 13:41:03 /data/go/pkg/mod/gorm.io/driver/mysql@v1.3.3/migrator.go:228
[0.050ms] [rows:-] SELECT DATABASE()

2022/10/29 13:41:03 /data/go/pkg/mod/gorm.io/driver/mysql@v1.3.3/migrator.go:231
[0.224ms] [rows:1] SELECT SCHEMA_NAME from Information_schema.SCHEMATA where SCHEMA_NAME LIKE 'douyin%' ORDER BY SCHEMA_NAME='douyin' DESC limit 1

2022/10/29 13:41:03 /data/go/pkg/mod/gorm.io/driver/mysql@v1.3.3/migrator.go:148
[1.855ms] [rows:-] SELECT * FROM `videos` LIMIT 1

2022/10/29 13:41:03 /data/go/pkg/mod/gorm.io/driver/mysql@v1.3.3/migrator.go:166
[4.992ms] [rows:-] SELECT column_name, column_default, is_nullable = 'YES', data_type, character_maximum_length, column_type, column_key, extra, column_comment, numeric_precision, numeric_scale , datetime_precision FROM information_schema.columns WHERE table_schema = 'douyin' AND table_name = 'videos' ORDER BY ORDINAL_POSITION

2022/10/29 13:41:03 /data/go/pkg/mod/gorm.io/driver/mysql@v1.3.3/migrator.go:228
[0.156ms] [rows:-] SELECT DATABASE()

2022/10/29 13:41:03 /data/go/pkg/mod/gorm.io/driver/mysql@v1.3.3/migrator.go:231
[0.784ms] [rows:1] SELECT SCHEMA_NAME from Information_schema.SCHEMATA where SCHEMA_NAME LIKE 'douyin%' ORDER BY SCHEMA_NAME='douyin' DESC limit 1

2022/10/29 13:41:03 /home/cheng/Desktop/Linux/douyin-fighting/initialize/mysql.go:55
[0.883ms] [rows:-] SELECT count(*) FROM information_schema.statistics WHERE table_schema = 'douyin' AND table_name = 'videos' AND index_name = 'idx_videos_author_id'

2022/10/29 13:41:03 /data/go/pkg/mod/gorm.io/driver/mysql@v1.3.3/migrator.go:228
[1.024ms] [rows:-] SELECT DATABASE()

2022/10/29 13:41:03 /data/go/pkg/mod/gorm.io/driver/mysql@v1.3.3/migrator.go:231
[0.613ms] [rows:1] SELECT SCHEMA_NAME from Information_schema.SCHEMATA where SCHEMA_NAME LIKE 'douyin%' ORDER BY SCHEMA_NAME='douyin' DESC limit 1

2022/10/29 13:41:03 /home/cheng/Desktop/Linux/douyin-fighting/initialize/mysql.go:55
[0.445ms] [rows:-] SELECT count(*) FROM information_schema.statistics WHERE table_schema = 'douyin' AND table_name = 'videos' AND index_name = 'idx_videos_created_at'

2022/10/29 13:41:03 /data/go/pkg/mod/gorm.io/driver/mysql@v1.3.3/migrator.go:228
[0.095ms] [rows:-] SELECT DATABASE()

2022/10/29 13:41:03 /data/go/pkg/mod/gorm.io/driver/mysql@v1.3.3/migrator.go:231
[1.109ms] [rows:1] SELECT SCHEMA_NAME from Information_schema.SCHEMATA where SCHEMA_NAME LIKE 'douyin%' ORDER BY SCHEMA_NAME='douyin' DESC limit 1

2022/10/29 13:41:03 /home/cheng/Desktop/Linux/douyin-fighting/initialize/mysql.go:56
[3.486ms] [rows:-] SELECT count(*) FROM information_schema.tables WHERE table_schema = 'douyin' AND table_name = 'favorites' AND table_type = 'BASE TABLE'

2022/10/29 13:41:03 /data/go/pkg/mod/gorm.io/driver/mysql@v1.3.3/migrator.go:228
[0.122ms] [rows:-] SELECT DATABASE()

2022/10/29 13:41:03 /data/go/pkg/mod/gorm.io/driver/mysql@v1.3.3/migrator.go:231
[1.888ms] [rows:1] SELECT SCHEMA_NAME from Information_schema.SCHEMATA where SCHEMA_NAME LIKE 'douyin%' ORDER BY SCHEMA_NAME='douyin' DESC limit 1

2022/10/29 13:41:03 /data/go/pkg/mod/gorm.io/driver/mysql@v1.3.3/migrator.go:148
[3.963ms] [rows:-] SELECT * FROM `favorites` LIMIT 1

2022/10/29 13:41:03 /data/go/pkg/mod/gorm.io/driver/mysql@v1.3.3/migrator.go:166
[2.212ms] [rows:-] SELECT column_name, column_default, is_nullable = 'YES', data_type, character_maximum_length, column_type, column_key, extra, column_comment, numeric_precision, numeric_scale , datetime_precision FROM information_schema.columns WHERE table_schema = 'douyin' AND table_name = 'favorites' ORDER BY ORDINAL_POSITION

2022/10/29 13:41:03 /data/go/pkg/mod/gorm.io/driver/mysql@v1.3.3/migrator.go:228
[0.395ms] [rows:-] SELECT DATABASE()

2022/10/29 13:41:03 /data/go/pkg/mod/gorm.io/driver/mysql@v1.3.3/migrator.go:231
[0.405ms] [rows:1] SELECT SCHEMA_NAME from Information_schema.SCHEMATA where SCHEMA_NAME LIKE 'douyin%' ORDER BY SCHEMA_NAME='douyin' DESC limit 1

2022/10/29 13:41:03 /home/cheng/Desktop/Linux/douyin-fighting/initialize/mysql.go:56
[0.756ms] [rows:-] SELECT count(*) FROM information_schema.statistics WHERE table_schema = 'douyin' AND table_name = 'favorites' AND index_name = 'idx_01'

2022/10/29 13:41:03 /data/go/pkg/mod/gorm.io/driver/mysql@v1.3.3/migrator.go:228
[0.286ms] [rows:-] SELECT DATABASE()

2022/10/29 13:41:03 /data/go/pkg/mod/gorm.io/driver/mysql@v1.3.3/migrator.go:231
[0.457ms] [rows:1] SELECT SCHEMA_NAME from Information_schema.SCHEMATA where SCHEMA_NAME LIKE 'douyin%' ORDER BY SCHEMA_NAME='douyin' DESC limit 1

2022/10/29 13:41:03 /home/cheng/Desktop/Linux/douyin-fighting/initialize/mysql.go:56
[0.755ms] [rows:-] SELECT count(*) FROM information_schema.statistics WHERE table_schema = 'douyin' AND table_name = 'favorites' AND index_name = 'idx_02'

2022/10/29 13:41:03 /data/go/pkg/mod/gorm.io/driver/mysql@v1.3.3/migrator.go:228
[0.280ms] [rows:-] SELECT DATABASE()

2022/10/29 13:41:03 /data/go/pkg/mod/gorm.io/driver/mysql@v1.3.3/migrator.go:231
[0.569ms] [rows:1] SELECT SCHEMA_NAME from Information_schema.SCHEMATA where SCHEMA_NAME LIKE 'douyin%' ORDER BY SCHEMA_NAME='douyin' DESC limit 1

2022/10/29 13:41:03 /home/cheng/Desktop/Linux/douyin-fighting/initialize/mysql.go:57
[0.401ms] [rows:-] SELECT count(*) FROM information_schema.tables WHERE table_schema = 'douyin' AND table_name = 'comments' AND table_type = 'BASE TABLE'

2022/10/29 13:41:03 /data/go/pkg/mod/gorm.io/driver/mysql@v1.3.3/migrator.go:228
[0.242ms] [rows:-] SELECT DATABASE()

2022/10/29 13:41:03 /data/go/pkg/mod/gorm.io/driver/mysql@v1.3.3/migrator.go:231
[0.424ms] [rows:1] SELECT SCHEMA_NAME from Information_schema.SCHEMATA where SCHEMA_NAME LIKE 'douyin%' ORDER BY SCHEMA_NAME='douyin' DESC limit 1

2022/10/29 13:41:03 /data/go/pkg/mod/gorm.io/driver/mysql@v1.3.3/migrator.go:148
[1.958ms] [rows:-] SELECT * FROM `comments` LIMIT 1

2022/10/29 13:41:03 /data/go/pkg/mod/gorm.io/driver/mysql@v1.3.3/migrator.go:166
[1.431ms] [rows:-] SELECT column_name, column_default, is_nullable = 'YES', data_type, character_maximum_length, column_type, column_key, extra, column_comment, numeric_precision, numeric_scale , datetime_precision FROM information_schema.columns WHERE table_schema = 'douyin' AND table_name = 'comments' ORDER BY ORDINAL_POSITION

2022/10/29 13:41:03 /data/go/pkg/mod/gorm.io/driver/mysql@v1.3.3/migrator.go:228
[0.731ms] [rows:-] SELECT DATABASE()

2022/10/29 13:41:03 /data/go/pkg/mod/gorm.io/driver/mysql@v1.3.3/migrator.go:231
[1.411ms] [rows:1] SELECT SCHEMA_NAME from Information_schema.SCHEMATA where SCHEMA_NAME LIKE 'douyin%' ORDER BY SCHEMA_NAME='douyin' DESC limit 1

2022/10/29 13:41:03 /home/cheng/Desktop/Linux/douyin-fighting/initialize/mysql.go:57
[0.644ms] [rows:-] SELECT count(*) FROM information_schema.statistics WHERE table_schema = 'douyin' AND table_name = 'comments' AND index_name = 'video_user'

2022/10/29 13:41:03 /data/go/pkg/mod/gorm.io/driver/mysql@v1.3.3/migrator.go:228
[0.237ms] [rows:-] SELECT DATABASE()

2022/10/29 13:41:03 /data/go/pkg/mod/gorm.io/driver/mysql@v1.3.3/migrator.go:231
[0.441ms] [rows:1] SELECT SCHEMA_NAME from Information_schema.SCHEMATA where SCHEMA_NAME LIKE 'douyin%' ORDER BY SCHEMA_NAME='douyin' DESC limit 1

2022/10/29 13:41:03 /home/cheng/Desktop/Linux/douyin-fighting/initialize/mysql.go:58
[1.861ms] [rows:-] SELECT count(*) FROM information_schema.tables WHERE table_schema = 'douyin' AND table_name = 'follows' AND table_type = 'BASE TABLE'

2022/10/29 13:41:03 /data/go/pkg/mod/gorm.io/driver/mysql@v1.3.3/migrator.go:228
[0.644ms] [rows:-] SELECT DATABASE()

2022/10/29 13:41:03 /data/go/pkg/mod/gorm.io/driver/mysql@v1.3.3/migrator.go:231
[0.391ms] [rows:1] SELECT SCHEMA_NAME from Information_schema.SCHEMATA where SCHEMA_NAME LIKE 'douyin%' ORDER BY SCHEMA_NAME='douyin' DESC limit 1

2022/10/29 13:41:03 /data/go/pkg/mod/gorm.io/driver/mysql@v1.3.3/migrator.go:148
[1.430ms] [rows:-] SELECT * FROM `follows` LIMIT 1

2022/10/29 13:41:03 /data/go/pkg/mod/gorm.io/driver/mysql@v1.3.3/migrator.go:166
[1.540ms] [rows:-] SELECT column_name, column_default, is_nullable = 'YES', data_type, character_maximum_length, column_type, column_key, extra, column_comment, numeric_precision, numeric_scale , datetime_precision FROM information_schema.columns WHERE table_schema = 'douyin' AND table_name = 'follows' ORDER BY ORDINAL_POSITION

2022/10/29 13:41:03 /data/go/pkg/mod/gorm.io/driver/mysql@v1.3.3/migrator.go:228
[0.179ms] [rows:-] SELECT DATABASE()

2022/10/29 13:41:03 /data/go/pkg/mod/gorm.io/driver/mysql@v1.3.3/migrator.go:231
[1.535ms] [rows:1] SELECT SCHEMA_NAME from Information_schema.SCHEMATA where SCHEMA_NAME LIKE 'douyin%' ORDER BY SCHEMA_NAME='douyin' DESC limit 1

2022/10/29 13:41:03 /home/cheng/Desktop/Linux/douyin-fighting/initialize/mysql.go:58
[1.021ms] [rows:-] SELECT count(*) FROM information_schema.statistics WHERE table_schema = 'douyin' AND table_name = 'follows' AND index_name = 'idx_01'

2022/10/29 13:41:03 /data/go/pkg/mod/gorm.io/driver/mysql@v1.3.3/migrator.go:228
[0.264ms] [rows:-] SELECT DATABASE()

2022/10/29 13:41:03 /data/go/pkg/mod/gorm.io/driver/mysql@v1.3.3/migrator.go:231
[0.471ms] [rows:1] SELECT SCHEMA_NAME from Information_schema.SCHEMATA where SCHEMA_NAME LIKE 'douyin%' ORDER BY SCHEMA_NAME='douyin' DESC limit 1

2022/10/29 13:41:03 /home/cheng/Desktop/Linux/douyin-fighting/initialize/mysql.go:58
[0.368ms] [rows:-] SELECT count(*) FROM information_schema.statistics WHERE table_schema = 'douyin' AND table_name = 'follows' AND index_name = 'idx_02'
MySQL
Redis
1111111111111111111
0.0.0.0:8080[GIN] 2022/10/29 - 13:41:08 | 200 |     753.595µs |    192.168.77.1 | GET      "/douyin/favorite/list/?token=eyJhbGciOiJIUzI1NiIsInR5cCI6IkpXVCJ9.eyJVc2VySUQiOjIzNDUyNDk4NDI5NzU4ODQ5LCJOYW1lIjoiMSIsImV4cCI6MTY2NzE2MjM3NSwibmJmIjoxNjY3MDc1OTc1LCJpYXQiOjE2NjcwNzU5NzV9.F2evzEjkR8YpG9M2aZ58rhUZUgQCs35gx7ZE4XRjBX8&user_id=23452498429758849"

2022/10/29 13:41:08 /home/cheng/Desktop/Linux/douyin-fighting/service/video.go:243
[1.956ms] [rows:7] SELECT * FROM `videos` WHERE video_id in (23453787305823617,23453727427939713,23453554370956673,23453395339726209,23452935241354625,23452930409516417,23452612732931457)

2022/10/29 13:41:08 /home/cheng/Desktop/Linux/douyin-fighting/service/comment.go:209
[1.081ms] [rows:0] SELECT `video_id`,COUNT(video_id) as comment_count FROM `comments` WHERE video_id in (23453787305823617,23453727427939713,23453554370956673,23453395339726209,23452935241354625,23452930409516417,23452612732931457) AND `comments`.`deleted_at` IS NULL GROUP BY `video_id`

2022/10/29 13:41:08 /home/cheng/Desktop/Linux/douyin-fighting/service/favorite.go:178
[1.797ms] [rows:0] SELECT `video_id`,COUNT(video_id) as favorite_count FROM `favorites` WHERE video_id in (23453787305823617,23453727427939713,23453554370956673,23453395339726209,23452935241354625,23452930409516417,23452612732931457) and is_favorite = true GROUP BY `video_id`
[GIN] 2022/10/29 - 13:41:08 | 500 |    9.330036ms |    192.168.77.1 | GET      "/douyin/publish/list/?token=eyJhbGciOiJIUzI1NiIsInR5cCI6IkpXVCJ9.eyJVc2VySUQiOjIzNDUyNDk4NDI5NzU4ODQ5LCJOYW1lIjoiMSIsImV4cCI6MTY2NzE2MjM3NSwibmJmIjoxNjY3MDc1OTc1LCJpYXQiOjE2NjcwNzU5NzV9.F2evzEjkR8YpG9M2aZ58rhUZUgQCs35gx7ZE4XRjBX8&user_id=23452498429758849"

2022/10/29 13:41:13 /home/cheng/Desktop/Linux/douyin-fighting/service/video.go:243
[0.652ms] [rows:3] SELECT * FROM `videos` WHERE video_id in (23462573751946625,23461385153301889,23245963636264321)

2022/10/29 13:41:13 /home/cheng/Desktop/Linux/douyin-fighting/service/comment.go:209
[0.889ms] [rows:0] SELECT `video_id`,COUNT(video_id) as comment_count FROM `comments` WHERE video_id in (23462573751946625,23461385153301889,23245963636264321) AND `comments`.`deleted_at` IS NULL GROUP BY `video_id`

2022/10/29 13:41:13 /home/cheng/Desktop/Linux/douyin-fighting/service/favorite.go:178
[1.159ms] [rows:0] SELECT `video_id`,COUNT(video_id) as favorite_count FROM `favorites` WHERE video_id in (23462573751946625,23461385153301889,23245963636264321) and is_favorite = true GROUP BY `video_id`
[GIN] 2022/10/29 - 13:41:13 | 500 |    4.588352ms |    192.168.77.1 | GET      "/douyin/feed/?latest_time=1667076073915&token=eyJhbGciOiJIUzI1NiIsInR5cCI6IkpXVCJ9.eyJVc2VySUQiOjIzNDUyNDk4NDI5NzU4ODQ5LCJOYW1lIjoiMSIsImV4cCI6MTY2NzE2MjM3NSwibmJmIjoxNjY3MDc1OTc1LCJpYXQiOjE2NjcwNzU5NzV9.F2evzEjkR8YpG9M2aZ58rhUZUgQCs35gx7ZE4XRjBX8"

2022/10/29 13:41:16 /home/cheng/Desktop/Linux/douyin-fighting/service/video.go:243
[0.373ms] [rows:7] SELECT * FROM `videos` WHERE video_id in (23453787305823617,23453727427939713,23453554370956673,23453395339726209,23452935241354625,23452930409516417,23452612732931457)

2022/10/29 13:41:16 /home/cheng/Desktop/Linux/douyin-fighting/service/comment.go:209
[1.782ms] [rows:0] SELECT `video_id`,COUNT(video_id) as comment_count FROM `comments` WHERE video_id in (23453787305823617,23453727427939713,23453554370956673,23453395339726209,23452935241354625,23452930409516417,23452612732931457) AND `comments`.`deleted_at` IS NULL GROUP BY `video_id`

2022/10/29 13:41:16 /home/cheng/Desktop/Linux/douyin-fighting/service/favorite.go:178
[0.419ms] [rows:0] SELECT `video_id`,COUNT(video_id) as favorite_count FROM `favorites` WHERE video_id in (23453787305823617,23453727427939713,23453554370956673,23453395339726209,23452935241354625,23452930409516417,23452612732931457) and is_favorite = true GROUP BY `video_id`
[GIN] 2022/10/29 - 13:41:16 | 500 |    4.273573ms |    192.168.77.1 | GET      "/douyin/publish/list/?token=eyJhbGciOiJIUzI1NiIsInR5cCI6IkpXVCJ9.eyJVc2VySUQiOjIzNDUyNDk4NDI5NzU4ODQ5LCJOYW1lIjoiMSIsImV4cCI6MTY2NzE2MjM3NSwibmJmIjoxNjY3MDc1OTc1LCJpYXQiOjE2NjcwNzU5NzV9.F2evzEjkR8YpG9M2aZ58rhUZUgQCs35gx7ZE4XRjBX8&user_id=23452498429758849"
[GIN] 2022/10/29 - 13:41:16 | 200 |     600.474µs |    192.168.77.1 | GET      "/douyin/favorite/list/?token=eyJhbGciOiJIUzI1NiIsInR5cCI6IkpXVCJ9.eyJVc2VySUQiOjIzNDUyNDk4NDI5NzU4ODQ5LCJOYW1lIjoiMSIsImV4cCI6MTY2NzE2MjM3NSwibmJmIjoxNjY3MDc1OTc1LCJpYXQiOjE2NjcwNzU5NzV9.F2evzEjkR8YpG9M2aZ58rhUZUgQCs35gx7ZE4XRjBX8&user_id=23452498429758849"
publish 1111111111111111111
publish 2222222222222
publish 3333333333333
insert db

2022/10/29 13:41:23 /home/cheng/Desktop/Linux/douyin-fighting/service/video.go:70
[2.779ms] [rows:1] INSERT INTO `videos` (`title`,`play_name`,`cover_name`,`author_id`,`created_at`,`ext_info`,`video_id`) VALUES ('a','23462739410177409','23462739410177409.jpg',0,'2022-10-29 13:41:23.529',NULL,23462739410177409)
redis
redis 1
redis 4
pipe 
pipe 1
pipe 2
pipe 3
pipe 4
cannot written to db
ERR wrong number of arguments for 'hset' command
[GIN] 2022/10/29 - 13:41:23 | 500 |   55.319791ms |    192.168.77.1 | POST     "/douyin/publish/action/"
