Global
Viper

2022/10/29 13:27:39 /data/go/pkg/mod/gorm.io/driver/mysql@v1.3.3/migrator.go:228
[0.146ms] [rows:-] SELECT DATABASE()

2022/10/29 13:27:39 /data/go/pkg/mod/gorm.io/driver/mysql@v1.3.3/migrator.go:231
[5.475ms] [rows:1] SELECT SCHEMA_NAME from Information_schema.SCHEMATA where SCHEMA_NAME LIKE 'douyin%' ORDER BY SCHEMA_NAME='douyin' DESC limit 1

2022/10/29 13:27:39 /home/cheng/Desktop/Linux/douyin-fighting/initialize/mysql.go:54
[1.893ms] [rows:-] SELECT count(*) FROM information_schema.tables WHERE table_schema = 'douyin' AND table_name = 'users' AND table_type = 'BASE TABLE'

2022/10/29 13:27:39 /data/go/pkg/mod/gorm.io/driver/mysql@v1.3.3/migrator.go:228
[0.143ms] [rows:-] SELECT DATABASE()

2022/10/29 13:27:39 /data/go/pkg/mod/gorm.io/driver/mysql@v1.3.3/migrator.go:231
[0.296ms] [rows:1] SELECT SCHEMA_NAME from Information_schema.SCHEMATA where SCHEMA_NAME LIKE 'douyin%' ORDER BY SCHEMA_NAME='douyin' DESC limit 1

2022/10/29 13:27:39 /data/go/pkg/mod/gorm.io/driver/mysql@v1.3.3/migrator.go:148
[1.707ms] [rows:-] SELECT * FROM `users` LIMIT 1

2022/10/29 13:27:39 /data/go/pkg/mod/gorm.io/driver/mysql@v1.3.3/migrator.go:166
[3.814ms] [rows:-] SELECT column_name, column_default, is_nullable = 'YES', data_type, character_maximum_length, column_type, column_key, extra, column_comment, numeric_precision, numeric_scale , datetime_precision FROM information_schema.columns WHERE table_schema = 'douyin' AND table_name = 'users' ORDER BY ORDINAL_POSITION

2022/10/29 13:27:39 /data/go/pkg/mod/gorm.io/driver/mysql@v1.3.3/migrator.go:228
[0.356ms] [rows:-] SELECT DATABASE()

2022/10/29 13:27:39 /data/go/pkg/mod/gorm.io/driver/mysql@v1.3.3/migrator.go:231
[1.411ms] [rows:1] SELECT SCHEMA_NAME from Information_schema.SCHEMATA where SCHEMA_NAME LIKE 'douyin%' ORDER BY SCHEMA_NAME='douyin' DESC limit 1

2022/10/29 13:27:39 /home/cheng/Desktop/Linux/douyin-fighting/initialize/mysql.go:55
[0.196ms] [rows:-] SELECT count(*) FROM information_schema.tables WHERE table_schema = 'douyin' AND table_name = 'videos' AND table_type = 'BASE TABLE'

2022/10/29 13:27:39 /data/go/pkg/mod/gorm.io/driver/mysql@v1.3.3/migrator.go:228
[0.057ms] [rows:-] SELECT DATABASE()

2022/10/29 13:27:39 /data/go/pkg/mod/gorm.io/driver/mysql@v1.3.3/migrator.go:231
[0.814ms] [rows:1] SELECT SCHEMA_NAME from Information_schema.SCHEMATA where SCHEMA_NAME LIKE 'douyin%' ORDER BY SCHEMA_NAME='douyin' DESC limit 1

2022/10/29 13:27:39 /data/go/pkg/mod/gorm.io/driver/mysql@v1.3.3/migrator.go:148
[1.118ms] [rows:-] SELECT * FROM `videos` LIMIT 1

2022/10/29 13:27:39 /data/go/pkg/mod/gorm.io/driver/mysql@v1.3.3/migrator.go:166
[0.491ms] [rows:-] SELECT column_name, column_default, is_nullable = 'YES', data_type, character_maximum_length, column_type, column_key, extra, column_comment, numeric_precision, numeric_scale , datetime_precision FROM information_schema.columns WHERE table_schema = 'douyin' AND table_name = 'videos' ORDER BY ORDINAL_POSITION

2022/10/29 13:27:39 /data/go/pkg/mod/gorm.io/driver/mysql@v1.3.3/migrator.go:228
[0.116ms] [rows:-] SELECT DATABASE()

2022/10/29 13:27:39 /data/go/pkg/mod/gorm.io/driver/mysql@v1.3.3/migrator.go:231
[3.130ms] [rows:1] SELECT SCHEMA_NAME from Information_schema.SCHEMATA where SCHEMA_NAME LIKE 'douyin%' ORDER BY SCHEMA_NAME='douyin' DESC limit 1

2022/10/29 13:27:39 /home/cheng/Desktop/Linux/douyin-fighting/initialize/mysql.go:55
[1.116ms] [rows:-] SELECT count(*) FROM information_schema.statistics WHERE table_schema = 'douyin' AND table_name = 'videos' AND index_name = 'idx_videos_author_id'

2022/10/29 13:27:39 /data/go/pkg/mod/gorm.io/driver/mysql@v1.3.3/migrator.go:228
[0.083ms] [rows:-] SELECT DATABASE()

2022/10/29 13:27:39 /data/go/pkg/mod/gorm.io/driver/mysql@v1.3.3/migrator.go:231
[1.895ms] [rows:1] SELECT SCHEMA_NAME from Information_schema.SCHEMATA where SCHEMA_NAME LIKE 'douyin%' ORDER BY SCHEMA_NAME='douyin' DESC limit 1

2022/10/29 13:27:39 /home/cheng/Desktop/Linux/douyin-fighting/initialize/mysql.go:55
[0.631ms] [rows:-] SELECT count(*) FROM information_schema.statistics WHERE table_schema = 'douyin' AND table_name = 'videos' AND index_name = 'idx_videos_created_at'

2022/10/29 13:27:39 /data/go/pkg/mod/gorm.io/driver/mysql@v1.3.3/migrator.go:228
[0.114ms] [rows:-] SELECT DATABASE()

2022/10/29 13:27:39 /data/go/pkg/mod/gorm.io/driver/mysql@v1.3.3/migrator.go:231
[1.130ms] [rows:1] SELECT SCHEMA_NAME from Information_schema.SCHEMATA where SCHEMA_NAME LIKE 'douyin%' ORDER BY SCHEMA_NAME='douyin' DESC limit 1

2022/10/29 13:27:39 /home/cheng/Desktop/Linux/douyin-fighting/initialize/mysql.go:56
[1.397ms] [rows:-] SELECT count(*) FROM information_schema.tables WHERE table_schema = 'douyin' AND table_name = 'favorites' AND table_type = 'BASE TABLE'

2022/10/29 13:27:39 /data/go/pkg/mod/gorm.io/driver/mysql@v1.3.3/migrator.go:228
[0.056ms] [rows:-] SELECT DATABASE()

2022/10/29 13:27:39 /data/go/pkg/mod/gorm.io/driver/mysql@v1.3.3/migrator.go:231
[1.619ms] [rows:1] SELECT SCHEMA_NAME from Information_schema.SCHEMATA where SCHEMA_NAME LIKE 'douyin%' ORDER BY SCHEMA_NAME='douyin' DESC limit 1

2022/10/29 13:27:39 /data/go/pkg/mod/gorm.io/driver/mysql@v1.3.3/migrator.go:148
[1.284ms] [rows:-] SELECT * FROM `favorites` LIMIT 1

2022/10/29 13:27:39 /data/go/pkg/mod/gorm.io/driver/mysql@v1.3.3/migrator.go:166
[0.537ms] [rows:-] SELECT column_name, column_default, is_nullable = 'YES', data_type, character_maximum_length, column_type, column_key, extra, column_comment, numeric_precision, numeric_scale , datetime_precision FROM information_schema.columns WHERE table_schema = 'douyin' AND table_name = 'favorites' ORDER BY ORDINAL_POSITION

2022/10/29 13:27:39 /data/go/pkg/mod/gorm.io/driver/mysql@v1.3.3/migrator.go:228
[0.064ms] [rows:-] SELECT DATABASE()

2022/10/29 13:27:39 /data/go/pkg/mod/gorm.io/driver/mysql@v1.3.3/migrator.go:231
[0.977ms] [rows:1] SELECT SCHEMA_NAME from Information_schema.SCHEMATA where SCHEMA_NAME LIKE 'douyin%' ORDER BY SCHEMA_NAME='douyin' DESC limit 1

2022/10/29 13:27:39 /home/cheng/Desktop/Linux/douyin-fighting/initialize/mysql.go:56
[0.254ms] [rows:-] SELECT count(*) FROM information_schema.statistics WHERE table_schema = 'douyin' AND table_name = 'favorites' AND index_name = 'idx_01'

2022/10/29 13:27:39 /data/go/pkg/mod/gorm.io/driver/mysql@v1.3.3/migrator.go:228
[0.091ms] [rows:-] SELECT DATABASE()

2022/10/29 13:27:39 /data/go/pkg/mod/gorm.io/driver/mysql@v1.3.3/migrator.go:231
[1.389ms] [rows:1] SELECT SCHEMA_NAME from Information_schema.SCHEMATA where SCHEMA_NAME LIKE 'douyin%' ORDER BY SCHEMA_NAME='douyin' DESC limit 1

2022/10/29 13:27:39 /home/cheng/Desktop/Linux/douyin-fighting/initialize/mysql.go:56
[0.385ms] [rows:-] SELECT count(*) FROM information_schema.statistics WHERE table_schema = 'douyin' AND table_name = 'favorites' AND index_name = 'idx_02'

2022/10/29 13:27:39 /data/go/pkg/mod/gorm.io/driver/mysql@v1.3.3/migrator.go:228
[0.070ms] [rows:-] SELECT DATABASE()

2022/10/29 13:27:39 /data/go/pkg/mod/gorm.io/driver/mysql@v1.3.3/migrator.go:231
[0.299ms] [rows:1] SELECT SCHEMA_NAME from Information_schema.SCHEMATA where SCHEMA_NAME LIKE 'douyin%' ORDER BY SCHEMA_NAME='douyin' DESC limit 1

2022/10/29 13:27:39 /home/cheng/Desktop/Linux/douyin-fighting/initialize/mysql.go:57
[1.263ms] [rows:-] SELECT count(*) FROM information_schema.tables WHERE table_schema = 'douyin' AND table_name = 'comments' AND table_type = 'BASE TABLE'

2022/10/29 13:27:39 /data/go/pkg/mod/gorm.io/driver/mysql@v1.3.3/migrator.go:228
[0.060ms] [rows:-] SELECT DATABASE()

2022/10/29 13:27:39 /data/go/pkg/mod/gorm.io/driver/mysql@v1.3.3/migrator.go:231
[1.302ms] [rows:1] SELECT SCHEMA_NAME from Information_schema.SCHEMATA where SCHEMA_NAME LIKE 'douyin%' ORDER BY SCHEMA_NAME='douyin' DESC limit 1

2022/10/29 13:27:39 /data/go/pkg/mod/gorm.io/driver/mysql@v1.3.3/migrator.go:148
[2.199ms] [rows:-] SELECT * FROM `comments` LIMIT 1

2022/10/29 13:27:39 /data/go/pkg/mod/gorm.io/driver/mysql@v1.3.3/migrator.go:166
[1.164ms] [rows:-] SELECT column_name, column_default, is_nullable = 'YES', data_type, character_maximum_length, column_type, column_key, extra, column_comment, numeric_precision, numeric_scale , datetime_precision FROM information_schema.columns WHERE table_schema = 'douyin' AND table_name = 'comments' ORDER BY ORDINAL_POSITION

2022/10/29 13:27:39 /data/go/pkg/mod/gorm.io/driver/mysql@v1.3.3/migrator.go:228
[0.169ms] [rows:-] SELECT DATABASE()

2022/10/29 13:27:39 /data/go/pkg/mod/gorm.io/driver/mysql@v1.3.3/migrator.go:231
[0.394ms] [rows:1] SELECT SCHEMA_NAME from Information_schema.SCHEMATA where SCHEMA_NAME LIKE 'douyin%' ORDER BY SCHEMA_NAME='douyin' DESC limit 1

2022/10/29 13:27:39 /home/cheng/Desktop/Linux/douyin-fighting/initialize/mysql.go:57
[1.420ms] [rows:-] SELECT count(*) FROM information_schema.statistics WHERE table_schema = 'douyin' AND table_name = 'comments' AND index_name = 'video_user'

2022/10/29 13:27:39 /data/go/pkg/mod/gorm.io/driver/mysql@v1.3.3/migrator.go:228
[0.116ms] [rows:-] SELECT DATABASE()

2022/10/29 13:27:39 /data/go/pkg/mod/gorm.io/driver/mysql@v1.3.3/migrator.go:231
[0.886ms] [rows:1] SELECT SCHEMA_NAME from Information_schema.SCHEMATA where SCHEMA_NAME LIKE 'douyin%' ORDER BY SCHEMA_NAME='douyin' DESC limit 1

2022/10/29 13:27:39 /home/cheng/Desktop/Linux/douyin-fighting/initialize/mysql.go:58
[0.320ms] [rows:-] SELECT count(*) FROM information_schema.tables WHERE table_schema = 'douyin' AND table_name = 'follows' AND table_type = 'BASE TABLE'

2022/10/29 13:27:39 /data/go/pkg/mod/gorm.io/driver/mysql@v1.3.3/migrator.go:228
[0.088ms] [rows:-] SELECT DATABASE()

2022/10/29 13:27:39 /data/go/pkg/mod/gorm.io/driver/mysql@v1.3.3/migrator.go:231
[1.238ms] [rows:1] SELECT SCHEMA_NAME from Information_schema.SCHEMATA where SCHEMA_NAME LIKE 'douyin%' ORDER BY SCHEMA_NAME='douyin' DESC limit 1

2022/10/29 13:27:39 /data/go/pkg/mod/gorm.io/driver/mysql@v1.3.3/migrator.go:148
[1.312ms] [rows:-] SELECT * FROM `follows` LIMIT 1

2022/10/29 13:27:39 /data/go/pkg/mod/gorm.io/driver/mysql@v1.3.3/migrator.go:166
[0.578ms] [rows:-] SELECT column_name, column_default, is_nullable = 'YES', data_type, character_maximum_length, column_type, column_key, extra, column_comment, numeric_precision, numeric_scale , datetime_precision FROM information_schema.columns WHERE table_schema = 'douyin' AND table_name = 'follows' ORDER BY ORDINAL_POSITION

2022/10/29 13:27:39 /data/go/pkg/mod/gorm.io/driver/mysql@v1.3.3/migrator.go:228
[0.069ms] [rows:-] SELECT DATABASE()

2022/10/29 13:27:39 /data/go/pkg/mod/gorm.io/driver/mysql@v1.3.3/migrator.go:231
[0.908ms] [rows:1] SELECT SCHEMA_NAME from Information_schema.SCHEMATA where SCHEMA_NAME LIKE 'douyin%' ORDER BY SCHEMA_NAME='douyin' DESC limit 1

2022/10/29 13:27:39 /home/cheng/Desktop/Linux/douyin-fighting/initialize/mysql.go:58
[0.177ms] [rows:-] SELECT count(*) FROM information_schema.statistics WHERE table_schema = 'douyin' AND table_name = 'follows' AND index_name = 'idx_01'

2022/10/29 13:27:39 /data/go/pkg/mod/gorm.io/driver/mysql@v1.3.3/migrator.go:228
[0.049ms] [rows:-] SELECT DATABASE()

2022/10/29 13:27:39 /data/go/pkg/mod/gorm.io/driver/mysql@v1.3.3/migrator.go:231
[0.265ms] [rows:1] SELECT SCHEMA_NAME from Information_schema.SCHEMATA where SCHEMA_NAME LIKE 'douyin%' ORDER BY SCHEMA_NAME='douyin' DESC limit 1

2022/10/29 13:27:39 /home/cheng/Desktop/Linux/douyin-fighting/initialize/mysql.go:58
[0.935ms] [rows:-] SELECT count(*) FROM information_schema.statistics WHERE table_schema = 'douyin' AND table_name = 'follows' AND index_name = 'idx_02'
MySQL
Redis
1111111111111111111
0.0.0.0:8080
2022/10/29 13:27:46 /home/cheng/Desktop/Linux/douyin-fighting/service/video.go:243
[0.429ms] [rows:1] SELECT * FROM `videos` WHERE video_id in (23245963636264321)

2022/10/29 13:27:46 /home/cheng/Desktop/Linux/douyin-fighting/service/comment.go:209
[0.976ms] [rows:0] SELECT `video_id`,COUNT(video_id) as comment_count FROM `comments` WHERE video_id in (23245963636264321) AND `comments`.`deleted_at` IS NULL GROUP BY `video_id`

2022/10/29 13:27:46 /home/cheng/Desktop/Linux/douyin-fighting/service/favorite.go:178
[0.589ms] [rows:0] SELECT `video_id`,COUNT(video_id) as favorite_count FROM `favorites` WHERE video_id in (23245963636264321) and is_favorite = true GROUP BY `video_id`
[GIN] 2022/10/29 - 13:27:46 | 500 |    2.838126ms |    192.168.77.1 | GET      "/douyin/feed/?latest_time=1667075266418&token=eyJhbGciOiJIUzI1NiIsInR5cCI6IkpXVCJ9.eyJVc2VySUQiOjIzNDUyNDk4NDI5NzU4ODQ5LCJOYW1lIjoiMSIsImV4cCI6MTY2NzE1OTExMCwibmJmIjoxNjY3MDcyNzEwLCJpYXQiOjE2NjcwNzI3MTB9.2qrTeSnZzPnomCtFE34WphwXRkJq8DDl6WXtazfYo40"

2022/10/29 13:27:49 /home/cheng/Desktop/Linux/douyin-fighting/service/video.go:121
[8.443ms] [rows:7] SELECT * FROM `videos` WHERE author_id = 23452498429758849

2022/10/29 13:27:49 /home/cheng/Desktop/Linux/douyin-fighting/service/favorite.go:178
[8.260ms] [rows:0] SELECT `video_id`,COUNT(video_id) as favorite_count FROM `favorites` WHERE video_id in (23452612732931457,23452930409516417,23452935241354625,23453395339726209,23453554370956673,23453727427939713,23453787305823617) and is_favorite = true GROUP BY `video_id`

2022/10/29 13:27:49 /home/cheng/Desktop/Linux/douyin-fighting/service/comment.go:209
[1.207ms] [rows:0] SELECT `video_id`,COUNT(video_id) as comment_count FROM `comments` WHERE video_id in (23452612732931457,23452930409516417,23452935241354625,23453395339726209,23453554370956673,23453727427939713,23453787305823617) AND `comments`.`deleted_at` IS NULL GROUP BY `video_id`

2022/10/29 13:27:49 /home/cheng/Desktop/Linux/douyin-fighting/service/user.go:51
[1.015ms] [rows:1] SELECT * FROM `users` WHERE user_id = 23452498429758849 LIMIT 1

2022/10/29 13:27:49 /home/cheng/Desktop/Linux/douyin-fighting/service/favorite.go:114
[19.386ms] [rows:0] SELECT `video_id`,`is_favorite` FROM `favorites` WHERE user_id = 23452498429758849

2022/10/29 13:27:49 /home/cheng/Desktop/Linux/douyin-fighting/service/user.go:54
[1.193ms] [rows:1] SELECT count(*) FROM `follows` WHERE follower_id = 23452498429758849 and is_follow = true

2022/10/29 13:27:49 /home/cheng/Desktop/Linux/douyin-fighting/service/user.go:57
[1.344ms] [rows:1] SELECT count(*) FROM `follows` WHERE celebrity_id = 23452498429758849 and is_follow = true

2022/10/29 13:27:49 /home/cheng/Desktop/Linux/douyin-fighting/service/follow.go:105
[1.319ms] [rows:0] SELECT `celebrity_id`,`is_follow` FROM `follows` WHERE follower_id = 23452498429758849
[GIN] 2022/10/29 - 13:27:49 | 200 |    23.64376ms |    192.168.77.1 | GET      "/douyin/favorite/list/?token=eyJhbGciOiJIUzI1NiIsInR5cCI6IkpXVCJ9.eyJVc2VySUQiOjIzNDUyNDk4NDI5NzU4ODQ5LCJOYW1lIjoiMSIsImV4cCI6MTY2NzE1OTExMCwibmJmIjoxNjY3MDcyNzEwLCJpYXQiOjE2NjcwNzI3MTB9.2qrTeSnZzPnomCtFE34WphwXRkJq8DDl6WXtazfYo40&user_id=23452498429758849"

2022/10/29 13:27:49 /home/cheng/Desktop/Linux/douyin-fighting/service/user.go:60
[1.005ms] [rows:1] SELECT count(*) FROM `favorites` WHERE user_id = 23452498429758849 and is_favorite = true

2022/10/29 13:27:49 /home/cheng/Desktop/Linux/douyin-fighting/service/video.go:289
[0.803ms] [rows:7] SELECT * FROM `videos` WHERE author_id = 23452498429758849

2022/10/29 13:27:49 /home/cheng/Desktop/Linux/douyin-fighting/service/favorite.go:178
[2.396ms] [rows:0] SELECT `video_id`,COUNT(video_id) as favorite_count FROM `favorites` WHERE video_id in (23453787305823617,23453727427939713,23453554370956673,23453395339726209,23452935241354625,23452930409516417,23452612732931457) and is_favorite = true GROUP BY `video_id`
[GIN] 2022/10/29 - 13:27:49 | 200 |   37.180878ms |    192.168.77.1 | GET      "/douyin/publish/list/?token=eyJhbGciOiJIUzI1NiIsInR5cCI6IkpXVCJ9.eyJVc2VySUQiOjIzNDUyNDk4NDI5NzU4ODQ5LCJOYW1lIjoiMSIsImV4cCI6MTY2NzE1OTExMCwibmJmIjoxNjY3MDcyNzEwLCJpYXQiOjE2NjcwNzI3MTB9.2qrTeSnZzPnomCtFE34WphwXRkJq8DDl6WXtazfYo40&user_id=23452498429758849"
publish 1111111111111111111
publish 2222222222222
publish 3333333333333
insert db

2022/10/29 13:27:56 /home/cheng/Desktop/Linux/douyin-fighting/service/video.go:70
[9.703ms] [rows:1] INSERT INTO `videos` (`title`,`play_name`,`cover_name`,`author_id`,`created_at`,`ext_info`,`video_id`) VALUES ('aa','23461385153301889','23461385153301889.jpg',0,'2022-10-29 13:27:56.675',NULL,23461385153301889)
redis
redis 1

2022/10/29 13:27:56 /home/cheng/Desktop/Linux/douyin-fighting/service/video.go:88
[0.444ms] [rows:7] SELECT * FROM `videos` WHERE author_id = 0
redis 2
redis 3
pipe 
pipe 1
pipe 2
pipe 3
pipe 4
cannot written to db
ERR wrong number of arguments for 'hset' command
[GIN] 2022/10/29 - 13:27:56 | 500 |  404.643283ms |    192.168.77.1 | POST     "/douyin/publish/action/"
