Global
Viper

2022/10/29 14:34:23 /data/go/pkg/mod/gorm.io/driver/mysql@v1.3.3/migrator.go:228
[0.117ms] [rows:-] SELECT DATABASE()

2022/10/29 14:34:23 /data/go/pkg/mod/gorm.io/driver/mysql@v1.3.3/migrator.go:231
[1.004ms] [rows:1] SELECT SCHEMA_NAME from Information_schema.SCHEMATA where SCHEMA_NAME LIKE 'douyin%' ORDER BY SCHEMA_NAME='douyin' DESC limit 1

2022/10/29 14:34:23 /home/cheng/Desktop/Linux/douyin-fighting/initialize/mysql.go:54
[0.795ms] [rows:-] SELECT count(*) FROM information_schema.tables WHERE table_schema = 'douyin' AND table_name = 'users' AND table_type = 'BASE TABLE'

2022/10/29 14:34:23 /data/go/pkg/mod/gorm.io/driver/mysql@v1.3.3/migrator.go:228
[0.120ms] [rows:-] SELECT DATABASE()

2022/10/29 14:34:23 /data/go/pkg/mod/gorm.io/driver/mysql@v1.3.3/migrator.go:231
[0.830ms] [rows:1] SELECT SCHEMA_NAME from Information_schema.SCHEMATA where SCHEMA_NAME LIKE 'douyin%' ORDER BY SCHEMA_NAME='douyin' DESC limit 1

2022/10/29 14:34:23 /data/go/pkg/mod/gorm.io/driver/mysql@v1.3.3/migrator.go:148
[1.266ms] [rows:-] SELECT * FROM `users` LIMIT 1

2022/10/29 14:34:23 /data/go/pkg/mod/gorm.io/driver/mysql@v1.3.3/migrator.go:166
[0.831ms] [rows:-] SELECT column_name, column_default, is_nullable = 'YES', data_type, character_maximum_length, column_type, column_key, extra, column_comment, numeric_precision, numeric_scale , datetime_precision FROM information_schema.columns WHERE table_schema = 'douyin' AND table_name = 'users' ORDER BY ORDINAL_POSITION

2022/10/29 14:34:23 /data/go/pkg/mod/gorm.io/driver/mysql@v1.3.3/migrator.go:228
[0.136ms] [rows:-] SELECT DATABASE()

2022/10/29 14:34:23 /data/go/pkg/mod/gorm.io/driver/mysql@v1.3.3/migrator.go:231
[0.636ms] [rows:1] SELECT SCHEMA_NAME from Information_schema.SCHEMATA where SCHEMA_NAME LIKE 'douyin%' ORDER BY SCHEMA_NAME='douyin' DESC limit 1

2022/10/29 14:34:23 /home/cheng/Desktop/Linux/douyin-fighting/initialize/mysql.go:55
[0.318ms] [rows:-] SELECT count(*) FROM information_schema.tables WHERE table_schema = 'douyin' AND table_name = 'videos' AND table_type = 'BASE TABLE'

2022/10/29 14:34:23 /data/go/pkg/mod/gorm.io/driver/mysql@v1.3.3/migrator.go:228
[0.119ms] [rows:-] SELECT DATABASE()

2022/10/29 14:34:23 /data/go/pkg/mod/gorm.io/driver/mysql@v1.3.3/migrator.go:231
[0.391ms] [rows:1] SELECT SCHEMA_NAME from Information_schema.SCHEMATA where SCHEMA_NAME LIKE 'douyin%' ORDER BY SCHEMA_NAME='douyin' DESC limit 1

2022/10/29 14:34:23 /data/go/pkg/mod/gorm.io/driver/mysql@v1.3.3/migrator.go:148
[1.816ms] [rows:-] SELECT * FROM `videos` LIMIT 1

2022/10/29 14:34:23 /data/go/pkg/mod/gorm.io/driver/mysql@v1.3.3/migrator.go:166
[1.252ms] [rows:-] SELECT column_name, column_default, is_nullable = 'YES', data_type, character_maximum_length, column_type, column_key, extra, column_comment, numeric_precision, numeric_scale , datetime_precision FROM information_schema.columns WHERE table_schema = 'douyin' AND table_name = 'videos' ORDER BY ORDINAL_POSITION

2022/10/29 14:34:23 /data/go/pkg/mod/gorm.io/driver/mysql@v1.3.3/migrator.go:228
[0.176ms] [rows:-] SELECT DATABASE()

2022/10/29 14:34:23 /data/go/pkg/mod/gorm.io/driver/mysql@v1.3.3/migrator.go:231
[0.453ms] [rows:1] SELECT SCHEMA_NAME from Information_schema.SCHEMATA where SCHEMA_NAME LIKE 'douyin%' ORDER BY SCHEMA_NAME='douyin' DESC limit 1

2022/10/29 14:34:23 /home/cheng/Desktop/Linux/douyin-fighting/initialize/mysql.go:55
[0.363ms] [rows:-] SELECT count(*) FROM information_schema.statistics WHERE table_schema = 'douyin' AND table_name = 'videos' AND index_name = 'idx_videos_author_id'

2022/10/29 14:34:23 /data/go/pkg/mod/gorm.io/driver/mysql@v1.3.3/migrator.go:228
[0.109ms] [rows:-] SELECT DATABASE()

2022/10/29 14:34:23 /data/go/pkg/mod/gorm.io/driver/mysql@v1.3.3/migrator.go:231
[1.281ms] [rows:1] SELECT SCHEMA_NAME from Information_schema.SCHEMATA where SCHEMA_NAME LIKE 'douyin%' ORDER BY SCHEMA_NAME='douyin' DESC limit 1

2022/10/29 14:34:23 /home/cheng/Desktop/Linux/douyin-fighting/initialize/mysql.go:55
[0.308ms] [rows:-] SELECT count(*) FROM information_schema.statistics WHERE table_schema = 'douyin' AND table_name = 'videos' AND index_name = 'idx_videos_created_at'

2022/10/29 14:34:23 /data/go/pkg/mod/gorm.io/driver/mysql@v1.3.3/migrator.go:228
[0.179ms] [rows:-] SELECT DATABASE()

2022/10/29 14:34:23 /data/go/pkg/mod/gorm.io/driver/mysql@v1.3.3/migrator.go:231
[0.769ms] [rows:1] SELECT SCHEMA_NAME from Information_schema.SCHEMATA where SCHEMA_NAME LIKE 'douyin%' ORDER BY SCHEMA_NAME='douyin' DESC limit 1

2022/10/29 14:34:23 /home/cheng/Desktop/Linux/douyin-fighting/initialize/mysql.go:56
[0.528ms] [rows:-] SELECT count(*) FROM information_schema.tables WHERE table_schema = 'douyin' AND table_name = 'favorites' AND table_type = 'BASE TABLE'

2022/10/29 14:34:23 /data/go/pkg/mod/gorm.io/driver/mysql@v1.3.3/migrator.go:228
[0.388ms] [rows:-] SELECT DATABASE()

2022/10/29 14:34:23 /data/go/pkg/mod/gorm.io/driver/mysql@v1.3.3/migrator.go:231
[0.813ms] [rows:1] SELECT SCHEMA_NAME from Information_schema.SCHEMATA where SCHEMA_NAME LIKE 'douyin%' ORDER BY SCHEMA_NAME='douyin' DESC limit 1

2022/10/29 14:34:23 /data/go/pkg/mod/gorm.io/driver/mysql@v1.3.3/migrator.go:148
[0.189ms] [rows:-] SELECT * FROM `favorites` LIMIT 1

2022/10/29 14:34:23 /data/go/pkg/mod/gorm.io/driver/mysql@v1.3.3/migrator.go:166
[0.579ms] [rows:-] SELECT column_name, column_default, is_nullable = 'YES', data_type, character_maximum_length, column_type, column_key, extra, column_comment, numeric_precision, numeric_scale , datetime_precision FROM information_schema.columns WHERE table_schema = 'douyin' AND table_name = 'favorites' ORDER BY ORDINAL_POSITION

2022/10/29 14:34:23 /data/go/pkg/mod/gorm.io/driver/mysql@v1.3.3/migrator.go:228
[0.145ms] [rows:-] SELECT DATABASE()

2022/10/29 14:34:23 /data/go/pkg/mod/gorm.io/driver/mysql@v1.3.3/migrator.go:231
[0.382ms] [rows:1] SELECT SCHEMA_NAME from Information_schema.SCHEMATA where SCHEMA_NAME LIKE 'douyin%' ORDER BY SCHEMA_NAME='douyin' DESC limit 1

2022/10/29 14:34:23 /home/cheng/Desktop/Linux/douyin-fighting/initialize/mysql.go:56
[0.890ms] [rows:-] SELECT count(*) FROM information_schema.statistics WHERE table_schema = 'douyin' AND table_name = 'favorites' AND index_name = 'idx_01'

2022/10/29 14:34:23 /data/go/pkg/mod/gorm.io/driver/mysql@v1.3.3/migrator.go:228
[0.539ms] [rows:-] SELECT DATABASE()

2022/10/29 14:34:23 /data/go/pkg/mod/gorm.io/driver/mysql@v1.3.3/migrator.go:231
[0.974ms] [rows:1] SELECT SCHEMA_NAME from Information_schema.SCHEMATA where SCHEMA_NAME LIKE 'douyin%' ORDER BY SCHEMA_NAME='douyin' DESC limit 1

2022/10/29 14:34:23 /home/cheng/Desktop/Linux/douyin-fighting/initialize/mysql.go:56
[0.380ms] [rows:-] SELECT count(*) FROM information_schema.statistics WHERE table_schema = 'douyin' AND table_name = 'favorites' AND index_name = 'idx_02'

2022/10/29 14:34:23 /data/go/pkg/mod/gorm.io/driver/mysql@v1.3.3/migrator.go:228
[0.157ms] [rows:-] SELECT DATABASE()

2022/10/29 14:34:23 /data/go/pkg/mod/gorm.io/driver/mysql@v1.3.3/migrator.go:231
[0.428ms] [rows:1] SELECT SCHEMA_NAME from Information_schema.SCHEMATA where SCHEMA_NAME LIKE 'douyin%' ORDER BY SCHEMA_NAME='douyin' DESC limit 1

2022/10/29 14:34:23 /home/cheng/Desktop/Linux/douyin-fighting/initialize/mysql.go:57
[0.344ms] [rows:-] SELECT count(*) FROM information_schema.tables WHERE table_schema = 'douyin' AND table_name = 'comments' AND table_type = 'BASE TABLE'

2022/10/29 14:34:23 /data/go/pkg/mod/gorm.io/driver/mysql@v1.3.3/migrator.go:228
[0.106ms] [rows:-] SELECT DATABASE()

2022/10/29 14:34:23 /data/go/pkg/mod/gorm.io/driver/mysql@v1.3.3/migrator.go:231
[1.880ms] [rows:1] SELECT SCHEMA_NAME from Information_schema.SCHEMATA where SCHEMA_NAME LIKE 'douyin%' ORDER BY SCHEMA_NAME='douyin' DESC limit 1

2022/10/29 14:34:23 /data/go/pkg/mod/gorm.io/driver/mysql@v1.3.3/migrator.go:148
[0.728ms] [rows:-] SELECT * FROM `comments` LIMIT 1

2022/10/29 14:34:23 /data/go/pkg/mod/gorm.io/driver/mysql@v1.3.3/migrator.go:166
[0.570ms] [rows:-] SELECT column_name, column_default, is_nullable = 'YES', data_type, character_maximum_length, column_type, column_key, extra, column_comment, numeric_precision, numeric_scale , datetime_precision FROM information_schema.columns WHERE table_schema = 'douyin' AND table_name = 'comments' ORDER BY ORDINAL_POSITION

2022/10/29 14:34:23 /data/go/pkg/mod/gorm.io/driver/mysql@v1.3.3/migrator.go:228
[0.159ms] [rows:-] SELECT DATABASE()

2022/10/29 14:34:23 /data/go/pkg/mod/gorm.io/driver/mysql@v1.3.3/migrator.go:231
[0.414ms] [rows:1] SELECT SCHEMA_NAME from Information_schema.SCHEMATA where SCHEMA_NAME LIKE 'douyin%' ORDER BY SCHEMA_NAME='douyin' DESC limit 1

2022/10/29 14:34:23 /home/cheng/Desktop/Linux/douyin-fighting/initialize/mysql.go:57
[0.376ms] [rows:-] SELECT count(*) FROM information_schema.statistics WHERE table_schema = 'douyin' AND table_name = 'comments' AND index_name = 'video_user'

2022/10/29 14:34:23 /data/go/pkg/mod/gorm.io/driver/mysql@v1.3.3/migrator.go:228
[0.153ms] [rows:-] SELECT DATABASE()

2022/10/29 14:34:23 /data/go/pkg/mod/gorm.io/driver/mysql@v1.3.3/migrator.go:231
[0.398ms] [rows:1] SELECT SCHEMA_NAME from Information_schema.SCHEMATA where SCHEMA_NAME LIKE 'douyin%' ORDER BY SCHEMA_NAME='douyin' DESC limit 1

2022/10/29 14:34:23 /home/cheng/Desktop/Linux/douyin-fighting/initialize/mysql.go:58
[0.816ms] [rows:-] SELECT count(*) FROM information_schema.tables WHERE table_schema = 'douyin' AND table_name = 'follows' AND table_type = 'BASE TABLE'

2022/10/29 14:34:23 /data/go/pkg/mod/gorm.io/driver/mysql@v1.3.3/migrator.go:228
[0.574ms] [rows:-] SELECT DATABASE()

2022/10/29 14:34:23 /data/go/pkg/mod/gorm.io/driver/mysql@v1.3.3/migrator.go:231
[1.548ms] [rows:1] SELECT SCHEMA_NAME from Information_schema.SCHEMATA where SCHEMA_NAME LIKE 'douyin%' ORDER BY SCHEMA_NAME='douyin' DESC limit 1

2022/10/29 14:34:23 /data/go/pkg/mod/gorm.io/driver/mysql@v1.3.3/migrator.go:148
[0.533ms] [rows:-] SELECT * FROM `follows` LIMIT 1

2022/10/29 14:34:23 /data/go/pkg/mod/gorm.io/driver/mysql@v1.3.3/migrator.go:166
[1.755ms] [rows:-] SELECT column_name, column_default, is_nullable = 'YES', data_type, character_maximum_length, column_type, column_key, extra, column_comment, numeric_precision, numeric_scale , datetime_precision FROM information_schema.columns WHERE table_schema = 'douyin' AND table_name = 'follows' ORDER BY ORDINAL_POSITION

2022/10/29 14:34:23 /data/go/pkg/mod/gorm.io/driver/mysql@v1.3.3/migrator.go:228
[1.077ms] [rows:-] SELECT DATABASE()

2022/10/29 14:34:23 /data/go/pkg/mod/gorm.io/driver/mysql@v1.3.3/migrator.go:231
[0.449ms] [rows:1] SELECT SCHEMA_NAME from Information_schema.SCHEMATA where SCHEMA_NAME LIKE 'douyin%' ORDER BY SCHEMA_NAME='douyin' DESC limit 1

2022/10/29 14:34:23 /home/cheng/Desktop/Linux/douyin-fighting/initialize/mysql.go:58
[0.360ms] [rows:-] SELECT count(*) FROM information_schema.statistics WHERE table_schema = 'douyin' AND table_name = 'follows' AND index_name = 'idx_01'

2022/10/29 14:34:23 /data/go/pkg/mod/gorm.io/driver/mysql@v1.3.3/migrator.go:228
[0.134ms] [rows:-] SELECT DATABASE()

2022/10/29 14:34:23 /data/go/pkg/mod/gorm.io/driver/mysql@v1.3.3/migrator.go:231
[0.945ms] [rows:1] SELECT SCHEMA_NAME from Information_schema.SCHEMATA where SCHEMA_NAME LIKE 'douyin%' ORDER BY SCHEMA_NAME='douyin' DESC limit 1

2022/10/29 14:34:23 /home/cheng/Desktop/Linux/douyin-fighting/initialize/mysql.go:58
[0.506ms] [rows:-] SELECT count(*) FROM information_schema.statistics WHERE table_schema = 'douyin' AND table_name = 'follows' AND index_name = 'idx_02'
MySQL
Redis
1111111111111111111
0.0.0.0:8080Feed ================

2022/10/29 14:34:29 /home/cheng/Desktop/Linux/douyin-fighting/service/video.go:244
[0.428ms] [rows:5] SELECT * FROM `videos` WHERE video_id in (23464019025218945,23462739410177409,23462573751946625,23461385153301889,23245963636264321)

2022/10/29 14:34:29 /home/cheng/Desktop/Linux/douyin-fighting/service/comment.go:209
[0.335ms] [rows:0] SELECT `video_id`,COUNT(video_id) as comment_count FROM `comments` WHERE video_id in (23464019025218945,23462739410177409,23462573751946625,23461385153301889,23245963636264321) AND `comments`.`deleted_at` IS NULL GROUP BY `video_id`

2022/10/29 14:34:29 /home/cheng/Desktop/Linux/douyin-fighting/service/favorite.go:178
[0.396ms] [rows:0] SELECT `video_id`,COUNT(video_id) as favorite_count FROM `favorites` WHERE video_id in (23464019025218945,23462739410177409,23462573751946625,23461385153301889,23245963636264321) and is_favorite = true GROUP BY `video_id`
numVideos:  0
[GIN] 2022/10/29 - 14:34:29 | 500 |    4.262586ms |    192.168.77.1 | GET      "/douyin/feed/?latest_time=1667079269668&token=eyJhbGciOiJIUzI1NiIsInR5cCI6IkpXVCJ9.eyJVc2VySUQiOjIzNDY3MjUwNTE4MzQ3MTM3LCJOYW1lIjoiMyIsImV4cCI6MTY2NzE2NTI4OSwibmJmIjoxNjY3MDc4ODg5LCJpYXQiOjE2NjcwNzg4ODl9.0B3EsW5zi93QaCi0hS7y92-sRB1S5FM5A5raASf7dTs"
Feed ================
numVideos:  0

2022/10/29 14:34:32 /home/cheng/Desktop/Linux/douyin-fighting/service/video.go:244
[1.487ms] [rows:5] SELECT * FROM `videos` WHERE video_id in (23464019025218945,23462739410177409,23462573751946625,23461385153301889,23245963636264321)

2022/10/29 14:34:32 /home/cheng/Desktop/Linux/douyin-fighting/service/comment.go:209
[0.443ms] [rows:0] SELECT `video_id`,COUNT(video_id) as comment_count FROM `comments` WHERE video_id in (23464019025218945,23462739410177409,23462573751946625,23461385153301889,23245963636264321) AND `comments`.`deleted_at` IS NULL GROUP BY `video_id`

2022/10/29 14:34:32 /home/cheng/Desktop/Linux/douyin-fighting/service/favorite.go:178
[0.430ms] [rows:0] SELECT `video_id`,COUNT(video_id) as favorite_count FROM `favorites` WHERE video_id in (23464019025218945,23462739410177409,23462573751946625,23461385153301889,23245963636264321) and is_favorite = true GROUP BY `video_id`
[GIN] 2022/10/29 - 14:34:32 | 200 |   10.904793ms |    192.168.77.1 | GET      "/douyin/feed/?latest_time=0&token=eyJhbGciOiJIUzI1NiIsInR5cCI6IkpXVCJ9.eyJVc2VySUQiOjIzNDY3MjUwNTE4MzQ3MTM3LCJOYW1lIjoiMyIsImV4cCI6MTY2NzE2NTI4OSwibmJmIjoxNjY3MDc4ODg5LCJpYXQiOjE2NjcwNzg4ODl9.0B3EsW5zi93QaCi0hS7y92-sRB1S5FM5A5raASf7dTs"
[GIN] 2022/10/29 - 14:36:00 | 200 |     323.923µs |    192.168.77.1 | GET      "/douyin/publish/list/?token=eyJhbGciOiJIUzI1NiIsInR5cCI6IkpXVCJ9.eyJVc2VySUQiOjIzNDY3MjUwNTE4MzQ3MTM3LCJOYW1lIjoiMyIsImV4cCI6MTY2NzE2NTI4OSwibmJmIjoxNjY3MDc4ODg5LCJpYXQiOjE2NjcwNzg4ODl9.0B3EsW5zi93QaCi0hS7y92-sRB1S5FM5A5raASf7dTs&user_id=23467250518347137"
[GIN] 2022/10/29 - 14:36:00 | 200 |      824.88µs |    192.168.77.1 | GET      "/douyin/favorite/list/?token=eyJhbGciOiJIUzI1NiIsInR5cCI6IkpXVCJ9.eyJVc2VySUQiOjIzNDY3MjUwNTE4MzQ3MTM3LCJOYW1lIjoiMyIsImV4cCI6MTY2NzE2NTI4OSwibmJmIjoxNjY3MDc4ODg5LCJpYXQiOjE2NjcwNzg4ODl9.0B3EsW5zi93QaCi0hS7y92-sRB1S5FM5A5raASf7dTs&user_id=23467250518347137"
