Global
Viper

2022/10/29 12:47:24 /data/go/pkg/mod/gorm.io/driver/mysql@v1.3.3/migrator.go:228
[0.089ms] [rows:-] SELECT DATABASE()

2022/10/29 12:47:24 /data/go/pkg/mod/gorm.io/driver/mysql@v1.3.3/migrator.go:231
[0.599ms] [rows:1] SELECT SCHEMA_NAME from Information_schema.SCHEMATA where SCHEMA_NAME LIKE 'douyin%' ORDER BY SCHEMA_NAME='douyin' DESC limit 1

2022/10/29 12:47:24 /home/cheng/Desktop/Linux/douyin-fighting/initialize/mysql.go:54
[0.354ms] [rows:-] SELECT count(*) FROM information_schema.tables WHERE table_schema = 'douyin' AND table_name = 'users' AND table_type = 'BASE TABLE'

2022/10/29 12:47:24 /data/go/pkg/mod/gorm.io/driver/mysql@v1.3.3/migrator.go:228
[0.068ms] [rows:-] SELECT DATABASE()

2022/10/29 12:47:24 /data/go/pkg/mod/gorm.io/driver/mysql@v1.3.3/migrator.go:231
[0.478ms] [rows:1] SELECT SCHEMA_NAME from Information_schema.SCHEMATA where SCHEMA_NAME LIKE 'douyin%' ORDER BY SCHEMA_NAME='douyin' DESC limit 1

2022/10/29 12:47:24 /data/go/pkg/mod/gorm.io/driver/mysql@v1.3.3/migrator.go:148
[0.809ms] [rows:-] SELECT * FROM `users` LIMIT 1

2022/10/29 12:47:24 /data/go/pkg/mod/gorm.io/driver/mysql@v1.3.3/migrator.go:166
[1.765ms] [rows:-] SELECT column_name, column_default, is_nullable = 'YES', data_type, character_maximum_length, column_type, column_key, extra, column_comment, numeric_precision, numeric_scale , datetime_precision FROM information_schema.columns WHERE table_schema = 'douyin' AND table_name = 'users' ORDER BY ORDINAL_POSITION

2022/10/29 12:47:24 /data/go/pkg/mod/gorm.io/driver/mysql@v1.3.3/migrator.go:228
[1.367ms] [rows:-] SELECT DATABASE()

2022/10/29 12:47:24 /data/go/pkg/mod/gorm.io/driver/mysql@v1.3.3/migrator.go:231
[0.446ms] [rows:1] SELECT SCHEMA_NAME from Information_schema.SCHEMATA where SCHEMA_NAME LIKE 'douyin%' ORDER BY SCHEMA_NAME='douyin' DESC limit 1

2022/10/29 12:47:24 /home/cheng/Desktop/Linux/douyin-fighting/initialize/mysql.go:55
[0.282ms] [rows:-] SELECT count(*) FROM information_schema.tables WHERE table_schema = 'douyin' AND table_name = 'videos' AND table_type = 'BASE TABLE'

2022/10/29 12:47:24 /data/go/pkg/mod/gorm.io/driver/mysql@v1.3.3/migrator.go:228
[0.103ms] [rows:-] SELECT DATABASE()

2022/10/29 12:47:24 /data/go/pkg/mod/gorm.io/driver/mysql@v1.3.3/migrator.go:231
[0.444ms] [rows:1] SELECT SCHEMA_NAME from Information_schema.SCHEMATA where SCHEMA_NAME LIKE 'douyin%' ORDER BY SCHEMA_NAME='douyin' DESC limit 1

2022/10/29 12:47:24 /data/go/pkg/mod/gorm.io/driver/mysql@v1.3.3/migrator.go:148
[0.471ms] [rows:-] SELECT * FROM `videos` LIMIT 1

2022/10/29 12:47:24 /data/go/pkg/mod/gorm.io/driver/mysql@v1.3.3/migrator.go:166
[0.733ms] [rows:-] SELECT column_name, column_default, is_nullable = 'YES', data_type, character_maximum_length, column_type, column_key, extra, column_comment, numeric_precision, numeric_scale , datetime_precision FROM information_schema.columns WHERE table_schema = 'douyin' AND table_name = 'videos' ORDER BY ORDINAL_POSITION

2022/10/29 12:47:24 /data/go/pkg/mod/gorm.io/driver/mysql@v1.3.3/migrator.go:228
[0.185ms] [rows:-] SELECT DATABASE()

2022/10/29 12:47:24 /data/go/pkg/mod/gorm.io/driver/mysql@v1.3.3/migrator.go:231
[0.395ms] [rows:1] SELECT SCHEMA_NAME from Information_schema.SCHEMATA where SCHEMA_NAME LIKE 'douyin%' ORDER BY SCHEMA_NAME='douyin' DESC limit 1

2022/10/29 12:47:24 /home/cheng/Desktop/Linux/douyin-fighting/initialize/mysql.go:55
[0.448ms] [rows:-] SELECT count(*) FROM information_schema.statistics WHERE table_schema = 'douyin' AND table_name = 'videos' AND index_name = 'idx_videos_author_id'

2022/10/29 12:47:24 /data/go/pkg/mod/gorm.io/driver/mysql@v1.3.3/migrator.go:228
[0.144ms] [rows:-] SELECT DATABASE()

2022/10/29 12:47:24 /data/go/pkg/mod/gorm.io/driver/mysql@v1.3.3/migrator.go:231
[0.586ms] [rows:1] SELECT SCHEMA_NAME from Information_schema.SCHEMATA where SCHEMA_NAME LIKE 'douyin%' ORDER BY SCHEMA_NAME='douyin' DESC limit 1

2022/10/29 12:47:24 /home/cheng/Desktop/Linux/douyin-fighting/initialize/mysql.go:55
[0.375ms] [rows:-] SELECT count(*) FROM information_schema.statistics WHERE table_schema = 'douyin' AND table_name = 'videos' AND index_name = 'idx_videos_created_at'

2022/10/29 12:47:24 /data/go/pkg/mod/gorm.io/driver/mysql@v1.3.3/migrator.go:228
[0.090ms] [rows:-] SELECT DATABASE()

2022/10/29 12:47:24 /data/go/pkg/mod/gorm.io/driver/mysql@v1.3.3/migrator.go:231
[0.573ms] [rows:1] SELECT SCHEMA_NAME from Information_schema.SCHEMATA where SCHEMA_NAME LIKE 'douyin%' ORDER BY SCHEMA_NAME='douyin' DESC limit 1

2022/10/29 12:47:24 /home/cheng/Desktop/Linux/douyin-fighting/initialize/mysql.go:56
[0.322ms] [rows:-] SELECT count(*) FROM information_schema.tables WHERE table_schema = 'douyin' AND table_name = 'favorites' AND table_type = 'BASE TABLE'

2022/10/29 12:47:24 /data/go/pkg/mod/gorm.io/driver/mysql@v1.3.3/migrator.go:228
[0.114ms] [rows:-] SELECT DATABASE()

2022/10/29 12:47:24 /data/go/pkg/mod/gorm.io/driver/mysql@v1.3.3/migrator.go:231
[0.434ms] [rows:1] SELECT SCHEMA_NAME from Information_schema.SCHEMATA where SCHEMA_NAME LIKE 'douyin%' ORDER BY SCHEMA_NAME='douyin' DESC limit 1

2022/10/29 12:47:24 /data/go/pkg/mod/gorm.io/driver/mysql@v1.3.3/migrator.go:148
[1.221ms] [rows:-] SELECT * FROM `favorites` LIMIT 1

2022/10/29 12:47:24 /data/go/pkg/mod/gorm.io/driver/mysql@v1.3.3/migrator.go:166
[0.502ms] [rows:-] SELECT column_name, column_default, is_nullable = 'YES', data_type, character_maximum_length, column_type, column_key, extra, column_comment, numeric_precision, numeric_scale , datetime_precision FROM information_schema.columns WHERE table_schema = 'douyin' AND table_name = 'favorites' ORDER BY ORDINAL_POSITION

2022/10/29 12:47:24 /data/go/pkg/mod/gorm.io/driver/mysql@v1.3.3/migrator.go:228
[0.093ms] [rows:-] SELECT DATABASE()

2022/10/29 12:47:24 /data/go/pkg/mod/gorm.io/driver/mysql@v1.3.3/migrator.go:231
[0.363ms] [rows:1] SELECT SCHEMA_NAME from Information_schema.SCHEMATA where SCHEMA_NAME LIKE 'douyin%' ORDER BY SCHEMA_NAME='douyin' DESC limit 1

2022/10/29 12:47:24 /home/cheng/Desktop/Linux/douyin-fighting/initialize/mysql.go:56
[0.510ms] [rows:-] SELECT count(*) FROM information_schema.statistics WHERE table_schema = 'douyin' AND table_name = 'favorites' AND index_name = 'idx_01'

2022/10/29 12:47:24 /data/go/pkg/mod/gorm.io/driver/mysql@v1.3.3/migrator.go:228
[0.112ms] [rows:-] SELECT DATABASE()

2022/10/29 12:47:24 /data/go/pkg/mod/gorm.io/driver/mysql@v1.3.3/migrator.go:231
[0.372ms] [rows:1] SELECT SCHEMA_NAME from Information_schema.SCHEMATA where SCHEMA_NAME LIKE 'douyin%' ORDER BY SCHEMA_NAME='douyin' DESC limit 1

2022/10/29 12:47:24 /home/cheng/Desktop/Linux/douyin-fighting/initialize/mysql.go:56
[0.268ms] [rows:-] SELECT count(*) FROM information_schema.statistics WHERE table_schema = 'douyin' AND table_name = 'favorites' AND index_name = 'idx_02'

2022/10/29 12:47:24 /data/go/pkg/mod/gorm.io/driver/mysql@v1.3.3/migrator.go:228
[0.265ms] [rows:-] SELECT DATABASE()

2022/10/29 12:47:24 /data/go/pkg/mod/gorm.io/driver/mysql@v1.3.3/migrator.go:231
[0.730ms] [rows:1] SELECT SCHEMA_NAME from Information_schema.SCHEMATA where SCHEMA_NAME LIKE 'douyin%' ORDER BY SCHEMA_NAME='douyin' DESC limit 1

2022/10/29 12:47:24 /home/cheng/Desktop/Linux/douyin-fighting/initialize/mysql.go:57
[0.441ms] [rows:-] SELECT count(*) FROM information_schema.tables WHERE table_schema = 'douyin' AND table_name = 'comments' AND table_type = 'BASE TABLE'

2022/10/29 12:47:24 /data/go/pkg/mod/gorm.io/driver/mysql@v1.3.3/migrator.go:228
[0.104ms] [rows:-] SELECT DATABASE()

2022/10/29 12:47:24 /data/go/pkg/mod/gorm.io/driver/mysql@v1.3.3/migrator.go:231
[1.550ms] [rows:1] SELECT SCHEMA_NAME from Information_schema.SCHEMATA where SCHEMA_NAME LIKE 'douyin%' ORDER BY SCHEMA_NAME='douyin' DESC limit 1

2022/10/29 12:47:24 /data/go/pkg/mod/gorm.io/driver/mysql@v1.3.3/migrator.go:148
[1.859ms] [rows:-] SELECT * FROM `comments` LIMIT 1

2022/10/29 12:47:25 /data/go/pkg/mod/gorm.io/driver/mysql@v1.3.3/migrator.go:166
[3.249ms] [rows:-] SELECT column_name, column_default, is_nullable = 'YES', data_type, character_maximum_length, column_type, column_key, extra, column_comment, numeric_precision, numeric_scale , datetime_precision FROM information_schema.columns WHERE table_schema = 'douyin' AND table_name = 'comments' ORDER BY ORDINAL_POSITION

2022/10/29 12:47:25 /data/go/pkg/mod/gorm.io/driver/mysql@v1.3.3/migrator.go:228
[0.098ms] [rows:-] SELECT DATABASE()

2022/10/29 12:47:25 /data/go/pkg/mod/gorm.io/driver/mysql@v1.3.3/migrator.go:231
[0.280ms] [rows:1] SELECT SCHEMA_NAME from Information_schema.SCHEMATA where SCHEMA_NAME LIKE 'douyin%' ORDER BY SCHEMA_NAME='douyin' DESC limit 1

2022/10/29 12:47:25 /home/cheng/Desktop/Linux/douyin-fighting/initialize/mysql.go:57
[0.421ms] [rows:-] SELECT count(*) FROM information_schema.statistics WHERE table_schema = 'douyin' AND table_name = 'comments' AND index_name = 'video_user'

2022/10/29 12:47:25 /data/go/pkg/mod/gorm.io/driver/mysql@v1.3.3/migrator.go:228
[0.382ms] [rows:-] SELECT DATABASE()

2022/10/29 12:47:25 /data/go/pkg/mod/gorm.io/driver/mysql@v1.3.3/migrator.go:231
[0.242ms] [rows:1] SELECT SCHEMA_NAME from Information_schema.SCHEMATA where SCHEMA_NAME LIKE 'douyin%' ORDER BY SCHEMA_NAME='douyin' DESC limit 1

2022/10/29 12:47:25 /home/cheng/Desktop/Linux/douyin-fighting/initialize/mysql.go:58
[0.443ms] [rows:-] SELECT count(*) FROM information_schema.tables WHERE table_schema = 'douyin' AND table_name = 'follows' AND table_type = 'BASE TABLE'

2022/10/29 12:47:25 /data/go/pkg/mod/gorm.io/driver/mysql@v1.3.3/migrator.go:228
[0.044ms] [rows:-] SELECT DATABASE()

2022/10/29 12:47:25 /data/go/pkg/mod/gorm.io/driver/mysql@v1.3.3/migrator.go:231
[0.197ms] [rows:1] SELECT SCHEMA_NAME from Information_schema.SCHEMATA where SCHEMA_NAME LIKE 'douyin%' ORDER BY SCHEMA_NAME='douyin' DESC limit 1

2022/10/29 12:47:25 /data/go/pkg/mod/gorm.io/driver/mysql@v1.3.3/migrator.go:148
[0.111ms] [rows:-] SELECT * FROM `follows` LIMIT 1

2022/10/29 12:47:25 /data/go/pkg/mod/gorm.io/driver/mysql@v1.3.3/migrator.go:166
[0.358ms] [rows:-] SELECT column_name, column_default, is_nullable = 'YES', data_type, character_maximum_length, column_type, column_key, extra, column_comment, numeric_precision, numeric_scale , datetime_precision FROM information_schema.columns WHERE table_schema = 'douyin' AND table_name = 'follows' ORDER BY ORDINAL_POSITION

2022/10/29 12:47:25 /data/go/pkg/mod/gorm.io/driver/mysql@v1.3.3/migrator.go:228
[0.051ms] [rows:-] SELECT DATABASE()

2022/10/29 12:47:25 /data/go/pkg/mod/gorm.io/driver/mysql@v1.3.3/migrator.go:231
[0.198ms] [rows:1] SELECT SCHEMA_NAME from Information_schema.SCHEMATA where SCHEMA_NAME LIKE 'douyin%' ORDER BY SCHEMA_NAME='douyin' DESC limit 1

2022/10/29 12:47:25 /home/cheng/Desktop/Linux/douyin-fighting/initialize/mysql.go:58
[0.147ms] [rows:-] SELECT count(*) FROM information_schema.statistics WHERE table_schema = 'douyin' AND table_name = 'follows' AND index_name = 'idx_02'

2022/10/29 12:47:25 /data/go/pkg/mod/gorm.io/driver/mysql@v1.3.3/migrator.go:228
[0.043ms] [rows:-] SELECT DATABASE()

2022/10/29 12:47:25 /data/go/pkg/mod/gorm.io/driver/mysql@v1.3.3/migrator.go:231
[0.187ms] [rows:1] SELECT SCHEMA_NAME from Information_schema.SCHEMATA where SCHEMA_NAME LIKE 'douyin%' ORDER BY SCHEMA_NAME='douyin' DESC limit 1

2022/10/29 12:47:25 /home/cheng/Desktop/Linux/douyin-fighting/initialize/mysql.go:58
[0.140ms] [rows:-] SELECT count(*) FROM information_schema.statistics WHERE table_schema = 'douyin' AND table_name = 'follows' AND index_name = 'idx_01'
MySQL
Redis
1111111111111111111
0.0.0.0:8080[GIN] 2022/10/29 - 12:47:25 | 200 |    6.124607ms |    192.168.77.1 | GET      "/douyin/favorite/list/?token=eyJhbGciOiJIUzI1NiIsInR5cCI6IkpXVCJ9.eyJVc2VySUQiOjIzNDUyNDk4NDI5NzU4ODQ5LCJOYW1lIjoiMSIsImV4cCI6MTY2NzE1OTExMCwibmJmIjoxNjY3MDcyNzEwLCJpYXQiOjE2NjcwNzI3MTB9.2qrTeSnZzPnomCtFE34WphwXRkJq8DDl6WXtazfYo40&user_id=23452498429758849"

2022/10/29 12:47:25 /home/cheng/Desktop/Linux/douyin-fighting/service/video.go:241
[1.181ms] [rows:7] SELECT * FROM `videos` WHERE video_id in (23453787305823617,23453727427939713,23453554370956673,23453395339726209,23452935241354625,23452930409516417,23452612732931457)

2022/10/29 12:47:25 /home/cheng/Desktop/Linux/douyin-fighting/service/comment.go:209
[1.167ms] [rows:0] SELECT `video_id`,COUNT(video_id) as comment_count FROM `comments` WHERE video_id in (23453787305823617,23453727427939713,23453554370956673,23453395339726209,23452935241354625,23452930409516417,23452612732931457) AND `comments`.`deleted_at` IS NULL GROUP BY `video_id`

2022/10/29 12:47:25 /home/cheng/Desktop/Linux/douyin-fighting/service/favorite.go:178
[0.512ms] [rows:0] SELECT `video_id`,COUNT(video_id) as favorite_count FROM `favorites` WHERE video_id in (23453787305823617,23453727427939713,23453554370956673,23453395339726209,23452935241354625,23452930409516417,23452612732931457) and is_favorite = true GROUP BY `video_id`
[GIN] 2022/10/29 - 12:47:25 | 500 |   10.185406ms |    192.168.77.1 | GET      "/douyin/publish/list/?token=eyJhbGciOiJIUzI1NiIsInR5cCI6IkpXVCJ9.eyJVc2VySUQiOjIzNDUyNDk4NDI5NzU4ODQ5LCJOYW1lIjoiMSIsImV4cCI6MTY2NzE1OTExMCwibmJmIjoxNjY3MDcyNzEwLCJpYXQiOjE2NjcwNzI3MTB9.2qrTeSnZzPnomCtFE34WphwXRkJq8DDl6WXtazfYo40&user_id=23452498429758849"

2022/10/29 12:47:30 /home/cheng/Desktop/Linux/douyin-fighting/service/video.go:241
[0.793ms] [rows:1] SELECT * FROM `videos` WHERE video_id in (23245963636264321)

2022/10/29 12:47:30 /home/cheng/Desktop/Linux/douyin-fighting/service/comment.go:209
[0.476ms] [rows:0] SELECT `video_id`,COUNT(video_id) as comment_count FROM `comments` WHERE video_id in (23245963636264321) AND `comments`.`deleted_at` IS NULL GROUP BY `video_id`

2022/10/29 12:47:30 /home/cheng/Desktop/Linux/douyin-fighting/service/favorite.go:178
[0.321ms] [rows:0] SELECT `video_id`,COUNT(video_id) as favorite_count FROM `favorites` WHERE video_id in (23245963636264321) and is_favorite = true GROUP BY `video_id`
[GIN] 2022/10/29 - 12:47:30 | 500 |    2.417953ms |    192.168.77.1 | GET      "/douyin/feed/?latest_time=1667072850844&token=eyJhbGciOiJIUzI1NiIsInR5cCI6IkpXVCJ9.eyJVc2VySUQiOjIzNDUyNDk4NDI5NzU4ODQ5LCJOYW1lIjoiMSIsImV4cCI6MTY2NzE1OTExMCwibmJmIjoxNjY3MDcyNzEwLCJpYXQiOjE2NjcwNzI3MTB9.2qrTeSnZzPnomCtFE34WphwXRkJq8DDl6WXtazfYo40"
publish 1111111111111111111
publish 2222222222222
publish 3333333333333
insert db

2022/10/29 12:47:39 /home/cheng/Desktop/Linux/douyin-fighting/service/video.go:70
[4.119ms] [rows:1] INSERT INTO `videos` (`title`,`play_name`,`cover_name`,`author_id`,`created_at`,`ext_info`,`video_id`) VALUES ('a','23457329848536449','23457329848536449.jpg',0,'2022-10-29 12:47:39.176',NULL,23457329848536449)
redis
redis 1

2022/10/29 12:47:39 /home/cheng/Desktop/Linux/douyin-fighting/service/video.go:86
[0.871ms] [rows:4] SELECT * FROM `videos` WHERE author_id = 0
redis 2
redis 3
pipe 
pipe 1
cannot written to db
EXECABORT Transaction discarded because of previous errors.
[GIN] 2022/10/29 - 12:47:39 | 500 |    64.81986ms |    192.168.77.1 | POST     "/douyin/publish/action/"
