
2022/10/27 22:00:20 /data/go/pkg/mod/gorm.io/driver/mysql@v1.3.3/migrator.go:228
[0.131ms] [rows:-] SELECT DATABASE()

2022/10/27 22:00:20 /data/go/pkg/mod/gorm.io/driver/mysql@v1.3.3/migrator.go:231
[14.400ms] [rows:1] SELECT SCHEMA_NAME from Information_schema.SCHEMATA where SCHEMA_NAME LIKE 'douyin%' ORDER BY SCHEMA_NAME='douyin' DESC limit 1

2022/10/27 22:00:20 /home/cheng/Desktop/Linux/douyin-fighting/initialize/mysql.go:54
[5.019ms] [rows:-] SELECT count(*) FROM information_schema.tables WHERE table_schema = 'douyin' AND table_name = 'users' AND table_type = 'BASE TABLE'

2022/10/27 22:00:20 /data/go/pkg/mod/gorm.io/driver/mysql@v1.3.3/migrator.go:228
[0.150ms] [rows:-] SELECT DATABASE()

2022/10/27 22:00:20 /data/go/pkg/mod/gorm.io/driver/mysql@v1.3.3/migrator.go:231
[0.421ms] [rows:1] SELECT SCHEMA_NAME from Information_schema.SCHEMATA where SCHEMA_NAME LIKE 'douyin%' ORDER BY SCHEMA_NAME='douyin' DESC limit 1

2022/10/27 22:00:20 /data/go/pkg/mod/gorm.io/driver/mysql@v1.3.3/migrator.go:148
[2.366ms] [rows:-] SELECT * FROM `users` LIMIT 1

2022/10/27 22:00:20 /data/go/pkg/mod/gorm.io/driver/mysql@v1.3.3/migrator.go:166
[0.667ms] [rows:-] SELECT column_name, column_default, is_nullable = 'YES', data_type, character_maximum_length, column_type, column_key, extra, column_comment, numeric_precision, numeric_scale , datetime_precision FROM information_schema.columns WHERE table_schema = 'douyin' AND table_name = 'users' ORDER BY ORDINAL_POSITION

2022/10/27 22:00:20 /data/go/pkg/mod/gorm.io/driver/mysql@v1.3.3/migrator.go:228
[0.133ms] [rows:-] SELECT DATABASE()

2022/10/27 22:00:20 /data/go/pkg/mod/gorm.io/driver/mysql@v1.3.3/migrator.go:231
[0.329ms] [rows:1] SELECT SCHEMA_NAME from Information_schema.SCHEMATA where SCHEMA_NAME LIKE 'douyin%' ORDER BY SCHEMA_NAME='douyin' DESC limit 1

2022/10/27 22:00:20 /home/cheng/Desktop/Linux/douyin-fighting/initialize/mysql.go:55
[0.230ms] [rows:-] SELECT count(*) FROM information_schema.tables WHERE table_schema = 'douyin' AND table_name = 'videos' AND table_type = 'BASE TABLE'

2022/10/27 22:00:20 /data/go/pkg/mod/gorm.io/driver/mysql@v1.3.3/migrator.go:228
[0.081ms] [rows:-] SELECT DATABASE()

2022/10/27 22:00:20 /data/go/pkg/mod/gorm.io/driver/mysql@v1.3.3/migrator.go:231
[0.271ms] [rows:1] SELECT SCHEMA_NAME from Information_schema.SCHEMATA where SCHEMA_NAME LIKE 'douyin%' ORDER BY SCHEMA_NAME='douyin' DESC limit 1

2022/10/27 22:00:20 /data/go/pkg/mod/gorm.io/driver/mysql@v1.3.3/migrator.go:148
[0.155ms] [rows:-] SELECT * FROM `videos` LIMIT 1

2022/10/27 22:00:20 /data/go/pkg/mod/gorm.io/driver/mysql@v1.3.3/migrator.go:166
[0.376ms] [rows:-] SELECT column_name, column_default, is_nullable = 'YES', data_type, character_maximum_length, column_type, column_key, extra, column_comment, numeric_precision, numeric_scale , datetime_precision FROM information_schema.columns WHERE table_schema = 'douyin' AND table_name = 'videos' ORDER BY ORDINAL_POSITION

2022/10/27 22:00:20 /data/go/pkg/mod/gorm.io/driver/mysql@v1.3.3/migrator.go:228
[0.089ms] [rows:-] SELECT DATABASE()

2022/10/27 22:00:20 /data/go/pkg/mod/gorm.io/driver/mysql@v1.3.3/migrator.go:231
[0.286ms] [rows:1] SELECT SCHEMA_NAME from Information_schema.SCHEMATA where SCHEMA_NAME LIKE 'douyin%' ORDER BY SCHEMA_NAME='douyin' DESC limit 1

2022/10/27 22:00:20 /home/cheng/Desktop/Linux/douyin-fighting/initialize/mysql.go:55
[0.219ms] [rows:-] SELECT count(*) FROM information_schema.statistics WHERE table_schema = 'douyin' AND table_name = 'videos' AND index_name = 'idx_videos_author_id'

2022/10/27 22:00:20 /data/go/pkg/mod/gorm.io/driver/mysql@v1.3.3/migrator.go:228
[0.078ms] [rows:-] SELECT DATABASE()

2022/10/27 22:00:20 /data/go/pkg/mod/gorm.io/driver/mysql@v1.3.3/migrator.go:231
[0.246ms] [rows:1] SELECT SCHEMA_NAME from Information_schema.SCHEMATA where SCHEMA_NAME LIKE 'douyin%' ORDER BY SCHEMA_NAME='douyin' DESC limit 1

2022/10/27 22:00:20 /home/cheng/Desktop/Linux/douyin-fighting/initialize/mysql.go:55
[0.238ms] [rows:-] SELECT count(*) FROM information_schema.statistics WHERE table_schema = 'douyin' AND table_name = 'videos' AND index_name = 'idx_videos_created_at'

2022/10/27 22:00:20 /data/go/pkg/mod/gorm.io/driver/mysql@v1.3.3/migrator.go:228
[0.085ms] [rows:-] SELECT DATABASE()

2022/10/27 22:00:20 /data/go/pkg/mod/gorm.io/driver/mysql@v1.3.3/migrator.go:231
[0.288ms] [rows:1] SELECT SCHEMA_NAME from Information_schema.SCHEMATA where SCHEMA_NAME LIKE 'douyin%' ORDER BY SCHEMA_NAME='douyin' DESC limit 1

2022/10/27 22:00:21 /home/cheng/Desktop/Linux/douyin-fighting/initialize/mysql.go:56
[0.580ms] [rows:-] SELECT count(*) FROM information_schema.tables WHERE table_schema = 'douyin' AND table_name = 'favorites' AND table_type = 'BASE TABLE'

2022/10/27 22:00:21 /data/go/pkg/mod/gorm.io/driver/mysql@v1.3.3/migrator.go:228
[0.086ms] [rows:-] SELECT DATABASE()

2022/10/27 22:00:21 /data/go/pkg/mod/gorm.io/driver/mysql@v1.3.3/migrator.go:231
[0.289ms] [rows:1] SELECT SCHEMA_NAME from Information_schema.SCHEMATA where SCHEMA_NAME LIKE 'douyin%' ORDER BY SCHEMA_NAME='douyin' DESC limit 1

2022/10/27 22:00:21 /data/go/pkg/mod/gorm.io/driver/mysql@v1.3.3/migrator.go:148
[0.253ms] [rows:-] SELECT * FROM `favorites` LIMIT 1

2022/10/27 22:00:21 /data/go/pkg/mod/gorm.io/driver/mysql@v1.3.3/migrator.go:166
[0.377ms] [rows:-] SELECT column_name, column_default, is_nullable = 'YES', data_type, character_maximum_length, column_type, column_key, extra, column_comment, numeric_precision, numeric_scale , datetime_precision FROM information_schema.columns WHERE table_schema = 'douyin' AND table_name = 'favorites' ORDER BY ORDINAL_POSITION

2022/10/27 22:00:21 /data/go/pkg/mod/gorm.io/driver/mysql@v1.3.3/migrator.go:228
[0.089ms] [rows:-] SELECT DATABASE()

2022/10/27 22:00:21 /data/go/pkg/mod/gorm.io/driver/mysql@v1.3.3/migrator.go:231
[0.272ms] [rows:1] SELECT SCHEMA_NAME from Information_schema.SCHEMATA where SCHEMA_NAME LIKE 'douyin%' ORDER BY SCHEMA_NAME='douyin' DESC limit 1

2022/10/27 22:00:21 /home/cheng/Desktop/Linux/douyin-fighting/initialize/mysql.go:56
[0.308ms] [rows:-] SELECT count(*) FROM information_schema.statistics WHERE table_schema = 'douyin' AND table_name = 'favorites' AND index_name = 'idx_01'

2022/10/27 22:00:21 /data/go/pkg/mod/gorm.io/driver/mysql@v1.3.3/migrator.go:228
[0.080ms] [rows:-] SELECT DATABASE()

2022/10/27 22:00:21 /data/go/pkg/mod/gorm.io/driver/mysql@v1.3.3/migrator.go:231
[0.257ms] [rows:1] SELECT SCHEMA_NAME from Information_schema.SCHEMATA where SCHEMA_NAME LIKE 'douyin%' ORDER BY SCHEMA_NAME='douyin' DESC limit 1

2022/10/27 22:00:21 /home/cheng/Desktop/Linux/douyin-fighting/initialize/mysql.go:56
[0.223ms] [rows:-] SELECT count(*) FROM information_schema.statistics WHERE table_schema = 'douyin' AND table_name = 'favorites' AND index_name = 'idx_02'

2022/10/27 22:00:21 /data/go/pkg/mod/gorm.io/driver/mysql@v1.3.3/migrator.go:228
[0.085ms] [rows:-] SELECT DATABASE()

2022/10/27 22:00:21 /data/go/pkg/mod/gorm.io/driver/mysql@v1.3.3/migrator.go:231
[1.555ms] [rows:1] SELECT SCHEMA_NAME from Information_schema.SCHEMATA where SCHEMA_NAME LIKE 'douyin%' ORDER BY SCHEMA_NAME='douyin' DESC limit 1

2022/10/27 22:00:21 /home/cheng/Desktop/Linux/douyin-fighting/initialize/mysql.go:57
[0.779ms] [rows:-] SELECT count(*) FROM information_schema.tables WHERE table_schema = 'douyin' AND table_name = 'comments' AND table_type = 'BASE TABLE'

2022/10/27 22:00:21 /data/go/pkg/mod/gorm.io/driver/mysql@v1.3.3/migrator.go:228
[0.109ms] [rows:-] SELECT DATABASE()

2022/10/27 22:00:21 /data/go/pkg/mod/gorm.io/driver/mysql@v1.3.3/migrator.go:231
[0.306ms] [rows:1] SELECT SCHEMA_NAME from Information_schema.SCHEMATA where SCHEMA_NAME LIKE 'douyin%' ORDER BY SCHEMA_NAME='douyin' DESC limit 1

2022/10/27 22:00:21 /data/go/pkg/mod/gorm.io/driver/mysql@v1.3.3/migrator.go:148
[0.903ms] [rows:-] SELECT * FROM `comments` LIMIT 1

2022/10/27 22:00:21 /data/go/pkg/mod/gorm.io/driver/mysql@v1.3.3/migrator.go:166
[0.931ms] [rows:-] SELECT column_name, column_default, is_nullable = 'YES', data_type, character_maximum_length, column_type, column_key, extra, column_comment, numeric_precision, numeric_scale , datetime_precision FROM information_schema.columns WHERE table_schema = 'douyin' AND table_name = 'comments' ORDER BY ORDINAL_POSITION

2022/10/27 22:00:21 /data/go/pkg/mod/gorm.io/driver/mysql@v1.3.3/migrator.go:228
[0.152ms] [rows:-] SELECT DATABASE()

2022/10/27 22:00:21 /data/go/pkg/mod/gorm.io/driver/mysql@v1.3.3/migrator.go:231
[0.293ms] [rows:1] SELECT SCHEMA_NAME from Information_schema.SCHEMATA where SCHEMA_NAME LIKE 'douyin%' ORDER BY SCHEMA_NAME='douyin' DESC limit 1

2022/10/27 22:00:21 /home/cheng/Desktop/Linux/douyin-fighting/initialize/mysql.go:57
[0.171ms] [rows:-] SELECT count(*) FROM information_schema.statistics WHERE table_schema = 'douyin' AND table_name = 'comments' AND index_name = 'video_user'

2022/10/27 22:00:21 /data/go/pkg/mod/gorm.io/driver/mysql@v1.3.3/migrator.go:228
[0.067ms] [rows:-] SELECT DATABASE()

2022/10/27 22:00:21 /data/go/pkg/mod/gorm.io/driver/mysql@v1.3.3/migrator.go:231
[0.250ms] [rows:1] SELECT SCHEMA_NAME from Information_schema.SCHEMATA where SCHEMA_NAME LIKE 'douyin%' ORDER BY SCHEMA_NAME='douyin' DESC limit 1

2022/10/27 22:00:21 /home/cheng/Desktop/Linux/douyin-fighting/initialize/mysql.go:58
[0.588ms] [rows:-] SELECT count(*) FROM information_schema.tables WHERE table_schema = 'douyin' AND table_name = 'follows' AND table_type = 'BASE TABLE'

2022/10/27 22:00:21 /data/go/pkg/mod/gorm.io/driver/mysql@v1.3.3/migrator.go:228
[0.065ms] [rows:-] SELECT DATABASE()

2022/10/27 22:00:21 /data/go/pkg/mod/gorm.io/driver/mysql@v1.3.3/migrator.go:231
[0.260ms] [rows:1] SELECT SCHEMA_NAME from Information_schema.SCHEMATA where SCHEMA_NAME LIKE 'douyin%' ORDER BY SCHEMA_NAME='douyin' DESC limit 1

2022/10/27 22:00:21 /data/go/pkg/mod/gorm.io/driver/mysql@v1.3.3/migrator.go:148
[0.242ms] [rows:-] SELECT * FROM `follows` LIMIT 1

2022/10/27 22:00:21 /data/go/pkg/mod/gorm.io/driver/mysql@v1.3.3/migrator.go:166
[0.427ms] [rows:-] SELECT column_name, column_default, is_nullable = 'YES', data_type, character_maximum_length, column_type, column_key, extra, column_comment, numeric_precision, numeric_scale , datetime_precision FROM information_schema.columns WHERE table_schema = 'douyin' AND table_name = 'follows' ORDER BY ORDINAL_POSITION

2022/10/27 22:00:21 /data/go/pkg/mod/gorm.io/driver/mysql@v1.3.3/migrator.go:228
[0.062ms] [rows:-] SELECT DATABASE()

2022/10/27 22:00:21 /data/go/pkg/mod/gorm.io/driver/mysql@v1.3.3/migrator.go:231
[0.356ms] [rows:1] SELECT SCHEMA_NAME from Information_schema.SCHEMATA where SCHEMA_NAME LIKE 'douyin%' ORDER BY SCHEMA_NAME='douyin' DESC limit 1

2022/10/27 22:00:21 /home/cheng/Desktop/Linux/douyin-fighting/initialize/mysql.go:58
[0.274ms] [rows:-] SELECT count(*) FROM information_schema.statistics WHERE table_schema = 'douyin' AND table_name = 'follows' AND index_name = 'idx_01'

2022/10/27 22:00:21 /data/go/pkg/mod/gorm.io/driver/mysql@v1.3.3/migrator.go:228
[0.556ms] [rows:-] SELECT DATABASE()

2022/10/27 22:00:21 /data/go/pkg/mod/gorm.io/driver/mysql@v1.3.3/migrator.go:231
[0.359ms] [rows:1] SELECT SCHEMA_NAME from Information_schema.SCHEMATA where SCHEMA_NAME LIKE 'douyin%' ORDER BY SCHEMA_NAME='douyin' DESC limit 1

2022/10/27 22:00:21 /home/cheng/Desktop/Linux/douyin-fighting/initialize/mysql.go:58
[0.203ms] [rows:-] SELECT count(*) FROM information_schema.statistics WHERE table_schema = 'douyin' AND table_name = 'follows' AND index_name = 'idx_02'

2022/10/27 22:00:21 /home/cheng/Desktop/Linux/douyin-fighting/service/video_redis.go:47
[0.246ms] [rows:0] SELECT * FROM `videos`
