Global
Viper

2022/10/29 15:58:07 /data/go/pkg/mod/gorm.io/driver/mysql@v1.3.3/migrator.go:228
[0.187ms] [rows:-] SELECT DATABASE()

2022/10/29 15:58:07 /data/go/pkg/mod/gorm.io/driver/mysql@v1.3.3/migrator.go:231
[0.515ms] [rows:1] SELECT SCHEMA_NAME from Information_schema.SCHEMATA where SCHEMA_NAME LIKE 'douyin%' ORDER BY SCHEMA_NAME='douyin' DESC limit 1

2022/10/29 15:58:07 /home/cheng/Desktop/Linux/douyin-fighting/initialize/mysql.go:54
[1.092ms] [rows:-] SELECT count(*) FROM information_schema.tables WHERE table_schema = 'douyin' AND table_name = 'users' AND table_type = 'BASE TABLE'

2022/10/29 15:58:07 /data/go/pkg/mod/gorm.io/driver/mysql@v1.3.3/migrator.go:228
[0.128ms] [rows:-] SELECT DATABASE()

2022/10/29 15:58:07 /data/go/pkg/mod/gorm.io/driver/mysql@v1.3.3/migrator.go:231
[0.396ms] [rows:1] SELECT SCHEMA_NAME from Information_schema.SCHEMATA where SCHEMA_NAME LIKE 'douyin%' ORDER BY SCHEMA_NAME='douyin' DESC limit 1

2022/10/29 15:58:07 /data/go/pkg/mod/gorm.io/driver/mysql@v1.3.3/migrator.go:148
[4.531ms] [rows:-] SELECT * FROM `users` LIMIT 1

2022/10/29 15:58:07 /data/go/pkg/mod/gorm.io/driver/mysql@v1.3.3/migrator.go:166
[0.590ms] [rows:-] SELECT column_name, column_default, is_nullable = 'YES', data_type, character_maximum_length, column_type, column_key, extra, column_comment, numeric_precision, numeric_scale , datetime_precision FROM information_schema.columns WHERE table_schema = 'douyin' AND table_name = 'users' ORDER BY ORDINAL_POSITION

2022/10/29 15:58:07 /data/go/pkg/mod/gorm.io/driver/mysql@v1.3.3/migrator.go:228
[0.148ms] [rows:-] SELECT DATABASE()

2022/10/29 15:58:07 /data/go/pkg/mod/gorm.io/driver/mysql@v1.3.3/migrator.go:231
[1.495ms] [rows:1] SELECT SCHEMA_NAME from Information_schema.SCHEMATA where SCHEMA_NAME LIKE 'douyin%' ORDER BY SCHEMA_NAME='douyin' DESC limit 1

2022/10/29 15:58:07 /home/cheng/Desktop/Linux/douyin-fighting/initialize/mysql.go:55
[0.448ms] [rows:-] SELECT count(*) FROM information_schema.tables WHERE table_schema = 'douyin' AND table_name = 'videos' AND table_type = 'BASE TABLE'

2022/10/29 15:58:07 /data/go/pkg/mod/gorm.io/driver/mysql@v1.3.3/migrator.go:228
[0.127ms] [rows:-] SELECT DATABASE()

2022/10/29 15:58:07 /data/go/pkg/mod/gorm.io/driver/mysql@v1.3.3/migrator.go:231
[0.873ms] [rows:1] SELECT SCHEMA_NAME from Information_schema.SCHEMATA where SCHEMA_NAME LIKE 'douyin%' ORDER BY SCHEMA_NAME='douyin' DESC limit 1

2022/10/29 15:58:07 /data/go/pkg/mod/gorm.io/driver/mysql@v1.3.3/migrator.go:148
[0.607ms] [rows:-] SELECT * FROM `videos` LIMIT 1

2022/10/29 15:58:07 /data/go/pkg/mod/gorm.io/driver/mysql@v1.3.3/migrator.go:166
[0.502ms] [rows:-] SELECT column_name, column_default, is_nullable = 'YES', data_type, character_maximum_length, column_type, column_key, extra, column_comment, numeric_precision, numeric_scale , datetime_precision FROM information_schema.columns WHERE table_schema = 'douyin' AND table_name = 'videos' ORDER BY ORDINAL_POSITION

2022/10/29 15:58:07 /data/go/pkg/mod/gorm.io/driver/mysql@v1.3.3/migrator.go:228
[0.127ms] [rows:-] SELECT DATABASE()

2022/10/29 15:58:07 /data/go/pkg/mod/gorm.io/driver/mysql@v1.3.3/migrator.go:231
[0.373ms] [rows:1] SELECT SCHEMA_NAME from Information_schema.SCHEMATA where SCHEMA_NAME LIKE 'douyin%' ORDER BY SCHEMA_NAME='douyin' DESC limit 1

2022/10/29 15:58:07 /home/cheng/Desktop/Linux/douyin-fighting/initialize/mysql.go:55
[0.325ms] [rows:-] SELECT count(*) FROM information_schema.statistics WHERE table_schema = 'douyin' AND table_name = 'videos' AND index_name = 'idx_videos_author_id'

2022/10/29 15:58:07 /data/go/pkg/mod/gorm.io/driver/mysql@v1.3.3/migrator.go:228
[0.122ms] [rows:-] SELECT DATABASE()

2022/10/29 15:58:07 /data/go/pkg/mod/gorm.io/driver/mysql@v1.3.3/migrator.go:231
[0.377ms] [rows:1] SELECT SCHEMA_NAME from Information_schema.SCHEMATA where SCHEMA_NAME LIKE 'douyin%' ORDER BY SCHEMA_NAME='douyin' DESC limit 1

2022/10/29 15:58:07 /home/cheng/Desktop/Linux/douyin-fighting/initialize/mysql.go:55
[0.311ms] [rows:-] SELECT count(*) FROM information_schema.statistics WHERE table_schema = 'douyin' AND table_name = 'videos' AND index_name = 'idx_videos_created_at'

2022/10/29 15:58:07 /data/go/pkg/mod/gorm.io/driver/mysql@v1.3.3/migrator.go:228
[0.147ms] [rows:-] SELECT DATABASE()

2022/10/29 15:58:07 /data/go/pkg/mod/gorm.io/driver/mysql@v1.3.3/migrator.go:231
[1.011ms] [rows:1] SELECT SCHEMA_NAME from Information_schema.SCHEMATA where SCHEMA_NAME LIKE 'douyin%' ORDER BY SCHEMA_NAME='douyin' DESC limit 1

2022/10/29 15:58:07 /home/cheng/Desktop/Linux/douyin-fighting/initialize/mysql.go:56
[0.339ms] [rows:-] SELECT count(*) FROM information_schema.tables WHERE table_schema = 'douyin' AND table_name = 'favorites' AND table_type = 'BASE TABLE'

2022/10/29 15:58:07 /data/go/pkg/mod/gorm.io/driver/mysql@v1.3.3/migrator.go:228
[0.103ms] [rows:-] SELECT DATABASE()

2022/10/29 15:58:07 /data/go/pkg/mod/gorm.io/driver/mysql@v1.3.3/migrator.go:231
[1.588ms] [rows:1] SELECT SCHEMA_NAME from Information_schema.SCHEMATA where SCHEMA_NAME LIKE 'douyin%' ORDER BY SCHEMA_NAME='douyin' DESC limit 1

2022/10/29 15:58:07 /data/go/pkg/mod/gorm.io/driver/mysql@v1.3.3/migrator.go:148
[0.797ms] [rows:-] SELECT * FROM `favorites` LIMIT 1

2022/10/29 15:58:07 /data/go/pkg/mod/gorm.io/driver/mysql@v1.3.3/migrator.go:166
[0.548ms] [rows:-] SELECT column_name, column_default, is_nullable = 'YES', data_type, character_maximum_length, column_type, column_key, extra, column_comment, numeric_precision, numeric_scale , datetime_precision FROM information_schema.columns WHERE table_schema = 'douyin' AND table_name = 'favorites' ORDER BY ORDINAL_POSITION

2022/10/29 15:58:07 /data/go/pkg/mod/gorm.io/driver/mysql@v1.3.3/migrator.go:228
[0.130ms] [rows:-] SELECT DATABASE()

2022/10/29 15:58:07 /data/go/pkg/mod/gorm.io/driver/mysql@v1.3.3/migrator.go:231
[0.921ms] [rows:1] SELECT SCHEMA_NAME from Information_schema.SCHEMATA where SCHEMA_NAME LIKE 'douyin%' ORDER BY SCHEMA_NAME='douyin' DESC limit 1

2022/10/29 15:58:07 /home/cheng/Desktop/Linux/douyin-fighting/initialize/mysql.go:56
[0.327ms] [rows:-] SELECT count(*) FROM information_schema.statistics WHERE table_schema = 'douyin' AND table_name = 'favorites' AND index_name = 'idx_01'

2022/10/29 15:58:07 /data/go/pkg/mod/gorm.io/driver/mysql@v1.3.3/migrator.go:228
[0.092ms] [rows:-] SELECT DATABASE()

2022/10/29 15:58:07 /data/go/pkg/mod/gorm.io/driver/mysql@v1.3.3/migrator.go:231
[3.534ms] [rows:1] SELECT SCHEMA_NAME from Information_schema.SCHEMATA where SCHEMA_NAME LIKE 'douyin%' ORDER BY SCHEMA_NAME='douyin' DESC limit 1

2022/10/29 15:58:07 /home/cheng/Desktop/Linux/douyin-fighting/initialize/mysql.go:56
[0.458ms] [rows:-] SELECT count(*) FROM information_schema.statistics WHERE table_schema = 'douyin' AND table_name = 'favorites' AND index_name = 'idx_02'

2022/10/29 15:58:07 /data/go/pkg/mod/gorm.io/driver/mysql@v1.3.3/migrator.go:228
[0.247ms] [rows:-] SELECT DATABASE()

2022/10/29 15:58:07 /data/go/pkg/mod/gorm.io/driver/mysql@v1.3.3/migrator.go:231
[0.608ms] [rows:1] SELECT SCHEMA_NAME from Information_schema.SCHEMATA where SCHEMA_NAME LIKE 'douyin%' ORDER BY SCHEMA_NAME='douyin' DESC limit 1

2022/10/29 15:58:07 /home/cheng/Desktop/Linux/douyin-fighting/initialize/mysql.go:57
[1.017ms] [rows:-] SELECT count(*) FROM information_schema.tables WHERE table_schema = 'douyin' AND table_name = 'comments' AND table_type = 'BASE TABLE'

2022/10/29 15:58:07 /data/go/pkg/mod/gorm.io/driver/mysql@v1.3.3/migrator.go:228
[0.180ms] [rows:-] SELECT DATABASE()

2022/10/29 15:58:07 /data/go/pkg/mod/gorm.io/driver/mysql@v1.3.3/migrator.go:231
[0.397ms] [rows:1] SELECT SCHEMA_NAME from Information_schema.SCHEMATA where SCHEMA_NAME LIKE 'douyin%' ORDER BY SCHEMA_NAME='douyin' DESC limit 1

2022/10/29 15:58:07 /data/go/pkg/mod/gorm.io/driver/mysql@v1.3.3/migrator.go:148
[0.200ms] [rows:-] SELECT * FROM `comments` LIMIT 1

2022/10/29 15:58:07 /data/go/pkg/mod/gorm.io/driver/mysql@v1.3.3/migrator.go:166
[0.583ms] [rows:-] SELECT column_name, column_default, is_nullable = 'YES', data_type, character_maximum_length, column_type, column_key, extra, column_comment, numeric_precision, numeric_scale , datetime_precision FROM information_schema.columns WHERE table_schema = 'douyin' AND table_name = 'comments' ORDER BY ORDINAL_POSITION

2022/10/29 15:58:07 /data/go/pkg/mod/gorm.io/driver/mysql@v1.3.3/migrator.go:228
[0.130ms] [rows:-] SELECT DATABASE()

2022/10/29 15:58:07 /data/go/pkg/mod/gorm.io/driver/mysql@v1.3.3/migrator.go:231
[0.372ms] [rows:1] SELECT SCHEMA_NAME from Information_schema.SCHEMATA where SCHEMA_NAME LIKE 'douyin%' ORDER BY SCHEMA_NAME='douyin' DESC limit 1

2022/10/29 15:58:07 /home/cheng/Desktop/Linux/douyin-fighting/initialize/mysql.go:57
[0.323ms] [rows:-] SELECT count(*) FROM information_schema.statistics WHERE table_schema = 'douyin' AND table_name = 'comments' AND index_name = 'video_user'

2022/10/29 15:58:07 /data/go/pkg/mod/gorm.io/driver/mysql@v1.3.3/migrator.go:228
[0.130ms] [rows:-] SELECT DATABASE()

2022/10/29 15:58:07 /data/go/pkg/mod/gorm.io/driver/mysql@v1.3.3/migrator.go:231
[0.849ms] [rows:1] SELECT SCHEMA_NAME from Information_schema.SCHEMATA where SCHEMA_NAME LIKE 'douyin%' ORDER BY SCHEMA_NAME='douyin' DESC limit 1

2022/10/29 15:58:07 /home/cheng/Desktop/Linux/douyin-fighting/initialize/mysql.go:58
[0.312ms] [rows:-] SELECT count(*) FROM information_schema.tables WHERE table_schema = 'douyin' AND table_name = 'follows' AND table_type = 'BASE TABLE'

2022/10/29 15:58:07 /data/go/pkg/mod/gorm.io/driver/mysql@v1.3.3/migrator.go:228
[0.726ms] [rows:-] SELECT DATABASE()

2022/10/29 15:58:07 /data/go/pkg/mod/gorm.io/driver/mysql@v1.3.3/migrator.go:231
[2.378ms] [rows:1] SELECT SCHEMA_NAME from Information_schema.SCHEMATA where SCHEMA_NAME LIKE 'douyin%' ORDER BY SCHEMA_NAME='douyin' DESC limit 1

2022/10/29 15:58:07 /data/go/pkg/mod/gorm.io/driver/mysql@v1.3.3/migrator.go:148
[0.739ms] [rows:-] SELECT * FROM `follows` LIMIT 1

2022/10/29 15:58:07 /data/go/pkg/mod/gorm.io/driver/mysql@v1.3.3/migrator.go:166
[0.718ms] [rows:-] SELECT column_name, column_default, is_nullable = 'YES', data_type, character_maximum_length, column_type, column_key, extra, column_comment, numeric_precision, numeric_scale , datetime_precision FROM information_schema.columns WHERE table_schema = 'douyin' AND table_name = 'follows' ORDER BY ORDINAL_POSITION

2022/10/29 15:58:07 /data/go/pkg/mod/gorm.io/driver/mysql@v1.3.3/migrator.go:228
[0.132ms] [rows:-] SELECT DATABASE()

2022/10/29 15:58:07 /data/go/pkg/mod/gorm.io/driver/mysql@v1.3.3/migrator.go:231
[0.894ms] [rows:1] SELECT SCHEMA_NAME from Information_schema.SCHEMATA where SCHEMA_NAME LIKE 'douyin%' ORDER BY SCHEMA_NAME='douyin' DESC limit 1

2022/10/29 15:58:07 /home/cheng/Desktop/Linux/douyin-fighting/initialize/mysql.go:58
[0.433ms] [rows:-] SELECT count(*) FROM information_schema.statistics WHERE table_schema = 'douyin' AND table_name = 'follows' AND index_name = 'idx_01'

2022/10/29 15:58:07 /data/go/pkg/mod/gorm.io/driver/mysql@v1.3.3/migrator.go:228
[0.158ms] [rows:-] SELECT DATABASE()

2022/10/29 15:58:07 /data/go/pkg/mod/gorm.io/driver/mysql@v1.3.3/migrator.go:231
[0.422ms] [rows:1] SELECT SCHEMA_NAME from Information_schema.SCHEMATA where SCHEMA_NAME LIKE 'douyin%' ORDER BY SCHEMA_NAME='douyin' DESC limit 1

2022/10/29 15:58:07 /home/cheng/Desktop/Linux/douyin-fighting/initialize/mysql.go:58
[0.336ms] [rows:-] SELECT count(*) FROM information_schema.statistics WHERE table_schema = 'douyin' AND table_name = 'follows' AND index_name = 'idx_02'
MySQL
Redis
1111111111111111111
0.0.0.0:8080GetVideoListByIDsRedis: later
[GIN] 2022/10/29 - 15:58:09 | 200 |      735.22µs |    192.168.77.1 | GET      "/douyin/favorite/list/?token=eyJhbGciOiJIUzI1NiIsInR5cCI6IkpXVCJ9.eyJVc2VySUQiOjIzNDczNjIxMTk2MzYxMDg5LCJOYW1lIjoiMSIsImV4cCI6MTY2NzE3MDUyNiwibmJmIjoxNjY3MDg0MTI2LCJpYXQiOjE2NjcwODQxMjZ9.nraqzPXUP3A6LV8vHw9S6gsIaH9HBnssJt9WICfz5Ww&user_id=23473621196361089"
[GIN] 2022/10/29 - 15:58:09 | 200 |      967.35µs |    192.168.77.1 | GET      "/douyin/publish/list/?token=eyJhbGciOiJIUzI1NiIsInR5cCI6IkpXVCJ9.eyJVc2VySUQiOjIzNDczNjIxMTk2MzYxMDg5LCJOYW1lIjoiMSIsImV4cCI6MTY2NzE3MDUyNiwibmJmIjoxNjY3MDg0MTI2LCJpYXQiOjE2NjcwODQxMjZ9.nraqzPXUP3A6LV8vHw9S6gsIaH9HBnssJt9WICfz5Ww&user_id=23473621196361089"
Feed ================
GetFeed 1
GetFeed 2
GetFeed 3
[23476001883311489 23474693730225537 23474522149637505 23474442524970369 23473691677445505]
Video:23476001883311489 : in redis
GetVideoListByIDsRedis: later

2022/10/29 15:58:11 /home/cheng/Desktop/Linux/douyin-fighting/service/video.go:268
[0.943ms] [rows:4] SELECT * FROM `videos` WHERE video_id in (23474693730225537,23474522149637505,23474442524970369,23473691677445505)
result:  &{0xc0000c7050 <nil> 4 0xc0003141c0 0} 
 result error:  <nil>

2022/10/29 15:58:11 /home/cheng/Desktop/Linux/douyin-fighting/service/comment.go:209
[0.879ms] [rows:0] SELECT `video_id`,COUNT(video_id) as comment_count FROM `comments` WHERE video_id in (23474693730225537,23474522149637505,23474442524970369,23473691677445505) AND `comments`.`deleted_at` IS NULL GROUP BY `video_id`

2022/10/29 15:58:11 /home/cheng/Desktop/Linux/douyin-fighting/service/favorite.go:178
[0.692ms] [rows:0] SELECT `video_id`,COUNT(video_id) as favorite_count FROM `favorites` WHERE video_id in (23474693730225537,23474522149637505,23474442524970369,23473691677445505) and is_favorite = true GROUP BY `video_id`
GetFavoriteCountListByVideoIDList: 
GetVideoListByIDsSql: 
GetVideoListByIDsRedis:  &[{23476001883311489 aaa 23476001883311489 23476001883311489.jpg 0 0 0 2022-10-29 15:53:08.697 -0700 PDT <nil>} {0    0 0 0 0001-01-01 00:00:00 +0000 UTC <nil>} {0    0 0 0 0001-01-01 00:00:00 +0000 UTC <nil>} {0    0 0 0 0001-01-01 00:00:00 +0000 UTC <nil>} {0    0 0 0 0001-01-01 00:00:00 +0000 UTC <nil>}]  
 [23476001883311489 23474693730225537 23474522149637505 23474442524970369 23473691677445505]
numVideos:  0
[GIN] 2022/10/29 - 15:58:11 | 500 |    3.828695ms |    192.168.77.1 | GET      "/douyin/feed/?latest_time=1667084292154"

2022/10/29 15:58:18 /home/cheng/Desktop/Linux/douyin-fighting/service/user.go:28
[0.588ms] [rows:1] SELECT * FROM `users` WHERE name = '1' LIMIT 1
[GIN] 2022/10/29 - 15:58:18 | 200 |   61.592109ms |    192.168.77.1 | POST     "/douyin/user/login/?username=1&password=111111"
[GIN] 2022/10/29 - 15:58:18 | 200 |     754.324µs |    192.168.77.1 | GET      "/douyin/user/?user_id=23473621196361089&token=eyJhbGciOiJIUzI1NiIsInR5cCI6IkpXVCJ9.eyJVc2VySUQiOjIzNDczNjIxMTk2MzYxMDg5LCJOYW1lIjoiMSIsImV4cCI6MTY2NzE3MDY5OCwibmJmIjoxNjY3MDg0Mjk4LCJpYXQiOjE2NjcwODQyOTh9.TjFfZ7N-TLMwVFxFhaXOgFJzgI-1YuZteyxQXZ9rEhs"
GetVideoListByIDsRedis: later
[GIN] 2022/10/29 - 15:58:18 | 200 |     533.279µs |    192.168.77.1 | GET      "/douyin/publish/list/?token=eyJhbGciOiJIUzI1NiIsInR5cCI6IkpXVCJ9.eyJVc2VySUQiOjIzNDczNjIxMTk2MzYxMDg5LCJOYW1lIjoiMSIsImV4cCI6MTY2NzE3MDY5OCwibmJmIjoxNjY3MDg0Mjk4LCJpYXQiOjE2NjcwODQyOTh9.TjFfZ7N-TLMwVFxFhaXOgFJzgI-1YuZteyxQXZ9rEhs&user_id=23473621196361089"
[GIN] 2022/10/29 - 15:58:18 | 200 |    1.181005ms |    192.168.77.1 | GET      "/douyin/favorite/list/?token=eyJhbGciOiJIUzI1NiIsInR5cCI6IkpXVCJ9.eyJVc2VySUQiOjIzNDczNjIxMTk2MzYxMDg5LCJOYW1lIjoiMSIsImV4cCI6MTY2NzE3MDY5OCwibmJmIjoxNjY3MDg0Mjk4LCJpYXQiOjE2NjcwODQyOTh9.TjFfZ7N-TLMwVFxFhaXOgFJzgI-1YuZteyxQXZ9rEhs&user_id=23473621196361089"
Feed ================
GetFeed 1
GetFeed 2
numVideos:  0
GetFeed 1
GetFeed 2
GetFeed 3
[23476001883311489 23474693730225537 23474522149637505 23474442524970369 23473691677445505]
Video:23476001883311489 : in redis
GetVideoListByIDsRedis: later

2022/10/29 15:58:23 /home/cheng/Desktop/Linux/douyin-fighting/service/video.go:268
[1.357ms] [rows:4] SELECT * FROM `videos` WHERE video_id in (23474693730225537,23474522149637505,23474442524970369,23473691677445505)
result:  &{0xc0000c7050 <nil> 4 0xc0003a6380 0} 
 result error:  <nil>

2022/10/29 15:58:23 /home/cheng/Desktop/Linux/douyin-fighting/service/comment.go:209
[0.582ms] [rows:0] SELECT `video_id`,COUNT(video_id) as comment_count FROM `comments` WHERE video_id in (23474693730225537,23474522149637505,23474442524970369,23473691677445505) AND `comments`.`deleted_at` IS NULL GROUP BY `video_id`

2022/10/29 15:58:23 /home/cheng/Desktop/Linux/douyin-fighting/service/favorite.go:178
[0.415ms] [rows:0] SELECT `video_id`,COUNT(video_id) as favorite_count FROM `favorites` WHERE video_id in (23474693730225537,23474522149637505,23474442524970369,23473691677445505) and is_favorite = true GROUP BY `video_id`
GetFavoriteCountListByVideoIDList: 
GetVideoListByIDsSql: 
GetVideoListByIDsRedis:  &[{23476001883311489 aaa 23476001883311489 23476001883311489.jpg 0 0 0 2022-10-29 15:53:08.697 -0700 PDT <nil>} {0    0 0 0 0001-01-01 00:00:00 +0000 UTC <nil>} {0    0 0 0 0001-01-01 00:00:00 +0000 UTC <nil>} {0    0 0 0 0001-01-01 00:00:00 +0000 UTC <nil>} {0    0 0 0 0001-01-01 00:00:00 +0000 UTC <nil>}]  
 [23476001883311489 23474693730225537 23474522149637505 23474442524970369 23473691677445505]
numVideos:  0
[GIN] 2022/10/29 - 15:58:23 | 200 |    3.256392ms |    192.168.77.1 | GET      "/douyin/feed/?latest_time=0&token=eyJhbGciOiJIUzI1NiIsInR5cCI6IkpXVCJ9.eyJVc2VySUQiOjIzNDczNjIxMTk2MzYxMDg5LCJOYW1lIjoiMSIsImV4cCI6MTY2NzE3MDY5OCwibmJmIjoxNjY3MDg0Mjk4LCJpYXQiOjE2NjcwODQyOTh9.TjFfZ7N-TLMwVFxFhaXOgFJzgI-1YuZteyxQXZ9rEhs"
