Global
Viper

2022/10/29 14:36:09 /data/go/pkg/mod/gorm.io/driver/mysql@v1.3.3/migrator.go:228
[0.085ms] [rows:-] SELECT DATABASE()

2022/10/29 14:36:09 /data/go/pkg/mod/gorm.io/driver/mysql@v1.3.3/migrator.go:231
[0.648ms] [rows:1] SELECT SCHEMA_NAME from Information_schema.SCHEMATA where SCHEMA_NAME LIKE 'douyin%' ORDER BY SCHEMA_NAME='douyin' DESC limit 1

2022/10/29 14:36:09 /home/cheng/Desktop/Linux/douyin-fighting/initialize/mysql.go:54
[0.380ms] [rows:-] SELECT count(*) FROM information_schema.tables WHERE table_schema = 'douyin' AND table_name = 'users' AND table_type = 'BASE TABLE'

2022/10/29 14:36:09 /data/go/pkg/mod/gorm.io/driver/mysql@v1.3.3/migrator.go:228
[0.060ms] [rows:-] SELECT DATABASE()

2022/10/29 14:36:09 /data/go/pkg/mod/gorm.io/driver/mysql@v1.3.3/migrator.go:231
[0.361ms] [rows:1] SELECT SCHEMA_NAME from Information_schema.SCHEMATA where SCHEMA_NAME LIKE 'douyin%' ORDER BY SCHEMA_NAME='douyin' DESC limit 1

2022/10/29 14:36:09 /data/go/pkg/mod/gorm.io/driver/mysql@v1.3.3/migrator.go:148
[0.122ms] [rows:-] SELECT * FROM `users` LIMIT 1

2022/10/29 14:36:09 /data/go/pkg/mod/gorm.io/driver/mysql@v1.3.3/migrator.go:166
[2.497ms] [rows:-] SELECT column_name, column_default, is_nullable = 'YES', data_type, character_maximum_length, column_type, column_key, extra, column_comment, numeric_precision, numeric_scale , datetime_precision FROM information_schema.columns WHERE table_schema = 'douyin' AND table_name = 'users' ORDER BY ORDINAL_POSITION

2022/10/29 14:36:09 /data/go/pkg/mod/gorm.io/driver/mysql@v1.3.3/migrator.go:228
[0.228ms] [rows:-] SELECT DATABASE()

2022/10/29 14:36:09 /data/go/pkg/mod/gorm.io/driver/mysql@v1.3.3/migrator.go:231
[0.924ms] [rows:1] SELECT SCHEMA_NAME from Information_schema.SCHEMATA where SCHEMA_NAME LIKE 'douyin%' ORDER BY SCHEMA_NAME='douyin' DESC limit 1

2022/10/29 14:36:09 /home/cheng/Desktop/Linux/douyin-fighting/initialize/mysql.go:55
[0.315ms] [rows:-] SELECT count(*) FROM information_schema.tables WHERE table_schema = 'douyin' AND table_name = 'videos' AND table_type = 'BASE TABLE'

2022/10/29 14:36:09 /data/go/pkg/mod/gorm.io/driver/mysql@v1.3.3/migrator.go:228
[0.057ms] [rows:-] SELECT DATABASE()

2022/10/29 14:36:09 /data/go/pkg/mod/gorm.io/driver/mysql@v1.3.3/migrator.go:231
[0.292ms] [rows:1] SELECT SCHEMA_NAME from Information_schema.SCHEMATA where SCHEMA_NAME LIKE 'douyin%' ORDER BY SCHEMA_NAME='douyin' DESC limit 1

2022/10/29 14:36:09 /data/go/pkg/mod/gorm.io/driver/mysql@v1.3.3/migrator.go:148
[0.435ms] [rows:-] SELECT * FROM `videos` LIMIT 1

2022/10/29 14:36:09 /data/go/pkg/mod/gorm.io/driver/mysql@v1.3.3/migrator.go:166
[0.801ms] [rows:-] SELECT column_name, column_default, is_nullable = 'YES', data_type, character_maximum_length, column_type, column_key, extra, column_comment, numeric_precision, numeric_scale , datetime_precision FROM information_schema.columns WHERE table_schema = 'douyin' AND table_name = 'videos' ORDER BY ORDINAL_POSITION

2022/10/29 14:36:09 /data/go/pkg/mod/gorm.io/driver/mysql@v1.3.3/migrator.go:228
[0.057ms] [rows:-] SELECT DATABASE()

2022/10/29 14:36:09 /data/go/pkg/mod/gorm.io/driver/mysql@v1.3.3/migrator.go:231
[0.338ms] [rows:1] SELECT SCHEMA_NAME from Information_schema.SCHEMATA where SCHEMA_NAME LIKE 'douyin%' ORDER BY SCHEMA_NAME='douyin' DESC limit 1

2022/10/29 14:36:09 /home/cheng/Desktop/Linux/douyin-fighting/initialize/mysql.go:55
[0.533ms] [rows:-] SELECT count(*) FROM information_schema.statistics WHERE table_schema = 'douyin' AND table_name = 'videos' AND index_name = 'idx_videos_created_at'

2022/10/29 14:36:09 /data/go/pkg/mod/gorm.io/driver/mysql@v1.3.3/migrator.go:228
[0.056ms] [rows:-] SELECT DATABASE()

2022/10/29 14:36:09 /data/go/pkg/mod/gorm.io/driver/mysql@v1.3.3/migrator.go:231
[0.344ms] [rows:1] SELECT SCHEMA_NAME from Information_schema.SCHEMATA where SCHEMA_NAME LIKE 'douyin%' ORDER BY SCHEMA_NAME='douyin' DESC limit 1

2022/10/29 14:36:09 /home/cheng/Desktop/Linux/douyin-fighting/initialize/mysql.go:55
[0.270ms] [rows:-] SELECT count(*) FROM information_schema.statistics WHERE table_schema = 'douyin' AND table_name = 'videos' AND index_name = 'idx_videos_author_id'

2022/10/29 14:36:09 /data/go/pkg/mod/gorm.io/driver/mysql@v1.3.3/migrator.go:228
[0.055ms] [rows:-] SELECT DATABASE()

2022/10/29 14:36:09 /data/go/pkg/mod/gorm.io/driver/mysql@v1.3.3/migrator.go:231
[0.698ms] [rows:1] SELECT SCHEMA_NAME from Information_schema.SCHEMATA where SCHEMA_NAME LIKE 'douyin%' ORDER BY SCHEMA_NAME='douyin' DESC limit 1

2022/10/29 14:36:09 /home/cheng/Desktop/Linux/douyin-fighting/initialize/mysql.go:56
[0.311ms] [rows:-] SELECT count(*) FROM information_schema.tables WHERE table_schema = 'douyin' AND table_name = 'favorites' AND table_type = 'BASE TABLE'

2022/10/29 14:36:09 /data/go/pkg/mod/gorm.io/driver/mysql@v1.3.3/migrator.go:228
[0.055ms] [rows:-] SELECT DATABASE()

2022/10/29 14:36:09 /data/go/pkg/mod/gorm.io/driver/mysql@v1.3.3/migrator.go:231
[0.843ms] [rows:1] SELECT SCHEMA_NAME from Information_schema.SCHEMATA where SCHEMA_NAME LIKE 'douyin%' ORDER BY SCHEMA_NAME='douyin' DESC limit 1

2022/10/29 14:36:09 /data/go/pkg/mod/gorm.io/driver/mysql@v1.3.3/migrator.go:148
[0.402ms] [rows:-] SELECT * FROM `favorites` LIMIT 1

2022/10/29 14:36:09 /data/go/pkg/mod/gorm.io/driver/mysql@v1.3.3/migrator.go:166
[0.491ms] [rows:-] SELECT column_name, column_default, is_nullable = 'YES', data_type, character_maximum_length, column_type, column_key, extra, column_comment, numeric_precision, numeric_scale , datetime_precision FROM information_schema.columns WHERE table_schema = 'douyin' AND table_name = 'favorites' ORDER BY ORDINAL_POSITION

2022/10/29 14:36:09 /data/go/pkg/mod/gorm.io/driver/mysql@v1.3.3/migrator.go:228
[0.059ms] [rows:-] SELECT DATABASE()

2022/10/29 14:36:09 /data/go/pkg/mod/gorm.io/driver/mysql@v1.3.3/migrator.go:231
[0.260ms] [rows:1] SELECT SCHEMA_NAME from Information_schema.SCHEMATA where SCHEMA_NAME LIKE 'douyin%' ORDER BY SCHEMA_NAME='douyin' DESC limit 1

2022/10/29 14:36:09 /home/cheng/Desktop/Linux/douyin-fighting/initialize/mysql.go:56
[0.360ms] [rows:-] SELECT count(*) FROM information_schema.statistics WHERE table_schema = 'douyin' AND table_name = 'favorites' AND index_name = 'idx_01'

2022/10/29 14:36:09 /data/go/pkg/mod/gorm.io/driver/mysql@v1.3.3/migrator.go:228
[0.054ms] [rows:-] SELECT DATABASE()

2022/10/29 14:36:09 /data/go/pkg/mod/gorm.io/driver/mysql@v1.3.3/migrator.go:231
[0.315ms] [rows:1] SELECT SCHEMA_NAME from Information_schema.SCHEMATA where SCHEMA_NAME LIKE 'douyin%' ORDER BY SCHEMA_NAME='douyin' DESC limit 1

2022/10/29 14:36:09 /home/cheng/Desktop/Linux/douyin-fighting/initialize/mysql.go:56
[0.481ms] [rows:-] SELECT count(*) FROM information_schema.statistics WHERE table_schema = 'douyin' AND table_name = 'favorites' AND index_name = 'idx_02'

2022/10/29 14:36:09 /data/go/pkg/mod/gorm.io/driver/mysql@v1.3.3/migrator.go:228
[0.060ms] [rows:-] SELECT DATABASE()

2022/10/29 14:36:09 /data/go/pkg/mod/gorm.io/driver/mysql@v1.3.3/migrator.go:231
[0.357ms] [rows:1] SELECT SCHEMA_NAME from Information_schema.SCHEMATA where SCHEMA_NAME LIKE 'douyin%' ORDER BY SCHEMA_NAME='douyin' DESC limit 1

2022/10/29 14:36:09 /home/cheng/Desktop/Linux/douyin-fighting/initialize/mysql.go:57
[0.612ms] [rows:-] SELECT count(*) FROM information_schema.tables WHERE table_schema = 'douyin' AND table_name = 'comments' AND table_type = 'BASE TABLE'

2022/10/29 14:36:09 /data/go/pkg/mod/gorm.io/driver/mysql@v1.3.3/migrator.go:228
[0.237ms] [rows:-] SELECT DATABASE()

2022/10/29 14:36:09 /data/go/pkg/mod/gorm.io/driver/mysql@v1.3.3/migrator.go:231
[0.352ms] [rows:1] SELECT SCHEMA_NAME from Information_schema.SCHEMATA where SCHEMA_NAME LIKE 'douyin%' ORDER BY SCHEMA_NAME='douyin' DESC limit 1

2022/10/29 14:36:09 /data/go/pkg/mod/gorm.io/driver/mysql@v1.3.3/migrator.go:148
[0.541ms] [rows:-] SELECT * FROM `comments` LIMIT 1

2022/10/29 14:36:09 /data/go/pkg/mod/gorm.io/driver/mysql@v1.3.3/migrator.go:166
[0.573ms] [rows:-] SELECT column_name, column_default, is_nullable = 'YES', data_type, character_maximum_length, column_type, column_key, extra, column_comment, numeric_precision, numeric_scale , datetime_precision FROM information_schema.columns WHERE table_schema = 'douyin' AND table_name = 'comments' ORDER BY ORDINAL_POSITION

2022/10/29 14:36:09 /data/go/pkg/mod/gorm.io/driver/mysql@v1.3.3/migrator.go:228
[0.077ms] [rows:-] SELECT DATABASE()

2022/10/29 14:36:09 /data/go/pkg/mod/gorm.io/driver/mysql@v1.3.3/migrator.go:231
[0.981ms] [rows:1] SELECT SCHEMA_NAME from Information_schema.SCHEMATA where SCHEMA_NAME LIKE 'douyin%' ORDER BY SCHEMA_NAME='douyin' DESC limit 1

2022/10/29 14:36:09 /home/cheng/Desktop/Linux/douyin-fighting/initialize/mysql.go:57
[0.233ms] [rows:-] SELECT count(*) FROM information_schema.statistics WHERE table_schema = 'douyin' AND table_name = 'comments' AND index_name = 'video_user'

2022/10/29 14:36:09 /data/go/pkg/mod/gorm.io/driver/mysql@v1.3.3/migrator.go:228
[0.080ms] [rows:-] SELECT DATABASE()

2022/10/29 14:36:09 /data/go/pkg/mod/gorm.io/driver/mysql@v1.3.3/migrator.go:231
[1.047ms] [rows:1] SELECT SCHEMA_NAME from Information_schema.SCHEMATA where SCHEMA_NAME LIKE 'douyin%' ORDER BY SCHEMA_NAME='douyin' DESC limit 1

2022/10/29 14:36:09 /home/cheng/Desktop/Linux/douyin-fighting/initialize/mysql.go:58
[0.405ms] [rows:-] SELECT count(*) FROM information_schema.tables WHERE table_schema = 'douyin' AND table_name = 'follows' AND table_type = 'BASE TABLE'

2022/10/29 14:36:09 /data/go/pkg/mod/gorm.io/driver/mysql@v1.3.3/migrator.go:228
[0.224ms] [rows:-] SELECT DATABASE()

2022/10/29 14:36:09 /data/go/pkg/mod/gorm.io/driver/mysql@v1.3.3/migrator.go:231
[0.591ms] [rows:1] SELECT SCHEMA_NAME from Information_schema.SCHEMATA where SCHEMA_NAME LIKE 'douyin%' ORDER BY SCHEMA_NAME='douyin' DESC limit 1

2022/10/29 14:36:09 /data/go/pkg/mod/gorm.io/driver/mysql@v1.3.3/migrator.go:148
[0.417ms] [rows:-] SELECT * FROM `follows` LIMIT 1

2022/10/29 14:36:09 /data/go/pkg/mod/gorm.io/driver/mysql@v1.3.3/migrator.go:166
[0.523ms] [rows:-] SELECT column_name, column_default, is_nullable = 'YES', data_type, character_maximum_length, column_type, column_key, extra, column_comment, numeric_precision, numeric_scale , datetime_precision FROM information_schema.columns WHERE table_schema = 'douyin' AND table_name = 'follows' ORDER BY ORDINAL_POSITION

2022/10/29 14:36:09 /data/go/pkg/mod/gorm.io/driver/mysql@v1.3.3/migrator.go:228
[0.075ms] [rows:-] SELECT DATABASE()

2022/10/29 14:36:09 /data/go/pkg/mod/gorm.io/driver/mysql@v1.3.3/migrator.go:231
[0.350ms] [rows:1] SELECT SCHEMA_NAME from Information_schema.SCHEMATA where SCHEMA_NAME LIKE 'douyin%' ORDER BY SCHEMA_NAME='douyin' DESC limit 1

2022/10/29 14:36:09 /home/cheng/Desktop/Linux/douyin-fighting/initialize/mysql.go:58
[2.690ms] [rows:-] SELECT count(*) FROM information_schema.statistics WHERE table_schema = 'douyin' AND table_name = 'follows' AND index_name = 'idx_01'

2022/10/29 14:36:09 /data/go/pkg/mod/gorm.io/driver/mysql@v1.3.3/migrator.go:228
[0.151ms] [rows:-] SELECT DATABASE()

2022/10/29 14:36:09 /data/go/pkg/mod/gorm.io/driver/mysql@v1.3.3/migrator.go:231
[0.985ms] [rows:1] SELECT SCHEMA_NAME from Information_schema.SCHEMATA where SCHEMA_NAME LIKE 'douyin%' ORDER BY SCHEMA_NAME='douyin' DESC limit 1

2022/10/29 14:36:09 /home/cheng/Desktop/Linux/douyin-fighting/initialize/mysql.go:58
[0.384ms] [rows:-] SELECT count(*) FROM information_schema.statistics WHERE table_schema = 'douyin' AND table_name = 'follows' AND index_name = 'idx_02'
MySQL
Redis
1111111111111111111
0.0.0.0:8080Feed ================
GetFeed 1
GetFeed 2
GetFeed 3

2022/10/29 14:36:14 /home/cheng/Desktop/Linux/douyin-fighting/service/video.go:254
[0.622ms] [rows:5] SELECT * FROM `videos` WHERE video_id in (23464019025218945,23462739410177409,23462573751946625,23461385153301889,23245963636264321)

2022/10/29 14:36:14 /home/cheng/Desktop/Linux/douyin-fighting/service/comment.go:209
[0.685ms] [rows:0] SELECT `video_id`,COUNT(video_id) as comment_count FROM `comments` WHERE video_id in (23464019025218945,23462739410177409,23462573751946625,23461385153301889,23245963636264321) AND `comments`.`deleted_at` IS NULL GROUP BY `video_id`

2022/10/29 14:36:14 /home/cheng/Desktop/Linux/douyin-fighting/service/favorite.go:178
[1.267ms] [rows:0] SELECT `video_id`,COUNT(video_id) as favorite_count FROM `favorites` WHERE video_id in (23464019025218945,23462739410177409,23462573751946625,23461385153301889,23245963636264321) and is_favorite = true GROUP BY `video_id`
numVideos:  0
[GIN] 2022/10/29 - 14:36:14 | 500 |    4.218928ms |    192.168.77.1 | GET      "/douyin/feed/?latest_time=1667079374666&token=eyJhbGciOiJIUzI1NiIsInR5cCI6IkpXVCJ9.eyJVc2VySUQiOjIzNDY3MjUwNTE4MzQ3MTM3LCJOYW1lIjoiMyIsImV4cCI6MTY2NzE2NTI4OSwibmJmIjoxNjY3MDc4ODg5LCJpYXQiOjE2NjcwNzg4ODl9.0B3EsW5zi93QaCi0hS7y92-sRB1S5FM5A5raASf7dTs"
Feed ================
GetFeed 1
GetFeed 2
numVideos:  0
GetFeed 1
GetFeed 2
GetFeed 3

2022/10/29 14:36:17 /home/cheng/Desktop/Linux/douyin-fighting/service/video.go:254
[0.645ms] [rows:5] SELECT * FROM `videos` WHERE video_id in (23464019025218945,23462739410177409,23462573751946625,23461385153301889,23245963636264321)

2022/10/29 14:36:17 /home/cheng/Desktop/Linux/douyin-fighting/service/comment.go:209
[0.389ms] [rows:0] SELECT `video_id`,COUNT(video_id) as comment_count FROM `comments` WHERE video_id in (23464019025218945,23462739410177409,23462573751946625,23461385153301889,23245963636264321) AND `comments`.`deleted_at` IS NULL GROUP BY `video_id`

2022/10/29 14:36:17 /home/cheng/Desktop/Linux/douyin-fighting/service/favorite.go:178
[0.421ms] [rows:0] SELECT `video_id`,COUNT(video_id) as favorite_count FROM `favorites` WHERE video_id in (23464019025218945,23462739410177409,23462573751946625,23461385153301889,23245963636264321) and is_favorite = true GROUP BY `video_id`
[GIN] 2022/10/29 - 14:36:17 | 200 |    5.497226ms |    192.168.77.1 | GET      "/douyin/feed/?latest_time=0&token=eyJhbGciOiJIUzI1NiIsInR5cCI6IkpXVCJ9.eyJVc2VySUQiOjIzNDY3MjUwNTE4MzQ3MTM3LCJOYW1lIjoiMyIsImV4cCI6MTY2NzE2NTI4OSwibmJmIjoxNjY3MDc4ODg5LCJpYXQiOjE2NjcwNzg4ODl9.0B3EsW5zi93QaCi0hS7y92-sRB1S5FM5A5raASf7dTs"
