Global
Viper

2022/10/29 14:11:31 /data/go/pkg/mod/gorm.io/driver/mysql@v1.3.3/migrator.go:228
[0.707ms] [rows:-] SELECT DATABASE()

2022/10/29 14:11:31 /data/go/pkg/mod/gorm.io/driver/mysql@v1.3.3/migrator.go:231
[0.681ms] [rows:1] SELECT SCHEMA_NAME from Information_schema.SCHEMATA where SCHEMA_NAME LIKE 'douyin%' ORDER BY SCHEMA_NAME='douyin' DESC limit 1

2022/10/29 14:11:31 /home/cheng/Desktop/Linux/douyin-fighting/initialize/mysql.go:54
[0.328ms] [rows:-] SELECT count(*) FROM information_schema.tables WHERE table_schema = 'douyin' AND table_name = 'users' AND table_type = 'BASE TABLE'

2022/10/29 14:11:31 /data/go/pkg/mod/gorm.io/driver/mysql@v1.3.3/migrator.go:228
[0.099ms] [rows:-] SELECT DATABASE()

2022/10/29 14:11:31 /data/go/pkg/mod/gorm.io/driver/mysql@v1.3.3/migrator.go:231
[0.267ms] [rows:1] SELECT SCHEMA_NAME from Information_schema.SCHEMATA where SCHEMA_NAME LIKE 'douyin%' ORDER BY SCHEMA_NAME='douyin' DESC limit 1

2022/10/29 14:11:31 /data/go/pkg/mod/gorm.io/driver/mysql@v1.3.3/migrator.go:148
[1.010ms] [rows:-] SELECT * FROM `users` LIMIT 1

2022/10/29 14:11:31 /data/go/pkg/mod/gorm.io/driver/mysql@v1.3.3/migrator.go:166
[3.531ms] [rows:-] SELECT column_name, column_default, is_nullable = 'YES', data_type, character_maximum_length, column_type, column_key, extra, column_comment, numeric_precision, numeric_scale , datetime_precision FROM information_schema.columns WHERE table_schema = 'douyin' AND table_name = 'users' ORDER BY ORDINAL_POSITION

2022/10/29 14:11:31 /data/go/pkg/mod/gorm.io/driver/mysql@v1.3.3/migrator.go:228
[0.143ms] [rows:-] SELECT DATABASE()

2022/10/29 14:11:31 /data/go/pkg/mod/gorm.io/driver/mysql@v1.3.3/migrator.go:231
[1.279ms] [rows:1] SELECT SCHEMA_NAME from Information_schema.SCHEMATA where SCHEMA_NAME LIKE 'douyin%' ORDER BY SCHEMA_NAME='douyin' DESC limit 1

2022/10/29 14:11:31 /home/cheng/Desktop/Linux/douyin-fighting/initialize/mysql.go:55
[0.423ms] [rows:-] SELECT count(*) FROM information_schema.tables WHERE table_schema = 'douyin' AND table_name = 'videos' AND table_type = 'BASE TABLE'

2022/10/29 14:11:31 /data/go/pkg/mod/gorm.io/driver/mysql@v1.3.3/migrator.go:228
[0.142ms] [rows:-] SELECT DATABASE()

2022/10/29 14:11:31 /data/go/pkg/mod/gorm.io/driver/mysql@v1.3.3/migrator.go:231
[0.561ms] [rows:1] SELECT SCHEMA_NAME from Information_schema.SCHEMATA where SCHEMA_NAME LIKE 'douyin%' ORDER BY SCHEMA_NAME='douyin' DESC limit 1

2022/10/29 14:11:31 /data/go/pkg/mod/gorm.io/driver/mysql@v1.3.3/migrator.go:148
[2.851ms] [rows:-] SELECT * FROM `videos` LIMIT 1

2022/10/29 14:11:31 /data/go/pkg/mod/gorm.io/driver/mysql@v1.3.3/migrator.go:166
[1.234ms] [rows:-] SELECT column_name, column_default, is_nullable = 'YES', data_type, character_maximum_length, column_type, column_key, extra, column_comment, numeric_precision, numeric_scale , datetime_precision FROM information_schema.columns WHERE table_schema = 'douyin' AND table_name = 'videos' ORDER BY ORDINAL_POSITION

2022/10/29 14:11:31 /data/go/pkg/mod/gorm.io/driver/mysql@v1.3.3/migrator.go:228
[0.134ms] [rows:-] SELECT DATABASE()

2022/10/29 14:11:31 /data/go/pkg/mod/gorm.io/driver/mysql@v1.3.3/migrator.go:231
[0.402ms] [rows:1] SELECT SCHEMA_NAME from Information_schema.SCHEMATA where SCHEMA_NAME LIKE 'douyin%' ORDER BY SCHEMA_NAME='douyin' DESC limit 1

2022/10/29 14:11:31 /home/cheng/Desktop/Linux/douyin-fighting/initialize/mysql.go:55
[0.851ms] [rows:-] SELECT count(*) FROM information_schema.statistics WHERE table_schema = 'douyin' AND table_name = 'videos' AND index_name = 'idx_videos_created_at'

2022/10/29 14:11:31 /data/go/pkg/mod/gorm.io/driver/mysql@v1.3.3/migrator.go:228
[0.123ms] [rows:-] SELECT DATABASE()

2022/10/29 14:11:31 /data/go/pkg/mod/gorm.io/driver/mysql@v1.3.3/migrator.go:231
[0.379ms] [rows:1] SELECT SCHEMA_NAME from Information_schema.SCHEMATA where SCHEMA_NAME LIKE 'douyin%' ORDER BY SCHEMA_NAME='douyin' DESC limit 1

2022/10/29 14:11:31 /home/cheng/Desktop/Linux/douyin-fighting/initialize/mysql.go:55
[0.323ms] [rows:-] SELECT count(*) FROM information_schema.statistics WHERE table_schema = 'douyin' AND table_name = 'videos' AND index_name = 'idx_videos_author_id'

2022/10/29 14:11:31 /data/go/pkg/mod/gorm.io/driver/mysql@v1.3.3/migrator.go:228
[0.127ms] [rows:-] SELECT DATABASE()

2022/10/29 14:11:31 /data/go/pkg/mod/gorm.io/driver/mysql@v1.3.3/migrator.go:231
[0.384ms] [rows:1] SELECT SCHEMA_NAME from Information_schema.SCHEMATA where SCHEMA_NAME LIKE 'douyin%' ORDER BY SCHEMA_NAME='douyin' DESC limit 1

2022/10/29 14:11:31 /home/cheng/Desktop/Linux/douyin-fighting/initialize/mysql.go:56
[0.328ms] [rows:-] SELECT count(*) FROM information_schema.tables WHERE table_schema = 'douyin' AND table_name = 'favorites' AND table_type = 'BASE TABLE'

2022/10/29 14:11:31 /data/go/pkg/mod/gorm.io/driver/mysql@v1.3.3/migrator.go:228
[0.118ms] [rows:-] SELECT DATABASE()

2022/10/29 14:11:31 /data/go/pkg/mod/gorm.io/driver/mysql@v1.3.3/migrator.go:231
[1.031ms] [rows:1] SELECT SCHEMA_NAME from Information_schema.SCHEMATA where SCHEMA_NAME LIKE 'douyin%' ORDER BY SCHEMA_NAME='douyin' DESC limit 1

2022/10/29 14:11:31 /data/go/pkg/mod/gorm.io/driver/mysql@v1.3.3/migrator.go:148
[1.191ms] [rows:-] SELECT * FROM `favorites` LIMIT 1

2022/10/29 14:11:31 /data/go/pkg/mod/gorm.io/driver/mysql@v1.3.3/migrator.go:166
[0.895ms] [rows:-] SELECT column_name, column_default, is_nullable = 'YES', data_type, character_maximum_length, column_type, column_key, extra, column_comment, numeric_precision, numeric_scale , datetime_precision FROM information_schema.columns WHERE table_schema = 'douyin' AND table_name = 'favorites' ORDER BY ORDINAL_POSITION

2022/10/29 14:11:31 /data/go/pkg/mod/gorm.io/driver/mysql@v1.3.3/migrator.go:228
[0.160ms] [rows:-] SELECT DATABASE()

2022/10/29 14:11:31 /data/go/pkg/mod/gorm.io/driver/mysql@v1.3.3/migrator.go:231
[4.877ms] [rows:1] SELECT SCHEMA_NAME from Information_schema.SCHEMATA where SCHEMA_NAME LIKE 'douyin%' ORDER BY SCHEMA_NAME='douyin' DESC limit 1

2022/10/29 14:11:31 /home/cheng/Desktop/Linux/douyin-fighting/initialize/mysql.go:56
[0.466ms] [rows:-] SELECT count(*) FROM information_schema.statistics WHERE table_schema = 'douyin' AND table_name = 'favorites' AND index_name = 'idx_01'

2022/10/29 14:11:31 /data/go/pkg/mod/gorm.io/driver/mysql@v1.3.3/migrator.go:228
[0.153ms] [rows:-] SELECT DATABASE()

2022/10/29 14:11:31 /data/go/pkg/mod/gorm.io/driver/mysql@v1.3.3/migrator.go:231
[0.451ms] [rows:1] SELECT SCHEMA_NAME from Information_schema.SCHEMATA where SCHEMA_NAME LIKE 'douyin%' ORDER BY SCHEMA_NAME='douyin' DESC limit 1

2022/10/29 14:11:31 /home/cheng/Desktop/Linux/douyin-fighting/initialize/mysql.go:56
[0.980ms] [rows:-] SELECT count(*) FROM information_schema.statistics WHERE table_schema = 'douyin' AND table_name = 'favorites' AND index_name = 'idx_02'

2022/10/29 14:11:31 /data/go/pkg/mod/gorm.io/driver/mysql@v1.3.3/migrator.go:228
[0.144ms] [rows:-] SELECT DATABASE()

2022/10/29 14:11:31 /data/go/pkg/mod/gorm.io/driver/mysql@v1.3.3/migrator.go:231
[0.419ms] [rows:1] SELECT SCHEMA_NAME from Information_schema.SCHEMATA where SCHEMA_NAME LIKE 'douyin%' ORDER BY SCHEMA_NAME='douyin' DESC limit 1

2022/10/29 14:11:31 /home/cheng/Desktop/Linux/douyin-fighting/initialize/mysql.go:57
[1.593ms] [rows:-] SELECT count(*) FROM information_schema.tables WHERE table_schema = 'douyin' AND table_name = 'comments' AND table_type = 'BASE TABLE'

2022/10/29 14:11:31 /data/go/pkg/mod/gorm.io/driver/mysql@v1.3.3/migrator.go:228
[0.130ms] [rows:-] SELECT DATABASE()

2022/10/29 14:11:31 /data/go/pkg/mod/gorm.io/driver/mysql@v1.3.3/migrator.go:231
[4.467ms] [rows:1] SELECT SCHEMA_NAME from Information_schema.SCHEMATA where SCHEMA_NAME LIKE 'douyin%' ORDER BY SCHEMA_NAME='douyin' DESC limit 1

2022/10/29 14:11:31 /data/go/pkg/mod/gorm.io/driver/mysql@v1.3.3/migrator.go:148
[0.911ms] [rows:-] SELECT * FROM `comments` LIMIT 1

2022/10/29 14:11:31 /data/go/pkg/mod/gorm.io/driver/mysql@v1.3.3/migrator.go:166
[3.263ms] [rows:-] SELECT column_name, column_default, is_nullable = 'YES', data_type, character_maximum_length, column_type, column_key, extra, column_comment, numeric_precision, numeric_scale , datetime_precision FROM information_schema.columns WHERE table_schema = 'douyin' AND table_name = 'comments' ORDER BY ORDINAL_POSITION

2022/10/29 14:11:31 /data/go/pkg/mod/gorm.io/driver/mysql@v1.3.3/migrator.go:228
[0.442ms] [rows:-] SELECT DATABASE()

2022/10/29 14:11:31 /data/go/pkg/mod/gorm.io/driver/mysql@v1.3.3/migrator.go:231
[1.188ms] [rows:1] SELECT SCHEMA_NAME from Information_schema.SCHEMATA where SCHEMA_NAME LIKE 'douyin%' ORDER BY SCHEMA_NAME='douyin' DESC limit 1

2022/10/29 14:11:31 /home/cheng/Desktop/Linux/douyin-fighting/initialize/mysql.go:57
[0.224ms] [rows:-] SELECT count(*) FROM information_schema.statistics WHERE table_schema = 'douyin' AND table_name = 'comments' AND index_name = 'video_user'

2022/10/29 14:11:31 /data/go/pkg/mod/gorm.io/driver/mysql@v1.3.3/migrator.go:228
[0.071ms] [rows:-] SELECT DATABASE()

2022/10/29 14:11:31 /data/go/pkg/mod/gorm.io/driver/mysql@v1.3.3/migrator.go:231
[0.952ms] [rows:1] SELECT SCHEMA_NAME from Information_schema.SCHEMATA where SCHEMA_NAME LIKE 'douyin%' ORDER BY SCHEMA_NAME='douyin' DESC limit 1

2022/10/29 14:11:31 /home/cheng/Desktop/Linux/douyin-fighting/initialize/mysql.go:58
[0.379ms] [rows:-] SELECT count(*) FROM information_schema.tables WHERE table_schema = 'douyin' AND table_name = 'follows' AND table_type = 'BASE TABLE'

2022/10/29 14:11:31 /data/go/pkg/mod/gorm.io/driver/mysql@v1.3.3/migrator.go:228
[0.103ms] [rows:-] SELECT DATABASE()

2022/10/29 14:11:31 /data/go/pkg/mod/gorm.io/driver/mysql@v1.3.3/migrator.go:231
[0.413ms] [rows:1] SELECT SCHEMA_NAME from Information_schema.SCHEMATA where SCHEMA_NAME LIKE 'douyin%' ORDER BY SCHEMA_NAME='douyin' DESC limit 1

2022/10/29 14:11:31 /data/go/pkg/mod/gorm.io/driver/mysql@v1.3.3/migrator.go:148
[0.342ms] [rows:-] SELECT * FROM `follows` LIMIT 1

2022/10/29 14:11:31 /data/go/pkg/mod/gorm.io/driver/mysql@v1.3.3/migrator.go:166
[1.856ms] [rows:-] SELECT column_name, column_default, is_nullable = 'YES', data_type, character_maximum_length, column_type, column_key, extra, column_comment, numeric_precision, numeric_scale , datetime_precision FROM information_schema.columns WHERE table_schema = 'douyin' AND table_name = 'follows' ORDER BY ORDINAL_POSITION

2022/10/29 14:11:31 /data/go/pkg/mod/gorm.io/driver/mysql@v1.3.3/migrator.go:228
[0.387ms] [rows:-] SELECT DATABASE()

2022/10/29 14:11:31 /data/go/pkg/mod/gorm.io/driver/mysql@v1.3.3/migrator.go:231
[0.888ms] [rows:1] SELECT SCHEMA_NAME from Information_schema.SCHEMATA where SCHEMA_NAME LIKE 'douyin%' ORDER BY SCHEMA_NAME='douyin' DESC limit 1

2022/10/29 14:11:31 /home/cheng/Desktop/Linux/douyin-fighting/initialize/mysql.go:58
[0.506ms] [rows:-] SELECT count(*) FROM information_schema.statistics WHERE table_schema = 'douyin' AND table_name = 'follows' AND index_name = 'idx_02'

2022/10/29 14:11:31 /data/go/pkg/mod/gorm.io/driver/mysql@v1.3.3/migrator.go:228
[0.600ms] [rows:-] SELECT DATABASE()

2022/10/29 14:11:31 /data/go/pkg/mod/gorm.io/driver/mysql@v1.3.3/migrator.go:231
[0.634ms] [rows:1] SELECT SCHEMA_NAME from Information_schema.SCHEMATA where SCHEMA_NAME LIKE 'douyin%' ORDER BY SCHEMA_NAME='douyin' DESC limit 1

2022/10/29 14:11:31 /home/cheng/Desktop/Linux/douyin-fighting/initialize/mysql.go:58
[0.373ms] [rows:-] SELECT count(*) FROM information_schema.statistics WHERE table_schema = 'douyin' AND table_name = 'follows' AND index_name = 'idx_01'
MySQL
Redis
1111111111111111111
0.0.0.0:8080
2022/10/29 14:11:41 /home/cheng/Desktop/Linux/douyin-fighting/service/favorite.go:114
[1.885ms] [rows:0] SELECT `video_id`,`is_favorite` FROM `favorites` WHERE user_id = 23452498429758849

2022/10/29 14:11:41 /home/cheng/Desktop/Linux/douyin-fighting/service/follow.go:105
[0.631ms] [rows:0] SELECT `celebrity_id`,`is_follow` FROM `follows` WHERE follower_id = 23452498429758849
[GIN] 2022/10/29 - 14:11:41 | 200 |    4.084092ms |    192.168.77.1 | GET      "/douyin/favorite/list/?token=eyJhbGciOiJIUzI1NiIsInR5cCI6IkpXVCJ9.eyJVc2VySUQiOjIzNDUyNDk4NDI5NzU4ODQ5LCJOYW1lIjoiMSIsImV4cCI6MTY2NzE2MjM3NSwibmJmIjoxNjY3MDc1OTc1LCJpYXQiOjE2NjcwNzU5NzV9.F2evzEjkR8YpG9M2aZ58rhUZUgQCs35gx7ZE4XRjBX8&user_id=23452498429758849"

2022/10/29 14:11:41 /home/cheng/Desktop/Linux/douyin-fighting/service/video.go:121
[10.670ms] [rows:7] SELECT * FROM `videos` WHERE author_id = 23452498429758849

2022/10/29 14:11:41 /home/cheng/Desktop/Linux/douyin-fighting/service/favorite.go:178
[0.736ms] [rows:0] SELECT `video_id`,COUNT(video_id) as favorite_count FROM `favorites` WHERE video_id in (23452612732931457,23452930409516417,23452935241354625,23453395339726209,23453554370956673,23453727427939713,23453787305823617) and is_favorite = true GROUP BY `video_id`

2022/10/29 14:11:41 /home/cheng/Desktop/Linux/douyin-fighting/service/comment.go:209
[3.312ms] [rows:0] SELECT `video_id`,COUNT(video_id) as comment_count FROM `comments` WHERE video_id in (23452612732931457,23452930409516417,23452935241354625,23453395339726209,23453554370956673,23453727427939713,23453787305823617) AND `comments`.`deleted_at` IS NULL GROUP BY `video_id`

2022/10/29 14:11:41 /home/cheng/Desktop/Linux/douyin-fighting/service/user.go:51
[1.093ms] [rows:1] SELECT * FROM `users` WHERE user_id = 23452498429758849 LIMIT 1

2022/10/29 14:11:41 /home/cheng/Desktop/Linux/douyin-fighting/service/user.go:54
[0.533ms] [rows:1] SELECT count(*) FROM `follows` WHERE follower_id = 23452498429758849 and is_follow = true

2022/10/29 14:11:41 /home/cheng/Desktop/Linux/douyin-fighting/service/user.go:57
[0.435ms] [rows:1] SELECT count(*) FROM `follows` WHERE celebrity_id = 23452498429758849 and is_follow = true

2022/10/29 14:11:41 /home/cheng/Desktop/Linux/douyin-fighting/service/user.go:60
[0.330ms] [rows:1] SELECT count(*) FROM `favorites` WHERE user_id = 23452498429758849 and is_favorite = true

2022/10/29 14:11:41 /home/cheng/Desktop/Linux/douyin-fighting/service/video.go:289
[0.221ms] [rows:7] SELECT * FROM `videos` WHERE author_id = 23452498429758849

2022/10/29 14:11:41 /home/cheng/Desktop/Linux/douyin-fighting/service/favorite.go:178
[0.266ms] [rows:0] SELECT `video_id`,COUNT(video_id) as favorite_count FROM `favorites` WHERE video_id in (23453787305823617,23453727427939713,23453554370956673,23453395339726209,23452935241354625,23452930409516417,23452612732931457) and is_favorite = true GROUP BY `video_id`
[GIN] 2022/10/29 - 14:11:41 | 200 |   21.359951ms |    192.168.77.1 | GET      "/douyin/publish/list/?token=eyJhbGciOiJIUzI1NiIsInR5cCI6IkpXVCJ9.eyJVc2VySUQiOjIzNDUyNDk4NDI5NzU4ODQ5LCJOYW1lIjoiMSIsImV4cCI6MTY2NzE2MjM3NSwibmJmIjoxNjY3MDc1OTc1LCJpYXQiOjE2NjcwNzU5NzV9.F2evzEjkR8YpG9M2aZ58rhUZUgQCs35gx7ZE4XRjBX8&user_id=23452498429758849"

2022/10/29 14:11:45 /home/cheng/Desktop/Linux/douyin-fighting/service/video.go:243
[0.375ms] [rows:5] SELECT * FROM `videos` WHERE video_id in (23464019025218945,23462739410177409,23462573751946625,23461385153301889,23245963636264321)

2022/10/29 14:11:45 /home/cheng/Desktop/Linux/douyin-fighting/service/comment.go:209
[0.465ms] [rows:0] SELECT `video_id`,COUNT(video_id) as comment_count FROM `comments` WHERE video_id in (23464019025218945,23462739410177409,23462573751946625,23461385153301889,23245963636264321) AND `comments`.`deleted_at` IS NULL GROUP BY `video_id`

2022/10/29 14:11:45 /home/cheng/Desktop/Linux/douyin-fighting/service/favorite.go:178
[0.248ms] [rows:0] SELECT `video_id`,COUNT(video_id) as favorite_count FROM `favorites` WHERE video_id in (23464019025218945,23462739410177409,23462573751946625,23461385153301889,23245963636264321) and is_favorite = true GROUP BY `video_id`
[GIN] 2022/10/29 - 14:11:45 | 500 |    1.804453ms |    192.168.77.1 | GET      "/douyin/feed/?latest_time=1667077905737&token=eyJhbGciOiJIUzI1NiIsInR5cCI6IkpXVCJ9.eyJVc2VySUQiOjIzNDUyNDk4NDI5NzU4ODQ5LCJOYW1lIjoiMSIsImV4cCI6MTY2NzE2MjM3NSwibmJmIjoxNjY3MDc1OTc1LCJpYXQiOjE2NjcwNzU5NzV9.F2evzEjkR8YpG9M2aZ58rhUZUgQCs35gx7ZE4XRjBX8"
publish 1111111111111111111
publish 2222222222222
publish 3333333333333
insert db

2022/10/29 14:11:53 /home/cheng/Desktop/Linux/douyin-fighting/service/video.go:70
[4.971ms] [rows:1] INSERT INTO `videos` (`title`,`play_name`,`cover_name`,`author_id`,`created_at`,`ext_info`,`video_id`) VALUES ('a','23465809741368705','23465809741368705.jpg',0,'2022-10-29 14:11:53.587',NULL,23465809741368705)
redis
redis 1

2022/10/29 14:11:53 /home/cheng/Desktop/Linux/douyin-fighting/service/video.go:88
[1.317ms] [rows:12] SELECT * FROM `videos` WHERE author_id = 0
redis 2
redis 3
pipe 
pipe 1
pipe 2
pipe 3
pipe 4
[GIN] 2022/10/29 - 14:11:53 | 200 |   61.788623ms |    192.168.77.1 | POST     "/douyin/publish/action/"
