
2022/10/27 22:16:00 /data/go/pkg/mod/gorm.io/driver/mysql@v1.3.3/migrator.go:228
[0.069ms] [rows:-] SELECT DATABASE()

2022/10/27 22:16:00 /data/go/pkg/mod/gorm.io/driver/mysql@v1.3.3/migrator.go:231
[0.456ms] [rows:1] SELECT SCHEMA_NAME from Information_schema.SCHEMATA where SCHEMA_NAME LIKE 'douyin%' ORDER BY SCHEMA_NAME='douyin' DESC limit 1

2022/10/27 22:16:00 /home/cheng/Desktop/Linux/douyin-fighting/initialize/mysql.go:54
[0.331ms] [rows:-] SELECT count(*) FROM information_schema.tables WHERE table_schema = 'douyin' AND table_name = 'users' AND table_type = 'BASE TABLE'

2022/10/27 22:16:00 /data/go/pkg/mod/gorm.io/driver/mysql@v1.3.3/migrator.go:228
[0.108ms] [rows:-] SELECT DATABASE()

2022/10/27 22:16:00 /data/go/pkg/mod/gorm.io/driver/mysql@v1.3.3/migrator.go:231
[0.311ms] [rows:1] SELECT SCHEMA_NAME from Information_schema.SCHEMATA where SCHEMA_NAME LIKE 'douyin%' ORDER BY SCHEMA_NAME='douyin' DESC limit 1

2022/10/27 22:16:00 /data/go/pkg/mod/gorm.io/driver/mysql@v1.3.3/migrator.go:148
[0.191ms] [rows:-] SELECT * FROM `users` LIMIT 1

2022/10/27 22:16:00 /data/go/pkg/mod/gorm.io/driver/mysql@v1.3.3/migrator.go:166
[0.455ms] [rows:-] SELECT column_name, column_default, is_nullable = 'YES', data_type, character_maximum_length, column_type, column_key, extra, column_comment, numeric_precision, numeric_scale , datetime_precision FROM information_schema.columns WHERE table_schema = 'douyin' AND table_name = 'users' ORDER BY ORDINAL_POSITION

2022/10/27 22:16:00 /data/go/pkg/mod/gorm.io/driver/mysql@v1.3.3/migrator.go:228
[0.075ms] [rows:-] SELECT DATABASE()

2022/10/27 22:16:00 /data/go/pkg/mod/gorm.io/driver/mysql@v1.3.3/migrator.go:231
[0.289ms] [rows:1] SELECT SCHEMA_NAME from Information_schema.SCHEMATA where SCHEMA_NAME LIKE 'douyin%' ORDER BY SCHEMA_NAME='douyin' DESC limit 1

2022/10/27 22:16:00 /home/cheng/Desktop/Linux/douyin-fighting/initialize/mysql.go:55
[0.250ms] [rows:-] SELECT count(*) FROM information_schema.tables WHERE table_schema = 'douyin' AND table_name = 'videos' AND table_type = 'BASE TABLE'

2022/10/27 22:16:00 /data/go/pkg/mod/gorm.io/driver/mysql@v1.3.3/migrator.go:228
[1.389ms] [rows:-] SELECT DATABASE()

2022/10/27 22:16:00 /data/go/pkg/mod/gorm.io/driver/mysql@v1.3.3/migrator.go:231
[2.108ms] [rows:1] SELECT SCHEMA_NAME from Information_schema.SCHEMATA where SCHEMA_NAME LIKE 'douyin%' ORDER BY SCHEMA_NAME='douyin' DESC limit 1

2022/10/27 22:16:00 /data/go/pkg/mod/gorm.io/driver/mysql@v1.3.3/migrator.go:148
[0.224ms] [rows:-] SELECT * FROM `videos` LIMIT 1

2022/10/27 22:16:00 /data/go/pkg/mod/gorm.io/driver/mysql@v1.3.3/migrator.go:166
[0.477ms] [rows:-] SELECT column_name, column_default, is_nullable = 'YES', data_type, character_maximum_length, column_type, column_key, extra, column_comment, numeric_precision, numeric_scale , datetime_precision FROM information_schema.columns WHERE table_schema = 'douyin' AND table_name = 'videos' ORDER BY ORDINAL_POSITION

2022/10/27 22:16:00 /data/go/pkg/mod/gorm.io/driver/mysql@v1.3.3/migrator.go:228
[0.076ms] [rows:-] SELECT DATABASE()

2022/10/27 22:16:00 /data/go/pkg/mod/gorm.io/driver/mysql@v1.3.3/migrator.go:231
[0.311ms] [rows:1] SELECT SCHEMA_NAME from Information_schema.SCHEMATA where SCHEMA_NAME LIKE 'douyin%' ORDER BY SCHEMA_NAME='douyin' DESC limit 1

2022/10/27 22:16:00 /home/cheng/Desktop/Linux/douyin-fighting/initialize/mysql.go:55
[0.234ms] [rows:-] SELECT count(*) FROM information_schema.statistics WHERE table_schema = 'douyin' AND table_name = 'videos' AND index_name = 'idx_videos_author_id'

2022/10/27 22:16:00 /data/go/pkg/mod/gorm.io/driver/mysql@v1.3.3/migrator.go:228
[0.107ms] [rows:-] SELECT DATABASE()

2022/10/27 22:16:00 /data/go/pkg/mod/gorm.io/driver/mysql@v1.3.3/migrator.go:231
[0.282ms] [rows:1] SELECT SCHEMA_NAME from Information_schema.SCHEMATA where SCHEMA_NAME LIKE 'douyin%' ORDER BY SCHEMA_NAME='douyin' DESC limit 1

2022/10/27 22:16:00 /home/cheng/Desktop/Linux/douyin-fighting/initialize/mysql.go:55
[0.240ms] [rows:-] SELECT count(*) FROM information_schema.statistics WHERE table_schema = 'douyin' AND table_name = 'videos' AND index_name = 'idx_videos_created_at'

2022/10/27 22:16:00 /data/go/pkg/mod/gorm.io/driver/mysql@v1.3.3/migrator.go:228
[0.071ms] [rows:-] SELECT DATABASE()

2022/10/27 22:16:00 /data/go/pkg/mod/gorm.io/driver/mysql@v1.3.3/migrator.go:231
[0.282ms] [rows:1] SELECT SCHEMA_NAME from Information_schema.SCHEMATA where SCHEMA_NAME LIKE 'douyin%' ORDER BY SCHEMA_NAME='douyin' DESC limit 1

2022/10/27 22:16:00 /home/cheng/Desktop/Linux/douyin-fighting/initialize/mysql.go:56
[0.246ms] [rows:-] SELECT count(*) FROM information_schema.tables WHERE table_schema = 'douyin' AND table_name = 'favorites' AND table_type = 'BASE TABLE'

2022/10/27 22:16:00 /data/go/pkg/mod/gorm.io/driver/mysql@v1.3.3/migrator.go:228
[0.107ms] [rows:-] SELECT DATABASE()

2022/10/27 22:16:00 /data/go/pkg/mod/gorm.io/driver/mysql@v1.3.3/migrator.go:231
[0.255ms] [rows:1] SELECT SCHEMA_NAME from Information_schema.SCHEMATA where SCHEMA_NAME LIKE 'douyin%' ORDER BY SCHEMA_NAME='douyin' DESC limit 1

2022/10/27 22:16:00 /data/go/pkg/mod/gorm.io/driver/mysql@v1.3.3/migrator.go:148
[0.179ms] [rows:-] SELECT * FROM `favorites` LIMIT 1

2022/10/27 22:16:00 /data/go/pkg/mod/gorm.io/driver/mysql@v1.3.3/migrator.go:166
[0.464ms] [rows:-] SELECT column_name, column_default, is_nullable = 'YES', data_type, character_maximum_length, column_type, column_key, extra, column_comment, numeric_precision, numeric_scale , datetime_precision FROM information_schema.columns WHERE table_schema = 'douyin' AND table_name = 'favorites' ORDER BY ORDINAL_POSITION

2022/10/27 22:16:00 /data/go/pkg/mod/gorm.io/driver/mysql@v1.3.3/migrator.go:228
[0.064ms] [rows:-] SELECT DATABASE()

2022/10/27 22:16:00 /data/go/pkg/mod/gorm.io/driver/mysql@v1.3.3/migrator.go:231
[0.240ms] [rows:1] SELECT SCHEMA_NAME from Information_schema.SCHEMATA where SCHEMA_NAME LIKE 'douyin%' ORDER BY SCHEMA_NAME='douyin' DESC limit 1

2022/10/27 22:16:00 /home/cheng/Desktop/Linux/douyin-fighting/initialize/mysql.go:56
[0.282ms] [rows:-] SELECT count(*) FROM information_schema.statistics WHERE table_schema = 'douyin' AND table_name = 'favorites' AND index_name = 'idx_01'

2022/10/27 22:16:00 /data/go/pkg/mod/gorm.io/driver/mysql@v1.3.3/migrator.go:228
[0.064ms] [rows:-] SELECT DATABASE()

2022/10/27 22:16:00 /data/go/pkg/mod/gorm.io/driver/mysql@v1.3.3/migrator.go:231
[0.292ms] [rows:1] SELECT SCHEMA_NAME from Information_schema.SCHEMATA where SCHEMA_NAME LIKE 'douyin%' ORDER BY SCHEMA_NAME='douyin' DESC limit 1

2022/10/27 22:16:00 /home/cheng/Desktop/Linux/douyin-fighting/initialize/mysql.go:56
[0.242ms] [rows:-] SELECT count(*) FROM information_schema.statistics WHERE table_schema = 'douyin' AND table_name = 'favorites' AND index_name = 'idx_02'

2022/10/27 22:16:00 /data/go/pkg/mod/gorm.io/driver/mysql@v1.3.3/migrator.go:228
[0.073ms] [rows:-] SELECT DATABASE()

2022/10/27 22:16:00 /data/go/pkg/mod/gorm.io/driver/mysql@v1.3.3/migrator.go:231
[0.707ms] [rows:1] SELECT SCHEMA_NAME from Information_schema.SCHEMATA where SCHEMA_NAME LIKE 'douyin%' ORDER BY SCHEMA_NAME='douyin' DESC limit 1

2022/10/27 22:16:00 /home/cheng/Desktop/Linux/douyin-fighting/initialize/mysql.go:57
[0.292ms] [rows:-] SELECT count(*) FROM information_schema.tables WHERE table_schema = 'douyin' AND table_name = 'comments' AND table_type = 'BASE TABLE'

2022/10/27 22:16:00 /data/go/pkg/mod/gorm.io/driver/mysql@v1.3.3/migrator.go:228
[0.110ms] [rows:-] SELECT DATABASE()

2022/10/27 22:16:00 /data/go/pkg/mod/gorm.io/driver/mysql@v1.3.3/migrator.go:231
[0.290ms] [rows:1] SELECT SCHEMA_NAME from Information_schema.SCHEMATA where SCHEMA_NAME LIKE 'douyin%' ORDER BY SCHEMA_NAME='douyin' DESC limit 1

2022/10/27 22:16:00 /data/go/pkg/mod/gorm.io/driver/mysql@v1.3.3/migrator.go:148
[0.200ms] [rows:-] SELECT * FROM `comments` LIMIT 1

2022/10/27 22:16:00 /data/go/pkg/mod/gorm.io/driver/mysql@v1.3.3/migrator.go:166
[0.578ms] [rows:-] SELECT column_name, column_default, is_nullable = 'YES', data_type, character_maximum_length, column_type, column_key, extra, column_comment, numeric_precision, numeric_scale , datetime_precision FROM information_schema.columns WHERE table_schema = 'douyin' AND table_name = 'comments' ORDER BY ORDINAL_POSITION

2022/10/27 22:16:00 /data/go/pkg/mod/gorm.io/driver/mysql@v1.3.3/migrator.go:228
[1.119ms] [rows:-] SELECT DATABASE()

2022/10/27 22:16:00 /data/go/pkg/mod/gorm.io/driver/mysql@v1.3.3/migrator.go:231
[0.411ms] [rows:1] SELECT SCHEMA_NAME from Information_schema.SCHEMATA where SCHEMA_NAME LIKE 'douyin%' ORDER BY SCHEMA_NAME='douyin' DESC limit 1

2022/10/27 22:16:00 /home/cheng/Desktop/Linux/douyin-fighting/initialize/mysql.go:57
[0.225ms] [rows:-] SELECT count(*) FROM information_schema.statistics WHERE table_schema = 'douyin' AND table_name = 'comments' AND index_name = 'video_user'

2022/10/27 22:16:00 /data/go/pkg/mod/gorm.io/driver/mysql@v1.3.3/migrator.go:228
[0.059ms] [rows:-] SELECT DATABASE()

2022/10/27 22:16:00 /data/go/pkg/mod/gorm.io/driver/mysql@v1.3.3/migrator.go:231
[0.667ms] [rows:1] SELECT SCHEMA_NAME from Information_schema.SCHEMATA where SCHEMA_NAME LIKE 'douyin%' ORDER BY SCHEMA_NAME='douyin' DESC limit 1

2022/10/27 22:16:00 /home/cheng/Desktop/Linux/douyin-fighting/initialize/mysql.go:58
[0.182ms] [rows:-] SELECT count(*) FROM information_schema.tables WHERE table_schema = 'douyin' AND table_name = 'follows' AND table_type = 'BASE TABLE'

2022/10/27 22:16:00 /data/go/pkg/mod/gorm.io/driver/mysql@v1.3.3/migrator.go:228
[0.113ms] [rows:-] SELECT DATABASE()

2022/10/27 22:16:00 /data/go/pkg/mod/gorm.io/driver/mysql@v1.3.3/migrator.go:231
[0.224ms] [rows:1] SELECT SCHEMA_NAME from Information_schema.SCHEMATA where SCHEMA_NAME LIKE 'douyin%' ORDER BY SCHEMA_NAME='douyin' DESC limit 1

2022/10/27 22:16:00 /data/go/pkg/mod/gorm.io/driver/mysql@v1.3.3/migrator.go:148
[0.130ms] [rows:-] SELECT * FROM `follows` LIMIT 1

2022/10/27 22:16:00 /data/go/pkg/mod/gorm.io/driver/mysql@v1.3.3/migrator.go:166
[0.372ms] [rows:-] SELECT column_name, column_default, is_nullable = 'YES', data_type, character_maximum_length, column_type, column_key, extra, column_comment, numeric_precision, numeric_scale , datetime_precision FROM information_schema.columns WHERE table_schema = 'douyin' AND table_name = 'follows' ORDER BY ORDINAL_POSITION

2022/10/27 22:16:00 /data/go/pkg/mod/gorm.io/driver/mysql@v1.3.3/migrator.go:228
[0.057ms] [rows:-] SELECT DATABASE()

2022/10/27 22:16:00 /data/go/pkg/mod/gorm.io/driver/mysql@v1.3.3/migrator.go:231
[0.265ms] [rows:1] SELECT SCHEMA_NAME from Information_schema.SCHEMATA where SCHEMA_NAME LIKE 'douyin%' ORDER BY SCHEMA_NAME='douyin' DESC limit 1

2022/10/27 22:16:00 /home/cheng/Desktop/Linux/douyin-fighting/initialize/mysql.go:58
[0.210ms] [rows:-] SELECT count(*) FROM information_schema.statistics WHERE table_schema = 'douyin' AND table_name = 'follows' AND index_name = 'idx_01'

2022/10/27 22:16:00 /data/go/pkg/mod/gorm.io/driver/mysql@v1.3.3/migrator.go:228
[0.107ms] [rows:-] SELECT DATABASE()

2022/10/27 22:16:00 /data/go/pkg/mod/gorm.io/driver/mysql@v1.3.3/migrator.go:231
[0.243ms] [rows:1] SELECT SCHEMA_NAME from Information_schema.SCHEMATA where SCHEMA_NAME LIKE 'douyin%' ORDER BY SCHEMA_NAME='douyin' DESC limit 1

2022/10/27 22:16:00 /home/cheng/Desktop/Linux/douyin-fighting/initialize/mysql.go:58
[0.201ms] [rows:-] SELECT count(*) FROM information_schema.statistics WHERE table_schema = 'douyin' AND table_name = 'follows' AND index_name = 'idx_02'

2022/10/27 22:16:00 /home/cheng/Desktop/Linux/douyin-fighting/service/video_redis.go:47
[0.225ms] [rows:0] SELECT * FROM `videos`
