Global
Viper

2022/10/29 16:42:32 /data/go/pkg/mod/gorm.io/driver/mysql@v1.3.3/migrator.go:228
[0.644ms] [rows:-] SELECT DATABASE()

2022/10/29 16:42:32 /data/go/pkg/mod/gorm.io/driver/mysql@v1.3.3/migrator.go:231
[0.573ms] [rows:1] SELECT SCHEMA_NAME from Information_schema.SCHEMATA where SCHEMA_NAME LIKE 'douyin%' ORDER BY SCHEMA_NAME='douyin' DESC limit 1

2022/10/29 16:42:32 /home/cheng/Desktop/Linux/douyin-fighting/initialize/mysql.go:54
[0.388ms] [rows:-] SELECT count(*) FROM information_schema.tables WHERE table_schema = 'douyin' AND table_name = 'users' AND table_type = 'BASE TABLE'

2022/10/29 16:42:32 /data/go/pkg/mod/gorm.io/driver/mysql@v1.3.3/migrator.go:228
[0.130ms] [rows:-] SELECT DATABASE()

2022/10/29 16:42:32 /data/go/pkg/mod/gorm.io/driver/mysql@v1.3.3/migrator.go:231
[0.409ms] [rows:1] SELECT SCHEMA_NAME from Information_schema.SCHEMATA where SCHEMA_NAME LIKE 'douyin%' ORDER BY SCHEMA_NAME='douyin' DESC limit 1

2022/10/29 16:42:32 /data/go/pkg/mod/gorm.io/driver/mysql@v1.3.3/migrator.go:148
[0.242ms] [rows:-] SELECT * FROM `users` LIMIT 1

2022/10/29 16:42:32 /data/go/pkg/mod/gorm.io/driver/mysql@v1.3.3/migrator.go:166
[0.660ms] [rows:-] SELECT column_name, column_default, is_nullable = 'YES', data_type, character_maximum_length, column_type, column_key, extra, column_comment, numeric_precision, numeric_scale , datetime_precision FROM information_schema.columns WHERE table_schema = 'douyin' AND table_name = 'users' ORDER BY ORDINAL_POSITION

2022/10/29 16:42:32 /data/go/pkg/mod/gorm.io/driver/mysql@v1.3.3/migrator.go:228
[0.174ms] [rows:-] SELECT DATABASE()

2022/10/29 16:42:32 /data/go/pkg/mod/gorm.io/driver/mysql@v1.3.3/migrator.go:231
[0.484ms] [rows:1] SELECT SCHEMA_NAME from Information_schema.SCHEMATA where SCHEMA_NAME LIKE 'douyin%' ORDER BY SCHEMA_NAME='douyin' DESC limit 1

2022/10/29 16:42:32 /home/cheng/Desktop/Linux/douyin-fighting/initialize/mysql.go:55
[0.448ms] [rows:-] SELECT count(*) FROM information_schema.tables WHERE table_schema = 'douyin' AND table_name = 'videos' AND table_type = 'BASE TABLE'

2022/10/29 16:42:32 /data/go/pkg/mod/gorm.io/driver/mysql@v1.3.3/migrator.go:228
[0.136ms] [rows:-] SELECT DATABASE()

2022/10/29 16:42:32 /data/go/pkg/mod/gorm.io/driver/mysql@v1.3.3/migrator.go:231
[0.509ms] [rows:1] SELECT SCHEMA_NAME from Information_schema.SCHEMATA where SCHEMA_NAME LIKE 'douyin%' ORDER BY SCHEMA_NAME='douyin' DESC limit 1

2022/10/29 16:42:32 /data/go/pkg/mod/gorm.io/driver/mysql@v1.3.3/migrator.go:148
[0.405ms] [rows:-] SELECT * FROM `videos` LIMIT 1

2022/10/29 16:42:32 /data/go/pkg/mod/gorm.io/driver/mysql@v1.3.3/migrator.go:166
[0.554ms] [rows:-] SELECT column_name, column_default, is_nullable = 'YES', data_type, character_maximum_length, column_type, column_key, extra, column_comment, numeric_precision, numeric_scale , datetime_precision FROM information_schema.columns WHERE table_schema = 'douyin' AND table_name = 'videos' ORDER BY ORDINAL_POSITION

2022/10/29 16:42:32 /data/go/pkg/mod/gorm.io/driver/mysql@v1.3.3/migrator.go:228
[0.144ms] [rows:-] SELECT DATABASE()

2022/10/29 16:42:32 /data/go/pkg/mod/gorm.io/driver/mysql@v1.3.3/migrator.go:231
[1.127ms] [rows:1] SELECT SCHEMA_NAME from Information_schema.SCHEMATA where SCHEMA_NAME LIKE 'douyin%' ORDER BY SCHEMA_NAME='douyin' DESC limit 1

2022/10/29 16:42:32 /home/cheng/Desktop/Linux/douyin-fighting/initialize/mysql.go:55
[0.875ms] [rows:-] SELECT count(*) FROM information_schema.statistics WHERE table_schema = 'douyin' AND table_name = 'videos' AND index_name = 'idx_videos_author_id'

2022/10/29 16:42:32 /data/go/pkg/mod/gorm.io/driver/mysql@v1.3.3/migrator.go:228
[0.217ms] [rows:-] SELECT DATABASE()

2022/10/29 16:42:32 /data/go/pkg/mod/gorm.io/driver/mysql@v1.3.3/migrator.go:231
[0.528ms] [rows:1] SELECT SCHEMA_NAME from Information_schema.SCHEMATA where SCHEMA_NAME LIKE 'douyin%' ORDER BY SCHEMA_NAME='douyin' DESC limit 1

2022/10/29 16:42:32 /home/cheng/Desktop/Linux/douyin-fighting/initialize/mysql.go:55
[0.395ms] [rows:-] SELECT count(*) FROM information_schema.statistics WHERE table_schema = 'douyin' AND table_name = 'videos' AND index_name = 'idx_videos_created_at'

2022/10/29 16:42:32 /data/go/pkg/mod/gorm.io/driver/mysql@v1.3.3/migrator.go:228
[0.173ms] [rows:-] SELECT DATABASE()

2022/10/29 16:42:32 /data/go/pkg/mod/gorm.io/driver/mysql@v1.3.3/migrator.go:231
[1.028ms] [rows:1] SELECT SCHEMA_NAME from Information_schema.SCHEMATA where SCHEMA_NAME LIKE 'douyin%' ORDER BY SCHEMA_NAME='douyin' DESC limit 1

2022/10/29 16:42:32 /home/cheng/Desktop/Linux/douyin-fighting/initialize/mysql.go:56
[0.746ms] [rows:-] SELECT count(*) FROM information_schema.tables WHERE table_schema = 'douyin' AND table_name = 'favorites' AND table_type = 'BASE TABLE'

2022/10/29 16:42:32 /data/go/pkg/mod/gorm.io/driver/mysql@v1.3.3/migrator.go:228
[0.129ms] [rows:-] SELECT DATABASE()

2022/10/29 16:42:32 /data/go/pkg/mod/gorm.io/driver/mysql@v1.3.3/migrator.go:231
[0.467ms] [rows:1] SELECT SCHEMA_NAME from Information_schema.SCHEMATA where SCHEMA_NAME LIKE 'douyin%' ORDER BY SCHEMA_NAME='douyin' DESC limit 1

2022/10/29 16:42:32 /data/go/pkg/mod/gorm.io/driver/mysql@v1.3.3/migrator.go:148
[0.186ms] [rows:-] SELECT * FROM `favorites` LIMIT 1

2022/10/29 16:42:32 /data/go/pkg/mod/gorm.io/driver/mysql@v1.3.3/migrator.go:166
[0.539ms] [rows:-] SELECT column_name, column_default, is_nullable = 'YES', data_type, character_maximum_length, column_type, column_key, extra, column_comment, numeric_precision, numeric_scale , datetime_precision FROM information_schema.columns WHERE table_schema = 'douyin' AND table_name = 'favorites' ORDER BY ORDINAL_POSITION

2022/10/29 16:42:32 /data/go/pkg/mod/gorm.io/driver/mysql@v1.3.3/migrator.go:228
[0.880ms] [rows:-] SELECT DATABASE()

2022/10/29 16:42:32 /data/go/pkg/mod/gorm.io/driver/mysql@v1.3.3/migrator.go:231
[0.724ms] [rows:1] SELECT SCHEMA_NAME from Information_schema.SCHEMATA where SCHEMA_NAME LIKE 'douyin%' ORDER BY SCHEMA_NAME='douyin' DESC limit 1

2022/10/29 16:42:32 /home/cheng/Desktop/Linux/douyin-fighting/initialize/mysql.go:56
[0.348ms] [rows:-] SELECT count(*) FROM information_schema.statistics WHERE table_schema = 'douyin' AND table_name = 'favorites' AND index_name = 'idx_02'

2022/10/29 16:42:32 /data/go/pkg/mod/gorm.io/driver/mysql@v1.3.3/migrator.go:228
[0.130ms] [rows:-] SELECT DATABASE()

2022/10/29 16:42:32 /data/go/pkg/mod/gorm.io/driver/mysql@v1.3.3/migrator.go:231
[0.368ms] [rows:1] SELECT SCHEMA_NAME from Information_schema.SCHEMATA where SCHEMA_NAME LIKE 'douyin%' ORDER BY SCHEMA_NAME='douyin' DESC limit 1

2022/10/29 16:42:32 /home/cheng/Desktop/Linux/douyin-fighting/initialize/mysql.go:56
[0.355ms] [rows:-] SELECT count(*) FROM information_schema.statistics WHERE table_schema = 'douyin' AND table_name = 'favorites' AND index_name = 'idx_01'

2022/10/29 16:42:32 /data/go/pkg/mod/gorm.io/driver/mysql@v1.3.3/migrator.go:228
[0.147ms] [rows:-] SELECT DATABASE()

2022/10/29 16:42:32 /data/go/pkg/mod/gorm.io/driver/mysql@v1.3.3/migrator.go:231
[0.462ms] [rows:1] SELECT SCHEMA_NAME from Information_schema.SCHEMATA where SCHEMA_NAME LIKE 'douyin%' ORDER BY SCHEMA_NAME='douyin' DESC limit 1

2022/10/29 16:42:32 /home/cheng/Desktop/Linux/douyin-fighting/initialize/mysql.go:57
[0.322ms] [rows:-] SELECT count(*) FROM information_schema.tables WHERE table_schema = 'douyin' AND table_name = 'comments' AND table_type = 'BASE TABLE'

2022/10/29 16:42:32 /data/go/pkg/mod/gorm.io/driver/mysql@v1.3.3/migrator.go:228
[0.138ms] [rows:-] SELECT DATABASE()

2022/10/29 16:42:32 /data/go/pkg/mod/gorm.io/driver/mysql@v1.3.3/migrator.go:231
[0.399ms] [rows:1] SELECT SCHEMA_NAME from Information_schema.SCHEMATA where SCHEMA_NAME LIKE 'douyin%' ORDER BY SCHEMA_NAME='douyin' DESC limit 1

2022/10/29 16:42:32 /data/go/pkg/mod/gorm.io/driver/mysql@v1.3.3/migrator.go:148
[0.210ms] [rows:-] SELECT * FROM `comments` LIMIT 1

2022/10/29 16:42:32 /data/go/pkg/mod/gorm.io/driver/mysql@v1.3.3/migrator.go:166
[0.528ms] [rows:-] SELECT column_name, column_default, is_nullable = 'YES', data_type, character_maximum_length, column_type, column_key, extra, column_comment, numeric_precision, numeric_scale , datetime_precision FROM information_schema.columns WHERE table_schema = 'douyin' AND table_name = 'comments' ORDER BY ORDINAL_POSITION

2022/10/29 16:42:32 /data/go/pkg/mod/gorm.io/driver/mysql@v1.3.3/migrator.go:228
[0.547ms] [rows:-] SELECT DATABASE()

2022/10/29 16:42:32 /data/go/pkg/mod/gorm.io/driver/mysql@v1.3.3/migrator.go:231
[0.581ms] [rows:1] SELECT SCHEMA_NAME from Information_schema.SCHEMATA where SCHEMA_NAME LIKE 'douyin%' ORDER BY SCHEMA_NAME='douyin' DESC limit 1

2022/10/29 16:42:32 /home/cheng/Desktop/Linux/douyin-fighting/initialize/mysql.go:57
[0.286ms] [rows:-] SELECT count(*) FROM information_schema.statistics WHERE table_schema = 'douyin' AND table_name = 'comments' AND index_name = 'video_user'

2022/10/29 16:42:32 /data/go/pkg/mod/gorm.io/driver/mysql@v1.3.3/migrator.go:228
[0.933ms] [rows:-] SELECT DATABASE()

2022/10/29 16:42:32 /data/go/pkg/mod/gorm.io/driver/mysql@v1.3.3/migrator.go:231
[0.478ms] [rows:1] SELECT SCHEMA_NAME from Information_schema.SCHEMATA where SCHEMA_NAME LIKE 'douyin%' ORDER BY SCHEMA_NAME='douyin' DESC limit 1

2022/10/29 16:42:32 /home/cheng/Desktop/Linux/douyin-fighting/initialize/mysql.go:58
[0.477ms] [rows:-] SELECT count(*) FROM information_schema.tables WHERE table_schema = 'douyin' AND table_name = 'follows' AND table_type = 'BASE TABLE'

2022/10/29 16:42:32 /data/go/pkg/mod/gorm.io/driver/mysql@v1.3.3/migrator.go:228
[0.195ms] [rows:-] SELECT DATABASE()

2022/10/29 16:42:32 /data/go/pkg/mod/gorm.io/driver/mysql@v1.3.3/migrator.go:231
[0.535ms] [rows:1] SELECT SCHEMA_NAME from Information_schema.SCHEMATA where SCHEMA_NAME LIKE 'douyin%' ORDER BY SCHEMA_NAME='douyin' DESC limit 1

2022/10/29 16:42:32 /data/go/pkg/mod/gorm.io/driver/mysql@v1.3.3/migrator.go:148
[0.266ms] [rows:-] SELECT * FROM `follows` LIMIT 1

2022/10/29 16:42:32 /data/go/pkg/mod/gorm.io/driver/mysql@v1.3.3/migrator.go:166
[1.081ms] [rows:-] SELECT column_name, column_default, is_nullable = 'YES', data_type, character_maximum_length, column_type, column_key, extra, column_comment, numeric_precision, numeric_scale , datetime_precision FROM information_schema.columns WHERE table_schema = 'douyin' AND table_name = 'follows' ORDER BY ORDINAL_POSITION

2022/10/29 16:42:32 /data/go/pkg/mod/gorm.io/driver/mysql@v1.3.3/migrator.go:228
[0.180ms] [rows:-] SELECT DATABASE()

2022/10/29 16:42:32 /data/go/pkg/mod/gorm.io/driver/mysql@v1.3.3/migrator.go:231
[0.480ms] [rows:1] SELECT SCHEMA_NAME from Information_schema.SCHEMATA where SCHEMA_NAME LIKE 'douyin%' ORDER BY SCHEMA_NAME='douyin' DESC limit 1

2022/10/29 16:42:32 /home/cheng/Desktop/Linux/douyin-fighting/initialize/mysql.go:58
[0.391ms] [rows:-] SELECT count(*) FROM information_schema.statistics WHERE table_schema = 'douyin' AND table_name = 'follows' AND index_name = 'idx_01'

2022/10/29 16:42:32 /data/go/pkg/mod/gorm.io/driver/mysql@v1.3.3/migrator.go:228
[0.600ms] [rows:-] SELECT DATABASE()

2022/10/29 16:42:32 /data/go/pkg/mod/gorm.io/driver/mysql@v1.3.3/migrator.go:231
[0.457ms] [rows:1] SELECT SCHEMA_NAME from Information_schema.SCHEMATA where SCHEMA_NAME LIKE 'douyin%' ORDER BY SCHEMA_NAME='douyin' DESC limit 1

2022/10/29 16:42:32 /home/cheng/Desktop/Linux/douyin-fighting/initialize/mysql.go:58
[0.380ms] [rows:-] SELECT count(*) FROM information_schema.statistics WHERE table_schema = 'douyin' AND table_name = 'follows' AND index_name = 'idx_02'
MySQL
Redis
1111111111111111111
0.0.0.0:8080Feed ================
GetFeed 1
GetFeed 2
GetFeed 3
[23477756444560769 23476001883311489 23474693730225537 23474522149637505 23474442524970369 23473691677445505]
Video:23477756444560769 : in redis
Video:23476001883311489 : in redis
Video:23474693730225537 : in redis
Video:23474522149637505 : in redis
Video:23474442524970369 : in redis
Video:23473691677445505 : in redis
GetVideoListByIDsRedis: later
GetFeed 4
GetFeed 5

2022/10/29 16:42:40 /home/cheng/Desktop/Linux/douyin-fighting/service/user.go:98
[0.547ms] [rows:0] SELECT * FROM `users` WHERE user_id in (0,0,0,0,0,0)
numVideos:  6
log: 
logged
[GIN] 2022/10/29 - 16:42:40 | 200 |    2.923036ms |    192.168.77.1 | GET      "/douyin/feed/?latest_time=1667086960736&token=eyJhbGciOiJIUzI1NiIsInR5cCI6IkpXVCJ9.eyJVc2VySUQiOjIzNDczNjIxMTk2MzYxMDg5LCJOYW1lIjoiMSIsImV4cCI6MTY2NzE3Mjk0OCwibmJmIjoxNjY3MDg2NTQ4LCJpYXQiOjE2NjcwODY1NDh9.IPZ5g0bh0-UyGoVslTAtsdSEo77t0ZchT0HFBnxsnas"
Video:23477756444560769 : in redis
Video:23476001883311489 : in redis
Video:23473691677445505 : in redis
Video:23474693730225537 : in redis
Video:23474442524970369 : in redis
Video:23474522149637505 : in redis
Video:23474522149637505 : in redis
Video:23474442524970369 : in redis
Video:23476001883311489 : in redis
Video:23473691677445505 : in redis
GetVideoListByIDsRedis: later
len videoList:  &[{23477756444560769 aa 23477756444560769 23477756444560769.jpg 1 3 0 2022-10-29 16:10:34.393 -0700 PDT <nil>} {23476001883311489 aaa 23476001883311489 23476001883311489.jpg 1 11 0 2022-10-29 15:53:08.697 -0700 PDT <nil>} {23474693730225537 aa 23474693730225537 23474693730225537.jpg 0 0 0 2022-10-29 15:40:08.863 -0700 PDT <nil>} {23474522149637505 bb 23474522149637505 23474522149637505.jpg 1 2 0 2022-10-29 15:38:26.67 -0700 PDT <nil>} {23474442524970369 a 23474442524970369 23474442524970369.jpg 1 0 0 2022-10-29 15:37:39.208 -0700 PDT <nil>} {23473691677445505 a 23473691677445505 23473691677445505.jpg 1 9 0 2022-10-29 15:30:11.704 -0700 PDT <nil>}]
User db using user id
Video:23477756444560769 : in redis

2022/10/29 16:42:40 /home/cheng/Desktop/Linux/douyin-fighting/service/user.go:53
[0.582ms] [rows:0] SELECT * FROM `users` WHERE user_id = 0 LIMIT 1
follower_id

2022/10/29 16:42:40 /home/cheng/Desktop/Linux/douyin-fighting/service/user.go:57
[0.307ms] [rows:1] SELECT count(*) FROM `follows` WHERE follower_id = 0 and is_follow = true
celebrity_id

2022/10/29 16:42:40 /home/cheng/Desktop/Linux/douyin-fighting/service/user.go:61
[0.521ms] [rows:1] SELECT count(*) FROM `follows` WHERE celebrity_id = 0 and is_follow = true

2022/10/29 16:42:40 /home/cheng/Desktop/Linux/douyin-fighting/service/user.go:64
[0.369ms] [rows:1] SELECT count(*) FROM `favorites` WHERE user_id = 0 and is_favorite = true
publishvideoidlist
GetVideoListByIDsRedis: later

2022/10/29 16:42:40 /home/cheng/Desktop/Linux/douyin-fighting/service/video.go:321
[0.919ms] [rows:6] SELECT * FROM `videos` WHERE author_id = 0
User db using user id

2022/10/29 16:42:40 /home/cheng/Desktop/Linux/douyin-fighting/service/user.go:53
[0.605ms] [rows:0] SELECT * FROM `users` WHERE user_id = 0 LIMIT 1
follower_id

2022/10/29 16:42:40 /home/cheng/Desktop/Linux/douyin-fighting/service/user.go:57
[0.731ms] [rows:1] SELECT count(*) FROM `follows` WHERE follower_id = 0 and is_follow = true
celebrity_id

2022/10/29 16:42:40 /home/cheng/Desktop/Linux/douyin-fighting/service/user.go:61
[0.615ms] [rows:1] SELECT count(*) FROM `follows` WHERE celebrity_id = 0 and is_follow = true
[GIN] 2022/10/29 - 16:42:40 | 500 |   16.581723ms |    192.168.77.1 | GET      "/douyin/publish/list/?token=eyJhbGciOiJIUzI1NiIsInR5cCI6IkpXVCJ9.eyJVc2VySUQiOjIzNDczNjIxMTk2MzYxMDg5LCJOYW1lIjoiMSIsImV4cCI6MTY2NzE3Mjk0OCwibmJmIjoxNjY3MDg2NTQ4LCJpYXQiOjE2NjcwODY1NDh9.IPZ5g0bh0-UyGoVslTAtsdSEo77t0ZchT0HFBnxsnas&user_id=0"

2022/10/29 16:42:40 /home/cheng/Desktop/Linux/douyin-fighting/service/user.go:64
[1.875ms] [rows:1] SELECT count(*) FROM `favorites` WHERE user_id = 0 and is_favorite = true
publishvideoidlist

2022/10/29 16:42:40 /home/cheng/Desktop/Linux/douyin-fighting/service/video.go:321
[0.723ms] [rows:6] SELECT * FROM `videos` WHERE author_id = 0
User db using user id

2022/10/29 16:42:40 /home/cheng/Desktop/Linux/douyin-fighting/service/user.go:53
[0.697ms] [rows:0] SELECT * FROM `users` WHERE user_id = 0 LIMIT 1
follower_id

2022/10/29 16:42:40 /home/cheng/Desktop/Linux/douyin-fighting/service/user.go:57
[0.331ms] [rows:1] SELECT count(*) FROM `follows` WHERE follower_id = 0 and is_follow = true
celebrity_id

2022/10/29 16:42:40 /home/cheng/Desktop/Linux/douyin-fighting/service/user.go:61
[0.248ms] [rows:1] SELECT count(*) FROM `follows` WHERE celebrity_id = 0 and is_follow = true

2022/10/29 16:42:40 /home/cheng/Desktop/Linux/douyin-fighting/service/user.go:64
[0.186ms] [rows:1] SELECT count(*) FROM `favorites` WHERE user_id = 0 and is_favorite = true
publishvideoidlist

2022/10/29 16:42:40 /home/cheng/Desktop/Linux/douyin-fighting/service/video.go:321
[0.430ms] [rows:6] SELECT * FROM `videos` WHERE author_id = 0
User db using user id

2022/10/29 16:42:40 /home/cheng/Desktop/Linux/douyin-fighting/service/user.go:53
[0.395ms] [rows:0] SELECT * FROM `users` WHERE user_id = 0 LIMIT 1
follower_id

2022/10/29 16:42:40 /home/cheng/Desktop/Linux/douyin-fighting/service/user.go:57
[0.373ms] [rows:1] SELECT count(*) FROM `follows` WHERE follower_id = 0 and is_follow = true
celebrity_id

2022/10/29 16:42:40 /home/cheng/Desktop/Linux/douyin-fighting/service/user.go:61
[0.222ms] [rows:1] SELECT count(*) FROM `follows` WHERE celebrity_id = 0 and is_follow = true

2022/10/29 16:42:40 /home/cheng/Desktop/Linux/douyin-fighting/service/user.go:64
[0.177ms] [rows:1] SELECT count(*) FROM `favorites` WHERE user_id = 0 and is_favorite = true
publishvideoidlist

2022/10/29 16:42:40 /home/cheng/Desktop/Linux/douyin-fighting/service/video.go:321
[0.210ms] [rows:6] SELECT * FROM `videos` WHERE author_id = 0
User db using user id

2022/10/29 16:42:40 /home/cheng/Desktop/Linux/douyin-fighting/service/user.go:53
[0.193ms] [rows:0] SELECT * FROM `users` WHERE user_id = 0 LIMIT 1
follower_id

2022/10/29 16:42:40 /home/cheng/Desktop/Linux/douyin-fighting/service/user.go:57
[0.474ms] [rows:1] SELECT count(*) FROM `follows` WHERE follower_id = 0 and is_follow = true
celebrity_id

2022/10/29 16:42:40 /home/cheng/Desktop/Linux/douyin-fighting/service/user.go:61
[0.325ms] [rows:1] SELECT count(*) FROM `follows` WHERE celebrity_id = 0 and is_follow = true

2022/10/29 16:42:40 /home/cheng/Desktop/Linux/douyin-fighting/service/user.go:64
[0.264ms] [rows:1] SELECT count(*) FROM `favorites` WHERE user_id = 0 and is_favorite = true
publishvideoidlist

2022/10/29 16:42:40 /home/cheng/Desktop/Linux/douyin-fighting/service/video.go:321
[0.224ms] [rows:6] SELECT * FROM `videos` WHERE author_id = 0
User db using user id

2022/10/29 16:42:40 /home/cheng/Desktop/Linux/douyin-fighting/service/user.go:53
[0.603ms] [rows:0] SELECT * FROM `users` WHERE user_id = 0 LIMIT 1
follower_id

2022/10/29 16:42:40 /home/cheng/Desktop/Linux/douyin-fighting/service/user.go:57
[0.288ms] [rows:1] SELECT count(*) FROM `follows` WHERE follower_id = 0 and is_follow = true
celebrity_id

2022/10/29 16:42:40 /home/cheng/Desktop/Linux/douyin-fighting/service/user.go:61
[0.262ms] [rows:1] SELECT count(*) FROM `follows` WHERE celebrity_id = 0 and is_follow = true

2022/10/29 16:42:40 /home/cheng/Desktop/Linux/douyin-fighting/service/user.go:64
[0.200ms] [rows:1] SELECT count(*) FROM `favorites` WHERE user_id = 0 and is_favorite = true
publishvideoidlist

2022/10/29 16:42:40 /home/cheng/Desktop/Linux/douyin-fighting/service/video.go:321
[0.281ms] [rows:6] SELECT * FROM `videos` WHERE author_id = 0
[GIN] 2022/10/29 - 16:42:40 | 500 |   58.609845ms |    192.168.77.1 | GET      "/douyin/favorite/list/?token=eyJhbGciOiJIUzI1NiIsInR5cCI6IkpXVCJ9.eyJVc2VySUQiOjIzNDczNjIxMTk2MzYxMDg5LCJOYW1lIjoiMSIsImV4cCI6MTY2NzE3Mjk0OCwibmJmIjoxNjY3MDg2NTQ4LCJpYXQiOjE2NjcwODY1NDh9.IPZ5g0bh0-UyGoVslTAtsdSEo77t0ZchT0HFBnxsnas&user_id=0"
[GIN] 2022/10/29 - 16:42:40 | 200 |   70.235641ms |    192.168.77.1 | GET      "/static/video/23477756444560769"
GetVideoListByIDsRedis: later
[GIN] 2022/10/29 - 16:42:42 | 200 |     583.978µs |    192.168.77.1 | GET      "/douyin/favorite/list/?token=eyJhbGciOiJIUzI1NiIsInR5cCI6IkpXVCJ9.eyJVc2VySUQiOjIzNDczNjIxMTk2MzYxMDg5LCJOYW1lIjoiMSIsImV4cCI6MTY2NzE3Mjk0OCwibmJmIjoxNjY3MDg2NTQ4LCJpYXQiOjE2NjcwODY1NDh9.IPZ5g0bh0-UyGoVslTAtsdSEo77t0ZchT0HFBnxsnas&user_id=23473621196361089"

2022/10/29 16:42:42 /home/cheng/Desktop/Linux/douyin-fighting/service/video.go:135
[0.678ms] [rows:0] SELECT * FROM `videos` WHERE author_id = 23473621196361089
[GIN] 2022/10/29 - 16:42:42 | 200 |    1.542532ms |    192.168.77.1 | GET      "/douyin/publish/list/?token=eyJhbGciOiJIUzI1NiIsInR5cCI6IkpXVCJ9.eyJVc2VySUQiOjIzNDczNjIxMTk2MzYxMDg5LCJOYW1lIjoiMSIsImV4cCI6MTY2NzE3Mjk0OCwibmJmIjoxNjY3MDg2NTQ4LCJpYXQiOjE2NjcwODY1NDh9.IPZ5g0bh0-UyGoVslTAtsdSEo77t0ZchT0HFBnxsnas&user_id=23473621196361089"
Feed ================
GetFeed 1
GetFeed 2
GetFeed 3
[23477756444560769 23476001883311489 23474693730225537 23474522149637505 23474442524970369 23473691677445505]
Video:23477756444560769 : in redis
Video:23476001883311489 : in redis
Video:23474693730225537 : in redis
Video:23474522149637505 : in redis
Video:23474442524970369 : in redis
Video:23473691677445505 : in redis
GetVideoListByIDsRedis: later
GetFeed 4
GetFeed 5

2022/10/29 16:42:51 /home/cheng/Desktop/Linux/douyin-fighting/service/user.go:98
[2.681ms] [rows:0] SELECT * FROM `users` WHERE user_id in (0,0,0,0,0,0)
numVideos:  6
log: 
logged
[GIN] 2022/10/29 - 16:42:51 | 200 |    4.275169ms |    192.168.77.1 | GET      "/douyin/feed/?latest_time=1667086971495&token=eyJhbGciOiJIUzI1NiIsInR5cCI6IkpXVCJ9.eyJVc2VySUQiOjIzNDczNjIxMTk2MzYxMDg5LCJOYW1lIjoiMSIsImV4cCI6MTY2NzE3Mjk0OCwibmJmIjoxNjY3MDg2NTQ4LCJpYXQiOjE2NjcwODY1NDh9.IPZ5g0bh0-UyGoVslTAtsdSEo77t0ZchT0HFBnxsnas"
Video:23477756444560769 : in redis
Video:23476001883311489 : in redis
Video:23474693730225537 : in redis
Video:23474522149637505 : in redis
Video:23474442524970369 : in redis
Video:23473691677445505 : in redis
GetVideoListByIDsRedis: later
len videoList:  &[{23477756444560769 aa 23477756444560769 23477756444560769.jpg 1 3 0 2022-10-29 16:10:34.393 -0700 PDT <nil>} {23476001883311489 aaa 23476001883311489 23476001883311489.jpg 1 11 0 2022-10-29 15:53:08.697 -0700 PDT <nil>} {23474693730225537 aa 23474693730225537 23474693730225537.jpg 0 0 0 2022-10-29 15:40:08.863 -0700 PDT <nil>} {23474522149637505 bb 23474522149637505 23474522149637505.jpg 1 2 0 2022-10-29 15:38:26.67 -0700 PDT <nil>} {23474442524970369 a 23474442524970369 23474442524970369.jpg 1 0 0 2022-10-29 15:37:39.208 -0700 PDT <nil>} {23473691677445505 a 23473691677445505 23473691677445505.jpg 1 9 0 2022-10-29 15:30:11.704 -0700 PDT <nil>}]
User db using user id

2022/10/29 16:42:51 /home/cheng/Desktop/Linux/douyin-fighting/service/user.go:53
[1.212ms] [rows:0] SELECT * FROM `users` WHERE user_id = 0 LIMIT 1
follower_id

2022/10/29 16:42:51 /home/cheng/Desktop/Linux/douyin-fighting/service/user.go:57
[0.839ms] [rows:1] SELECT count(*) FROM `follows` WHERE follower_id = 0 and is_follow = true
celebrity_id
Video:23473691677445505 : in redis
Video:23474442524970369 : in redis
Video:23474522149637505 : in redis
Video:23476001883311489 : in redis
Video:23477756444560769 : in redis
GetVideoListByIDsRedis: later
User db using user id

2022/10/29 16:42:51 /home/cheng/Desktop/Linux/douyin-fighting/service/user.go:61
[1.819ms] [rows:1] SELECT count(*) FROM `follows` WHERE celebrity_id = 0 and is_follow = true

2022/10/29 16:42:51 /home/cheng/Desktop/Linux/douyin-fighting/service/user.go:64
[0.385ms] [rows:1] SELECT count(*) FROM `favorites` WHERE user_id = 0 and is_favorite = true
publishvideoidlist

2022/10/29 16:42:51 /home/cheng/Desktop/Linux/douyin-fighting/service/video.go:321
[0.537ms] [rows:6] SELECT * FROM `videos` WHERE author_id = 0
[GIN] 2022/10/29 - 16:42:51 | 500 |    6.824268ms |    192.168.77.1 | GET      "/douyin/publish/list/?token=eyJhbGciOiJIUzI1NiIsInR5cCI6IkpXVCJ9.eyJVc2VySUQiOjIzNDczNjIxMTk2MzYxMDg5LCJOYW1lIjoiMSIsImV4cCI6MTY2NzE3Mjk0OCwibmJmIjoxNjY3MDg2NTQ4LCJpYXQiOjE2NjcwODY1NDh9.IPZ5g0bh0-UyGoVslTAtsdSEo77t0ZchT0HFBnxsnas&user_id=0"

2022/10/29 16:42:51 /home/cheng/Desktop/Linux/douyin-fighting/service/user.go:53
[6.184ms] [rows:0] SELECT * FROM `users` WHERE user_id = 0 LIMIT 1
follower_id

2022/10/29 16:42:51 /home/cheng/Desktop/Linux/douyin-fighting/service/user.go:57
[1.197ms] [rows:1] SELECT count(*) FROM `follows` WHERE follower_id = 0 and is_follow = true
celebrity_id

2022/10/29 16:42:51 /home/cheng/Desktop/Linux/douyin-fighting/service/user.go:61
[1.041ms] [rows:1] SELECT count(*) FROM `follows` WHERE celebrity_id = 0 and is_follow = true

2022/10/29 16:42:51 /home/cheng/Desktop/Linux/douyin-fighting/service/user.go:64
[0.862ms] [rows:1] SELECT count(*) FROM `favorites` WHERE user_id = 0 and is_favorite = true
publishvideoidlist

2022/10/29 16:42:51 /home/cheng/Desktop/Linux/douyin-fighting/service/video.go:321
[1.581ms] [rows:6] SELECT * FROM `videos` WHERE author_id = 0
User db using user id

2022/10/29 16:42:51 /home/cheng/Desktop/Linux/douyin-fighting/service/user.go:53
[0.351ms] [rows:0] SELECT * FROM `users` WHERE user_id = 0 LIMIT 1
follower_id

2022/10/29 16:42:51 /home/cheng/Desktop/Linux/douyin-fighting/service/user.go:57
[0.349ms] [rows:1] SELECT count(*) FROM `follows` WHERE follower_id = 0 and is_follow = true
celebrity_id

2022/10/29 16:42:51 /home/cheng/Desktop/Linux/douyin-fighting/service/user.go:61
[0.301ms] [rows:1] SELECT count(*) FROM `follows` WHERE celebrity_id = 0 and is_follow = true

2022/10/29 16:42:51 /home/cheng/Desktop/Linux/douyin-fighting/service/user.go:64
[0.272ms] [rows:1] SELECT count(*) FROM `favorites` WHERE user_id = 0 and is_favorite = true
publishvideoidlist

2022/10/29 16:42:51 /home/cheng/Desktop/Linux/douyin-fighting/service/video.go:321
[0.192ms] [rows:6] SELECT * FROM `videos` WHERE author_id = 0
User db using user id

2022/10/29 16:42:51 /home/cheng/Desktop/Linux/douyin-fighting/service/user.go:53
[0.201ms] [rows:0] SELECT * FROM `users` WHERE user_id = 0 LIMIT 1
follower_id

2022/10/29 16:42:51 /home/cheng/Desktop/Linux/douyin-fighting/service/user.go:57
[0.284ms] [rows:1] SELECT count(*) FROM `follows` WHERE follower_id = 0 and is_follow = true
celebrity_id

2022/10/29 16:42:51 /home/cheng/Desktop/Linux/douyin-fighting/service/user.go:61
[0.223ms] [rows:1] SELECT count(*) FROM `follows` WHERE celebrity_id = 0 and is_follow = true

2022/10/29 16:42:51 /home/cheng/Desktop/Linux/douyin-fighting/service/user.go:64
[0.329ms] [rows:1] SELECT count(*) FROM `favorites` WHERE user_id = 0 and is_favorite = true
publishvideoidlist

2022/10/29 16:42:51 /home/cheng/Desktop/Linux/douyin-fighting/service/video.go:321
[0.247ms] [rows:6] SELECT * FROM `videos` WHERE author_id = 0
User db using user id

2022/10/29 16:42:51 /home/cheng/Desktop/Linux/douyin-fighting/service/user.go:53
[0.437ms] [rows:0] SELECT * FROM `users` WHERE user_id = 0 LIMIT 1
follower_id

2022/10/29 16:42:51 /home/cheng/Desktop/Linux/douyin-fighting/service/user.go:57
[0.546ms] [rows:1] SELECT count(*) FROM `follows` WHERE follower_id = 0 and is_follow = true
celebrity_id

2022/10/29 16:42:51 /home/cheng/Desktop/Linux/douyin-fighting/service/user.go:61
[0.208ms] [rows:1] SELECT count(*) FROM `follows` WHERE celebrity_id = 0 and is_follow = true

2022/10/29 16:42:51 /home/cheng/Desktop/Linux/douyin-fighting/service/user.go:64
[0.278ms] [rows:1] SELECT count(*) FROM `favorites` WHERE user_id = 0 and is_favorite = true
publishvideoidlist

2022/10/29 16:42:51 /home/cheng/Desktop/Linux/douyin-fighting/service/video.go:321
[0.246ms] [rows:6] SELECT * FROM `videos` WHERE author_id = 0
User db using user id

2022/10/29 16:42:51 /home/cheng/Desktop/Linux/douyin-fighting/service/user.go:53
[0.282ms] [rows:0] SELECT * FROM `users` WHERE user_id = 0 LIMIT 1
follower_id

2022/10/29 16:42:51 /home/cheng/Desktop/Linux/douyin-fighting/service/user.go:57
[0.222ms] [rows:1] SELECT count(*) FROM `follows` WHERE follower_id = 0 and is_follow = true
celebrity_id

2022/10/29 16:42:51 /home/cheng/Desktop/Linux/douyin-fighting/service/user.go:61
[0.173ms] [rows:1] SELECT count(*) FROM `follows` WHERE celebrity_id = 0 and is_follow = true

2022/10/29 16:42:51 /home/cheng/Desktop/Linux/douyin-fighting/service/user.go:64
[0.206ms] [rows:1] SELECT count(*) FROM `favorites` WHERE user_id = 0 and is_favorite = true
publishvideoidlist

2022/10/29 16:42:51 /home/cheng/Desktop/Linux/douyin-fighting/service/video.go:321
[0.337ms] [rows:6] SELECT * FROM `videos` WHERE author_id = 0
[GIN] 2022/10/29 - 16:42:51 | 500 |   27.078854ms |    192.168.77.1 | GET      "/douyin/favorite/list/?token=eyJhbGciOiJIUzI1NiIsInR5cCI6IkpXVCJ9.eyJVc2VySUQiOjIzNDczNjIxMTk2MzYxMDg5LCJOYW1lIjoiMSIsImV4cCI6MTY2NzE3Mjk0OCwibmJmIjoxNjY3MDg2NTQ4LCJpYXQiOjE2NjcwODY1NDh9.IPZ5g0bh0-UyGoVslTAtsdSEo77t0ZchT0HFBnxsnas&user_id=0"
[GIN] 2022/10/29 - 16:42:51 | 200 |    5.934053ms |    192.168.77.1 | GET      "/static/video/23477756444560769"

2022/10/29 16:42:53 /home/cheng/Desktop/Linux/douyin-fighting/service/user.go:98
[0.324ms] [rows:0] SELECT * FROM `users` WHERE user_id in (0,0,0)
[GIN] 2022/10/29 - 16:42:53 | 200 |      1.3308ms |    192.168.77.1 | GET      "/douyin/comment/list/?token=eyJhbGciOiJIUzI1NiIsInR5cCI6IkpXVCJ9.eyJVc2VySUQiOjIzNDczNjIxMTk2MzYxMDg5LCJOYW1lIjoiMSIsImV4cCI6MTY2NzE3Mjk0OCwibmJmIjoxNjY3MDg2NTQ4LCJpYXQiOjE2NjcwODY1NDh9.IPZ5g0bh0-UyGoVslTAtsdSEo77t0ZchT0HFBnxsnas&video_id=23477756444560769"
ilegal comment
gen ID
Add comment

2022/10/29 16:42:58 /home/cheng/Desktop/Linux/douyin-fighting/service/comment.go:16
[2.292ms] [rows:1] INSERT INTO `comments` (`video_id`,`user_id`,`content`,`created_at`,`deleted_at`,`comment_id`) VALUES (23477756444560769,0,'abc','2022-10-29 16:42:58.066',NULL,23481017482366337)
User info by user id
User db using user id

2022/10/29 16:42:58 /home/cheng/Desktop/Linux/douyin-fighting/service/user.go:53
[0.359ms] [rows:0] SELECT * FROM `users` WHERE user_id = 0 LIMIT 1
follower_id

2022/10/29 16:42:58 /home/cheng/Desktop/Linux/douyin-fighting/service/user.go:57
[0.258ms] [rows:1] SELECT count(*) FROM `follows` WHERE follower_id = 0 and is_follow = true
celebrity_id

2022/10/29 16:42:58 /home/cheng/Desktop/Linux/douyin-fighting/service/user.go:61
[0.216ms] [rows:1] SELECT count(*) FROM `follows` WHERE celebrity_id = 0 and is_follow = true

2022/10/29 16:42:58 /home/cheng/Desktop/Linux/douyin-fighting/service/user.go:64
[0.208ms] [rows:1] SELECT count(*) FROM `favorites` WHERE user_id = 0 and is_favorite = true
publishvideoidlist

2022/10/29 16:42:58 /home/cheng/Desktop/Linux/douyin-fighting/service/video.go:321
[0.245ms] [rows:6] SELECT * FROM `videos` WHERE author_id = 0
UserInfoByUserID: error
[GIN] 2022/10/29 - 16:42:58 | 500 |    5.954846ms |    192.168.77.1 | POST     "/douyin/comment/action/?token=eyJhbGciOiJIUzI1NiIsInR5cCI6IkpXVCJ9.eyJVc2VySUQiOjIzNDczNjIxMTk2MzYxMDg5LCJOYW1lIjoiMSIsImV4cCI6MTY2NzE3Mjk0OCwibmJmIjoxNjY3MDg2NTQ4LCJpYXQiOjE2NjcwODY1NDh9.IPZ5g0bh0-UyGoVslTAtsdSEo77t0ZchT0HFBnxsnas&video_id=23477756444560769&action_type=1&comment_text=abc"
