Global
Viper

2022/10/29 15:06:01 /data/go/pkg/mod/gorm.io/driver/mysql@v1.3.3/migrator.go:228
[0.543ms] [rows:-] SELECT DATABASE()

2022/10/29 15:06:01 /data/go/pkg/mod/gorm.io/driver/mysql@v1.3.3/migrator.go:231
[2.706ms] [rows:1] SELECT SCHEMA_NAME from Information_schema.SCHEMATA where SCHEMA_NAME LIKE 'douyin%' ORDER BY SCHEMA_NAME='douyin' DESC limit 1

2022/10/29 15:06:01 /home/cheng/Desktop/Linux/douyin-fighting/initialize/mysql.go:54
[2.181ms] [rows:-] SELECT count(*) FROM information_schema.tables WHERE table_schema = 'douyin' AND table_name = 'users' AND table_type = 'BASE TABLE'

2022/10/29 15:06:01 /data/go/pkg/mod/gorm.io/driver/mysql@v1.3.3/migrator.go:228
[0.354ms] [rows:-] SELECT DATABASE()

2022/10/29 15:06:01 /data/go/pkg/mod/gorm.io/driver/mysql@v1.3.3/migrator.go:231
[1.051ms] [rows:1] SELECT SCHEMA_NAME from Information_schema.SCHEMATA where SCHEMA_NAME LIKE 'douyin%' ORDER BY SCHEMA_NAME='douyin' DESC limit 1

2022/10/29 15:06:01 /data/go/pkg/mod/gorm.io/driver/mysql@v1.3.3/migrator.go:148
[2.517ms] [rows:-] SELECT * FROM `users` LIMIT 1

2022/10/29 15:06:01 /data/go/pkg/mod/gorm.io/driver/mysql@v1.3.3/migrator.go:166
[2.861ms] [rows:-] SELECT column_name, column_default, is_nullable = 'YES', data_type, character_maximum_length, column_type, column_key, extra, column_comment, numeric_precision, numeric_scale , datetime_precision FROM information_schema.columns WHERE table_schema = 'douyin' AND table_name = 'users' ORDER BY ORDINAL_POSITION

2022/10/29 15:06:01 /data/go/pkg/mod/gorm.io/driver/mysql@v1.3.3/migrator.go:228
[0.361ms] [rows:-] SELECT DATABASE()

2022/10/29 15:06:01 /data/go/pkg/mod/gorm.io/driver/mysql@v1.3.3/migrator.go:231
[1.028ms] [rows:1] SELECT SCHEMA_NAME from Information_schema.SCHEMATA where SCHEMA_NAME LIKE 'douyin%' ORDER BY SCHEMA_NAME='douyin' DESC limit 1

2022/10/29 15:06:01 /home/cheng/Desktop/Linux/douyin-fighting/initialize/mysql.go:55
[0.540ms] [rows:-] SELECT count(*) FROM information_schema.tables WHERE table_schema = 'douyin' AND table_name = 'videos' AND table_type = 'BASE TABLE'

2022/10/29 15:06:01 /data/go/pkg/mod/gorm.io/driver/mysql@v1.3.3/migrator.go:228
[0.223ms] [rows:-] SELECT DATABASE()

2022/10/29 15:06:01 /data/go/pkg/mod/gorm.io/driver/mysql@v1.3.3/migrator.go:231
[1.945ms] [rows:1] SELECT SCHEMA_NAME from Information_schema.SCHEMATA where SCHEMA_NAME LIKE 'douyin%' ORDER BY SCHEMA_NAME='douyin' DESC limit 1

2022/10/29 15:06:01 /data/go/pkg/mod/gorm.io/driver/mysql@v1.3.3/migrator.go:148
[1.340ms] [rows:-] SELECT * FROM `videos` LIMIT 1

2022/10/29 15:06:01 /data/go/pkg/mod/gorm.io/driver/mysql@v1.3.3/migrator.go:166
[0.813ms] [rows:-] SELECT column_name, column_default, is_nullable = 'YES', data_type, character_maximum_length, column_type, column_key, extra, column_comment, numeric_precision, numeric_scale , datetime_precision FROM information_schema.columns WHERE table_schema = 'douyin' AND table_name = 'videos' ORDER BY ORDINAL_POSITION

2022/10/29 15:06:01 /data/go/pkg/mod/gorm.io/driver/mysql@v1.3.3/migrator.go:228
[0.156ms] [rows:-] SELECT DATABASE()

2022/10/29 15:06:01 /data/go/pkg/mod/gorm.io/driver/mysql@v1.3.3/migrator.go:231
[0.533ms] [rows:1] SELECT SCHEMA_NAME from Information_schema.SCHEMATA where SCHEMA_NAME LIKE 'douyin%' ORDER BY SCHEMA_NAME='douyin' DESC limit 1

2022/10/29 15:06:01 /home/cheng/Desktop/Linux/douyin-fighting/initialize/mysql.go:55
[0.399ms] [rows:-] SELECT count(*) FROM information_schema.statistics WHERE table_schema = 'douyin' AND table_name = 'videos' AND index_name = 'idx_videos_author_id'

2022/10/29 15:06:01 /data/go/pkg/mod/gorm.io/driver/mysql@v1.3.3/migrator.go:228
[0.079ms] [rows:-] SELECT DATABASE()

2022/10/29 15:06:01 /data/go/pkg/mod/gorm.io/driver/mysql@v1.3.3/migrator.go:231
[0.556ms] [rows:1] SELECT SCHEMA_NAME from Information_schema.SCHEMATA where SCHEMA_NAME LIKE 'douyin%' ORDER BY SCHEMA_NAME='douyin' DESC limit 1

2022/10/29 15:06:01 /home/cheng/Desktop/Linux/douyin-fighting/initialize/mysql.go:55
[1.140ms] [rows:-] SELECT count(*) FROM information_schema.statistics WHERE table_schema = 'douyin' AND table_name = 'videos' AND index_name = 'idx_videos_created_at'

2022/10/29 15:06:01 /data/go/pkg/mod/gorm.io/driver/mysql@v1.3.3/migrator.go:228
[0.084ms] [rows:-] SELECT DATABASE()

2022/10/29 15:06:01 /data/go/pkg/mod/gorm.io/driver/mysql@v1.3.3/migrator.go:231
[0.380ms] [rows:1] SELECT SCHEMA_NAME from Information_schema.SCHEMATA where SCHEMA_NAME LIKE 'douyin%' ORDER BY SCHEMA_NAME='douyin' DESC limit 1

2022/10/29 15:06:01 /home/cheng/Desktop/Linux/douyin-fighting/initialize/mysql.go:56
[0.321ms] [rows:-] SELECT count(*) FROM information_schema.tables WHERE table_schema = 'douyin' AND table_name = 'favorites' AND table_type = 'BASE TABLE'

2022/10/29 15:06:01 /data/go/pkg/mod/gorm.io/driver/mysql@v1.3.3/migrator.go:228
[0.062ms] [rows:-] SELECT DATABASE()

2022/10/29 15:06:01 /data/go/pkg/mod/gorm.io/driver/mysql@v1.3.3/migrator.go:231
[0.353ms] [rows:1] SELECT SCHEMA_NAME from Information_schema.SCHEMATA where SCHEMA_NAME LIKE 'douyin%' ORDER BY SCHEMA_NAME='douyin' DESC limit 1

2022/10/29 15:06:01 /data/go/pkg/mod/gorm.io/driver/mysql@v1.3.3/migrator.go:148
[1.311ms] [rows:-] SELECT * FROM `favorites` LIMIT 1

2022/10/29 15:06:01 /data/go/pkg/mod/gorm.io/driver/mysql@v1.3.3/migrator.go:166
[0.745ms] [rows:-] SELECT column_name, column_default, is_nullable = 'YES', data_type, character_maximum_length, column_type, column_key, extra, column_comment, numeric_precision, numeric_scale , datetime_precision FROM information_schema.columns WHERE table_schema = 'douyin' AND table_name = 'favorites' ORDER BY ORDINAL_POSITION

2022/10/29 15:06:01 /data/go/pkg/mod/gorm.io/driver/mysql@v1.3.3/migrator.go:228
[0.128ms] [rows:-] SELECT DATABASE()

2022/10/29 15:06:01 /data/go/pkg/mod/gorm.io/driver/mysql@v1.3.3/migrator.go:231
[1.171ms] [rows:1] SELECT SCHEMA_NAME from Information_schema.SCHEMATA where SCHEMA_NAME LIKE 'douyin%' ORDER BY SCHEMA_NAME='douyin' DESC limit 1

2022/10/29 15:06:01 /home/cheng/Desktop/Linux/douyin-fighting/initialize/mysql.go:56
[0.206ms] [rows:-] SELECT count(*) FROM information_schema.statistics WHERE table_schema = 'douyin' AND table_name = 'favorites' AND index_name = 'idx_01'

2022/10/29 15:06:01 /data/go/pkg/mod/gorm.io/driver/mysql@v1.3.3/migrator.go:228
[0.607ms] [rows:-] SELECT DATABASE()

2022/10/29 15:06:01 /data/go/pkg/mod/gorm.io/driver/mysql@v1.3.3/migrator.go:231
[1.564ms] [rows:1] SELECT SCHEMA_NAME from Information_schema.SCHEMATA where SCHEMA_NAME LIKE 'douyin%' ORDER BY SCHEMA_NAME='douyin' DESC limit 1

2022/10/29 15:06:01 /home/cheng/Desktop/Linux/douyin-fighting/initialize/mysql.go:56
[0.242ms] [rows:-] SELECT count(*) FROM information_schema.statistics WHERE table_schema = 'douyin' AND table_name = 'favorites' AND index_name = 'idx_02'

2022/10/29 15:06:01 /data/go/pkg/mod/gorm.io/driver/mysql@v1.3.3/migrator.go:228
[0.069ms] [rows:-] SELECT DATABASE()

2022/10/29 15:06:01 /data/go/pkg/mod/gorm.io/driver/mysql@v1.3.3/migrator.go:231
[0.294ms] [rows:1] SELECT SCHEMA_NAME from Information_schema.SCHEMATA where SCHEMA_NAME LIKE 'douyin%' ORDER BY SCHEMA_NAME='douyin' DESC limit 1

2022/10/29 15:06:01 /home/cheng/Desktop/Linux/douyin-fighting/initialize/mysql.go:57
[0.945ms] [rows:-] SELECT count(*) FROM information_schema.tables WHERE table_schema = 'douyin' AND table_name = 'comments' AND table_type = 'BASE TABLE'

2022/10/29 15:06:01 /data/go/pkg/mod/gorm.io/driver/mysql@v1.3.3/migrator.go:228
[0.065ms] [rows:-] SELECT DATABASE()

2022/10/29 15:06:01 /data/go/pkg/mod/gorm.io/driver/mysql@v1.3.3/migrator.go:231
[0.247ms] [rows:1] SELECT SCHEMA_NAME from Information_schema.SCHEMATA where SCHEMA_NAME LIKE 'douyin%' ORDER BY SCHEMA_NAME='douyin' DESC limit 1

2022/10/29 15:06:01 /data/go/pkg/mod/gorm.io/driver/mysql@v1.3.3/migrator.go:148
[0.628ms] [rows:-] SELECT * FROM `comments` LIMIT 1

2022/10/29 15:06:01 /data/go/pkg/mod/gorm.io/driver/mysql@v1.3.3/migrator.go:166
[1.602ms] [rows:-] SELECT column_name, column_default, is_nullable = 'YES', data_type, character_maximum_length, column_type, column_key, extra, column_comment, numeric_precision, numeric_scale , datetime_precision FROM information_schema.columns WHERE table_schema = 'douyin' AND table_name = 'comments' ORDER BY ORDINAL_POSITION

2022/10/29 15:06:01 /data/go/pkg/mod/gorm.io/driver/mysql@v1.3.3/migrator.go:228
[0.141ms] [rows:-] SELECT DATABASE()

2022/10/29 15:06:01 /data/go/pkg/mod/gorm.io/driver/mysql@v1.3.3/migrator.go:231
[0.398ms] [rows:1] SELECT SCHEMA_NAME from Information_schema.SCHEMATA where SCHEMA_NAME LIKE 'douyin%' ORDER BY SCHEMA_NAME='douyin' DESC limit 1

2022/10/29 15:06:01 /home/cheng/Desktop/Linux/douyin-fighting/initialize/mysql.go:57
[0.290ms] [rows:-] SELECT count(*) FROM information_schema.statistics WHERE table_schema = 'douyin' AND table_name = 'comments' AND index_name = 'video_user'

2022/10/29 15:06:01 /data/go/pkg/mod/gorm.io/driver/mysql@v1.3.3/migrator.go:228
[0.395ms] [rows:-] SELECT DATABASE()

2022/10/29 15:06:01 /data/go/pkg/mod/gorm.io/driver/mysql@v1.3.3/migrator.go:231
[6.322ms] [rows:1] SELECT SCHEMA_NAME from Information_schema.SCHEMATA where SCHEMA_NAME LIKE 'douyin%' ORDER BY SCHEMA_NAME='douyin' DESC limit 1

2022/10/29 15:06:01 /home/cheng/Desktop/Linux/douyin-fighting/initialize/mysql.go:58
[0.302ms] [rows:-] SELECT count(*) FROM information_schema.tables WHERE table_schema = 'douyin' AND table_name = 'follows' AND table_type = 'BASE TABLE'

2022/10/29 15:06:01 /data/go/pkg/mod/gorm.io/driver/mysql@v1.3.3/migrator.go:228
[0.080ms] [rows:-] SELECT DATABASE()

2022/10/29 15:06:01 /data/go/pkg/mod/gorm.io/driver/mysql@v1.3.3/migrator.go:231
[0.983ms] [rows:1] SELECT SCHEMA_NAME from Information_schema.SCHEMATA where SCHEMA_NAME LIKE 'douyin%' ORDER BY SCHEMA_NAME='douyin' DESC limit 1

2022/10/29 15:06:01 /data/go/pkg/mod/gorm.io/driver/mysql@v1.3.3/migrator.go:148
[0.524ms] [rows:-] SELECT * FROM `follows` LIMIT 1

2022/10/29 15:06:01 /data/go/pkg/mod/gorm.io/driver/mysql@v1.3.3/migrator.go:166
[1.760ms] [rows:-] SELECT column_name, column_default, is_nullable = 'YES', data_type, character_maximum_length, column_type, column_key, extra, column_comment, numeric_precision, numeric_scale , datetime_precision FROM information_schema.columns WHERE table_schema = 'douyin' AND table_name = 'follows' ORDER BY ORDINAL_POSITION

2022/10/29 15:06:01 /data/go/pkg/mod/gorm.io/driver/mysql@v1.3.3/migrator.go:228
[0.160ms] [rows:-] SELECT DATABASE()

2022/10/29 15:06:01 /data/go/pkg/mod/gorm.io/driver/mysql@v1.3.3/migrator.go:231
[0.455ms] [rows:1] SELECT SCHEMA_NAME from Information_schema.SCHEMATA where SCHEMA_NAME LIKE 'douyin%' ORDER BY SCHEMA_NAME='douyin' DESC limit 1

2022/10/29 15:06:01 /home/cheng/Desktop/Linux/douyin-fighting/initialize/mysql.go:58
[0.867ms] [rows:-] SELECT count(*) FROM information_schema.statistics WHERE table_schema = 'douyin' AND table_name = 'follows' AND index_name = 'idx_01'

2022/10/29 15:06:01 /data/go/pkg/mod/gorm.io/driver/mysql@v1.3.3/migrator.go:228
[0.120ms] [rows:-] SELECT DATABASE()

2022/10/29 15:06:01 /data/go/pkg/mod/gorm.io/driver/mysql@v1.3.3/migrator.go:231
[0.406ms] [rows:1] SELECT SCHEMA_NAME from Information_schema.SCHEMATA where SCHEMA_NAME LIKE 'douyin%' ORDER BY SCHEMA_NAME='douyin' DESC limit 1

2022/10/29 15:06:01 /home/cheng/Desktop/Linux/douyin-fighting/initialize/mysql.go:58
[0.925ms] [rows:-] SELECT count(*) FROM information_schema.statistics WHERE table_schema = 'douyin' AND table_name = 'follows' AND index_name = 'idx_02'
MySQL
Redis
1111111111111111111
0.0.0.0:8080Feed ================
GetFeed 1
GetFeed 2
GetFeed 3
[23467265047416193 23466359480405377 23465876514688385 23465809741368705 23464019025218945 23462739410177409 23462573751946625 23461385153301889 23245963636264321]
Video:23467265047416193 : in redis
Video:23466359480405377 : in redis
Video:23465876514688385 : in redis
Video:23465809741368705 : in redis

2022/10/29 15:06:12 /home/cheng/Desktop/Linux/douyin-fighting/service/video.go:260
[0.617ms] [rows:5] SELECT * FROM `videos` WHERE video_id in (23464019025218945,23462739410177409,23462573751946625,23461385153301889,23245963636264321)

2022/10/29 15:06:12 /home/cheng/Desktop/Linux/douyin-fighting/service/comment.go:209
[0.691ms] [rows:0] SELECT `video_id`,COUNT(video_id) as comment_count FROM `comments` WHERE video_id in (23464019025218945,23462739410177409,23462573751946625,23461385153301889,23245963636264321) AND `comments`.`deleted_at` IS NULL GROUP BY `video_id`

2022/10/29 15:06:12 /home/cheng/Desktop/Linux/douyin-fighting/service/favorite.go:178
[1.190ms] [rows:0] SELECT `video_id`,COUNT(video_id) as favorite_count FROM `favorites` WHERE video_id in (23464019025218945,23462739410177409,23462573751946625,23461385153301889,23245963636264321) and is_favorite = true GROUP BY `video_id`
numVideos:  0
[GIN] 2022/10/29 - 15:06:12 | 500 |    3.941326ms |    192.168.77.1 | GET      "/douyin/feed/?latest_time=1667081172454&token=eyJhbGciOiJIUzI1NiIsInR5cCI6IkpXVCJ9.eyJVc2VySUQiOjIzNDY3MjUwNTE4MzQ3MTM3LCJOYW1lIjoiMyIsImV4cCI6MTY2NzE2NTI4OSwibmJmIjoxNjY3MDc4ODg5LCJpYXQiOjE2NjcwNzg4ODl9.0B3EsW5zi93QaCi0hS7y92-sRB1S5FM5A5raASf7dTs"
Feed ================
GetFeed 1
GetFeed 2
numVideos:  0
GetFeed 1
GetFeed 2
GetFeed 3
[23467265047416193 23466359480405377 23465876514688385 23465809741368705 23464019025218945 23462739410177409 23462573751946625 23461385153301889 23245963636264321]
Video:23467265047416193 : in redis
Video:23466359480405377 : in redis
Video:23465876514688385 : in redis
Video:23465809741368705 : in redis

2022/10/29 15:06:14 /home/cheng/Desktop/Linux/douyin-fighting/service/video.go:260
[0.585ms] [rows:5] SELECT * FROM `videos` WHERE video_id in (23464019025218945,23462739410177409,23462573751946625,23461385153301889,23245963636264321)

2022/10/29 15:06:14 /home/cheng/Desktop/Linux/douyin-fighting/service/comment.go:209
[0.468ms] [rows:0] SELECT `video_id`,COUNT(video_id) as comment_count FROM `comments` WHERE video_id in (23464019025218945,23462739410177409,23462573751946625,23461385153301889,23245963636264321) AND `comments`.`deleted_at` IS NULL GROUP BY `video_id`

2022/10/29 15:06:14 /home/cheng/Desktop/Linux/douyin-fighting/service/favorite.go:178
[0.354ms] [rows:0] SELECT `video_id`,COUNT(video_id) as favorite_count FROM `favorites` WHERE video_id in (23464019025218945,23462739410177409,23462573751946625,23461385153301889,23245963636264321) and is_favorite = true GROUP BY `video_id`
numVideos:  0
[GIN] 2022/10/29 - 15:06:14 | 200 |    2.948022ms |    192.168.77.1 | GET      "/douyin/feed/?latest_time=0&token=eyJhbGciOiJIUzI1NiIsInR5cCI6IkpXVCJ9.eyJVc2VySUQiOjIzNDY3MjUwNTE4MzQ3MTM3LCJOYW1lIjoiMyIsImV4cCI6MTY2NzE2NTI4OSwibmJmIjoxNjY3MDc4ODg5LCJpYXQiOjE2NjcwNzg4ODl9.0B3EsW5zi93QaCi0hS7y92-sRB1S5FM5A5raASf7dTs"
