Global
Viper

2022/10/29 11:08:51 /data/go/pkg/mod/gorm.io/driver/mysql@v1.3.3/migrator.go:228
[0.974ms] [rows:-] SELECT DATABASE()

2022/10/29 11:08:51 /data/go/pkg/mod/gorm.io/driver/mysql@v1.3.3/migrator.go:231
[7.793ms] [rows:1] SELECT SCHEMA_NAME from Information_schema.SCHEMATA where SCHEMA_NAME LIKE 'douyin%' ORDER BY SCHEMA_NAME='douyin' DESC limit 1

2022/10/29 11:08:51 /home/cheng/Desktop/Linux/douyin-fighting/initialize/mysql.go:54
[5.303ms] [rows:-] SELECT count(*) FROM information_schema.tables WHERE table_schema = 'douyin' AND table_name = 'users' AND table_type = 'BASE TABLE'

2022/10/29 11:08:51 /data/go/pkg/mod/gorm.io/driver/mysql@v1.3.3/migrator.go:228
[0.254ms] [rows:-] SELECT DATABASE()

2022/10/29 11:08:51 /data/go/pkg/mod/gorm.io/driver/mysql@v1.3.3/migrator.go:231
[1.481ms] [rows:1] SELECT SCHEMA_NAME from Information_schema.SCHEMATA where SCHEMA_NAME LIKE 'douyin%' ORDER BY SCHEMA_NAME='douyin' DESC limit 1

2022/10/29 11:08:51 /data/go/pkg/mod/gorm.io/driver/mysql@v1.3.3/migrator.go:148
[23.489ms] [rows:-] SELECT * FROM `users` LIMIT 1

2022/10/29 11:08:51 /data/go/pkg/mod/gorm.io/driver/mysql@v1.3.3/migrator.go:166
[2.588ms] [rows:-] SELECT column_name, column_default, is_nullable = 'YES', data_type, character_maximum_length, column_type, column_key, extra, column_comment, numeric_precision, numeric_scale , datetime_precision FROM information_schema.columns WHERE table_schema = 'douyin' AND table_name = 'users' ORDER BY ORDINAL_POSITION

2022/10/29 11:08:51 /data/go/pkg/mod/gorm.io/driver/mysql@v1.3.3/migrator.go:228
[0.120ms] [rows:-] SELECT DATABASE()

2022/10/29 11:08:51 /data/go/pkg/mod/gorm.io/driver/mysql@v1.3.3/migrator.go:231
[0.323ms] [rows:1] SELECT SCHEMA_NAME from Information_schema.SCHEMATA where SCHEMA_NAME LIKE 'douyin%' ORDER BY SCHEMA_NAME='douyin' DESC limit 1

2022/10/29 11:08:51 /home/cheng/Desktop/Linux/douyin-fighting/initialize/mysql.go:55
[0.942ms] [rows:-] SELECT count(*) FROM information_schema.tables WHERE table_schema = 'douyin' AND table_name = 'videos' AND table_type = 'BASE TABLE'

2022/10/29 11:08:51 /data/go/pkg/mod/gorm.io/driver/mysql@v1.3.3/migrator.go:228
[0.419ms] [rows:-] SELECT DATABASE()

2022/10/29 11:08:51 /data/go/pkg/mod/gorm.io/driver/mysql@v1.3.3/migrator.go:231
[0.355ms] [rows:1] SELECT SCHEMA_NAME from Information_schema.SCHEMATA where SCHEMA_NAME LIKE 'douyin%' ORDER BY SCHEMA_NAME='douyin' DESC limit 1

2022/10/29 11:08:51 /data/go/pkg/mod/gorm.io/driver/mysql@v1.3.3/migrator.go:148
[2.342ms] [rows:-] SELECT * FROM `videos` LIMIT 1

2022/10/29 11:08:51 /data/go/pkg/mod/gorm.io/driver/mysql@v1.3.3/migrator.go:166
[0.512ms] [rows:-] SELECT column_name, column_default, is_nullable = 'YES', data_type, character_maximum_length, column_type, column_key, extra, column_comment, numeric_precision, numeric_scale , datetime_precision FROM information_schema.columns WHERE table_schema = 'douyin' AND table_name = 'videos' ORDER BY ORDINAL_POSITION

2022/10/29 11:08:51 /data/go/pkg/mod/gorm.io/driver/mysql@v1.3.3/migrator.go:228
[0.105ms] [rows:-] SELECT DATABASE()

2022/10/29 11:08:51 /data/go/pkg/mod/gorm.io/driver/mysql@v1.3.3/migrator.go:231
[0.258ms] [rows:1] SELECT SCHEMA_NAME from Information_schema.SCHEMATA where SCHEMA_NAME LIKE 'douyin%' ORDER BY SCHEMA_NAME='douyin' DESC limit 1

2022/10/29 11:08:51 /home/cheng/Desktop/Linux/douyin-fighting/initialize/mysql.go:55
[0.239ms] [rows:-] SELECT count(*) FROM information_schema.statistics WHERE table_schema = 'douyin' AND table_name = 'videos' AND index_name = 'idx_videos_author_id'

2022/10/29 11:08:51 /data/go/pkg/mod/gorm.io/driver/mysql@v1.3.3/migrator.go:228
[0.055ms] [rows:-] SELECT DATABASE()

2022/10/29 11:08:51 /data/go/pkg/mod/gorm.io/driver/mysql@v1.3.3/migrator.go:231
[0.642ms] [rows:1] SELECT SCHEMA_NAME from Information_schema.SCHEMATA where SCHEMA_NAME LIKE 'douyin%' ORDER BY SCHEMA_NAME='douyin' DESC limit 1

2022/10/29 11:08:51 /home/cheng/Desktop/Linux/douyin-fighting/initialize/mysql.go:55
[0.246ms] [rows:-] SELECT count(*) FROM information_schema.statistics WHERE table_schema = 'douyin' AND table_name = 'videos' AND index_name = 'idx_videos_created_at'

2022/10/29 11:08:51 /data/go/pkg/mod/gorm.io/driver/mysql@v1.3.3/migrator.go:228
[0.056ms] [rows:-] SELECT DATABASE()

2022/10/29 11:08:51 /data/go/pkg/mod/gorm.io/driver/mysql@v1.3.3/migrator.go:231
[0.241ms] [rows:1] SELECT SCHEMA_NAME from Information_schema.SCHEMATA where SCHEMA_NAME LIKE 'douyin%' ORDER BY SCHEMA_NAME='douyin' DESC limit 1

2022/10/29 11:08:51 /home/cheng/Desktop/Linux/douyin-fighting/initialize/mysql.go:56
[0.990ms] [rows:-] SELECT count(*) FROM information_schema.tables WHERE table_schema = 'douyin' AND table_name = 'favorites' AND table_type = 'BASE TABLE'

2022/10/29 11:08:51 /data/go/pkg/mod/gorm.io/driver/mysql@v1.3.3/migrator.go:228
[0.101ms] [rows:-] SELECT DATABASE()

2022/10/29 11:08:51 /data/go/pkg/mod/gorm.io/driver/mysql@v1.3.3/migrator.go:231
[0.325ms] [rows:1] SELECT SCHEMA_NAME from Information_schema.SCHEMATA where SCHEMA_NAME LIKE 'douyin%' ORDER BY SCHEMA_NAME='douyin' DESC limit 1

2022/10/29 11:08:51 /data/go/pkg/mod/gorm.io/driver/mysql@v1.3.3/migrator.go:148
[3.284ms] [rows:-] SELECT * FROM `favorites` LIMIT 1

2022/10/29 11:08:51 /data/go/pkg/mod/gorm.io/driver/mysql@v1.3.3/migrator.go:166
[3.326ms] [rows:-] SELECT column_name, column_default, is_nullable = 'YES', data_type, character_maximum_length, column_type, column_key, extra, column_comment, numeric_precision, numeric_scale , datetime_precision FROM information_schema.columns WHERE table_schema = 'douyin' AND table_name = 'favorites' ORDER BY ORDINAL_POSITION

2022/10/29 11:08:51 /data/go/pkg/mod/gorm.io/driver/mysql@v1.3.3/migrator.go:228
[0.129ms] [rows:-] SELECT DATABASE()

2022/10/29 11:08:51 /data/go/pkg/mod/gorm.io/driver/mysql@v1.3.3/migrator.go:231
[0.380ms] [rows:1] SELECT SCHEMA_NAME from Information_schema.SCHEMATA where SCHEMA_NAME LIKE 'douyin%' ORDER BY SCHEMA_NAME='douyin' DESC limit 1

2022/10/29 11:08:51 /home/cheng/Desktop/Linux/douyin-fighting/initialize/mysql.go:56
[0.404ms] [rows:-] SELECT count(*) FROM information_schema.statistics WHERE table_schema = 'douyin' AND table_name = 'favorites' AND index_name = 'idx_01'

2022/10/29 11:08:51 /data/go/pkg/mod/gorm.io/driver/mysql@v1.3.3/migrator.go:228
[0.353ms] [rows:-] SELECT DATABASE()

2022/10/29 11:08:51 /data/go/pkg/mod/gorm.io/driver/mysql@v1.3.3/migrator.go:231
[0.560ms] [rows:1] SELECT SCHEMA_NAME from Information_schema.SCHEMATA where SCHEMA_NAME LIKE 'douyin%' ORDER BY SCHEMA_NAME='douyin' DESC limit 1

2022/10/29 11:08:51 /home/cheng/Desktop/Linux/douyin-fighting/initialize/mysql.go:56
[1.122ms] [rows:-] SELECT count(*) FROM information_schema.statistics WHERE table_schema = 'douyin' AND table_name = 'favorites' AND index_name = 'idx_02'

2022/10/29 11:08:51 /data/go/pkg/mod/gorm.io/driver/mysql@v1.3.3/migrator.go:228
[0.170ms] [rows:-] SELECT DATABASE()

2022/10/29 11:08:51 /data/go/pkg/mod/gorm.io/driver/mysql@v1.3.3/migrator.go:231
[0.635ms] [rows:1] SELECT SCHEMA_NAME from Information_schema.SCHEMATA where SCHEMA_NAME LIKE 'douyin%' ORDER BY SCHEMA_NAME='douyin' DESC limit 1

2022/10/29 11:08:51 /home/cheng/Desktop/Linux/douyin-fighting/initialize/mysql.go:57
[1.660ms] [rows:-] SELECT count(*) FROM information_schema.tables WHERE table_schema = 'douyin' AND table_name = 'comments' AND table_type = 'BASE TABLE'

2022/10/29 11:08:51 /data/go/pkg/mod/gorm.io/driver/mysql@v1.3.3/migrator.go:228
[0.442ms] [rows:-] SELECT DATABASE()

2022/10/29 11:08:51 /data/go/pkg/mod/gorm.io/driver/mysql@v1.3.3/migrator.go:231
[0.583ms] [rows:1] SELECT SCHEMA_NAME from Information_schema.SCHEMATA where SCHEMA_NAME LIKE 'douyin%' ORDER BY SCHEMA_NAME='douyin' DESC limit 1

2022/10/29 11:08:51 /data/go/pkg/mod/gorm.io/driver/mysql@v1.3.3/migrator.go:148
[5.496ms] [rows:-] SELECT * FROM `comments` LIMIT 1

2022/10/29 11:08:51 /data/go/pkg/mod/gorm.io/driver/mysql@v1.3.3/migrator.go:166
[0.960ms] [rows:-] SELECT column_name, column_default, is_nullable = 'YES', data_type, character_maximum_length, column_type, column_key, extra, column_comment, numeric_precision, numeric_scale , datetime_precision FROM information_schema.columns WHERE table_schema = 'douyin' AND table_name = 'comments' ORDER BY ORDINAL_POSITION

2022/10/29 11:08:51 /data/go/pkg/mod/gorm.io/driver/mysql@v1.3.3/migrator.go:228
[0.149ms] [rows:-] SELECT DATABASE()

2022/10/29 11:08:51 /data/go/pkg/mod/gorm.io/driver/mysql@v1.3.3/migrator.go:231
[0.395ms] [rows:1] SELECT SCHEMA_NAME from Information_schema.SCHEMATA where SCHEMA_NAME LIKE 'douyin%' ORDER BY SCHEMA_NAME='douyin' DESC limit 1

2022/10/29 11:08:51 /home/cheng/Desktop/Linux/douyin-fighting/initialize/mysql.go:57
[0.206ms] [rows:-] SELECT count(*) FROM information_schema.statistics WHERE table_schema = 'douyin' AND table_name = 'comments' AND index_name = 'video_user'

2022/10/29 11:08:51 /data/go/pkg/mod/gorm.io/driver/mysql@v1.3.3/migrator.go:228
[0.055ms] [rows:-] SELECT DATABASE()

2022/10/29 11:08:51 /data/go/pkg/mod/gorm.io/driver/mysql@v1.3.3/migrator.go:231
[0.231ms] [rows:1] SELECT SCHEMA_NAME from Information_schema.SCHEMATA where SCHEMA_NAME LIKE 'douyin%' ORDER BY SCHEMA_NAME='douyin' DESC limit 1

2022/10/29 11:08:51 /home/cheng/Desktop/Linux/douyin-fighting/initialize/mysql.go:58
[1.101ms] [rows:-] SELECT count(*) FROM information_schema.tables WHERE table_schema = 'douyin' AND table_name = 'follows' AND table_type = 'BASE TABLE'

2022/10/29 11:08:51 /data/go/pkg/mod/gorm.io/driver/mysql@v1.3.3/migrator.go:228
[0.060ms] [rows:-] SELECT DATABASE()

2022/10/29 11:08:51 /data/go/pkg/mod/gorm.io/driver/mysql@v1.3.3/migrator.go:231
[0.283ms] [rows:1] SELECT SCHEMA_NAME from Information_schema.SCHEMATA where SCHEMA_NAME LIKE 'douyin%' ORDER BY SCHEMA_NAME='douyin' DESC limit 1

2022/10/29 11:08:51 /data/go/pkg/mod/gorm.io/driver/mysql@v1.3.3/migrator.go:148
[2.139ms] [rows:-] SELECT * FROM `follows` LIMIT 1

2022/10/29 11:08:51 /data/go/pkg/mod/gorm.io/driver/mysql@v1.3.3/migrator.go:166
[0.581ms] [rows:-] SELECT column_name, column_default, is_nullable = 'YES', data_type, character_maximum_length, column_type, column_key, extra, column_comment, numeric_precision, numeric_scale , datetime_precision FROM information_schema.columns WHERE table_schema = 'douyin' AND table_name = 'follows' ORDER BY ORDINAL_POSITION

2022/10/29 11:08:51 /data/go/pkg/mod/gorm.io/driver/mysql@v1.3.3/migrator.go:228
[0.072ms] [rows:-] SELECT DATABASE()

2022/10/29 11:08:51 /data/go/pkg/mod/gorm.io/driver/mysql@v1.3.3/migrator.go:231
[0.309ms] [rows:1] SELECT SCHEMA_NAME from Information_schema.SCHEMATA where SCHEMA_NAME LIKE 'douyin%' ORDER BY SCHEMA_NAME='douyin' DESC limit 1

2022/10/29 11:08:51 /home/cheng/Desktop/Linux/douyin-fighting/initialize/mysql.go:58
[0.193ms] [rows:-] SELECT count(*) FROM information_schema.statistics WHERE table_schema = 'douyin' AND table_name = 'follows' AND index_name = 'idx_01'

2022/10/29 11:08:51 /data/go/pkg/mod/gorm.io/driver/mysql@v1.3.3/migrator.go:228
[0.046ms] [rows:-] SELECT DATABASE()

2022/10/29 11:08:51 /data/go/pkg/mod/gorm.io/driver/mysql@v1.3.3/migrator.go:231
[0.240ms] [rows:1] SELECT SCHEMA_NAME from Information_schema.SCHEMATA where SCHEMA_NAME LIKE 'douyin%' ORDER BY SCHEMA_NAME='douyin' DESC limit 1

2022/10/29 11:08:51 /home/cheng/Desktop/Linux/douyin-fighting/initialize/mysql.go:58
[0.233ms] [rows:-] SELECT count(*) FROM information_schema.statistics WHERE table_schema = 'douyin' AND table_name = 'follows' AND index_name = 'idx_02'
MySQL
Redis
0.0.0.0:8080
2022/10/29 11:11:31 /home/cheng/Desktop/Linux/douyin-fighting/service/video.go:232
[0.664ms] [rows:1] SELECT * FROM `videos` WHERE video_id in (23245963636264321)

2022/10/29 11:11:31 /home/cheng/Desktop/Linux/douyin-fighting/service/comment.go:209
[1.970ms] [rows:0] SELECT `video_id`,COUNT(video_id) as comment_count FROM `comments` WHERE video_id in (23245963636264321) AND `comments`.`deleted_at` IS NULL GROUP BY `video_id`

2022/10/29 11:11:31 /home/cheng/Desktop/Linux/douyin-fighting/service/favorite.go:178
[0.539ms] [rows:0] SELECT `video_id`,COUNT(video_id) as favorite_count FROM `favorites` WHERE video_id in (23245963636264321) and is_favorite = true GROUP BY `video_id`
[GIN] 2022/10/29 - 11:11:31 | 500 |     6.65218ms |    192.168.77.1 | GET      "/douyin/feed/?latest_time=1667067091652&token=eyJhbGciOiJIUzI1NiIsInR5cCI6IkpXVCJ9.eyJVc2VySUQiOjIzMjQ1MTc3MTcwNzA5ODg5LCJOYW1lIjoiMTExMTExIiwiZXhwIjoxNjY3MDMzNjE1LCJuYmYiOjE2NjY5NDcyMTUsImlhdCI6MTY2Njk0NzIxNX0.GkCP-av2iunuMW9FJKYIaTuTAwOpj9sAFTKykP3WAqQ"

2022/10/29 11:11:58 /home/cheng/Desktop/Linux/douyin-fighting/service/video.go:232
[0.429ms] [rows:1] SELECT * FROM `videos` WHERE video_id in (23245963636264321)

2022/10/29 11:11:58 /home/cheng/Desktop/Linux/douyin-fighting/service/comment.go:209
[1.782ms] [rows:0] SELECT `video_id`,COUNT(video_id) as comment_count FROM `comments` WHERE video_id in (23245963636264321) AND `comments`.`deleted_at` IS NULL GROUP BY `video_id`

2022/10/29 11:11:58 /home/cheng/Desktop/Linux/douyin-fighting/service/favorite.go:178
[0.500ms] [rows:0] SELECT `video_id`,COUNT(video_id) as favorite_count FROM `favorites` WHERE video_id in (23245963636264321) and is_favorite = true GROUP BY `video_id`
[GIN] 2022/10/29 - 11:11:58 | 500 |    3.857031ms |    192.168.77.1 | GET      "/douyin/feed/?latest_time=1667067118772&token=eyJhbGciOiJIUzI1NiIsInR5cCI6IkpXVCJ9.eyJVc2VySUQiOjIzMjQ1MTc3MTcwNzA5ODg5LCJOYW1lIjoiMTExMTExIiwiZXhwIjoxNjY3MDMzNjE1LCJuYmYiOjE2NjY5NDcyMTUsImlhdCI6MTY2Njk0NzIxNX0.GkCP-av2iunuMW9FJKYIaTuTAwOpj9sAFTKykP3WAqQ"

2022/10/29 11:12:13 /home/cheng/Desktop/Linux/douyin-fighting/service/video.go:110
[0.654ms] [rows:3] SELECT * FROM `videos` WHERE author_id = 23245177170709889

2022/10/29 11:12:13 /home/cheng/Desktop/Linux/douyin-fighting/service/favorite.go:178
[0.616ms] [rows:0] SELECT `video_id`,COUNT(video_id) as favorite_count FROM `favorites` WHERE video_id in (23245963636264321,23246304331189633,23246362145475969) and is_favorite = true GROUP BY `video_id`

2022/10/29 11:12:13 /home/cheng/Desktop/Linux/douyin-fighting/service/comment.go:209
[0.858ms] [rows:0] SELECT `video_id`,COUNT(video_id) as comment_count FROM `comments` WHERE video_id in (23245963636264321,23246304331189633,23246362145475969) AND `comments`.`deleted_at` IS NULL GROUP BY `video_id`

2022/10/29 11:12:13 /home/cheng/Desktop/Linux/douyin-fighting/service/user.go:51
[0.462ms] [rows:1] SELECT * FROM `users` WHERE user_id = 23245177170709889 LIMIT 1

2022/10/29 11:12:13 /home/cheng/Desktop/Linux/douyin-fighting/service/user.go:54
[0.621ms] [rows:1] SELECT count(*) FROM `follows` WHERE follower_id = 23245177170709889 and is_follow = true

2022/10/29 11:12:13 /home/cheng/Desktop/Linux/douyin-fighting/service/user.go:57
[0.538ms] [rows:1] SELECT count(*) FROM `follows` WHERE celebrity_id = 23245177170709889 and is_follow = true

2022/10/29 11:12:13 /home/cheng/Desktop/Linux/douyin-fighting/service/user.go:60
[0.592ms] [rows:1] SELECT count(*) FROM `favorites` WHERE user_id = 23245177170709889 and is_favorite = true

2022/10/29 11:12:13 /home/cheng/Desktop/Linux/douyin-fighting/service/video.go:278
[0.891ms] [rows:3] SELECT * FROM `videos` WHERE author_id = 23245177170709889

2022/10/29 11:12:13 /home/cheng/Desktop/Linux/douyin-fighting/service/favorite.go:114
[0.465ms] [rows:0] SELECT `video_id`,`is_favorite` FROM `favorites` WHERE user_id = 23245177170709889
[GIN] 2022/10/29 - 11:12:13 | 200 |    7.814451ms |    192.168.77.1 | GET      "/douyin/favorite/list/?token=eyJhbGciOiJIUzI1NiIsInR5cCI6IkpXVCJ9.eyJVc2VySUQiOjIzMjQ1MTc3MTcwNzA5ODg5LCJOYW1lIjoiMTExMTExIiwiZXhwIjoxNjY3MDMzNjE1LCJuYmYiOjE2NjY5NDcyMTUsImlhdCI6MTY2Njk0NzIxNX0.GkCP-av2iunuMW9FJKYIaTuTAwOpj9sAFTKykP3WAqQ&user_id=23245177170709889"

2022/10/29 11:12:13 /home/cheng/Desktop/Linux/douyin-fighting/service/favorite.go:178
[0.698ms] [rows:0] SELECT `video_id`,COUNT(video_id) as favorite_count FROM `favorites` WHERE video_id in (23246362145475969,23246304331189633,23245963636264321) and is_favorite = true GROUP BY `video_id`
[GIN] 2022/10/29 - 11:12:13 | 200 |   16.507779ms |    192.168.77.1 | GET      "/douyin/publish/list/?token=eyJhbGciOiJIUzI1NiIsInR5cCI6IkpXVCJ9.eyJVc2VySUQiOjIzMjQ1MTc3MTcwNzA5ODg5LCJOYW1lIjoiMTExMTExIiwiZXhwIjoxNjY3MDMzNjE1LCJuYmYiOjE2NjY5NDcyMTUsImlhdCI6MTY2Njk0NzIxNX0.GkCP-av2iunuMW9FJKYIaTuTAwOpj9sAFTKykP3WAqQ&user_id=23245177170709889"
[GIN] 2022/10/29 - 11:12:14 | 200 |    5.660746ms |    192.168.77.1 | GET      "/static/cover/23246362145475969.jpg"
[GIN] 2022/10/29 - 11:12:14 | 200 |    5.894147ms |    192.168.77.1 | GET      "/static/cover/23246304331189633.jpg"
[GIN] 2022/10/29 - 11:13:51 | 200 |     219.174µs |    192.168.77.1 | GET      "/douyin/favorite/list/?token=eyJhbGciOiJIUzI1NiIsInR5cCI6IkpXVCJ9.eyJVc2VySUQiOjIzMjQ1MTc3MTcwNzA5ODg5LCJOYW1lIjoiMTExMTExIiwiZXhwIjoxNjY3MDMzNjE1LCJuYmYiOjE2NjY5NDcyMTUsImlhdCI6MTY2Njk0NzIxNX0.GkCP-av2iunuMW9FJKYIaTuTAwOpj9sAFTKykP3WAqQ&user_id=23245177170709889"

2022/10/29 11:13:51 /home/cheng/Desktop/Linux/douyin-fighting/service/video.go:232
[0.794ms] [rows:3] SELECT * FROM `videos` WHERE video_id in (23246362145475969,23246304331189633,23245963636264321)

2022/10/29 11:13:51 /home/cheng/Desktop/Linux/douyin-fighting/service/comment.go:209
[7.304ms] [rows:0] SELECT `video_id`,COUNT(video_id) as comment_count FROM `comments` WHERE video_id in (23246362145475969,23246304331189633,23245963636264321) AND `comments`.`deleted_at` IS NULL GROUP BY `video_id`

2022/10/29 11:13:51 /home/cheng/Desktop/Linux/douyin-fighting/service/favorite.go:178
[0.401ms] [rows:0] SELECT `video_id`,COUNT(video_id) as favorite_count FROM `favorites` WHERE video_id in (23246362145475969,23246304331189633,23245963636264321) and is_favorite = true GROUP BY `video_id`
[GIN] 2022/10/29 - 11:13:51 | 500 |     9.75996ms |    192.168.77.1 | GET      "/douyin/publish/list/?token=eyJhbGciOiJIUzI1NiIsInR5cCI6IkpXVCJ9.eyJVc2VySUQiOjIzMjQ1MTc3MTcwNzA5ODg5LCJOYW1lIjoiMTExMTExIiwiZXhwIjoxNjY3MDMzNjE1LCJuYmYiOjE2NjY5NDcyMTUsImlhdCI6MTY2Njk0NzIxNX0.GkCP-av2iunuMW9FJKYIaTuTAwOpj9sAFTKykP3WAqQ&user_id=23245177170709889"

2022/10/29 11:18:49 /home/cheng/Desktop/Linux/douyin-fighting/service/video.go:232
[0.722ms] [rows:1] SELECT * FROM `videos` WHERE video_id in (23245963636264321)

2022/10/29 11:18:49 /home/cheng/Desktop/Linux/douyin-fighting/service/comment.go:209
[0.896ms] [rows:0] SELECT `video_id`,COUNT(video_id) as comment_count FROM `comments` WHERE video_id in (23245963636264321) AND `comments`.`deleted_at` IS NULL GROUP BY `video_id`

2022/10/29 11:18:49 /home/cheng/Desktop/Linux/douyin-fighting/service/favorite.go:178
[0.660ms] [rows:0] SELECT `video_id`,COUNT(video_id) as favorite_count FROM `favorites` WHERE video_id in (23245963636264321) and is_favorite = true GROUP BY `video_id`
[GIN] 2022/10/29 - 11:18:49 | 500 |     2.88499ms |    192.168.77.1 | GET      "/douyin/feed/?latest_time=1667067530072"

2022/10/29 11:24:39 /home/cheng/Desktop/Linux/douyin-fighting/service/user.go:13
[0.695ms] [rows:0] SELECT * FROM `users` WHERE name = '222222' LIMIT 1

2022/10/29 11:24:39 /home/cheng/Desktop/Linux/douyin-fighting/service/user.go:21
[4.797ms] [rows:1] INSERT INTO `users` (`name`,`password`,`created_at`,`ext_info`,`user_id`) VALUES ('222222','$2a$10$p/R2XGs599sZZcjvawETL.9IXny3yaUvnbEKCKSmcTrOg0hERUjPi','2022-10-29 11:24:39.514',NULL,23448975432502657)
[GIN] 2022/10/29 - 11:24:39 | 200 |    66.01546ms |    192.168.77.1 | POST     "/douyin/user/register/?username=222222&password=222222"

2022/10/29 11:24:40 /home/cheng/Desktop/Linux/douyin-fighting/service/user.go:51
[0.527ms] [rows:1] SELECT * FROM `users` WHERE user_id = 23448975432502657 LIMIT 1

2022/10/29 11:24:40 /home/cheng/Desktop/Linux/douyin-fighting/service/user.go:54
[0.634ms] [rows:1] SELECT count(*) FROM `follows` WHERE follower_id = 23448975432502657 and is_follow = true

2022/10/29 11:24:40 /home/cheng/Desktop/Linux/douyin-fighting/service/user.go:57
[1.184ms] [rows:1] SELECT count(*) FROM `follows` WHERE celebrity_id = 23448975432502657 and is_follow = true

2022/10/29 11:24:40 /home/cheng/Desktop/Linux/douyin-fighting/service/user.go:60
[0.283ms] [rows:1] SELECT count(*) FROM `favorites` WHERE user_id = 23448975432502657 and is_favorite = true

2022/10/29 11:24:40 /home/cheng/Desktop/Linux/douyin-fighting/service/video.go:278
[0.396ms] [rows:0] SELECT * FROM `videos` WHERE author_id = 23448975432502657

2022/10/29 11:24:40 /home/cheng/Desktop/Linux/douyin-fighting/service/follow.go:20
[0.437ms] [rows:0] SELECT `celebrity_id`,`is_follow` FROM `follows` WHERE follower_id = 23448975432502657
[GIN] 2022/10/29 - 11:24:40 | 200 |    5.113176ms |    192.168.77.1 | GET      "/douyin/user/?user_id=23448975432502657&token=eyJhbGciOiJIUzI1NiIsInR5cCI6IkpXVCJ9.eyJVc2VySUQiOjIzNDQ4OTc1NDMyNTAyNjU3LCJOYW1lIjoiMjIyMjIyIiwiZXhwIjoxNjY3MTU0Mjc5LCJuYmYiOjE2NjcwNjc4NzksImlhdCI6MTY2NzA2Nzg3OX0.fM6rZuCXCDd7WD9W9oC-HMMMZOCSVR44CUBN8imEiCI"

2022/10/29 11:24:40 /home/cheng/Desktop/Linux/douyin-fighting/service/video.go:110
[0.508ms] [rows:0] SELECT * FROM `videos` WHERE author_id = 23448975432502657
[GIN] 2022/10/29 - 11:24:40 | 200 |    3.304687ms |    192.168.77.1 | GET      "/douyin/publish/list/?token=eyJhbGciOiJIUzI1NiIsInR5cCI6IkpXVCJ9.eyJVc2VySUQiOjIzNDQ4OTc1NDMyNTAyNjU3LCJOYW1lIjoiMjIyMjIyIiwiZXhwIjoxNjY3MTU0Mjc5LCJuYmYiOjE2NjcwNjc4NzksImlhdCI6MTY2NzA2Nzg3OX0.fM6rZuCXCDd7WD9W9oC-HMMMZOCSVR44CUBN8imEiCI&user_id=23448975432502657"

2022/10/29 11:24:40 /home/cheng/Desktop/Linux/douyin-fighting/service/favorite.go:114
[1.202ms] [rows:0] SELECT `video_id`,`is_favorite` FROM `favorites` WHERE user_id = 23448975432502657
[GIN] 2022/10/29 - 11:24:40 | 200 |    2.519227ms |    192.168.77.1 | GET      "/douyin/favorite/list/?token=eyJhbGciOiJIUzI1NiIsInR5cCI6IkpXVCJ9.eyJVc2VySUQiOjIzNDQ4OTc1NDMyNTAyNjU3LCJOYW1lIjoiMjIyMjIyIiwiZXhwIjoxNjY3MTU0Mjc5LCJuYmYiOjE2NjcwNjc4NzksImlhdCI6MTY2NzA2Nzg3OX0.fM6rZuCXCDd7WD9W9oC-HMMMZOCSVR44CUBN8imEiCI&user_id=23448975432502657"

2022/10/29 11:24:53 /home/cheng/Desktop/Linux/douyin-fighting/service/video.go:68
[1.473ms] [rows:1] INSERT INTO `videos` (`title`,`play_name`,`cover_name`,`author_id`,`created_at`,`ext_info`,`video_id`) VALUES ('222222','23448998853496193.mp4','23448998853496193.jpg',23448975432502657,'2022-10-29 11:24:53.767',NULL,23448998853496193)

2022/10/29 11:24:53 /home/cheng/Desktop/Linux/douyin-fighting/service/video.go:80
[0.369ms] [rows:1] SELECT * FROM `videos` WHERE author_id = 23448975432502657
[GIN] 2022/10/29 - 11:24:53 | 500 |  308.151503ms |    192.168.77.1 | POST     "/douyin/publish/action/"
