Global
Viper

2022/10/29 12:11:50 /data/go/pkg/mod/gorm.io/driver/mysql@v1.3.3/migrator.go:228
[0.086ms] [rows:-] SELECT DATABASE()

2022/10/29 12:11:50 /data/go/pkg/mod/gorm.io/driver/mysql@v1.3.3/migrator.go:231
[0.391ms] [rows:1] SELECT SCHEMA_NAME from Information_schema.SCHEMATA where SCHEMA_NAME LIKE 'douyin%' ORDER BY SCHEMA_NAME='douyin' DESC limit 1

2022/10/29 12:11:50 /home/cheng/Desktop/Linux/douyin-fighting/initialize/mysql.go:54
[0.236ms] [rows:-] SELECT count(*) FROM information_schema.tables WHERE table_schema = 'douyin' AND table_name = 'users' AND table_type = 'BASE TABLE'

2022/10/29 12:11:50 /data/go/pkg/mod/gorm.io/driver/mysql@v1.3.3/migrator.go:228
[0.064ms] [rows:-] SELECT DATABASE()

2022/10/29 12:11:50 /data/go/pkg/mod/gorm.io/driver/mysql@v1.3.3/migrator.go:231
[0.261ms] [rows:1] SELECT SCHEMA_NAME from Information_schema.SCHEMATA where SCHEMA_NAME LIKE 'douyin%' ORDER BY SCHEMA_NAME='douyin' DESC limit 1

2022/10/29 12:11:50 /data/go/pkg/mod/gorm.io/driver/mysql@v1.3.3/migrator.go:148
[0.203ms] [rows:-] SELECT * FROM `users` LIMIT 1

2022/10/29 12:11:50 /data/go/pkg/mod/gorm.io/driver/mysql@v1.3.3/migrator.go:166
[0.399ms] [rows:-] SELECT column_name, column_default, is_nullable = 'YES', data_type, character_maximum_length, column_type, column_key, extra, column_comment, numeric_precision, numeric_scale , datetime_precision FROM information_schema.columns WHERE table_schema = 'douyin' AND table_name = 'users' ORDER BY ORDINAL_POSITION

2022/10/29 12:11:50 /data/go/pkg/mod/gorm.io/driver/mysql@v1.3.3/migrator.go:228
[0.057ms] [rows:-] SELECT DATABASE()

2022/10/29 12:11:50 /data/go/pkg/mod/gorm.io/driver/mysql@v1.3.3/migrator.go:231
[2.803ms] [rows:1] SELECT SCHEMA_NAME from Information_schema.SCHEMATA where SCHEMA_NAME LIKE 'douyin%' ORDER BY SCHEMA_NAME='douyin' DESC limit 1

2022/10/29 12:11:50 /home/cheng/Desktop/Linux/douyin-fighting/initialize/mysql.go:55
[0.294ms] [rows:-] SELECT count(*) FROM information_schema.tables WHERE table_schema = 'douyin' AND table_name = 'videos' AND table_type = 'BASE TABLE'

2022/10/29 12:11:50 /data/go/pkg/mod/gorm.io/driver/mysql@v1.3.3/migrator.go:228
[0.065ms] [rows:-] SELECT DATABASE()

2022/10/29 12:11:50 /data/go/pkg/mod/gorm.io/driver/mysql@v1.3.3/migrator.go:231
[0.246ms] [rows:1] SELECT SCHEMA_NAME from Information_schema.SCHEMATA where SCHEMA_NAME LIKE 'douyin%' ORDER BY SCHEMA_NAME='douyin' DESC limit 1

2022/10/29 12:11:50 /data/go/pkg/mod/gorm.io/driver/mysql@v1.3.3/migrator.go:148
[0.144ms] [rows:-] SELECT * FROM `videos` LIMIT 1

2022/10/29 12:11:50 /data/go/pkg/mod/gorm.io/driver/mysql@v1.3.3/migrator.go:166
[0.390ms] [rows:-] SELECT column_name, column_default, is_nullable = 'YES', data_type, character_maximum_length, column_type, column_key, extra, column_comment, numeric_precision, numeric_scale , datetime_precision FROM information_schema.columns WHERE table_schema = 'douyin' AND table_name = 'videos' ORDER BY ORDINAL_POSITION

2022/10/29 12:11:50 /data/go/pkg/mod/gorm.io/driver/mysql@v1.3.3/migrator.go:228
[0.067ms] [rows:-] SELECT DATABASE()

2022/10/29 12:11:50 /data/go/pkg/mod/gorm.io/driver/mysql@v1.3.3/migrator.go:231
[0.268ms] [rows:1] SELECT SCHEMA_NAME from Information_schema.SCHEMATA where SCHEMA_NAME LIKE 'douyin%' ORDER BY SCHEMA_NAME='douyin' DESC limit 1

2022/10/29 12:11:50 /home/cheng/Desktop/Linux/douyin-fighting/initialize/mysql.go:55
[0.194ms] [rows:-] SELECT count(*) FROM information_schema.statistics WHERE table_schema = 'douyin' AND table_name = 'videos' AND index_name = 'idx_videos_author_id'

2022/10/29 12:11:50 /data/go/pkg/mod/gorm.io/driver/mysql@v1.3.3/migrator.go:228
[0.061ms] [rows:-] SELECT DATABASE()

2022/10/29 12:11:50 /data/go/pkg/mod/gorm.io/driver/mysql@v1.3.3/migrator.go:231
[0.220ms] [rows:1] SELECT SCHEMA_NAME from Information_schema.SCHEMATA where SCHEMA_NAME LIKE 'douyin%' ORDER BY SCHEMA_NAME='douyin' DESC limit 1

2022/10/29 12:11:50 /home/cheng/Desktop/Linux/douyin-fighting/initialize/mysql.go:55
[0.199ms] [rows:-] SELECT count(*) FROM information_schema.statistics WHERE table_schema = 'douyin' AND table_name = 'videos' AND index_name = 'idx_videos_created_at'

2022/10/29 12:11:50 /data/go/pkg/mod/gorm.io/driver/mysql@v1.3.3/migrator.go:228
[5.630ms] [rows:-] SELECT DATABASE()

2022/10/29 12:11:50 /data/go/pkg/mod/gorm.io/driver/mysql@v1.3.3/migrator.go:231
[0.477ms] [rows:1] SELECT SCHEMA_NAME from Information_schema.SCHEMATA where SCHEMA_NAME LIKE 'douyin%' ORDER BY SCHEMA_NAME='douyin' DESC limit 1

2022/10/29 12:11:50 /home/cheng/Desktop/Linux/douyin-fighting/initialize/mysql.go:56
[0.266ms] [rows:-] SELECT count(*) FROM information_schema.tables WHERE table_schema = 'douyin' AND table_name = 'favorites' AND table_type = 'BASE TABLE'

2022/10/29 12:11:50 /data/go/pkg/mod/gorm.io/driver/mysql@v1.3.3/migrator.go:228
[0.074ms] [rows:-] SELECT DATABASE()

2022/10/29 12:11:50 /data/go/pkg/mod/gorm.io/driver/mysql@v1.3.3/migrator.go:231
[0.279ms] [rows:1] SELECT SCHEMA_NAME from Information_schema.SCHEMATA where SCHEMA_NAME LIKE 'douyin%' ORDER BY SCHEMA_NAME='douyin' DESC limit 1

2022/10/29 12:11:50 /data/go/pkg/mod/gorm.io/driver/mysql@v1.3.3/migrator.go:148
[0.197ms] [rows:-] SELECT * FROM `favorites` LIMIT 1

2022/10/29 12:11:50 /data/go/pkg/mod/gorm.io/driver/mysql@v1.3.3/migrator.go:166
[0.713ms] [rows:-] SELECT column_name, column_default, is_nullable = 'YES', data_type, character_maximum_length, column_type, column_key, extra, column_comment, numeric_precision, numeric_scale , datetime_precision FROM information_schema.columns WHERE table_schema = 'douyin' AND table_name = 'favorites' ORDER BY ORDINAL_POSITION

2022/10/29 12:11:50 /data/go/pkg/mod/gorm.io/driver/mysql@v1.3.3/migrator.go:228
[1.090ms] [rows:-] SELECT DATABASE()

2022/10/29 12:11:50 /data/go/pkg/mod/gorm.io/driver/mysql@v1.3.3/migrator.go:231
[0.433ms] [rows:1] SELECT SCHEMA_NAME from Information_schema.SCHEMATA where SCHEMA_NAME LIKE 'douyin%' ORDER BY SCHEMA_NAME='douyin' DESC limit 1

2022/10/29 12:11:50 /home/cheng/Desktop/Linux/douyin-fighting/initialize/mysql.go:56
[0.185ms] [rows:-] SELECT count(*) FROM information_schema.statistics WHERE table_schema = 'douyin' AND table_name = 'favorites' AND index_name = 'idx_01'

2022/10/29 12:11:50 /data/go/pkg/mod/gorm.io/driver/mysql@v1.3.3/migrator.go:228
[0.058ms] [rows:-] SELECT DATABASE()

2022/10/29 12:11:50 /data/go/pkg/mod/gorm.io/driver/mysql@v1.3.3/migrator.go:231
[0.287ms] [rows:1] SELECT SCHEMA_NAME from Information_schema.SCHEMATA where SCHEMA_NAME LIKE 'douyin%' ORDER BY SCHEMA_NAME='douyin' DESC limit 1

2022/10/29 12:11:50 /home/cheng/Desktop/Linux/douyin-fighting/initialize/mysql.go:56
[0.179ms] [rows:-] SELECT count(*) FROM information_schema.statistics WHERE table_schema = 'douyin' AND table_name = 'favorites' AND index_name = 'idx_02'

2022/10/29 12:11:50 /data/go/pkg/mod/gorm.io/driver/mysql@v1.3.3/migrator.go:228
[0.163ms] [rows:-] SELECT DATABASE()

2022/10/29 12:11:50 /data/go/pkg/mod/gorm.io/driver/mysql@v1.3.3/migrator.go:231
[0.301ms] [rows:1] SELECT SCHEMA_NAME from Information_schema.SCHEMATA where SCHEMA_NAME LIKE 'douyin%' ORDER BY SCHEMA_NAME='douyin' DESC limit 1

2022/10/29 12:11:50 /home/cheng/Desktop/Linux/douyin-fighting/initialize/mysql.go:57
[0.216ms] [rows:-] SELECT count(*) FROM information_schema.tables WHERE table_schema = 'douyin' AND table_name = 'comments' AND table_type = 'BASE TABLE'

2022/10/29 12:11:50 /data/go/pkg/mod/gorm.io/driver/mysql@v1.3.3/migrator.go:228
[0.062ms] [rows:-] SELECT DATABASE()

2022/10/29 12:11:50 /data/go/pkg/mod/gorm.io/driver/mysql@v1.3.3/migrator.go:231
[0.204ms] [rows:1] SELECT SCHEMA_NAME from Information_schema.SCHEMATA where SCHEMA_NAME LIKE 'douyin%' ORDER BY SCHEMA_NAME='douyin' DESC limit 1

2022/10/29 12:11:50 /data/go/pkg/mod/gorm.io/driver/mysql@v1.3.3/migrator.go:148
[0.157ms] [rows:-] SELECT * FROM `comments` LIMIT 1

2022/10/29 12:11:50 /data/go/pkg/mod/gorm.io/driver/mysql@v1.3.3/migrator.go:166
[0.363ms] [rows:-] SELECT column_name, column_default, is_nullable = 'YES', data_type, character_maximum_length, column_type, column_key, extra, column_comment, numeric_precision, numeric_scale , datetime_precision FROM information_schema.columns WHERE table_schema = 'douyin' AND table_name = 'comments' ORDER BY ORDINAL_POSITION

2022/10/29 12:11:50 /data/go/pkg/mod/gorm.io/driver/mysql@v1.3.3/migrator.go:228
[0.055ms] [rows:-] SELECT DATABASE()

2022/10/29 12:11:50 /data/go/pkg/mod/gorm.io/driver/mysql@v1.3.3/migrator.go:231
[0.213ms] [rows:1] SELECT SCHEMA_NAME from Information_schema.SCHEMATA where SCHEMA_NAME LIKE 'douyin%' ORDER BY SCHEMA_NAME='douyin' DESC limit 1

2022/10/29 12:11:50 /home/cheng/Desktop/Linux/douyin-fighting/initialize/mysql.go:57
[0.153ms] [rows:-] SELECT count(*) FROM information_schema.statistics WHERE table_schema = 'douyin' AND table_name = 'comments' AND index_name = 'video_user'

2022/10/29 12:11:50 /data/go/pkg/mod/gorm.io/driver/mysql@v1.3.3/migrator.go:228
[0.049ms] [rows:-] SELECT DATABASE()

2022/10/29 12:11:50 /data/go/pkg/mod/gorm.io/driver/mysql@v1.3.3/migrator.go:231
[0.201ms] [rows:1] SELECT SCHEMA_NAME from Information_schema.SCHEMATA where SCHEMA_NAME LIKE 'douyin%' ORDER BY SCHEMA_NAME='douyin' DESC limit 1

2022/10/29 12:11:50 /home/cheng/Desktop/Linux/douyin-fighting/initialize/mysql.go:58
[0.164ms] [rows:-] SELECT count(*) FROM information_schema.tables WHERE table_schema = 'douyin' AND table_name = 'follows' AND table_type = 'BASE TABLE'

2022/10/29 12:11:50 /data/go/pkg/mod/gorm.io/driver/mysql@v1.3.3/migrator.go:228
[0.044ms] [rows:-] SELECT DATABASE()

2022/10/29 12:11:50 /data/go/pkg/mod/gorm.io/driver/mysql@v1.3.3/migrator.go:231
[0.197ms] [rows:1] SELECT SCHEMA_NAME from Information_schema.SCHEMATA where SCHEMA_NAME LIKE 'douyin%' ORDER BY SCHEMA_NAME='douyin' DESC limit 1

2022/10/29 12:11:50 /data/go/pkg/mod/gorm.io/driver/mysql@v1.3.3/migrator.go:148
[0.103ms] [rows:-] SELECT * FROM `follows` LIMIT 1

2022/10/29 12:11:50 /data/go/pkg/mod/gorm.io/driver/mysql@v1.3.3/migrator.go:166
[0.527ms] [rows:-] SELECT column_name, column_default, is_nullable = 'YES', data_type, character_maximum_length, column_type, column_key, extra, column_comment, numeric_precision, numeric_scale , datetime_precision FROM information_schema.columns WHERE table_schema = 'douyin' AND table_name = 'follows' ORDER BY ORDINAL_POSITION

2022/10/29 12:11:50 /data/go/pkg/mod/gorm.io/driver/mysql@v1.3.3/migrator.go:228
[4.176ms] [rows:-] SELECT DATABASE()

2022/10/29 12:11:50 /data/go/pkg/mod/gorm.io/driver/mysql@v1.3.3/migrator.go:231
[0.468ms] [rows:1] SELECT SCHEMA_NAME from Information_schema.SCHEMATA where SCHEMA_NAME LIKE 'douyin%' ORDER BY SCHEMA_NAME='douyin' DESC limit 1

2022/10/29 12:11:50 /home/cheng/Desktop/Linux/douyin-fighting/initialize/mysql.go:58
[5.052ms] [rows:-] SELECT count(*) FROM information_schema.statistics WHERE table_schema = 'douyin' AND table_name = 'follows' AND index_name = 'idx_01'

2022/10/29 12:11:50 /data/go/pkg/mod/gorm.io/driver/mysql@v1.3.3/migrator.go:228
[0.118ms] [rows:-] SELECT DATABASE()

2022/10/29 12:11:50 /data/go/pkg/mod/gorm.io/driver/mysql@v1.3.3/migrator.go:231
[0.478ms] [rows:1] SELECT SCHEMA_NAME from Information_schema.SCHEMATA where SCHEMA_NAME LIKE 'douyin%' ORDER BY SCHEMA_NAME='douyin' DESC limit 1

2022/10/29 12:11:50 /home/cheng/Desktop/Linux/douyin-fighting/initialize/mysql.go:58
[0.243ms] [rows:-] SELECT count(*) FROM information_schema.statistics WHERE table_schema = 'douyin' AND table_name = 'follows' AND index_name = 'idx_02'
MySQL
Redis
0.0.0.0:8080
2022/10/29 12:11:51 /home/cheng/Desktop/Linux/douyin-fighting/service/video.go:68
[1.883ms] [rows:1] INSERT INTO `videos` (`title`,`play_name`,`cover_name`,`author_id`,`created_at`,`ext_info`,`video_id`) VALUES ('aa','23453727427939713.mp4','23453727427939713.jpg',23452498429758849,'2022-10-29 12:11:51.957',NULL,23453727427939713)

2022/10/29 12:11:51 /home/cheng/Desktop/Linux/douyin-fighting/service/video.go:80
[0.436ms] [rows:6] SELECT * FROM `videos` WHERE author_id = 23452498429758849
[GIN] 2022/10/29 - 12:11:51 | 500 |    46.63941ms |    192.168.77.1 | POST     "/douyin/publish/action/"
[GIN] 2022/10/29 - 12:11:53 | 200 |     320.404µs |    192.168.77.1 | GET      "/douyin/publish/list/?token=eyJhbGciOiJIUzI1NiIsInR5cCI6IkpXVCJ9.eyJVc2VySUQiOjIzNDUyNDk4NDI5NzU4ODQ5LCJOYW1lIjoiMSIsImV4cCI6MTY2NzE1Njk5OCwibmJmIjoxNjY3MDcwNTk4LCJpYXQiOjE2NjcwNzA1OTh9.nvqdTQLR1M1hlgTb7EHxFW5ccSS3aF1f7xMjrVwka-Q&user_id=23452498429758849"
[GIN] 2022/10/29 - 12:11:53 | 200 |     838.021µs |    192.168.77.1 | GET      "/douyin/favorite/list/?token=eyJhbGciOiJIUzI1NiIsInR5cCI6IkpXVCJ9.eyJVc2VySUQiOjIzNDUyNDk4NDI5NzU4ODQ5LCJOYW1lIjoiMSIsImV4cCI6MTY2NzE1Njk5OCwibmJmIjoxNjY3MDcwNTk4LCJpYXQiOjE2NjcwNzA1OTh9.nvqdTQLR1M1hlgTb7EHxFW5ccSS3aF1f7xMjrVwka-Q&user_id=23452498429758849"

2022/10/29 12:11:59 /home/cheng/Desktop/Linux/douyin-fighting/service/video.go:232
[0.598ms] [rows:1] SELECT * FROM `videos` WHERE video_id in (23245963636264321)

2022/10/29 12:11:59 /home/cheng/Desktop/Linux/douyin-fighting/service/comment.go:209
[0.554ms] [rows:0] SELECT `video_id`,COUNT(video_id) as comment_count FROM `comments` WHERE video_id in (23245963636264321) AND `comments`.`deleted_at` IS NULL GROUP BY `video_id`

2022/10/29 12:11:59 /home/cheng/Desktop/Linux/douyin-fighting/service/favorite.go:178
[0.536ms] [rows:0] SELECT `video_id`,COUNT(video_id) as favorite_count FROM `favorites` WHERE video_id in (23245963636264321) and is_favorite = true GROUP BY `video_id`
[GIN] 2022/10/29 - 12:11:59 | 500 |    2.707547ms |    192.168.77.1 | GET      "/douyin/feed/?latest_time=1667070719871&token=eyJhbGciOiJIUzI1NiIsInR5cCI6IkpXVCJ9.eyJVc2VySUQiOjIzNDUyNDk4NDI5NzU4ODQ5LCJOYW1lIjoiMSIsImV4cCI6MTY2NzE1Njk5OCwibmJmIjoxNjY3MDcwNTk4LCJpYXQiOjE2NjcwNzA1OTh9.nvqdTQLR1M1hlgTb7EHxFW5ccSS3aF1f7xMjrVwka-Q"
[GIN] 2022/10/29 - 12:12:02 | 200 |     227.159µs |    192.168.77.1 | GET      "/douyin/publish/list/?token=eyJhbGciOiJIUzI1NiIsInR5cCI6IkpXVCJ9.eyJVc2VySUQiOjIzNDUyNDk4NDI5NzU4ODQ5LCJOYW1lIjoiMSIsImV4cCI6MTY2NzE1Njk5OCwibmJmIjoxNjY3MDcwNTk4LCJpYXQiOjE2NjcwNzA1OTh9.nvqdTQLR1M1hlgTb7EHxFW5ccSS3aF1f7xMjrVwka-Q&user_id=23452498429758849"
[GIN] 2022/10/29 - 12:12:02 | 200 |     305.151µs |    192.168.77.1 | GET      "/douyin/favorite/list/?token=eyJhbGciOiJIUzI1NiIsInR5cCI6IkpXVCJ9.eyJVc2VySUQiOjIzNDUyNDk4NDI5NzU4ODQ5LCJOYW1lIjoiMSIsImV4cCI6MTY2NzE1Njk5OCwibmJmIjoxNjY3MDcwNTk4LCJpYXQiOjE2NjcwNzA1OTh9.nvqdTQLR1M1hlgTb7EHxFW5ccSS3aF1f7xMjrVwka-Q&user_id=23452498429758849"

2022/10/29 12:12:12 /home/cheng/Desktop/Linux/douyin-fighting/service/video.go:232
[0.606ms] [rows:1] SELECT * FROM `videos` WHERE video_id in (23245963636264321)

2022/10/29 12:12:12 /home/cheng/Desktop/Linux/douyin-fighting/service/comment.go:209
[0.643ms] [rows:0] SELECT `video_id`,COUNT(video_id) as comment_count FROM `comments` WHERE video_id in (23245963636264321) AND `comments`.`deleted_at` IS NULL GROUP BY `video_id`

2022/10/29 12:12:12 /home/cheng/Desktop/Linux/douyin-fighting/service/favorite.go:178
[2.752ms] [rows:0] SELECT `video_id`,COUNT(video_id) as favorite_count FROM `favorites` WHERE video_id in (23245963636264321) and is_favorite = true GROUP BY `video_id`
[GIN] 2022/10/29 - 12:12:12 | 500 |    4.689263ms |    192.168.77.1 | GET      "/douyin/feed/?latest_time=1667070732688"

2022/10/29 12:12:19 /home/cheng/Desktop/Linux/douyin-fighting/service/user.go:28
[0.668ms] [rows:1] SELECT * FROM `users` WHERE name = '1' LIMIT 1
[GIN] 2022/10/29 - 12:12:19 | 200 |   60.761107ms |    192.168.77.1 | POST     "/douyin/user/login/?username=1&password=111111"
[GIN] 2022/10/29 - 12:12:19 | 200 |     591.686µs |    192.168.77.1 | GET      "/douyin/user/?user_id=23452498429758849&token=eyJhbGciOiJIUzI1NiIsInR5cCI6IkpXVCJ9.eyJVc2VySUQiOjIzNDUyNDk4NDI5NzU4ODQ5LCJOYW1lIjoiMSIsImV4cCI6MTY2NzE1NzEzOSwibmJmIjoxNjY3MDcwNzM5LCJpYXQiOjE2NjcwNzA3Mzl9.HW9YCVT6Y7aqi2AXC2ebll9QexGaGPFF0JTAlwISQYs"
[GIN] 2022/10/29 - 12:12:19 | 200 |     979.218µs |    192.168.77.1 | GET      "/douyin/publish/list/?token=eyJhbGciOiJIUzI1NiIsInR5cCI6IkpXVCJ9.eyJVc2VySUQiOjIzNDUyNDk4NDI5NzU4ODQ5LCJOYW1lIjoiMSIsImV4cCI6MTY2NzE1NzEzOSwibmJmIjoxNjY3MDcwNzM5LCJpYXQiOjE2NjcwNzA3Mzl9.HW9YCVT6Y7aqi2AXC2ebll9QexGaGPFF0JTAlwISQYs&user_id=23452498429758849"
[GIN] 2022/10/29 - 12:12:19 | 200 |    1.727935ms |    192.168.77.1 | GET      "/douyin/favorite/list/?token=eyJhbGciOiJIUzI1NiIsInR5cCI6IkpXVCJ9.eyJVc2VySUQiOjIzNDUyNDk4NDI5NzU4ODQ5LCJOYW1lIjoiMSIsImV4cCI6MTY2NzE1NzEzOSwibmJmIjoxNjY3MDcwNzM5LCJpYXQiOjE2NjcwNzA3Mzl9.HW9YCVT6Y7aqi2AXC2ebll9QexGaGPFF0JTAlwISQYs&user_id=23452498429758849"

2022/10/29 12:12:27 /home/cheng/Desktop/Linux/douyin-fighting/service/video.go:68
[2.373ms] [rows:1] INSERT INTO `videos` (`title`,`play_name`,`cover_name`,`author_id`,`created_at`,`ext_info`,`video_id`) VALUES ('aa','23453787305823617.mp4','23453787305823617.jpg',23452498429758849,'2022-10-29 12:12:27.651',NULL,23453787305823617)

2022/10/29 12:12:27 /home/cheng/Desktop/Linux/douyin-fighting/service/video.go:80
[0.371ms] [rows:7] SELECT * FROM `videos` WHERE author_id = 23452498429758849
[GIN] 2022/10/29 - 12:12:27 | 500 |   49.077652ms |    192.168.77.1 | POST     "/douyin/publish/action/"
