
2022/10/27 22:10:35 /data/go/pkg/mod/gorm.io/driver/mysql@v1.3.3/migrator.go:228
[0.068ms] [rows:-] SELECT DATABASE()

2022/10/27 22:10:35 /data/go/pkg/mod/gorm.io/driver/mysql@v1.3.3/migrator.go:231
[0.517ms] [rows:1] SELECT SCHEMA_NAME from Information_schema.SCHEMATA where SCHEMA_NAME LIKE 'douyin%' ORDER BY SCHEMA_NAME='douyin' DESC limit 1

2022/10/27 22:10:35 /home/cheng/Desktop/Linux/douyin-fighting/initialize/mysql.go:54
[0.368ms] [rows:-] SELECT count(*) FROM information_schema.tables WHERE table_schema = 'douyin' AND table_name = 'users' AND table_type = 'BASE TABLE'

2022/10/27 22:10:35 /data/go/pkg/mod/gorm.io/driver/mysql@v1.3.3/migrator.go:228
[0.071ms] [rows:-] SELECT DATABASE()

2022/10/27 22:10:35 /data/go/pkg/mod/gorm.io/driver/mysql@v1.3.3/migrator.go:231
[0.329ms] [rows:1] SELECT SCHEMA_NAME from Information_schema.SCHEMATA where SCHEMA_NAME LIKE 'douyin%' ORDER BY SCHEMA_NAME='douyin' DESC limit 1

2022/10/27 22:10:35 /data/go/pkg/mod/gorm.io/driver/mysql@v1.3.3/migrator.go:148
[0.254ms] [rows:-] SELECT * FROM `users` LIMIT 1

2022/10/27 22:10:35 /data/go/pkg/mod/gorm.io/driver/mysql@v1.3.3/migrator.go:166
[0.477ms] [rows:-] SELECT column_name, column_default, is_nullable = 'YES', data_type, character_maximum_length, column_type, column_key, extra, column_comment, numeric_precision, numeric_scale , datetime_precision FROM information_schema.columns WHERE table_schema = 'douyin' AND table_name = 'users' ORDER BY ORDINAL_POSITION

2022/10/27 22:10:35 /data/go/pkg/mod/gorm.io/driver/mysql@v1.3.3/migrator.go:228
[0.083ms] [rows:-] SELECT DATABASE()

2022/10/27 22:10:35 /data/go/pkg/mod/gorm.io/driver/mysql@v1.3.3/migrator.go:231
[0.333ms] [rows:1] SELECT SCHEMA_NAME from Information_schema.SCHEMATA where SCHEMA_NAME LIKE 'douyin%' ORDER BY SCHEMA_NAME='douyin' DESC limit 1

2022/10/27 22:10:35 /home/cheng/Desktop/Linux/douyin-fighting/initialize/mysql.go:55
[0.333ms] [rows:-] SELECT count(*) FROM information_schema.tables WHERE table_schema = 'douyin' AND table_name = 'videos' AND table_type = 'BASE TABLE'

2022/10/27 22:10:35 /data/go/pkg/mod/gorm.io/driver/mysql@v1.3.3/migrator.go:228
[0.171ms] [rows:-] SELECT DATABASE()

2022/10/27 22:10:35 /data/go/pkg/mod/gorm.io/driver/mysql@v1.3.3/migrator.go:231
[0.247ms] [rows:1] SELECT SCHEMA_NAME from Information_schema.SCHEMATA where SCHEMA_NAME LIKE 'douyin%' ORDER BY SCHEMA_NAME='douyin' DESC limit 1

2022/10/27 22:10:35 /data/go/pkg/mod/gorm.io/driver/mysql@v1.3.3/migrator.go:148
[0.253ms] [rows:-] SELECT * FROM `videos` LIMIT 1

2022/10/27 22:10:35 /data/go/pkg/mod/gorm.io/driver/mysql@v1.3.3/migrator.go:166
[0.476ms] [rows:-] SELECT column_name, column_default, is_nullable = 'YES', data_type, character_maximum_length, column_type, column_key, extra, column_comment, numeric_precision, numeric_scale , datetime_precision FROM information_schema.columns WHERE table_schema = 'douyin' AND table_name = 'videos' ORDER BY ORDINAL_POSITION

2022/10/27 22:10:35 /data/go/pkg/mod/gorm.io/driver/mysql@v1.3.3/migrator.go:228
[0.068ms] [rows:-] SELECT DATABASE()

2022/10/27 22:10:35 /data/go/pkg/mod/gorm.io/driver/mysql@v1.3.3/migrator.go:231
[0.321ms] [rows:1] SELECT SCHEMA_NAME from Information_schema.SCHEMATA where SCHEMA_NAME LIKE 'douyin%' ORDER BY SCHEMA_NAME='douyin' DESC limit 1

2022/10/27 22:10:35 /home/cheng/Desktop/Linux/douyin-fighting/initialize/mysql.go:55
[0.315ms] [rows:-] SELECT count(*) FROM information_schema.statistics WHERE table_schema = 'douyin' AND table_name = 'videos' AND index_name = 'idx_videos_author_id'

2022/10/27 22:10:35 /data/go/pkg/mod/gorm.io/driver/mysql@v1.3.3/migrator.go:228
[0.067ms] [rows:-] SELECT DATABASE()

2022/10/27 22:10:35 /data/go/pkg/mod/gorm.io/driver/mysql@v1.3.3/migrator.go:231
[0.316ms] [rows:1] SELECT SCHEMA_NAME from Information_schema.SCHEMATA where SCHEMA_NAME LIKE 'douyin%' ORDER BY SCHEMA_NAME='douyin' DESC limit 1

2022/10/27 22:10:35 /home/cheng/Desktop/Linux/douyin-fighting/initialize/mysql.go:55
[0.204ms] [rows:-] SELECT count(*) FROM information_schema.statistics WHERE table_schema = 'douyin' AND table_name = 'videos' AND index_name = 'idx_videos_created_at'

2022/10/27 22:10:35 /data/go/pkg/mod/gorm.io/driver/mysql@v1.3.3/migrator.go:228
[0.070ms] [rows:-] SELECT DATABASE()

2022/10/27 22:10:35 /data/go/pkg/mod/gorm.io/driver/mysql@v1.3.3/migrator.go:231
[0.982ms] [rows:1] SELECT SCHEMA_NAME from Information_schema.SCHEMATA where SCHEMA_NAME LIKE 'douyin%' ORDER BY SCHEMA_NAME='douyin' DESC limit 1

2022/10/27 22:10:35 /home/cheng/Desktop/Linux/douyin-fighting/initialize/mysql.go:56
[0.171ms] [rows:-] SELECT count(*) FROM information_schema.tables WHERE table_schema = 'douyin' AND table_name = 'favorites' AND table_type = 'BASE TABLE'

2022/10/27 22:10:35 /data/go/pkg/mod/gorm.io/driver/mysql@v1.3.3/migrator.go:228
[0.046ms] [rows:-] SELECT DATABASE()

2022/10/27 22:10:35 /data/go/pkg/mod/gorm.io/driver/mysql@v1.3.3/migrator.go:231
[0.193ms] [rows:1] SELECT SCHEMA_NAME from Information_schema.SCHEMATA where SCHEMA_NAME LIKE 'douyin%' ORDER BY SCHEMA_NAME='douyin' DESC limit 1

2022/10/27 22:10:35 /data/go/pkg/mod/gorm.io/driver/mysql@v1.3.3/migrator.go:148
[0.124ms] [rows:-] SELECT * FROM `favorites` LIMIT 1

2022/10/27 22:10:35 /data/go/pkg/mod/gorm.io/driver/mysql@v1.3.3/migrator.go:166
[0.618ms] [rows:-] SELECT column_name, column_default, is_nullable = 'YES', data_type, character_maximum_length, column_type, column_key, extra, column_comment, numeric_precision, numeric_scale , datetime_precision FROM information_schema.columns WHERE table_schema = 'douyin' AND table_name = 'favorites' ORDER BY ORDINAL_POSITION

2022/10/27 22:10:35 /data/go/pkg/mod/gorm.io/driver/mysql@v1.3.3/migrator.go:228
[0.077ms] [rows:-] SELECT DATABASE()

2022/10/27 22:10:35 /data/go/pkg/mod/gorm.io/driver/mysql@v1.3.3/migrator.go:231
[0.339ms] [rows:1] SELECT SCHEMA_NAME from Information_schema.SCHEMATA where SCHEMA_NAME LIKE 'douyin%' ORDER BY SCHEMA_NAME='douyin' DESC limit 1

2022/10/27 22:10:35 /home/cheng/Desktop/Linux/douyin-fighting/initialize/mysql.go:56
[0.335ms] [rows:-] SELECT count(*) FROM information_schema.statistics WHERE table_schema = 'douyin' AND table_name = 'favorites' AND index_name = 'idx_02'

2022/10/27 22:10:35 /data/go/pkg/mod/gorm.io/driver/mysql@v1.3.3/migrator.go:228
[0.045ms] [rows:-] SELECT DATABASE()

2022/10/27 22:10:35 /data/go/pkg/mod/gorm.io/driver/mysql@v1.3.3/migrator.go:231
[0.225ms] [rows:1] SELECT SCHEMA_NAME from Information_schema.SCHEMATA where SCHEMA_NAME LIKE 'douyin%' ORDER BY SCHEMA_NAME='douyin' DESC limit 1

2022/10/27 22:10:35 /home/cheng/Desktop/Linux/douyin-fighting/initialize/mysql.go:56
[0.147ms] [rows:-] SELECT count(*) FROM information_schema.statistics WHERE table_schema = 'douyin' AND table_name = 'favorites' AND index_name = 'idx_01'

2022/10/27 22:10:35 /data/go/pkg/mod/gorm.io/driver/mysql@v1.3.3/migrator.go:228
[0.053ms] [rows:-] SELECT DATABASE()

2022/10/27 22:10:35 /data/go/pkg/mod/gorm.io/driver/mysql@v1.3.3/migrator.go:231
[0.190ms] [rows:1] SELECT SCHEMA_NAME from Information_schema.SCHEMATA where SCHEMA_NAME LIKE 'douyin%' ORDER BY SCHEMA_NAME='douyin' DESC limit 1

2022/10/27 22:10:35 /home/cheng/Desktop/Linux/douyin-fighting/initialize/mysql.go:57
[0.149ms] [rows:-] SELECT count(*) FROM information_schema.tables WHERE table_schema = 'douyin' AND table_name = 'comments' AND table_type = 'BASE TABLE'

2022/10/27 22:10:35 /data/go/pkg/mod/gorm.io/driver/mysql@v1.3.3/migrator.go:228
[0.042ms] [rows:-] SELECT DATABASE()

2022/10/27 22:10:35 /data/go/pkg/mod/gorm.io/driver/mysql@v1.3.3/migrator.go:231
[0.576ms] [rows:1] SELECT SCHEMA_NAME from Information_schema.SCHEMATA where SCHEMA_NAME LIKE 'douyin%' ORDER BY SCHEMA_NAME='douyin' DESC limit 1

2022/10/27 22:10:35 /data/go/pkg/mod/gorm.io/driver/mysql@v1.3.3/migrator.go:148
[0.117ms] [rows:-] SELECT * FROM `comments` LIMIT 1

2022/10/27 22:10:35 /data/go/pkg/mod/gorm.io/driver/mysql@v1.3.3/migrator.go:166
[0.360ms] [rows:-] SELECT column_name, column_default, is_nullable = 'YES', data_type, character_maximum_length, column_type, column_key, extra, column_comment, numeric_precision, numeric_scale , datetime_precision FROM information_schema.columns WHERE table_schema = 'douyin' AND table_name = 'comments' ORDER BY ORDINAL_POSITION

2022/10/27 22:10:35 /data/go/pkg/mod/gorm.io/driver/mysql@v1.3.3/migrator.go:228
[0.054ms] [rows:-] SELECT DATABASE()

2022/10/27 22:10:35 /data/go/pkg/mod/gorm.io/driver/mysql@v1.3.3/migrator.go:231
[0.208ms] [rows:1] SELECT SCHEMA_NAME from Information_schema.SCHEMATA where SCHEMA_NAME LIKE 'douyin%' ORDER BY SCHEMA_NAME='douyin' DESC limit 1

2022/10/27 22:10:35 /home/cheng/Desktop/Linux/douyin-fighting/initialize/mysql.go:57
[0.148ms] [rows:-] SELECT count(*) FROM information_schema.statistics WHERE table_schema = 'douyin' AND table_name = 'comments' AND index_name = 'video_user'

2022/10/27 22:10:35 /data/go/pkg/mod/gorm.io/driver/mysql@v1.3.3/migrator.go:228
[0.047ms] [rows:-] SELECT DATABASE()

2022/10/27 22:10:35 /data/go/pkg/mod/gorm.io/driver/mysql@v1.3.3/migrator.go:231
[0.248ms] [rows:1] SELECT SCHEMA_NAME from Information_schema.SCHEMATA where SCHEMA_NAME LIKE 'douyin%' ORDER BY SCHEMA_NAME='douyin' DESC limit 1

2022/10/27 22:10:35 /home/cheng/Desktop/Linux/douyin-fighting/initialize/mysql.go:58
[0.156ms] [rows:-] SELECT count(*) FROM information_schema.tables WHERE table_schema = 'douyin' AND table_name = 'follows' AND table_type = 'BASE TABLE'

2022/10/27 22:10:35 /data/go/pkg/mod/gorm.io/driver/mysql@v1.3.3/migrator.go:228
[0.043ms] [rows:-] SELECT DATABASE()

2022/10/27 22:10:35 /data/go/pkg/mod/gorm.io/driver/mysql@v1.3.3/migrator.go:231
[0.187ms] [rows:1] SELECT SCHEMA_NAME from Information_schema.SCHEMATA where SCHEMA_NAME LIKE 'douyin%' ORDER BY SCHEMA_NAME='douyin' DESC limit 1

2022/10/27 22:10:35 /data/go/pkg/mod/gorm.io/driver/mysql@v1.3.3/migrator.go:148
[0.095ms] [rows:-] SELECT * FROM `follows` LIMIT 1

2022/10/27 22:10:35 /data/go/pkg/mod/gorm.io/driver/mysql@v1.3.3/migrator.go:166
[0.319ms] [rows:-] SELECT column_name, column_default, is_nullable = 'YES', data_type, character_maximum_length, column_type, column_key, extra, column_comment, numeric_precision, numeric_scale , datetime_precision FROM information_schema.columns WHERE table_schema = 'douyin' AND table_name = 'follows' ORDER BY ORDINAL_POSITION

2022/10/27 22:10:35 /data/go/pkg/mod/gorm.io/driver/mysql@v1.3.3/migrator.go:228
[0.090ms] [rows:-] SELECT DATABASE()

2022/10/27 22:10:35 /data/go/pkg/mod/gorm.io/driver/mysql@v1.3.3/migrator.go:231
[0.242ms] [rows:1] SELECT SCHEMA_NAME from Information_schema.SCHEMATA where SCHEMA_NAME LIKE 'douyin%' ORDER BY SCHEMA_NAME='douyin' DESC limit 1

2022/10/27 22:10:35 /home/cheng/Desktop/Linux/douyin-fighting/initialize/mysql.go:58
[0.153ms] [rows:-] SELECT count(*) FROM information_schema.statistics WHERE table_schema = 'douyin' AND table_name = 'follows' AND index_name = 'idx_01'

2022/10/27 22:10:35 /data/go/pkg/mod/gorm.io/driver/mysql@v1.3.3/migrator.go:228
[0.043ms] [rows:-] SELECT DATABASE()

2022/10/27 22:10:35 /data/go/pkg/mod/gorm.io/driver/mysql@v1.3.3/migrator.go:231
[0.189ms] [rows:1] SELECT SCHEMA_NAME from Information_schema.SCHEMATA where SCHEMA_NAME LIKE 'douyin%' ORDER BY SCHEMA_NAME='douyin' DESC limit 1

2022/10/27 22:10:35 /home/cheng/Desktop/Linux/douyin-fighting/initialize/mysql.go:58
[0.143ms] [rows:-] SELECT count(*) FROM information_schema.statistics WHERE table_schema = 'douyin' AND table_name = 'follows' AND index_name = 'idx_02'

2022/10/27 22:10:35 /home/cheng/Desktop/Linux/douyin-fighting/service/video_redis.go:47
[0.126ms] [rows:0] SELECT * FROM `videos`
