Global
Viper

2022/10/29 12:48:34 /data/go/pkg/mod/gorm.io/driver/mysql@v1.3.3/migrator.go:228
[0.183ms] [rows:-] SELECT DATABASE()

2022/10/29 12:48:34 /data/go/pkg/mod/gorm.io/driver/mysql@v1.3.3/migrator.go:231
[0.722ms] [rows:1] SELECT SCHEMA_NAME from Information_schema.SCHEMATA where SCHEMA_NAME LIKE 'douyin%' ORDER BY SCHEMA_NAME='douyin' DESC limit 1

2022/10/29 12:48:34 /home/cheng/Desktop/Linux/douyin-fighting/initialize/mysql.go:54
[0.357ms] [rows:-] SELECT count(*) FROM information_schema.tables WHERE table_schema = 'douyin' AND table_name = 'users' AND table_type = 'BASE TABLE'

2022/10/29 12:48:34 /data/go/pkg/mod/gorm.io/driver/mysql@v1.3.3/migrator.go:228
[0.114ms] [rows:-] SELECT DATABASE()

2022/10/29 12:48:34 /data/go/pkg/mod/gorm.io/driver/mysql@v1.3.3/migrator.go:231
[1.364ms] [rows:1] SELECT SCHEMA_NAME from Information_schema.SCHEMATA where SCHEMA_NAME LIKE 'douyin%' ORDER BY SCHEMA_NAME='douyin' DESC limit 1

2022/10/29 12:48:34 /data/go/pkg/mod/gorm.io/driver/mysql@v1.3.3/migrator.go:148
[1.185ms] [rows:-] SELECT * FROM `users` LIMIT 1

2022/10/29 12:48:34 /data/go/pkg/mod/gorm.io/driver/mysql@v1.3.3/migrator.go:166
[0.449ms] [rows:-] SELECT column_name, column_default, is_nullable = 'YES', data_type, character_maximum_length, column_type, column_key, extra, column_comment, numeric_precision, numeric_scale , datetime_precision FROM information_schema.columns WHERE table_schema = 'douyin' AND table_name = 'users' ORDER BY ORDINAL_POSITION

2022/10/29 12:48:34 /data/go/pkg/mod/gorm.io/driver/mysql@v1.3.3/migrator.go:228
[0.101ms] [rows:-] SELECT DATABASE()

2022/10/29 12:48:34 /data/go/pkg/mod/gorm.io/driver/mysql@v1.3.3/migrator.go:231
[0.318ms] [rows:1] SELECT SCHEMA_NAME from Information_schema.SCHEMATA where SCHEMA_NAME LIKE 'douyin%' ORDER BY SCHEMA_NAME='douyin' DESC limit 1

2022/10/29 12:48:34 /home/cheng/Desktop/Linux/douyin-fighting/initialize/mysql.go:55
[0.380ms] [rows:-] SELECT count(*) FROM information_schema.tables WHERE table_schema = 'douyin' AND table_name = 'videos' AND table_type = 'BASE TABLE'

2022/10/29 12:48:34 /data/go/pkg/mod/gorm.io/driver/mysql@v1.3.3/migrator.go:228
[0.067ms] [rows:-] SELECT DATABASE()

2022/10/29 12:48:34 /data/go/pkg/mod/gorm.io/driver/mysql@v1.3.3/migrator.go:231
[0.294ms] [rows:1] SELECT SCHEMA_NAME from Information_schema.SCHEMATA where SCHEMA_NAME LIKE 'douyin%' ORDER BY SCHEMA_NAME='douyin' DESC limit 1

2022/10/29 12:48:34 /data/go/pkg/mod/gorm.io/driver/mysql@v1.3.3/migrator.go:148
[0.619ms] [rows:-] SELECT * FROM `videos` LIMIT 1

2022/10/29 12:48:34 /data/go/pkg/mod/gorm.io/driver/mysql@v1.3.3/migrator.go:166
[0.440ms] [rows:-] SELECT column_name, column_default, is_nullable = 'YES', data_type, character_maximum_length, column_type, column_key, extra, column_comment, numeric_precision, numeric_scale , datetime_precision FROM information_schema.columns WHERE table_schema = 'douyin' AND table_name = 'videos' ORDER BY ORDINAL_POSITION

2022/10/29 12:48:34 /data/go/pkg/mod/gorm.io/driver/mysql@v1.3.3/migrator.go:228
[0.095ms] [rows:-] SELECT DATABASE()

2022/10/29 12:48:34 /data/go/pkg/mod/gorm.io/driver/mysql@v1.3.3/migrator.go:231
[0.307ms] [rows:1] SELECT SCHEMA_NAME from Information_schema.SCHEMATA where SCHEMA_NAME LIKE 'douyin%' ORDER BY SCHEMA_NAME='douyin' DESC limit 1

2022/10/29 12:48:34 /home/cheng/Desktop/Linux/douyin-fighting/initialize/mysql.go:55
[0.252ms] [rows:-] SELECT count(*) FROM information_schema.statistics WHERE table_schema = 'douyin' AND table_name = 'videos' AND index_name = 'idx_videos_author_id'

2022/10/29 12:48:34 /data/go/pkg/mod/gorm.io/driver/mysql@v1.3.3/migrator.go:228
[0.071ms] [rows:-] SELECT DATABASE()

2022/10/29 12:48:34 /data/go/pkg/mod/gorm.io/driver/mysql@v1.3.3/migrator.go:231
[0.442ms] [rows:1] SELECT SCHEMA_NAME from Information_schema.SCHEMATA where SCHEMA_NAME LIKE 'douyin%' ORDER BY SCHEMA_NAME='douyin' DESC limit 1

2022/10/29 12:48:34 /home/cheng/Desktop/Linux/douyin-fighting/initialize/mysql.go:55
[0.236ms] [rows:-] SELECT count(*) FROM information_schema.statistics WHERE table_schema = 'douyin' AND table_name = 'videos' AND index_name = 'idx_videos_created_at'

2022/10/29 12:48:34 /data/go/pkg/mod/gorm.io/driver/mysql@v1.3.3/migrator.go:228
[0.093ms] [rows:-] SELECT DATABASE()

2022/10/29 12:48:34 /data/go/pkg/mod/gorm.io/driver/mysql@v1.3.3/migrator.go:231
[0.286ms] [rows:1] SELECT SCHEMA_NAME from Information_schema.SCHEMATA where SCHEMA_NAME LIKE 'douyin%' ORDER BY SCHEMA_NAME='douyin' DESC limit 1

2022/10/29 12:48:34 /home/cheng/Desktop/Linux/douyin-fighting/initialize/mysql.go:56
[0.233ms] [rows:-] SELECT count(*) FROM information_schema.tables WHERE table_schema = 'douyin' AND table_name = 'favorites' AND table_type = 'BASE TABLE'

2022/10/29 12:48:34 /data/go/pkg/mod/gorm.io/driver/mysql@v1.3.3/migrator.go:228
[0.062ms] [rows:-] SELECT DATABASE()

2022/10/29 12:48:34 /data/go/pkg/mod/gorm.io/driver/mysql@v1.3.3/migrator.go:231
[2.368ms] [rows:1] SELECT SCHEMA_NAME from Information_schema.SCHEMATA where SCHEMA_NAME LIKE 'douyin%' ORDER BY SCHEMA_NAME='douyin' DESC limit 1

2022/10/29 12:48:34 /data/go/pkg/mod/gorm.io/driver/mysql@v1.3.3/migrator.go:148
[0.488ms] [rows:-] SELECT * FROM `favorites` LIMIT 1

2022/10/29 12:48:34 /data/go/pkg/mod/gorm.io/driver/mysql@v1.3.3/migrator.go:166
[0.581ms] [rows:-] SELECT column_name, column_default, is_nullable = 'YES', data_type, character_maximum_length, column_type, column_key, extra, column_comment, numeric_precision, numeric_scale , datetime_precision FROM information_schema.columns WHERE table_schema = 'douyin' AND table_name = 'favorites' ORDER BY ORDINAL_POSITION

2022/10/29 12:48:34 /data/go/pkg/mod/gorm.io/driver/mysql@v1.3.3/migrator.go:228
[0.214ms] [rows:-] SELECT DATABASE()

2022/10/29 12:48:34 /data/go/pkg/mod/gorm.io/driver/mysql@v1.3.3/migrator.go:231
[1.404ms] [rows:1] SELECT SCHEMA_NAME from Information_schema.SCHEMATA where SCHEMA_NAME LIKE 'douyin%' ORDER BY SCHEMA_NAME='douyin' DESC limit 1

2022/10/29 12:48:34 /home/cheng/Desktop/Linux/douyin-fighting/initialize/mysql.go:56
[0.470ms] [rows:-] SELECT count(*) FROM information_schema.statistics WHERE table_schema = 'douyin' AND table_name = 'favorites' AND index_name = 'idx_01'

2022/10/29 12:48:34 /data/go/pkg/mod/gorm.io/driver/mysql@v1.3.3/migrator.go:228
[0.121ms] [rows:-] SELECT DATABASE()

2022/10/29 12:48:34 /data/go/pkg/mod/gorm.io/driver/mysql@v1.3.3/migrator.go:231
[0.455ms] [rows:1] SELECT SCHEMA_NAME from Information_schema.SCHEMATA where SCHEMA_NAME LIKE 'douyin%' ORDER BY SCHEMA_NAME='douyin' DESC limit 1

2022/10/29 12:48:34 /home/cheng/Desktop/Linux/douyin-fighting/initialize/mysql.go:56
[0.357ms] [rows:-] SELECT count(*) FROM information_schema.statistics WHERE table_schema = 'douyin' AND table_name = 'favorites' AND index_name = 'idx_02'

2022/10/29 12:48:34 /data/go/pkg/mod/gorm.io/driver/mysql@v1.3.3/migrator.go:228
[0.197ms] [rows:-] SELECT DATABASE()

2022/10/29 12:48:34 /data/go/pkg/mod/gorm.io/driver/mysql@v1.3.3/migrator.go:231
[0.473ms] [rows:1] SELECT SCHEMA_NAME from Information_schema.SCHEMATA where SCHEMA_NAME LIKE 'douyin%' ORDER BY SCHEMA_NAME='douyin' DESC limit 1

2022/10/29 12:48:34 /home/cheng/Desktop/Linux/douyin-fighting/initialize/mysql.go:57
[0.360ms] [rows:-] SELECT count(*) FROM information_schema.tables WHERE table_schema = 'douyin' AND table_name = 'comments' AND table_type = 'BASE TABLE'

2022/10/29 12:48:34 /data/go/pkg/mod/gorm.io/driver/mysql@v1.3.3/migrator.go:228
[0.270ms] [rows:-] SELECT DATABASE()

2022/10/29 12:48:34 /data/go/pkg/mod/gorm.io/driver/mysql@v1.3.3/migrator.go:231
[0.564ms] [rows:1] SELECT SCHEMA_NAME from Information_schema.SCHEMATA where SCHEMA_NAME LIKE 'douyin%' ORDER BY SCHEMA_NAME='douyin' DESC limit 1

2022/10/29 12:48:34 /data/go/pkg/mod/gorm.io/driver/mysql@v1.3.3/migrator.go:148
[0.203ms] [rows:-] SELECT * FROM `comments` LIMIT 1

2022/10/29 12:48:34 /data/go/pkg/mod/gorm.io/driver/mysql@v1.3.3/migrator.go:166
[0.514ms] [rows:-] SELECT column_name, column_default, is_nullable = 'YES', data_type, character_maximum_length, column_type, column_key, extra, column_comment, numeric_precision, numeric_scale , datetime_precision FROM information_schema.columns WHERE table_schema = 'douyin' AND table_name = 'comments' ORDER BY ORDINAL_POSITION

2022/10/29 12:48:34 /data/go/pkg/mod/gorm.io/driver/mysql@v1.3.3/migrator.go:228
[0.170ms] [rows:-] SELECT DATABASE()

2022/10/29 12:48:34 /data/go/pkg/mod/gorm.io/driver/mysql@v1.3.3/migrator.go:231
[0.404ms] [rows:1] SELECT SCHEMA_NAME from Information_schema.SCHEMATA where SCHEMA_NAME LIKE 'douyin%' ORDER BY SCHEMA_NAME='douyin' DESC limit 1

2022/10/29 12:48:34 /home/cheng/Desktop/Linux/douyin-fighting/initialize/mysql.go:57
[0.324ms] [rows:-] SELECT count(*) FROM information_schema.statistics WHERE table_schema = 'douyin' AND table_name = 'comments' AND index_name = 'video_user'

2022/10/29 12:48:34 /data/go/pkg/mod/gorm.io/driver/mysql@v1.3.3/migrator.go:228
[0.138ms] [rows:-] SELECT DATABASE()

2022/10/29 12:48:34 /data/go/pkg/mod/gorm.io/driver/mysql@v1.3.3/migrator.go:231
[0.392ms] [rows:1] SELECT SCHEMA_NAME from Information_schema.SCHEMATA where SCHEMA_NAME LIKE 'douyin%' ORDER BY SCHEMA_NAME='douyin' DESC limit 1

2022/10/29 12:48:34 /home/cheng/Desktop/Linux/douyin-fighting/initialize/mysql.go:58
[0.333ms] [rows:-] SELECT count(*) FROM information_schema.tables WHERE table_schema = 'douyin' AND table_name = 'follows' AND table_type = 'BASE TABLE'

2022/10/29 12:48:34 /data/go/pkg/mod/gorm.io/driver/mysql@v1.3.3/migrator.go:228
[0.106ms] [rows:-] SELECT DATABASE()

2022/10/29 12:48:34 /data/go/pkg/mod/gorm.io/driver/mysql@v1.3.3/migrator.go:231
[0.400ms] [rows:1] SELECT SCHEMA_NAME from Information_schema.SCHEMATA where SCHEMA_NAME LIKE 'douyin%' ORDER BY SCHEMA_NAME='douyin' DESC limit 1

2022/10/29 12:48:34 /data/go/pkg/mod/gorm.io/driver/mysql@v1.3.3/migrator.go:148
[0.394ms] [rows:-] SELECT * FROM `follows` LIMIT 1

2022/10/29 12:48:34 /data/go/pkg/mod/gorm.io/driver/mysql@v1.3.3/migrator.go:166
[0.662ms] [rows:-] SELECT column_name, column_default, is_nullable = 'YES', data_type, character_maximum_length, column_type, column_key, extra, column_comment, numeric_precision, numeric_scale , datetime_precision FROM information_schema.columns WHERE table_schema = 'douyin' AND table_name = 'follows' ORDER BY ORDINAL_POSITION

2022/10/29 12:48:34 /data/go/pkg/mod/gorm.io/driver/mysql@v1.3.3/migrator.go:228
[0.131ms] [rows:-] SELECT DATABASE()

2022/10/29 12:48:34 /data/go/pkg/mod/gorm.io/driver/mysql@v1.3.3/migrator.go:231
[0.382ms] [rows:1] SELECT SCHEMA_NAME from Information_schema.SCHEMATA where SCHEMA_NAME LIKE 'douyin%' ORDER BY SCHEMA_NAME='douyin' DESC limit 1

2022/10/29 12:48:34 /home/cheng/Desktop/Linux/douyin-fighting/initialize/mysql.go:58
[0.380ms] [rows:-] SELECT count(*) FROM information_schema.statistics WHERE table_schema = 'douyin' AND table_name = 'follows' AND index_name = 'idx_01'

2022/10/29 12:48:34 /data/go/pkg/mod/gorm.io/driver/mysql@v1.3.3/migrator.go:228
[0.130ms] [rows:-] SELECT DATABASE()

2022/10/29 12:48:34 /data/go/pkg/mod/gorm.io/driver/mysql@v1.3.3/migrator.go:231
[0.650ms] [rows:1] SELECT SCHEMA_NAME from Information_schema.SCHEMATA where SCHEMA_NAME LIKE 'douyin%' ORDER BY SCHEMA_NAME='douyin' DESC limit 1

2022/10/29 12:48:34 /home/cheng/Desktop/Linux/douyin-fighting/initialize/mysql.go:58
[0.357ms] [rows:-] SELECT count(*) FROM information_schema.statistics WHERE table_schema = 'douyin' AND table_name = 'follows' AND index_name = 'idx_02'
MySQL
Redis
1111111111111111111
0.0.0.0:8080
2022/10/29 12:48:39 /home/cheng/Desktop/Linux/douyin-fighting/service/video.go:241
[0.594ms] [rows:1] SELECT * FROM `videos` WHERE video_id in (23245963636264321)

2022/10/29 12:48:39 /home/cheng/Desktop/Linux/douyin-fighting/service/comment.go:209
[0.634ms] [rows:0] SELECT `video_id`,COUNT(video_id) as comment_count FROM `comments` WHERE video_id in (23245963636264321) AND `comments`.`deleted_at` IS NULL GROUP BY `video_id`

2022/10/29 12:48:39 /home/cheng/Desktop/Linux/douyin-fighting/service/favorite.go:178
[0.531ms] [rows:0] SELECT `video_id`,COUNT(video_id) as favorite_count FROM `favorites` WHERE video_id in (23245963636264321) and is_favorite = true GROUP BY `video_id`
[GIN] 2022/10/29 - 12:48:39 | 500 |    2.808338ms |    192.168.77.1 | GET      "/douyin/feed/?latest_time=1667072920241&token=eyJhbGciOiJIUzI1NiIsInR5cCI6IkpXVCJ9.eyJVc2VySUQiOjIzNDUyNDk4NDI5NzU4ODQ5LCJOYW1lIjoiMSIsImV4cCI6MTY2NzE1OTExMCwibmJmIjoxNjY3MDcyNzEwLCJpYXQiOjE2NjcwNzI3MTB9.2qrTeSnZzPnomCtFE34WphwXRkJq8DDl6WXtazfYo40"

2022/10/29 12:48:54 /home/cheng/Desktop/Linux/douyin-fighting/service/video.go:241
[0.587ms] [rows:1] SELECT * FROM `videos` WHERE video_id in (23245963636264321)

2022/10/29 12:48:54 /home/cheng/Desktop/Linux/douyin-fighting/service/comment.go:209
[0.800ms] [rows:0] SELECT `video_id`,COUNT(video_id) as comment_count FROM `comments` WHERE video_id in (23245963636264321) AND `comments`.`deleted_at` IS NULL GROUP BY `video_id`

2022/10/29 12:48:54 /home/cheng/Desktop/Linux/douyin-fighting/service/favorite.go:178
[0.534ms] [rows:0] SELECT `video_id`,COUNT(video_id) as favorite_count FROM `favorites` WHERE video_id in (23245963636264321) and is_favorite = true GROUP BY `video_id`
[GIN] 2022/10/29 - 12:48:54 | 500 |    3.062151ms |    192.168.77.1 | GET      "/douyin/feed/?latest_time=1667072934765&token=eyJhbGciOiJIUzI1NiIsInR5cCI6IkpXVCJ9.eyJVc2VySUQiOjIzNDUyNDk4NDI5NzU4ODQ5LCJOYW1lIjoiMSIsImV4cCI6MTY2NzE1OTExMCwibmJmIjoxNjY3MDcyNzEwLCJpYXQiOjE2NjcwNzI3MTB9.2qrTeSnZzPnomCtFE34WphwXRkJq8DDl6WXtazfYo40"

2022/10/29 12:48:59 /home/cheng/Desktop/Linux/douyin-fighting/service/video.go:241
[0.547ms] [rows:1] SELECT * FROM `videos` WHERE video_id in (23245963636264321)

2022/10/29 12:48:59 /home/cheng/Desktop/Linux/douyin-fighting/service/comment.go:209
[0.699ms] [rows:0] SELECT `video_id`,COUNT(video_id) as comment_count FROM `comments` WHERE video_id in (23245963636264321) AND `comments`.`deleted_at` IS NULL GROUP BY `video_id`

2022/10/29 12:48:59 /home/cheng/Desktop/Linux/douyin-fighting/service/favorite.go:178
[0.819ms] [rows:0] SELECT `video_id`,COUNT(video_id) as favorite_count FROM `favorites` WHERE video_id in (23245963636264321) and is_favorite = true GROUP BY `video_id`
[GIN] 2022/10/29 - 12:48:59 | 500 |    3.124301ms |    192.168.77.1 | GET      "/douyin/feed/?latest_time=1667072939657&token=eyJhbGciOiJIUzI1NiIsInR5cCI6IkpXVCJ9.eyJVc2VySUQiOjIzNDUyNDk4NDI5NzU4ODQ5LCJOYW1lIjoiMSIsImV4cCI6MTY2NzE1OTExMCwibmJmIjoxNjY3MDcyNzEwLCJpYXQiOjE2NjcwNzI3MTB9.2qrTeSnZzPnomCtFE34WphwXRkJq8DDl6WXtazfYo40"

2022/10/29 12:49:01 /home/cheng/Desktop/Linux/douyin-fighting/service/video.go:241
[0.345ms] [rows:7] SELECT * FROM `videos` WHERE video_id in (23453787305823617,23453727427939713,23453554370956673,23453395339726209,23452935241354625,23452930409516417,23452612732931457)

2022/10/29 12:49:01 /home/cheng/Desktop/Linux/douyin-fighting/service/comment.go:209
[1.010ms] [rows:0] SELECT `video_id`,COUNT(video_id) as comment_count FROM `comments` WHERE video_id in (23453787305823617,23453727427939713,23453554370956673,23453395339726209,23452935241354625,23452930409516417,23452612732931457) AND `comments`.`deleted_at` IS NULL GROUP BY `video_id`

2022/10/29 12:49:01 /home/cheng/Desktop/Linux/douyin-fighting/service/favorite.go:178
[0.309ms] [rows:0] SELECT `video_id`,COUNT(video_id) as favorite_count FROM `favorites` WHERE video_id in (23453787305823617,23453727427939713,23453554370956673,23453395339726209,23452935241354625,23452930409516417,23452612732931457) and is_favorite = true GROUP BY `video_id`
[GIN] 2022/10/29 - 12:49:01 | 500 |    2.912389ms |    192.168.77.1 | GET      "/douyin/publish/list/?token=eyJhbGciOiJIUzI1NiIsInR5cCI6IkpXVCJ9.eyJVc2VySUQiOjIzNDUyNDk4NDI5NzU4ODQ5LCJOYW1lIjoiMSIsImV4cCI6MTY2NzE1OTExMCwibmJmIjoxNjY3MDcyNzEwLCJpYXQiOjE2NjcwNzI3MTB9.2qrTeSnZzPnomCtFE34WphwXRkJq8DDl6WXtazfYo40&user_id=23452498429758849"
[GIN] 2022/10/29 - 12:49:01 | 200 |     577.538µs |    192.168.77.1 | GET      "/douyin/favorite/list/?token=eyJhbGciOiJIUzI1NiIsInR5cCI6IkpXVCJ9.eyJVc2VySUQiOjIzNDUyNDk4NDI5NzU4ODQ5LCJOYW1lIjoiMSIsImV4cCI6MTY2NzE1OTExMCwibmJmIjoxNjY3MDcyNzEwLCJpYXQiOjE2NjcwNzI3MTB9.2qrTeSnZzPnomCtFE34WphwXRkJq8DDl6WXtazfYo40&user_id=23452498429758849"
publish 1111111111111111111
publish 2222222222222
publish 3333333333333
insert db

2022/10/29 12:49:08 /home/cheng/Desktop/Linux/douyin-fighting/service/video.go:70
[2.566ms] [rows:1] INSERT INTO `videos` (`title`,`play_name`,`cover_name`,`author_id`,`created_at`,`ext_info`,`video_id`) VALUES ('a','23457480524713345','23457480524713345.jpg',0,'2022-10-29 12:49:08.979',NULL,23457480524713345)
redis
redis 1

2022/10/29 12:49:08 /home/cheng/Desktop/Linux/douyin-fighting/service/video.go:86
[1.545ms] [rows:5] SELECT * FROM `videos` WHERE author_id = 0
redis 2
redis 3
pipe 
pipe 1
pipe 2
pipe 3
pipe 4
cannot written to db
EXECABORT Transaction discarded because of previous errors.
[GIN] 2022/10/29 - 12:49:08 | 500 |   52.432954ms |    192.168.77.1 | POST     "/douyin/publish/action/"
