Global
Viper

2022/10/29 12:28:03 /data/go/pkg/mod/gorm.io/driver/mysql@v1.3.3/migrator.go:228
[0.122ms] [rows:-] SELECT DATABASE()

2022/10/29 12:28:03 /data/go/pkg/mod/gorm.io/driver/mysql@v1.3.3/migrator.go:231
[6.313ms] [rows:1] SELECT SCHEMA_NAME from Information_schema.SCHEMATA where SCHEMA_NAME LIKE 'douyin%' ORDER BY SCHEMA_NAME='douyin' DESC limit 1

2022/10/29 12:28:03 /home/cheng/Desktop/Linux/douyin-fighting/initialize/mysql.go:54
[0.754ms] [rows:-] SELECT count(*) FROM information_schema.tables WHERE table_schema = 'douyin' AND table_name = 'users' AND table_type = 'BASE TABLE'

2022/10/29 12:28:03 /data/go/pkg/mod/gorm.io/driver/mysql@v1.3.3/migrator.go:228
[0.067ms] [rows:-] SELECT DATABASE()

2022/10/29 12:28:03 /data/go/pkg/mod/gorm.io/driver/mysql@v1.3.3/migrator.go:231
[0.391ms] [rows:1] SELECT SCHEMA_NAME from Information_schema.SCHEMATA where SCHEMA_NAME LIKE 'douyin%' ORDER BY SCHEMA_NAME='douyin' DESC limit 1

2022/10/29 12:28:03 /data/go/pkg/mod/gorm.io/driver/mysql@v1.3.3/migrator.go:148
[2.706ms] [rows:-] SELECT * FROM `users` LIMIT 1

2022/10/29 12:28:03 /data/go/pkg/mod/gorm.io/driver/mysql@v1.3.3/migrator.go:166
[2.130ms] [rows:-] SELECT column_name, column_default, is_nullable = 'YES', data_type, character_maximum_length, column_type, column_key, extra, column_comment, numeric_precision, numeric_scale , datetime_precision FROM information_schema.columns WHERE table_schema = 'douyin' AND table_name = 'users' ORDER BY ORDINAL_POSITION

2022/10/29 12:28:03 /data/go/pkg/mod/gorm.io/driver/mysql@v1.3.3/migrator.go:228
[0.070ms] [rows:-] SELECT DATABASE()

2022/10/29 12:28:03 /data/go/pkg/mod/gorm.io/driver/mysql@v1.3.3/migrator.go:231
[0.396ms] [rows:1] SELECT SCHEMA_NAME from Information_schema.SCHEMATA where SCHEMA_NAME LIKE 'douyin%' ORDER BY SCHEMA_NAME='douyin' DESC limit 1

2022/10/29 12:28:03 /home/cheng/Desktop/Linux/douyin-fighting/initialize/mysql.go:55
[0.387ms] [rows:-] SELECT count(*) FROM information_schema.tables WHERE table_schema = 'douyin' AND table_name = 'videos' AND table_type = 'BASE TABLE'

2022/10/29 12:28:03 /data/go/pkg/mod/gorm.io/driver/mysql@v1.3.3/migrator.go:228
[0.062ms] [rows:-] SELECT DATABASE()

2022/10/29 12:28:03 /data/go/pkg/mod/gorm.io/driver/mysql@v1.3.3/migrator.go:231
[0.216ms] [rows:1] SELECT SCHEMA_NAME from Information_schema.SCHEMATA where SCHEMA_NAME LIKE 'douyin%' ORDER BY SCHEMA_NAME='douyin' DESC limit 1

2022/10/29 12:28:03 /data/go/pkg/mod/gorm.io/driver/mysql@v1.3.3/migrator.go:148
[0.127ms] [rows:-] SELECT * FROM `videos` LIMIT 1

2022/10/29 12:28:03 /data/go/pkg/mod/gorm.io/driver/mysql@v1.3.3/migrator.go:166
[0.343ms] [rows:-] SELECT column_name, column_default, is_nullable = 'YES', data_type, character_maximum_length, column_type, column_key, extra, column_comment, numeric_precision, numeric_scale , datetime_precision FROM information_schema.columns WHERE table_schema = 'douyin' AND table_name = 'videos' ORDER BY ORDINAL_POSITION

2022/10/29 12:28:03 /data/go/pkg/mod/gorm.io/driver/mysql@v1.3.3/migrator.go:228
[0.065ms] [rows:-] SELECT DATABASE()

2022/10/29 12:28:03 /data/go/pkg/mod/gorm.io/driver/mysql@v1.3.3/migrator.go:231
[0.206ms] [rows:1] SELECT SCHEMA_NAME from Information_schema.SCHEMATA where SCHEMA_NAME LIKE 'douyin%' ORDER BY SCHEMA_NAME='douyin' DESC limit 1

2022/10/29 12:28:03 /home/cheng/Desktop/Linux/douyin-fighting/initialize/mysql.go:55
[0.167ms] [rows:-] SELECT count(*) FROM information_schema.statistics WHERE table_schema = 'douyin' AND table_name = 'videos' AND index_name = 'idx_videos_author_id'

2022/10/29 12:28:03 /data/go/pkg/mod/gorm.io/driver/mysql@v1.3.3/migrator.go:228
[0.053ms] [rows:-] SELECT DATABASE()

2022/10/29 12:28:03 /data/go/pkg/mod/gorm.io/driver/mysql@v1.3.3/migrator.go:231
[0.203ms] [rows:1] SELECT SCHEMA_NAME from Information_schema.SCHEMATA where SCHEMA_NAME LIKE 'douyin%' ORDER BY SCHEMA_NAME='douyin' DESC limit 1

2022/10/29 12:28:03 /home/cheng/Desktop/Linux/douyin-fighting/initialize/mysql.go:55
[0.188ms] [rows:-] SELECT count(*) FROM information_schema.statistics WHERE table_schema = 'douyin' AND table_name = 'videos' AND index_name = 'idx_videos_created_at'

2022/10/29 12:28:03 /data/go/pkg/mod/gorm.io/driver/mysql@v1.3.3/migrator.go:228
[0.056ms] [rows:-] SELECT DATABASE()

2022/10/29 12:28:03 /data/go/pkg/mod/gorm.io/driver/mysql@v1.3.3/migrator.go:231
[0.187ms] [rows:1] SELECT SCHEMA_NAME from Information_schema.SCHEMATA where SCHEMA_NAME LIKE 'douyin%' ORDER BY SCHEMA_NAME='douyin' DESC limit 1

2022/10/29 12:28:03 /home/cheng/Desktop/Linux/douyin-fighting/initialize/mysql.go:56
[0.183ms] [rows:-] SELECT count(*) FROM information_schema.tables WHERE table_schema = 'douyin' AND table_name = 'favorites' AND table_type = 'BASE TABLE'

2022/10/29 12:28:03 /data/go/pkg/mod/gorm.io/driver/mysql@v1.3.3/migrator.go:228
[0.054ms] [rows:-] SELECT DATABASE()

2022/10/29 12:28:03 /data/go/pkg/mod/gorm.io/driver/mysql@v1.3.3/migrator.go:231
[0.184ms] [rows:1] SELECT SCHEMA_NAME from Information_schema.SCHEMATA where SCHEMA_NAME LIKE 'douyin%' ORDER BY SCHEMA_NAME='douyin' DESC limit 1

2022/10/29 12:28:03 /data/go/pkg/mod/gorm.io/driver/mysql@v1.3.3/migrator.go:148
[0.117ms] [rows:-] SELECT * FROM `favorites` LIMIT 1

2022/10/29 12:28:03 /data/go/pkg/mod/gorm.io/driver/mysql@v1.3.3/migrator.go:166
[6.277ms] [rows:-] SELECT column_name, column_default, is_nullable = 'YES', data_type, character_maximum_length, column_type, column_key, extra, column_comment, numeric_precision, numeric_scale , datetime_precision FROM information_schema.columns WHERE table_schema = 'douyin' AND table_name = 'favorites' ORDER BY ORDINAL_POSITION

2022/10/29 12:28:03 /data/go/pkg/mod/gorm.io/driver/mysql@v1.3.3/migrator.go:228
[0.176ms] [rows:-] SELECT DATABASE()

2022/10/29 12:28:03 /data/go/pkg/mod/gorm.io/driver/mysql@v1.3.3/migrator.go:231
[0.505ms] [rows:1] SELECT SCHEMA_NAME from Information_schema.SCHEMATA where SCHEMA_NAME LIKE 'douyin%' ORDER BY SCHEMA_NAME='douyin' DESC limit 1

2022/10/29 12:28:03 /home/cheng/Desktop/Linux/douyin-fighting/initialize/mysql.go:56
[2.080ms] [rows:-] SELECT count(*) FROM information_schema.statistics WHERE table_schema = 'douyin' AND table_name = 'favorites' AND index_name = 'idx_01'

2022/10/29 12:28:03 /data/go/pkg/mod/gorm.io/driver/mysql@v1.3.3/migrator.go:228
[0.220ms] [rows:-] SELECT DATABASE()

2022/10/29 12:28:03 /data/go/pkg/mod/gorm.io/driver/mysql@v1.3.3/migrator.go:231
[0.456ms] [rows:1] SELECT SCHEMA_NAME from Information_schema.SCHEMATA where SCHEMA_NAME LIKE 'douyin%' ORDER BY SCHEMA_NAME='douyin' DESC limit 1

2022/10/29 12:28:03 /home/cheng/Desktop/Linux/douyin-fighting/initialize/mysql.go:56
[0.389ms] [rows:-] SELECT count(*) FROM information_schema.statistics WHERE table_schema = 'douyin' AND table_name = 'favorites' AND index_name = 'idx_02'

2022/10/29 12:28:03 /data/go/pkg/mod/gorm.io/driver/mysql@v1.3.3/migrator.go:228
[0.145ms] [rows:-] SELECT DATABASE()

2022/10/29 12:28:03 /data/go/pkg/mod/gorm.io/driver/mysql@v1.3.3/migrator.go:231
[0.433ms] [rows:1] SELECT SCHEMA_NAME from Information_schema.SCHEMATA where SCHEMA_NAME LIKE 'douyin%' ORDER BY SCHEMA_NAME='douyin' DESC limit 1

2022/10/29 12:28:03 /home/cheng/Desktop/Linux/douyin-fighting/initialize/mysql.go:57
[0.418ms] [rows:-] SELECT count(*) FROM information_schema.tables WHERE table_schema = 'douyin' AND table_name = 'comments' AND table_type = 'BASE TABLE'

2022/10/29 12:28:03 /data/go/pkg/mod/gorm.io/driver/mysql@v1.3.3/migrator.go:228
[0.170ms] [rows:-] SELECT DATABASE()

2022/10/29 12:28:03 /data/go/pkg/mod/gorm.io/driver/mysql@v1.3.3/migrator.go:231
[0.511ms] [rows:1] SELECT SCHEMA_NAME from Information_schema.SCHEMATA where SCHEMA_NAME LIKE 'douyin%' ORDER BY SCHEMA_NAME='douyin' DESC limit 1

2022/10/29 12:28:03 /data/go/pkg/mod/gorm.io/driver/mysql@v1.3.3/migrator.go:148
[0.319ms] [rows:-] SELECT * FROM `comments` LIMIT 1

2022/10/29 12:28:03 /data/go/pkg/mod/gorm.io/driver/mysql@v1.3.3/migrator.go:166
[0.566ms] [rows:-] SELECT column_name, column_default, is_nullable = 'YES', data_type, character_maximum_length, column_type, column_key, extra, column_comment, numeric_precision, numeric_scale , datetime_precision FROM information_schema.columns WHERE table_schema = 'douyin' AND table_name = 'comments' ORDER BY ORDINAL_POSITION

2022/10/29 12:28:03 /data/go/pkg/mod/gorm.io/driver/mysql@v1.3.3/migrator.go:228
[0.108ms] [rows:-] SELECT DATABASE()

2022/10/29 12:28:03 /data/go/pkg/mod/gorm.io/driver/mysql@v1.3.3/migrator.go:231
[0.410ms] [rows:1] SELECT SCHEMA_NAME from Information_schema.SCHEMATA where SCHEMA_NAME LIKE 'douyin%' ORDER BY SCHEMA_NAME='douyin' DESC limit 1

2022/10/29 12:28:03 /home/cheng/Desktop/Linux/douyin-fighting/initialize/mysql.go:57
[0.344ms] [rows:-] SELECT count(*) FROM information_schema.statistics WHERE table_schema = 'douyin' AND table_name = 'comments' AND index_name = 'video_user'

2022/10/29 12:28:03 /data/go/pkg/mod/gorm.io/driver/mysql@v1.3.3/migrator.go:228
[0.092ms] [rows:-] SELECT DATABASE()

2022/10/29 12:28:03 /data/go/pkg/mod/gorm.io/driver/mysql@v1.3.3/migrator.go:231
[0.378ms] [rows:1] SELECT SCHEMA_NAME from Information_schema.SCHEMATA where SCHEMA_NAME LIKE 'douyin%' ORDER BY SCHEMA_NAME='douyin' DESC limit 1

2022/10/29 12:28:03 /home/cheng/Desktop/Linux/douyin-fighting/initialize/mysql.go:58
[0.360ms] [rows:-] SELECT count(*) FROM information_schema.tables WHERE table_schema = 'douyin' AND table_name = 'follows' AND table_type = 'BASE TABLE'

2022/10/29 12:28:03 /data/go/pkg/mod/gorm.io/driver/mysql@v1.3.3/migrator.go:228
[0.158ms] [rows:-] SELECT DATABASE()

2022/10/29 12:28:03 /data/go/pkg/mod/gorm.io/driver/mysql@v1.3.3/migrator.go:231
[0.377ms] [rows:1] SELECT SCHEMA_NAME from Information_schema.SCHEMATA where SCHEMA_NAME LIKE 'douyin%' ORDER BY SCHEMA_NAME='douyin' DESC limit 1

2022/10/29 12:28:03 /data/go/pkg/mod/gorm.io/driver/mysql@v1.3.3/migrator.go:148
[0.298ms] [rows:-] SELECT * FROM `follows` LIMIT 1

2022/10/29 12:28:03 /data/go/pkg/mod/gorm.io/driver/mysql@v1.3.3/migrator.go:166
[0.530ms] [rows:-] SELECT column_name, column_default, is_nullable = 'YES', data_type, character_maximum_length, column_type, column_key, extra, column_comment, numeric_precision, numeric_scale , datetime_precision FROM information_schema.columns WHERE table_schema = 'douyin' AND table_name = 'follows' ORDER BY ORDINAL_POSITION

2022/10/29 12:28:03 /data/go/pkg/mod/gorm.io/driver/mysql@v1.3.3/migrator.go:228
[0.125ms] [rows:-] SELECT DATABASE()

2022/10/29 12:28:03 /data/go/pkg/mod/gorm.io/driver/mysql@v1.3.3/migrator.go:231
[0.404ms] [rows:1] SELECT SCHEMA_NAME from Information_schema.SCHEMATA where SCHEMA_NAME LIKE 'douyin%' ORDER BY SCHEMA_NAME='douyin' DESC limit 1

2022/10/29 12:28:03 /home/cheng/Desktop/Linux/douyin-fighting/initialize/mysql.go:58
[0.364ms] [rows:-] SELECT count(*) FROM information_schema.statistics WHERE table_schema = 'douyin' AND table_name = 'follows' AND index_name = 'idx_01'

2022/10/29 12:28:03 /data/go/pkg/mod/gorm.io/driver/mysql@v1.3.3/migrator.go:228
[0.195ms] [rows:-] SELECT DATABASE()

2022/10/29 12:28:03 /data/go/pkg/mod/gorm.io/driver/mysql@v1.3.3/migrator.go:231
[0.382ms] [rows:1] SELECT SCHEMA_NAME from Information_schema.SCHEMATA where SCHEMA_NAME LIKE 'douyin%' ORDER BY SCHEMA_NAME='douyin' DESC limit 1

2022/10/29 12:28:03 /home/cheng/Desktop/Linux/douyin-fighting/initialize/mysql.go:58
[1.287ms] [rows:-] SELECT count(*) FROM information_schema.statistics WHERE table_schema = 'douyin' AND table_name = 'follows' AND index_name = 'idx_02'
MySQL
Redis
1111111111111111111
0.0.0.0:8080