Global
Viper

2022/10/27 22:24:04 /data/go/pkg/mod/gorm.io/driver/mysql@v1.3.3/migrator.go:228
[0.073ms] [rows:-] SELECT DATABASE()

2022/10/27 22:24:04 /data/go/pkg/mod/gorm.io/driver/mysql@v1.3.3/migrator.go:231
[0.426ms] [rows:1] SELECT SCHEMA_NAME from Information_schema.SCHEMATA where SCHEMA_NAME LIKE 'douyin%' ORDER BY SCHEMA_NAME='douyin' DESC limit 1

2022/10/27 22:24:04 /home/cheng/Desktop/Linux/douyin-fighting/initialize/mysql.go:54
[0.278ms] [rows:-] SELECT count(*) FROM information_schema.tables WHERE table_schema = 'douyin' AND table_name = 'users' AND table_type = 'BASE TABLE'

2022/10/27 22:24:04 /data/go/pkg/mod/gorm.io/driver/mysql@v1.3.3/migrator.go:228
[0.108ms] [rows:-] SELECT DATABASE()

2022/10/27 22:24:04 /data/go/pkg/mod/gorm.io/driver/mysql@v1.3.3/migrator.go:231
[0.456ms] [rows:1] SELECT SCHEMA_NAME from Information_schema.SCHEMATA where SCHEMA_NAME LIKE 'douyin%' ORDER BY SCHEMA_NAME='douyin' DESC limit 1

2022/10/27 22:24:04 /data/go/pkg/mod/gorm.io/driver/mysql@v1.3.3/migrator.go:148
[0.260ms] [rows:-] SELECT * FROM `users` LIMIT 1

2022/10/27 22:24:04 /data/go/pkg/mod/gorm.io/driver/mysql@v1.3.3/migrator.go:166
[0.476ms] [rows:-] SELECT column_name, column_default, is_nullable = 'YES', data_type, character_maximum_length, column_type, column_key, extra, column_comment, numeric_precision, numeric_scale , datetime_precision FROM information_schema.columns WHERE table_schema = 'douyin' AND table_name = 'users' ORDER BY ORDINAL_POSITION

2022/10/27 22:24:04 /data/go/pkg/mod/gorm.io/driver/mysql@v1.3.3/migrator.go:228
[0.073ms] [rows:-] SELECT DATABASE()

2022/10/27 22:24:04 /data/go/pkg/mod/gorm.io/driver/mysql@v1.3.3/migrator.go:231
[0.398ms] [rows:1] SELECT SCHEMA_NAME from Information_schema.SCHEMATA where SCHEMA_NAME LIKE 'douyin%' ORDER BY SCHEMA_NAME='douyin' DESC limit 1

2022/10/27 22:24:04 /home/cheng/Desktop/Linux/douyin-fighting/initialize/mysql.go:55
[0.289ms] [rows:-] SELECT count(*) FROM information_schema.tables WHERE table_schema = 'douyin' AND table_name = 'videos' AND table_type = 'BASE TABLE'

2022/10/27 22:24:04 /data/go/pkg/mod/gorm.io/driver/mysql@v1.3.3/migrator.go:228
[0.125ms] [rows:-] SELECT DATABASE()

2022/10/27 22:24:04 /data/go/pkg/mod/gorm.io/driver/mysql@v1.3.3/migrator.go:231
[0.282ms] [rows:1] SELECT SCHEMA_NAME from Information_schema.SCHEMATA where SCHEMA_NAME LIKE 'douyin%' ORDER BY SCHEMA_NAME='douyin' DESC limit 1

2022/10/27 22:24:04 /data/go/pkg/mod/gorm.io/driver/mysql@v1.3.3/migrator.go:148
[0.165ms] [rows:-] SELECT * FROM `videos` LIMIT 1

2022/10/27 22:24:04 /data/go/pkg/mod/gorm.io/driver/mysql@v1.3.3/migrator.go:166
[0.421ms] [rows:-] SELECT column_name, column_default, is_nullable = 'YES', data_type, character_maximum_length, column_type, column_key, extra, column_comment, numeric_precision, numeric_scale , datetime_precision FROM information_schema.columns WHERE table_schema = 'douyin' AND table_name = 'videos' ORDER BY ORDINAL_POSITION

2022/10/27 22:24:04 /data/go/pkg/mod/gorm.io/driver/mysql@v1.3.3/migrator.go:228
[0.070ms] [rows:-] SELECT DATABASE()

2022/10/27 22:24:04 /data/go/pkg/mod/gorm.io/driver/mysql@v1.3.3/migrator.go:231
[0.282ms] [rows:1] SELECT SCHEMA_NAME from Information_schema.SCHEMATA where SCHEMA_NAME LIKE 'douyin%' ORDER BY SCHEMA_NAME='douyin' DESC limit 1

2022/10/27 22:24:04 /home/cheng/Desktop/Linux/douyin-fighting/initialize/mysql.go:55
[0.471ms] [rows:-] SELECT count(*) FROM information_schema.statistics WHERE table_schema = 'douyin' AND table_name = 'videos' AND index_name = 'idx_videos_author_id'

2022/10/27 22:24:04 /data/go/pkg/mod/gorm.io/driver/mysql@v1.3.3/migrator.go:228
[0.170ms] [rows:-] SELECT DATABASE()

2022/10/27 22:24:04 /data/go/pkg/mod/gorm.io/driver/mysql@v1.3.3/migrator.go:231
[0.372ms] [rows:1] SELECT SCHEMA_NAME from Information_schema.SCHEMATA where SCHEMA_NAME LIKE 'douyin%' ORDER BY SCHEMA_NAME='douyin' DESC limit 1

2022/10/27 22:24:04 /home/cheng/Desktop/Linux/douyin-fighting/initialize/mysql.go:55
[0.369ms] [rows:-] SELECT count(*) FROM information_schema.statistics WHERE table_schema = 'douyin' AND table_name = 'videos' AND index_name = 'idx_videos_created_at'

2022/10/27 22:24:04 /data/go/pkg/mod/gorm.io/driver/mysql@v1.3.3/migrator.go:228
[0.095ms] [rows:-] SELECT DATABASE()

2022/10/27 22:24:04 /data/go/pkg/mod/gorm.io/driver/mysql@v1.3.3/migrator.go:231
[0.321ms] [rows:1] SELECT SCHEMA_NAME from Information_schema.SCHEMATA where SCHEMA_NAME LIKE 'douyin%' ORDER BY SCHEMA_NAME='douyin' DESC limit 1

2022/10/27 22:24:04 /home/cheng/Desktop/Linux/douyin-fighting/initialize/mysql.go:56
[0.266ms] [rows:-] SELECT count(*) FROM information_schema.tables WHERE table_schema = 'douyin' AND table_name = 'favorites' AND table_type = 'BASE TABLE'

2022/10/27 22:24:04 /data/go/pkg/mod/gorm.io/driver/mysql@v1.3.3/migrator.go:228
[0.094ms] [rows:-] SELECT DATABASE()

2022/10/27 22:24:04 /data/go/pkg/mod/gorm.io/driver/mysql@v1.3.3/migrator.go:231
[0.298ms] [rows:1] SELECT SCHEMA_NAME from Information_schema.SCHEMATA where SCHEMA_NAME LIKE 'douyin%' ORDER BY SCHEMA_NAME='douyin' DESC limit 1

2022/10/27 22:24:04 /data/go/pkg/mod/gorm.io/driver/mysql@v1.3.3/migrator.go:148
[2.632ms] [rows:-] SELECT * FROM `favorites` LIMIT 1

2022/10/27 22:24:04 /data/go/pkg/mod/gorm.io/driver/mysql@v1.3.3/migrator.go:166
[0.490ms] [rows:-] SELECT column_name, column_default, is_nullable = 'YES', data_type, character_maximum_length, column_type, column_key, extra, column_comment, numeric_precision, numeric_scale , datetime_precision FROM information_schema.columns WHERE table_schema = 'douyin' AND table_name = 'favorites' ORDER BY ORDINAL_POSITION

2022/10/27 22:24:04 /data/go/pkg/mod/gorm.io/driver/mysql@v1.3.3/migrator.go:228
[0.091ms] [rows:-] SELECT DATABASE()

2022/10/27 22:24:04 /data/go/pkg/mod/gorm.io/driver/mysql@v1.3.3/migrator.go:231
[0.336ms] [rows:1] SELECT SCHEMA_NAME from Information_schema.SCHEMATA where SCHEMA_NAME LIKE 'douyin%' ORDER BY SCHEMA_NAME='douyin' DESC limit 1

2022/10/27 22:24:04 /home/cheng/Desktop/Linux/douyin-fighting/initialize/mysql.go:56
[0.269ms] [rows:-] SELECT count(*) FROM information_schema.statistics WHERE table_schema = 'douyin' AND table_name = 'favorites' AND index_name = 'idx_01'

2022/10/27 22:24:04 /data/go/pkg/mod/gorm.io/driver/mysql@v1.3.3/migrator.go:228
[0.121ms] [rows:-] SELECT DATABASE()

2022/10/27 22:24:04 /data/go/pkg/mod/gorm.io/driver/mysql@v1.3.3/migrator.go:231
[0.558ms] [rows:1] SELECT SCHEMA_NAME from Information_schema.SCHEMATA where SCHEMA_NAME LIKE 'douyin%' ORDER BY SCHEMA_NAME='douyin' DESC limit 1

2022/10/27 22:24:04 /home/cheng/Desktop/Linux/douyin-fighting/initialize/mysql.go:56
[0.558ms] [rows:-] SELECT count(*) FROM information_schema.statistics WHERE table_schema = 'douyin' AND table_name = 'favorites' AND index_name = 'idx_02'

2022/10/27 22:24:04 /data/go/pkg/mod/gorm.io/driver/mysql@v1.3.3/migrator.go:228
[0.108ms] [rows:-] SELECT DATABASE()

2022/10/27 22:24:04 /data/go/pkg/mod/gorm.io/driver/mysql@v1.3.3/migrator.go:231
[0.350ms] [rows:1] SELECT SCHEMA_NAME from Information_schema.SCHEMATA where SCHEMA_NAME LIKE 'douyin%' ORDER BY SCHEMA_NAME='douyin' DESC limit 1

2022/10/27 22:24:04 /home/cheng/Desktop/Linux/douyin-fighting/initialize/mysql.go:57
[0.297ms] [rows:-] SELECT count(*) FROM information_schema.tables WHERE table_schema = 'douyin' AND table_name = 'comments' AND table_type = 'BASE TABLE'

2022/10/27 22:24:04 /data/go/pkg/mod/gorm.io/driver/mysql@v1.3.3/migrator.go:228
[0.106ms] [rows:-] SELECT DATABASE()

2022/10/27 22:24:04 /data/go/pkg/mod/gorm.io/driver/mysql@v1.3.3/migrator.go:231
[0.334ms] [rows:1] SELECT SCHEMA_NAME from Information_schema.SCHEMATA where SCHEMA_NAME LIKE 'douyin%' ORDER BY SCHEMA_NAME='douyin' DESC limit 1

2022/10/27 22:24:04 /data/go/pkg/mod/gorm.io/driver/mysql@v1.3.3/migrator.go:148
[0.173ms] [rows:-] SELECT * FROM `comments` LIMIT 1

2022/10/27 22:24:04 /data/go/pkg/mod/gorm.io/driver/mysql@v1.3.3/migrator.go:166
[0.442ms] [rows:-] SELECT column_name, column_default, is_nullable = 'YES', data_type, character_maximum_length, column_type, column_key, extra, column_comment, numeric_precision, numeric_scale , datetime_precision FROM information_schema.columns WHERE table_schema = 'douyin' AND table_name = 'comments' ORDER BY ORDINAL_POSITION

2022/10/27 22:24:04 /data/go/pkg/mod/gorm.io/driver/mysql@v1.3.3/migrator.go:228
[0.090ms] [rows:-] SELECT DATABASE()

2022/10/27 22:24:04 /data/go/pkg/mod/gorm.io/driver/mysql@v1.3.3/migrator.go:231
[0.346ms] [rows:1] SELECT SCHEMA_NAME from Information_schema.SCHEMATA where SCHEMA_NAME LIKE 'douyin%' ORDER BY SCHEMA_NAME='douyin' DESC limit 1

2022/10/27 22:24:04 /home/cheng/Desktop/Linux/douyin-fighting/initialize/mysql.go:57
[0.266ms] [rows:-] SELECT count(*) FROM information_schema.statistics WHERE table_schema = 'douyin' AND table_name = 'comments' AND index_name = 'video_user'

2022/10/27 22:24:04 /data/go/pkg/mod/gorm.io/driver/mysql@v1.3.3/migrator.go:228
[0.098ms] [rows:-] SELECT DATABASE()

2022/10/27 22:24:04 /data/go/pkg/mod/gorm.io/driver/mysql@v1.3.3/migrator.go:231
[0.307ms] [rows:1] SELECT SCHEMA_NAME from Information_schema.SCHEMATA where SCHEMA_NAME LIKE 'douyin%' ORDER BY SCHEMA_NAME='douyin' DESC limit 1

2022/10/27 22:24:04 /home/cheng/Desktop/Linux/douyin-fighting/initialize/mysql.go:58
[0.266ms] [rows:-] SELECT count(*) FROM information_schema.tables WHERE table_schema = 'douyin' AND table_name = 'follows' AND table_type = 'BASE TABLE'

2022/10/27 22:24:04 /data/go/pkg/mod/gorm.io/driver/mysql@v1.3.3/migrator.go:228
[0.130ms] [rows:-] SELECT DATABASE()

2022/10/27 22:24:04 /data/go/pkg/mod/gorm.io/driver/mysql@v1.3.3/migrator.go:231
[0.317ms] [rows:1] SELECT SCHEMA_NAME from Information_schema.SCHEMATA where SCHEMA_NAME LIKE 'douyin%' ORDER BY SCHEMA_NAME='douyin' DESC limit 1

2022/10/27 22:24:04 /data/go/pkg/mod/gorm.io/driver/mysql@v1.3.3/migrator.go:148
[0.249ms] [rows:-] SELECT * FROM `follows` LIMIT 1

2022/10/27 22:24:04 /data/go/pkg/mod/gorm.io/driver/mysql@v1.3.3/migrator.go:166
[0.509ms] [rows:-] SELECT column_name, column_default, is_nullable = 'YES', data_type, character_maximum_length, column_type, column_key, extra, column_comment, numeric_precision, numeric_scale , datetime_precision FROM information_schema.columns WHERE table_schema = 'douyin' AND table_name = 'follows' ORDER BY ORDINAL_POSITION

2022/10/27 22:24:04 /data/go/pkg/mod/gorm.io/driver/mysql@v1.3.3/migrator.go:228
[0.147ms] [rows:-] SELECT DATABASE()

2022/10/27 22:24:04 /data/go/pkg/mod/gorm.io/driver/mysql@v1.3.3/migrator.go:231
[0.377ms] [rows:1] SELECT SCHEMA_NAME from Information_schema.SCHEMATA where SCHEMA_NAME LIKE 'douyin%' ORDER BY SCHEMA_NAME='douyin' DESC limit 1

2022/10/27 22:24:04 /home/cheng/Desktop/Linux/douyin-fighting/initialize/mysql.go:58
[0.288ms] [rows:-] SELECT count(*) FROM information_schema.statistics WHERE table_schema = 'douyin' AND table_name = 'follows' AND index_name = 'idx_01'

2022/10/27 22:24:04 /data/go/pkg/mod/gorm.io/driver/mysql@v1.3.3/migrator.go:228
[0.092ms] [rows:-] SELECT DATABASE()

2022/10/27 22:24:04 /data/go/pkg/mod/gorm.io/driver/mysql@v1.3.3/migrator.go:231
[0.381ms] [rows:1] SELECT SCHEMA_NAME from Information_schema.SCHEMATA where SCHEMA_NAME LIKE 'douyin%' ORDER BY SCHEMA_NAME='douyin' DESC limit 1

2022/10/27 22:24:04 /home/cheng/Desktop/Linux/douyin-fighting/initialize/mysql.go:58
[0.450ms] [rows:-] SELECT count(*) FROM information_schema.statistics WHERE table_schema = 'douyin' AND table_name = 'follows' AND index_name = 'idx_02'
MySQL

2022/10/27 22:24:04 /home/cheng/Desktop/Linux/douyin-fighting/service/video_redis.go:47
[0.197ms] [rows:0] SELECT * FROM `videos`
Redis
0.0.0.0:8080