Global
Viper

2022/10/28 01:49:52 /data/go/pkg/mod/gorm.io/driver/mysql@v1.3.3/migrator.go:228
[0.059ms] [rows:-] SELECT DATABASE()

2022/10/28 01:49:52 /data/go/pkg/mod/gorm.io/driver/mysql@v1.3.3/migrator.go:231
[0.449ms] [rows:1] SELECT SCHEMA_NAME from Information_schema.SCHEMATA where SCHEMA_NAME LIKE 'douyin%' ORDER BY SCHEMA_NAME='douyin' DESC limit 1

2022/10/28 01:49:52 /home/cheng/Desktop/Linux/douyin-fighting/initialize/mysql.go:54
[1.006ms] [rows:-] SELECT count(*) FROM information_schema.tables WHERE table_schema = 'douyin' AND table_name = 'users' AND table_type = 'BASE TABLE'

2022/10/28 01:49:52 /data/go/pkg/mod/gorm.io/driver/mysql@v1.3.3/migrator.go:228
[0.065ms] [rows:-] SELECT DATABASE()

2022/10/28 01:49:52 /data/go/pkg/mod/gorm.io/driver/mysql@v1.3.3/migrator.go:231
[0.439ms] [rows:1] SELECT SCHEMA_NAME from Information_schema.SCHEMATA where SCHEMA_NAME LIKE 'douyin%' ORDER BY SCHEMA_NAME='douyin' DESC limit 1

2022/10/28 01:49:52 /data/go/pkg/mod/gorm.io/driver/mysql@v1.3.3/migrator.go:148
[0.211ms] [rows:-] SELECT * FROM `users` LIMIT 1

2022/10/28 01:49:52 /data/go/pkg/mod/gorm.io/driver/mysql@v1.3.3/migrator.go:166
[1.011ms] [rows:-] SELECT column_name, column_default, is_nullable = 'YES', data_type, character_maximum_length, column_type, column_key, extra, column_comment, numeric_precision, numeric_scale , datetime_precision FROM information_schema.columns WHERE table_schema = 'douyin' AND table_name = 'users' ORDER BY ORDINAL_POSITION

2022/10/28 01:49:52 /data/go/pkg/mod/gorm.io/driver/mysql@v1.3.3/migrator.go:228
[0.100ms] [rows:-] SELECT DATABASE()

2022/10/28 01:49:52 /data/go/pkg/mod/gorm.io/driver/mysql@v1.3.3/migrator.go:231
[0.538ms] [rows:1] SELECT SCHEMA_NAME from Information_schema.SCHEMATA where SCHEMA_NAME LIKE 'douyin%' ORDER BY SCHEMA_NAME='douyin' DESC limit 1

2022/10/28 01:49:52 /home/cheng/Desktop/Linux/douyin-fighting/initialize/mysql.go:55
[0.203ms] [rows:-] SELECT count(*) FROM information_schema.tables WHERE table_schema = 'douyin' AND table_name = 'videos' AND table_type = 'BASE TABLE'

2022/10/28 01:49:52 /data/go/pkg/mod/gorm.io/driver/mysql@v1.3.3/migrator.go:228
[0.045ms] [rows:-] SELECT DATABASE()

2022/10/28 01:49:52 /data/go/pkg/mod/gorm.io/driver/mysql@v1.3.3/migrator.go:231
[0.194ms] [rows:1] SELECT SCHEMA_NAME from Information_schema.SCHEMATA where SCHEMA_NAME LIKE 'douyin%' ORDER BY SCHEMA_NAME='douyin' DESC limit 1

2022/10/28 01:49:52 /data/go/pkg/mod/gorm.io/driver/mysql@v1.3.3/migrator.go:148
[0.163ms] [rows:-] SELECT * FROM `videos` LIMIT 1

2022/10/28 01:49:52 /data/go/pkg/mod/gorm.io/driver/mysql@v1.3.3/migrator.go:166
[0.858ms] [rows:-] SELECT column_name, column_default, is_nullable = 'YES', data_type, character_maximum_length, column_type, column_key, extra, column_comment, numeric_precision, numeric_scale , datetime_precision FROM information_schema.columns WHERE table_schema = 'douyin' AND table_name = 'videos' ORDER BY ORDINAL_POSITION

2022/10/28 01:49:52 /data/go/pkg/mod/gorm.io/driver/mysql@v1.3.3/migrator.go:228
[0.062ms] [rows:-] SELECT DATABASE()

2022/10/28 01:49:52 /data/go/pkg/mod/gorm.io/driver/mysql@v1.3.3/migrator.go:231
[0.309ms] [rows:1] SELECT SCHEMA_NAME from Information_schema.SCHEMATA where SCHEMA_NAME LIKE 'douyin%' ORDER BY SCHEMA_NAME='douyin' DESC limit 1

2022/10/28 01:49:52 /home/cheng/Desktop/Linux/douyin-fighting/initialize/mysql.go:55
[0.162ms] [rows:-] SELECT count(*) FROM information_schema.statistics WHERE table_schema = 'douyin' AND table_name = 'videos' AND index_name = 'idx_videos_author_id'

2022/10/28 01:49:52 /data/go/pkg/mod/gorm.io/driver/mysql@v1.3.3/migrator.go:228
[0.195ms] [rows:-] SELECT DATABASE()

2022/10/28 01:49:52 /data/go/pkg/mod/gorm.io/driver/mysql@v1.3.3/migrator.go:231
[0.246ms] [rows:1] SELECT SCHEMA_NAME from Information_schema.SCHEMATA where SCHEMA_NAME LIKE 'douyin%' ORDER BY SCHEMA_NAME='douyin' DESC limit 1

2022/10/28 01:49:52 /home/cheng/Desktop/Linux/douyin-fighting/initialize/mysql.go:55
[0.515ms] [rows:-] SELECT count(*) FROM information_schema.statistics WHERE table_schema = 'douyin' AND table_name = 'videos' AND index_name = 'idx_videos_created_at'

2022/10/28 01:49:52 /data/go/pkg/mod/gorm.io/driver/mysql@v1.3.3/migrator.go:228
[0.054ms] [rows:-] SELECT DATABASE()

2022/10/28 01:49:52 /data/go/pkg/mod/gorm.io/driver/mysql@v1.3.3/migrator.go:231
[0.202ms] [rows:1] SELECT SCHEMA_NAME from Information_schema.SCHEMATA where SCHEMA_NAME LIKE 'douyin%' ORDER BY SCHEMA_NAME='douyin' DESC limit 1

2022/10/28 01:49:52 /home/cheng/Desktop/Linux/douyin-fighting/initialize/mysql.go:56
[0.483ms] [rows:-] SELECT count(*) FROM information_schema.tables WHERE table_schema = 'douyin' AND table_name = 'favorites' AND table_type = 'BASE TABLE'

2022/10/28 01:49:52 /data/go/pkg/mod/gorm.io/driver/mysql@v1.3.3/migrator.go:228
[0.051ms] [rows:-] SELECT DATABASE()

2022/10/28 01:49:52 /data/go/pkg/mod/gorm.io/driver/mysql@v1.3.3/migrator.go:231
[1.082ms] [rows:1] SELECT SCHEMA_NAME from Information_schema.SCHEMATA where SCHEMA_NAME LIKE 'douyin%' ORDER BY SCHEMA_NAME='douyin' DESC limit 1

2022/10/28 01:49:52 /data/go/pkg/mod/gorm.io/driver/mysql@v1.3.3/migrator.go:148
[0.178ms] [rows:-] SELECT * FROM `favorites` LIMIT 1

2022/10/28 01:49:52 /data/go/pkg/mod/gorm.io/driver/mysql@v1.3.3/migrator.go:166
[0.383ms] [rows:-] SELECT column_name, column_default, is_nullable = 'YES', data_type, character_maximum_length, column_type, column_key, extra, column_comment, numeric_precision, numeric_scale , datetime_precision FROM information_schema.columns WHERE table_schema = 'douyin' AND table_name = 'favorites' ORDER BY ORDINAL_POSITION

2022/10/28 01:49:52 /data/go/pkg/mod/gorm.io/driver/mysql@v1.3.3/migrator.go:228
[0.089ms] [rows:-] SELECT DATABASE()

2022/10/28 01:49:52 /data/go/pkg/mod/gorm.io/driver/mysql@v1.3.3/migrator.go:231
[0.381ms] [rows:1] SELECT SCHEMA_NAME from Information_schema.SCHEMATA where SCHEMA_NAME LIKE 'douyin%' ORDER BY SCHEMA_NAME='douyin' DESC limit 1

2022/10/28 01:49:52 /home/cheng/Desktop/Linux/douyin-fighting/initialize/mysql.go:56
[0.216ms] [rows:-] SELECT count(*) FROM information_schema.statistics WHERE table_schema = 'douyin' AND table_name = 'favorites' AND index_name = 'idx_01'

2022/10/28 01:49:52 /data/go/pkg/mod/gorm.io/driver/mysql@v1.3.3/migrator.go:228
[0.056ms] [rows:-] SELECT DATABASE()

2022/10/28 01:49:52 /data/go/pkg/mod/gorm.io/driver/mysql@v1.3.3/migrator.go:231
[0.327ms] [rows:1] SELECT SCHEMA_NAME from Information_schema.SCHEMATA where SCHEMA_NAME LIKE 'douyin%' ORDER BY SCHEMA_NAME='douyin' DESC limit 1

2022/10/28 01:49:52 /home/cheng/Desktop/Linux/douyin-fighting/initialize/mysql.go:56
[1.368ms] [rows:-] SELECT count(*) FROM information_schema.statistics WHERE table_schema = 'douyin' AND table_name = 'favorites' AND index_name = 'idx_02'

2022/10/28 01:49:52 /data/go/pkg/mod/gorm.io/driver/mysql@v1.3.3/migrator.go:228
[0.069ms] [rows:-] SELECT DATABASE()

2022/10/28 01:49:52 /data/go/pkg/mod/gorm.io/driver/mysql@v1.3.3/migrator.go:231
[0.517ms] [rows:1] SELECT SCHEMA_NAME from Information_schema.SCHEMATA where SCHEMA_NAME LIKE 'douyin%' ORDER BY SCHEMA_NAME='douyin' DESC limit 1

2022/10/28 01:49:52 /home/cheng/Desktop/Linux/douyin-fighting/initialize/mysql.go:57
[0.166ms] [rows:-] SELECT count(*) FROM information_schema.tables WHERE table_schema = 'douyin' AND table_name = 'comments' AND table_type = 'BASE TABLE'

2022/10/28 01:49:52 /data/go/pkg/mod/gorm.io/driver/mysql@v1.3.3/migrator.go:228
[0.089ms] [rows:-] SELECT DATABASE()

2022/10/28 01:49:52 /data/go/pkg/mod/gorm.io/driver/mysql@v1.3.3/migrator.go:231
[0.661ms] [rows:1] SELECT SCHEMA_NAME from Information_schema.SCHEMATA where SCHEMA_NAME LIKE 'douyin%' ORDER BY SCHEMA_NAME='douyin' DESC limit 1

2022/10/28 01:49:52 /data/go/pkg/mod/gorm.io/driver/mysql@v1.3.3/migrator.go:148
[0.397ms] [rows:-] SELECT * FROM `comments` LIMIT 1

2022/10/28 01:49:52 /data/go/pkg/mod/gorm.io/driver/mysql@v1.3.3/migrator.go:166
[9.959ms] [rows:-] SELECT column_name, column_default, is_nullable = 'YES', data_type, character_maximum_length, column_type, column_key, extra, column_comment, numeric_precision, numeric_scale , datetime_precision FROM information_schema.columns WHERE table_schema = 'douyin' AND table_name = 'comments' ORDER BY ORDINAL_POSITION

2022/10/28 01:49:52 /data/go/pkg/mod/gorm.io/driver/mysql@v1.3.3/migrator.go:228
[0.077ms] [rows:-] SELECT DATABASE()

2022/10/28 01:49:52 /data/go/pkg/mod/gorm.io/driver/mysql@v1.3.3/migrator.go:231
[0.259ms] [rows:1] SELECT SCHEMA_NAME from Information_schema.SCHEMATA where SCHEMA_NAME LIKE 'douyin%' ORDER BY SCHEMA_NAME='douyin' DESC limit 1

2022/10/28 01:49:52 /home/cheng/Desktop/Linux/douyin-fighting/initialize/mysql.go:57
[0.405ms] [rows:-] SELECT count(*) FROM information_schema.statistics WHERE table_schema = 'douyin' AND table_name = 'comments' AND index_name = 'video_user'

2022/10/28 01:49:52 /data/go/pkg/mod/gorm.io/driver/mysql@v1.3.3/migrator.go:228
[0.058ms] [rows:-] SELECT DATABASE()

2022/10/28 01:49:52 /data/go/pkg/mod/gorm.io/driver/mysql@v1.3.3/migrator.go:231
[0.216ms] [rows:1] SELECT SCHEMA_NAME from Information_schema.SCHEMATA where SCHEMA_NAME LIKE 'douyin%' ORDER BY SCHEMA_NAME='douyin' DESC limit 1

2022/10/28 01:49:52 /home/cheng/Desktop/Linux/douyin-fighting/initialize/mysql.go:58
[0.304ms] [rows:-] SELECT count(*) FROM information_schema.tables WHERE table_schema = 'douyin' AND table_name = 'follows' AND table_type = 'BASE TABLE'

2022/10/28 01:49:52 /data/go/pkg/mod/gorm.io/driver/mysql@v1.3.3/migrator.go:228
[0.053ms] [rows:-] SELECT DATABASE()

2022/10/28 01:49:52 /data/go/pkg/mod/gorm.io/driver/mysql@v1.3.3/migrator.go:231
[0.315ms] [rows:1] SELECT SCHEMA_NAME from Information_schema.SCHEMATA where SCHEMA_NAME LIKE 'douyin%' ORDER BY SCHEMA_NAME='douyin' DESC limit 1

2022/10/28 01:49:52 /data/go/pkg/mod/gorm.io/driver/mysql@v1.3.3/migrator.go:148
[0.260ms] [rows:-] SELECT * FROM `follows` LIMIT 1

2022/10/28 01:49:52 /data/go/pkg/mod/gorm.io/driver/mysql@v1.3.3/migrator.go:166
[0.449ms] [rows:-] SELECT column_name, column_default, is_nullable = 'YES', data_type, character_maximum_length, column_type, column_key, extra, column_comment, numeric_precision, numeric_scale , datetime_precision FROM information_schema.columns WHERE table_schema = 'douyin' AND table_name = 'follows' ORDER BY ORDINAL_POSITION

2022/10/28 01:49:52 /data/go/pkg/mod/gorm.io/driver/mysql@v1.3.3/migrator.go:228
[0.055ms] [rows:-] SELECT DATABASE()

2022/10/28 01:49:52 /data/go/pkg/mod/gorm.io/driver/mysql@v1.3.3/migrator.go:231
[0.335ms] [rows:1] SELECT SCHEMA_NAME from Information_schema.SCHEMATA where SCHEMA_NAME LIKE 'douyin%' ORDER BY SCHEMA_NAME='douyin' DESC limit 1

2022/10/28 01:49:52 /home/cheng/Desktop/Linux/douyin-fighting/initialize/mysql.go:58
[0.157ms] [rows:-] SELECT count(*) FROM information_schema.statistics WHERE table_schema = 'douyin' AND table_name = 'follows' AND index_name = 'idx_01'

2022/10/28 01:49:52 /data/go/pkg/mod/gorm.io/driver/mysql@v1.3.3/migrator.go:228
[0.055ms] [rows:-] SELECT DATABASE()

2022/10/28 01:49:52 /data/go/pkg/mod/gorm.io/driver/mysql@v1.3.3/migrator.go:231
[0.204ms] [rows:1] SELECT SCHEMA_NAME from Information_schema.SCHEMATA where SCHEMA_NAME LIKE 'douyin%' ORDER BY SCHEMA_NAME='douyin' DESC limit 1

2022/10/28 01:49:52 /home/cheng/Desktop/Linux/douyin-fighting/initialize/mysql.go:58
[0.280ms] [rows:-] SELECT count(*) FROM information_schema.statistics WHERE table_schema = 'douyin' AND table_name = 'follows' AND index_name = 'idx_02'
MySQL
Redis
0.0.0.0:8080[GIN] 2022/10/28 - 01:49:55 | 200 |    1.488143ms |    192.168.77.1 | GET      "/douyin/publish/list/?token=eyJhbGciOiJIUzI1NiIsInR5cCI6IkpXVCJ9.eyJVc2VySUQiOjIzMjQ1MTc3MTcwNzA5ODg5LCJOYW1lIjoiMTExMTExIiwiZXhwIjoxNjY3MDMyODA2LCJuYmYiOjE2NjY5NDY0MDYsImlhdCI6MTY2Njk0NjQwNn0.T6U2ZbGVrV95hivt6xVLNqb9eQr4xRAv3hxpxE9TpSU&user_id=23245177170709889"
[GIN] 2022/10/28 - 01:49:55 | 200 |     4.21207ms |    192.168.77.1 | GET      "/douyin/favorite/list/?token=eyJhbGciOiJIUzI1NiIsInR5cCI6IkpXVCJ9.eyJVc2VySUQiOjIzMjQ1MTc3MTcwNzA5ODg5LCJOYW1lIjoiMTExMTExIiwiZXhwIjoxNjY3MDMyODA2LCJuYmYiOjE2NjY5NDY0MDYsImlhdCI6MTY2Njk0NjQwNn0.T6U2ZbGVrV95hivt6xVLNqb9eQr4xRAv3hxpxE9TpSU&user_id=23245177170709889"

2022/10/28 01:50:03 /home/cheng/Desktop/Linux/douyin-fighting/service/video.go:232
[0.322ms] [rows:1] SELECT * FROM `videos` WHERE video_id in (23245963636264321)

2022/10/28 01:50:03 /home/cheng/Desktop/Linux/douyin-fighting/service/comment.go:209
[0.537ms] [rows:0] SELECT `video_id`,COUNT(video_id) as comment_count FROM `comments` WHERE video_id in (23245963636264321) AND `comments`.`deleted_at` IS NULL GROUP BY `video_id`

2022/10/28 01:50:03 /home/cheng/Desktop/Linux/douyin-fighting/service/favorite.go:178
[0.269ms] [rows:0] SELECT `video_id`,COUNT(video_id) as favorite_count FROM `favorites` WHERE video_id in (23245963636264321) and is_favorite = true GROUP BY `video_id`
[GIN] 2022/10/28 - 01:50:03 | 500 |    2.480408ms |    192.168.77.1 | GET      "/douyin/feed/?latest_time=1666947005142&token=eyJhbGciOiJIUzI1NiIsInR5cCI6IkpXVCJ9.eyJVc2VySUQiOjIzMjQ1MTc3MTcwNzA5ODg5LCJOYW1lIjoiMTExMTExIiwiZXhwIjoxNjY3MDMyODA2LCJuYmYiOjE2NjY5NDY0MDYsImlhdCI6MTY2Njk0NjQwNn0.T6U2ZbGVrV95hivt6xVLNqb9eQr4xRAv3hxpxE9TpSU"

2022/10/28 01:50:09 /home/cheng/Desktop/Linux/douyin-fighting/service/video.go:232
[1.800ms] [rows:1] SELECT * FROM `videos` WHERE video_id in (23245963636264321)

2022/10/28 01:50:09 /home/cheng/Desktop/Linux/douyin-fighting/service/comment.go:209
[0.401ms] [rows:0] SELECT `video_id`,COUNT(video_id) as comment_count FROM `comments` WHERE video_id in (23245963636264321) AND `comments`.`deleted_at` IS NULL GROUP BY `video_id`

2022/10/28 01:50:09 /home/cheng/Desktop/Linux/douyin-fighting/service/favorite.go:178
[0.362ms] [rows:0] SELECT `video_id`,COUNT(video_id) as favorite_count FROM `favorites` WHERE video_id in (23245963636264321) and is_favorite = true GROUP BY `video_id`
[GIN] 2022/10/28 - 01:50:09 | 500 |    3.015525ms |    192.168.77.1 | GET      "/douyin/feed/?latest_time=1666947011242&token=eyJhbGciOiJIUzI1NiIsInR5cCI6IkpXVCJ9.eyJVc2VySUQiOjIzMjQ1MTc3MTcwNzA5ODg5LCJOYW1lIjoiMTExMTExIiwiZXhwIjoxNjY3MDMyODA2LCJuYmYiOjE2NjY5NDY0MDYsImlhdCI6MTY2Njk0NjQwNn0.T6U2ZbGVrV95hivt6xVLNqb9eQr4xRAv3hxpxE9TpSU"
[GIN] 2022/10/28 - 01:50:11 | 200 |      658.97µs |    192.168.77.1 | GET      "/douyin/publish/list/?token=eyJhbGciOiJIUzI1NiIsInR5cCI6IkpXVCJ9.eyJVc2VySUQiOjIzMjQ1MTc3MTcwNzA5ODg5LCJOYW1lIjoiMTExMTExIiwiZXhwIjoxNjY3MDMyODA2LCJuYmYiOjE2NjY5NDY0MDYsImlhdCI6MTY2Njk0NjQwNn0.T6U2ZbGVrV95hivt6xVLNqb9eQr4xRAv3hxpxE9TpSU&user_id=23245177170709889"
[GIN] 2022/10/28 - 01:50:11 | 200 |     1.44001ms |    192.168.77.1 | GET      "/douyin/favorite/list/?token=eyJhbGciOiJIUzI1NiIsInR5cCI6IkpXVCJ9.eyJVc2VySUQiOjIzMjQ1MTc3MTcwNzA5ODg5LCJOYW1lIjoiMTExMTExIiwiZXhwIjoxNjY3MDMyODA2LCJuYmYiOjE2NjY5NDY0MDYsImlhdCI6MTY2Njk0NjQwNn0.T6U2ZbGVrV95hivt6xVLNqb9eQr4xRAv3hxpxE9TpSU&user_id=23245177170709889"

2022/10/28 01:50:26 /home/cheng/Desktop/Linux/douyin-fighting/service/video.go:232
[0.372ms] [rows:1] SELECT * FROM `videos` WHERE video_id in (23245963636264321)

2022/10/28 01:50:26 /home/cheng/Desktop/Linux/douyin-fighting/service/comment.go:209
[6.004ms] [rows:0] SELECT `video_id`,COUNT(video_id) as comment_count FROM `comments` WHERE video_id in (23245963636264321) AND `comments`.`deleted_at` IS NULL GROUP BY `video_id`

2022/10/28 01:50:26 /home/cheng/Desktop/Linux/douyin-fighting/service/favorite.go:178
[0.418ms] [rows:0] SELECT `video_id`,COUNT(video_id) as favorite_count FROM `favorites` WHERE video_id in (23245963636264321) and is_favorite = true GROUP BY `video_id`
[GIN] 2022/10/28 - 01:50:26 | 500 |    7.651074ms |    192.168.77.1 | GET      "/douyin/feed/?latest_time=1666947027777"

2022/10/28 01:50:40 /home/cheng/Desktop/Linux/douyin-fighting/service/user.go:28
[0.635ms] [rows:1] SELECT * FROM `users` WHERE name = '111111' LIMIT 1
[GIN] 2022/10/28 - 01:50:40 | 200 |    59.41306ms |    192.168.77.1 | POST     "/douyin/user/login/?username=111111&password=111111"
[GIN] 2022/10/28 - 01:50:40 | 200 |     457.561µs |    192.168.77.1 | GET      "/douyin/user/?user_id=23245177170709889&token=eyJhbGciOiJIUzI1NiIsInR5cCI6IkpXVCJ9.eyJVc2VySUQiOjIzMjQ1MTc3MTcwNzA5ODg5LCJOYW1lIjoiMTExMTExIiwiZXhwIjoxNjY3MDMzNDQwLCJuYmYiOjE2NjY5NDcwNDAsImlhdCI6MTY2Njk0NzA0MH0.cbGAKboHzBzEMzUjx45a2VFrXhRfW_y4kcM25_UohQw"

2022/10/28 01:50:40 /home/cheng/Desktop/Linux/douyin-fighting/service/video.go:110
[0.644ms] [rows:1] SELECT * FROM `videos` WHERE author_id = 23245177170709889
[GIN] 2022/10/28 - 01:50:40 | 200 |     327.805µs |    192.168.77.1 | GET      "/douyin/favorite/list/?token=eyJhbGciOiJIUzI1NiIsInR5cCI6IkpXVCJ9.eyJVc2VySUQiOjIzMjQ1MTc3MTcwNzA5ODg5LCJOYW1lIjoiMTExMTExIiwiZXhwIjoxNjY3MDMzNDQwLCJuYmYiOjE2NjY5NDcwNDAsImlhdCI6MTY2Njk0NzA0MH0.cbGAKboHzBzEMzUjx45a2VFrXhRfW_y4kcM25_UohQw&user_id=23245177170709889"

2022/10/28 01:50:40 /home/cheng/Desktop/Linux/douyin-fighting/service/favorite.go:178
[0.599ms] [rows:0] SELECT `video_id`,COUNT(video_id) as favorite_count FROM `favorites` WHERE video_id in (23245963636264321) and is_favorite = true GROUP BY `video_id`

2022/10/28 01:50:40 /home/cheng/Desktop/Linux/douyin-fighting/service/comment.go:209
[1.285ms] [rows:0] SELECT `video_id`,COUNT(video_id) as comment_count FROM `comments` WHERE video_id in (23245963636264321) AND `comments`.`deleted_at` IS NULL GROUP BY `video_id`
[GIN] 2022/10/28 - 01:50:40 | 200 |    4.243162ms |    192.168.77.1 | GET      "/douyin/publish/list/?token=eyJhbGciOiJIUzI1NiIsInR5cCI6IkpXVCJ9.eyJVc2VySUQiOjIzMjQ1MTc3MTcwNzA5ODg5LCJOYW1lIjoiMTExMTExIiwiZXhwIjoxNjY3MDMzNDQwLCJuYmYiOjE2NjY5NDcwNDAsImlhdCI6MTY2Njk0NzA0MH0.cbGAKboHzBzEMzUjx45a2VFrXhRfW_y4kcM25_UohQw&user_id=23245177170709889"
[GIN] 2022/10/28 - 01:50:40 | 200 |    5.660433ms |    192.168.77.1 | GET      "/static/cover/23245963636264321.jpg"
[GIN] 2022/10/28 - 01:50:57 | 200 |     572.592µs |    192.168.77.1 | GET      "/douyin/favorite/list/?token=eyJhbGciOiJIUzI1NiIsInR5cCI6IkpXVCJ9.eyJVc2VySUQiOjIzMjQ1MTc3MTcwNzA5ODg5LCJOYW1lIjoiMTExMTExIiwiZXhwIjoxNjY3MDMzNDQwLCJuYmYiOjE2NjY5NDcwNDAsImlhdCI6MTY2Njk0NzA0MH0.cbGAKboHzBzEMzUjx45a2VFrXhRfW_y4kcM25_UohQw&user_id=23245177170709889"

2022/10/28 01:50:57 /home/cheng/Desktop/Linux/douyin-fighting/service/video.go:232
[0.456ms] [rows:1] SELECT * FROM `videos` WHERE video_id in (23245963636264321)

2022/10/28 01:50:57 /home/cheng/Desktop/Linux/douyin-fighting/service/comment.go:209
[0.410ms] [rows:0] SELECT `video_id`,COUNT(video_id) as comment_count FROM `comments` WHERE video_id in (23245963636264321) AND `comments`.`deleted_at` IS NULL GROUP BY `video_id`

2022/10/28 01:50:57 /home/cheng/Desktop/Linux/douyin-fighting/service/favorite.go:178
[0.166ms] [rows:0] SELECT `video_id`,COUNT(video_id) as favorite_count FROM `favorites` WHERE video_id in (23245963636264321) and is_favorite = true GROUP BY `video_id`
[GIN] 2022/10/28 - 01:50:57 | 500 |    2.378546ms |    192.168.77.1 | GET      "/douyin/publish/list/?token=eyJhbGciOiJIUzI1NiIsInR5cCI6IkpXVCJ9.eyJVc2VySUQiOjIzMjQ1MTc3MTcwNzA5ODg5LCJOYW1lIjoiMTExMTExIiwiZXhwIjoxNjY3MDMzNDQwLCJuYmYiOjE2NjY5NDcwNDAsImlhdCI6MTY2Njk0NzA0MH0.cbGAKboHzBzEMzUjx45a2VFrXhRfW_y4kcM25_UohQw&user_id=23245177170709889"

2022/10/28 01:51:18 /home/cheng/Desktop/Linux/douyin-fighting/service/video.go:68
[3.772ms] [rows:1] INSERT INTO `videos` (`title`,`play_name`,`cover_name`,`author_id`,`created_at`,`ext_info`,`video_id`) VALUES ('222','23246304331189633.mp4','23246304331189633.jpg',23245177170709889,'2022-10-28 01:51:18.168',NULL,23246304331189633)
[GIN] 2022/10/28 - 01:51:18 | 500 |   68.890832ms |    192.168.77.1 | POST     "/douyin/publish/action/"

2022/10/28 01:51:52 /home/cheng/Desktop/Linux/douyin-fighting/service/video.go:68
[2.446ms] [rows:1] INSERT INTO `videos` (`title`,`play_name`,`cover_name`,`author_id`,`created_at`,`ext_info`,`video_id`) VALUES ('222','23246362145475969.mp4','23246362145475969.jpg',23245177170709889,'2022-10-28 01:51:52.63',NULL,23246362145475969)
[GIN] 2022/10/28 - 01:51:52 | 500 |   63.858394ms |    192.168.77.1 | POST     "/douyin/publish/action/"
[GIN] 2022/10/28 - 01:51:58 | 200 |     689.036µs |    192.168.77.1 | GET      "/douyin/favorite/list/?token=eyJhbGciOiJIUzI1NiIsInR5cCI6IkpXVCJ9.eyJVc2VySUQiOjIzMjQ1MTc3MTcwNzA5ODg5LCJOYW1lIjoiMTExMTExIiwiZXhwIjoxNjY3MDMzNDQwLCJuYmYiOjE2NjY5NDcwNDAsImlhdCI6MTY2Njk0NzA0MH0.cbGAKboHzBzEMzUjx45a2VFrXhRfW_y4kcM25_UohQw&user_id=23245177170709889"

2022/10/28 01:51:58 /home/cheng/Desktop/Linux/douyin-fighting/service/video.go:232
[0.535ms] [rows:1] SELECT * FROM `videos` WHERE video_id in (23245963636264321)

2022/10/28 01:51:58 /home/cheng/Desktop/Linux/douyin-fighting/service/comment.go:209
[0.253ms] [rows:0] SELECT `video_id`,COUNT(video_id) as comment_count FROM `comments` WHERE video_id in (23245963636264321) AND `comments`.`deleted_at` IS NULL GROUP BY `video_id`

2022/10/28 01:51:58 /home/cheng/Desktop/Linux/douyin-fighting/service/favorite.go:178
[0.214ms] [rows:0] SELECT `video_id`,COUNT(video_id) as favorite_count FROM `favorites` WHERE video_id in (23245963636264321) and is_favorite = true GROUP BY `video_id`
[GIN] 2022/10/28 - 01:51:58 | 500 |    2.767512ms |    192.168.77.1 | GET      "/douyin/publish/list/?token=eyJhbGciOiJIUzI1NiIsInR5cCI6IkpXVCJ9.eyJVc2VySUQiOjIzMjQ1MTc3MTcwNzA5ODg5LCJOYW1lIjoiMTExMTExIiwiZXhwIjoxNjY3MDMzNDQwLCJuYmYiOjE2NjY5NDcwNDAsImlhdCI6MTY2Njk0NzA0MH0.cbGAKboHzBzEMzUjx45a2VFrXhRfW_y4kcM25_UohQw&user_id=23245177170709889"
[GIN] 2022/10/28 - 01:52:10 | 200 |    1.059618ms |    192.168.77.1 | GET      "/douyin/favorite/list/?token=eyJhbGciOiJIUzI1NiIsInR5cCI6IkpXVCJ9.eyJVc2VySUQiOjIzMjQ1MTc3MTcwNzA5ODg5LCJOYW1lIjoiMTExMTExIiwiZXhwIjoxNjY3MDMzNDQwLCJuYmYiOjE2NjY5NDcwNDAsImlhdCI6MTY2Njk0NzA0MH0.cbGAKboHzBzEMzUjx45a2VFrXhRfW_y4kcM25_UohQw&user_id=23245177170709889"

2022/10/28 01:52:10 /home/cheng/Desktop/Linux/douyin-fighting/service/video.go:232
[1.540ms] [rows:1] SELECT * FROM `videos` WHERE video_id in (23245963636264321)

2022/10/28 01:52:10 /home/cheng/Desktop/Linux/douyin-fighting/service/comment.go:209
[1.178ms] [rows:0] SELECT `video_id`,COUNT(video_id) as comment_count FROM `comments` WHERE video_id in (23245963636264321) AND `comments`.`deleted_at` IS NULL GROUP BY `video_id`

2022/10/28 01:52:10 /home/cheng/Desktop/Linux/douyin-fighting/service/favorite.go:178
[0.628ms] [rows:0] SELECT `video_id`,COUNT(video_id) as favorite_count FROM `favorites` WHERE video_id in (23245963636264321) and is_favorite = true GROUP BY `video_id`
[GIN] 2022/10/28 - 01:52:10 | 500 |    5.640488ms |    192.168.77.1 | GET      "/douyin/publish/list/?token=eyJhbGciOiJIUzI1NiIsInR5cCI6IkpXVCJ9.eyJVc2VySUQiOjIzMjQ1MTc3MTcwNzA5ODg5LCJOYW1lIjoiMTExMTExIiwiZXhwIjoxNjY3MDMzNDQwLCJuYmYiOjE2NjY5NDcwNDAsImlhdCI6MTY2Njk0NzA0MH0.cbGAKboHzBzEMzUjx45a2VFrXhRfW_y4kcM25_UohQw&user_id=23245177170709889"

2022/10/28 01:52:55 /home/cheng/Desktop/Linux/douyin-fighting/service/video.go:232
[0.539ms] [rows:1] SELECT * FROM `videos` WHERE video_id in (23245963636264321)

2022/10/28 01:52:55 /home/cheng/Desktop/Linux/douyin-fighting/service/comment.go:209
[0.759ms] [rows:0] SELECT `video_id`,COUNT(video_id) as comment_count FROM `comments` WHERE video_id in (23245963636264321) AND `comments`.`deleted_at` IS NULL GROUP BY `video_id`

2022/10/28 01:52:55 /home/cheng/Desktop/Linux/douyin-fighting/service/favorite.go:178
[1.315ms] [rows:0] SELECT `video_id`,COUNT(video_id) as favorite_count FROM `favorites` WHERE video_id in (23245963636264321) and is_favorite = true GROUP BY `video_id`
[GIN] 2022/10/28 - 01:52:55 | 500 |    3.992262ms |    192.168.77.1 | GET      "/douyin/feed/?latest_time=1666947176770"

2022/10/28 01:53:35 /home/cheng/Desktop/Linux/douyin-fighting/service/user.go:28
[0.858ms] [rows:1] SELECT * FROM `users` WHERE name = '111111' LIMIT 1
[GIN] 2022/10/28 - 01:53:35 | 200 |   61.687463ms |    192.168.77.1 | POST     "/douyin/user/login/?username=111111&password=111111"
[GIN] 2022/10/28 - 01:53:35 | 200 |     332.696µs |    192.168.77.1 | GET      "/douyin/user/?user_id=23245177170709889&token=eyJhbGciOiJIUzI1NiIsInR5cCI6IkpXVCJ9.eyJVc2VySUQiOjIzMjQ1MTc3MTcwNzA5ODg5LCJOYW1lIjoiMTExMTExIiwiZXhwIjoxNjY3MDMzNjE1LCJuYmYiOjE2NjY5NDcyMTUsImlhdCI6MTY2Njk0NzIxNX0.GkCP-av2iunuMW9FJKYIaTuTAwOpj9sAFTKykP3WAqQ"
[GIN] 2022/10/28 - 01:53:35 | 200 |     502.677µs |    192.168.77.1 | GET      "/douyin/favorite/list/?token=eyJhbGciOiJIUzI1NiIsInR5cCI6IkpXVCJ9.eyJVc2VySUQiOjIzMjQ1MTc3MTcwNzA5ODg5LCJOYW1lIjoiMTExMTExIiwiZXhwIjoxNjY3MDMzNjE1LCJuYmYiOjE2NjY5NDcyMTUsImlhdCI6MTY2Njk0NzIxNX0.GkCP-av2iunuMW9FJKYIaTuTAwOpj9sAFTKykP3WAqQ&user_id=23245177170709889"

2022/10/28 01:53:35 /home/cheng/Desktop/Linux/douyin-fighting/service/video.go:232
[0.872ms] [rows:1] SELECT * FROM `videos` WHERE video_id in (23245963636264321)

2022/10/28 01:53:35 /home/cheng/Desktop/Linux/douyin-fighting/service/comment.go:209
[0.438ms] [rows:0] SELECT `video_id`,COUNT(video_id) as comment_count FROM `comments` WHERE video_id in (23245963636264321) AND `comments`.`deleted_at` IS NULL GROUP BY `video_id`

2022/10/28 01:53:35 /home/cheng/Desktop/Linux/douyin-fighting/service/favorite.go:178
[0.526ms] [rows:0] SELECT `video_id`,COUNT(video_id) as favorite_count FROM `favorites` WHERE video_id in (23245963636264321) and is_favorite = true GROUP BY `video_id`
[GIN] 2022/10/28 - 01:53:35 | 500 |    2.653283ms |    192.168.77.1 | GET      "/douyin/publish/list/?token=eyJhbGciOiJIUzI1NiIsInR5cCI6IkpXVCJ9.eyJVc2VySUQiOjIzMjQ1MTc3MTcwNzA5ODg5LCJOYW1lIjoiMTExMTExIiwiZXhwIjoxNjY3MDMzNjE1LCJuYmYiOjE2NjY5NDcyMTUsImlhdCI6MTY2Njk0NzIxNX0.GkCP-av2iunuMW9FJKYIaTuTAwOpj9sAFTKykP3WAqQ&user_id=23245177170709889"
