
2022/10/27 22:18:00 /data/go/pkg/mod/gorm.io/driver/mysql@v1.3.3/migrator.go:228
[0.054ms] [rows:-] SELECT DATABASE()

2022/10/27 22:18:00 /data/go/pkg/mod/gorm.io/driver/mysql@v1.3.3/migrator.go:231
[0.404ms] [rows:1] SELECT SCHEMA_NAME from Information_schema.SCHEMATA where SCHEMA_NAME LIKE 'douyin%' ORDER BY SCHEMA_NAME='douyin' DESC limit 1

2022/10/27 22:18:00 /home/cheng/Desktop/Linux/douyin-fighting/initialize/mysql.go:54
[0.297ms] [rows:-] SELECT count(*) FROM information_schema.tables WHERE table_schema = 'douyin' AND table_name = 'users' AND table_type = 'BASE TABLE'

2022/10/27 22:18:00 /data/go/pkg/mod/gorm.io/driver/mysql@v1.3.3/migrator.go:228
[0.055ms] [rows:-] SELECT DATABASE()

2022/10/27 22:18:00 /data/go/pkg/mod/gorm.io/driver/mysql@v1.3.3/migrator.go:231
[0.305ms] [rows:1] SELECT SCHEMA_NAME from Information_schema.SCHEMATA where SCHEMA_NAME LIKE 'douyin%' ORDER BY SCHEMA_NAME='douyin' DESC limit 1

2022/10/27 22:18:00 /data/go/pkg/mod/gorm.io/driver/mysql@v1.3.3/migrator.go:148
[0.251ms] [rows:-] SELECT * FROM `users` LIMIT 1

2022/10/27 22:18:00 /data/go/pkg/mod/gorm.io/driver/mysql@v1.3.3/migrator.go:166
[0.443ms] [rows:-] SELECT column_name, column_default, is_nullable = 'YES', data_type, character_maximum_length, column_type, column_key, extra, column_comment, numeric_precision, numeric_scale , datetime_precision FROM information_schema.columns WHERE table_schema = 'douyin' AND table_name = 'users' ORDER BY ORDINAL_POSITION

2022/10/27 22:18:00 /data/go/pkg/mod/gorm.io/driver/mysql@v1.3.3/migrator.go:228
[0.055ms] [rows:-] SELECT DATABASE()

2022/10/27 22:18:00 /data/go/pkg/mod/gorm.io/driver/mysql@v1.3.3/migrator.go:231
[0.303ms] [rows:1] SELECT SCHEMA_NAME from Information_schema.SCHEMATA where SCHEMA_NAME LIKE 'douyin%' ORDER BY SCHEMA_NAME='douyin' DESC limit 1

2022/10/27 22:18:00 /home/cheng/Desktop/Linux/douyin-fighting/initialize/mysql.go:55
[3.569ms] [rows:-] SELECT count(*) FROM information_schema.tables WHERE table_schema = 'douyin' AND table_name = 'videos' AND table_type = 'BASE TABLE'

2022/10/27 22:18:00 /data/go/pkg/mod/gorm.io/driver/mysql@v1.3.3/migrator.go:228
[0.751ms] [rows:-] SELECT DATABASE()

2022/10/27 22:18:00 /data/go/pkg/mod/gorm.io/driver/mysql@v1.3.3/migrator.go:231
[0.260ms] [rows:1] SELECT SCHEMA_NAME from Information_schema.SCHEMATA where SCHEMA_NAME LIKE 'douyin%' ORDER BY SCHEMA_NAME='douyin' DESC limit 1

2022/10/27 22:18:00 /data/go/pkg/mod/gorm.io/driver/mysql@v1.3.3/migrator.go:148
[0.164ms] [rows:-] SELECT * FROM `videos` LIMIT 1

2022/10/27 22:18:00 /data/go/pkg/mod/gorm.io/driver/mysql@v1.3.3/migrator.go:166
[0.362ms] [rows:-] SELECT column_name, column_default, is_nullable = 'YES', data_type, character_maximum_length, column_type, column_key, extra, column_comment, numeric_precision, numeric_scale , datetime_precision FROM information_schema.columns WHERE table_schema = 'douyin' AND table_name = 'videos' ORDER BY ORDINAL_POSITION

2022/10/27 22:18:00 /data/go/pkg/mod/gorm.io/driver/mysql@v1.3.3/migrator.go:228
[0.054ms] [rows:-] SELECT DATABASE()

2022/10/27 22:18:00 /data/go/pkg/mod/gorm.io/driver/mysql@v1.3.3/migrator.go:231
[0.483ms] [rows:1] SELECT SCHEMA_NAME from Information_schema.SCHEMATA where SCHEMA_NAME LIKE 'douyin%' ORDER BY SCHEMA_NAME='douyin' DESC limit 1

2022/10/27 22:18:00 /home/cheng/Desktop/Linux/douyin-fighting/initialize/mysql.go:55
[0.282ms] [rows:-] SELECT count(*) FROM information_schema.statistics WHERE table_schema = 'douyin' AND table_name = 'videos' AND index_name = 'idx_videos_author_id'

2022/10/27 22:18:00 /data/go/pkg/mod/gorm.io/driver/mysql@v1.3.3/migrator.go:228
[0.055ms] [rows:-] SELECT DATABASE()

2022/10/27 22:18:00 /data/go/pkg/mod/gorm.io/driver/mysql@v1.3.3/migrator.go:231
[0.207ms] [rows:1] SELECT SCHEMA_NAME from Information_schema.SCHEMATA where SCHEMA_NAME LIKE 'douyin%' ORDER BY SCHEMA_NAME='douyin' DESC limit 1

2022/10/27 22:18:00 /home/cheng/Desktop/Linux/douyin-fighting/initialize/mysql.go:55
[0.276ms] [rows:-] SELECT count(*) FROM information_schema.statistics WHERE table_schema = 'douyin' AND table_name = 'videos' AND index_name = 'idx_videos_created_at'

2022/10/27 22:18:00 /data/go/pkg/mod/gorm.io/driver/mysql@v1.3.3/migrator.go:228
[0.072ms] [rows:-] SELECT DATABASE()

2022/10/27 22:18:00 /data/go/pkg/mod/gorm.io/driver/mysql@v1.3.3/migrator.go:231
[0.335ms] [rows:1] SELECT SCHEMA_NAME from Information_schema.SCHEMATA where SCHEMA_NAME LIKE 'douyin%' ORDER BY SCHEMA_NAME='douyin' DESC limit 1

2022/10/27 22:18:00 /home/cheng/Desktop/Linux/douyin-fighting/initialize/mysql.go:56
[0.277ms] [rows:-] SELECT count(*) FROM information_schema.tables WHERE table_schema = 'douyin' AND table_name = 'favorites' AND table_type = 'BASE TABLE'

2022/10/27 22:18:00 /data/go/pkg/mod/gorm.io/driver/mysql@v1.3.3/migrator.go:228
[0.059ms] [rows:-] SELECT DATABASE()

2022/10/27 22:18:00 /data/go/pkg/mod/gorm.io/driver/mysql@v1.3.3/migrator.go:231
[0.289ms] [rows:1] SELECT SCHEMA_NAME from Information_schema.SCHEMATA where SCHEMA_NAME LIKE 'douyin%' ORDER BY SCHEMA_NAME='douyin' DESC limit 1

2022/10/27 22:18:00 /data/go/pkg/mod/gorm.io/driver/mysql@v1.3.3/migrator.go:148
[0.219ms] [rows:-] SELECT * FROM `favorites` LIMIT 1

2022/10/27 22:18:00 /data/go/pkg/mod/gorm.io/driver/mysql@v1.3.3/migrator.go:166
[0.368ms] [rows:-] SELECT column_name, column_default, is_nullable = 'YES', data_type, character_maximum_length, column_type, column_key, extra, column_comment, numeric_precision, numeric_scale , datetime_precision FROM information_schema.columns WHERE table_schema = 'douyin' AND table_name = 'favorites' ORDER BY ORDINAL_POSITION

2022/10/27 22:18:00 /data/go/pkg/mod/gorm.io/driver/mysql@v1.3.3/migrator.go:228
[0.053ms] [rows:-] SELECT DATABASE()

2022/10/27 22:18:00 /data/go/pkg/mod/gorm.io/driver/mysql@v1.3.3/migrator.go:231
[0.306ms] [rows:1] SELECT SCHEMA_NAME from Information_schema.SCHEMATA where SCHEMA_NAME LIKE 'douyin%' ORDER BY SCHEMA_NAME='douyin' DESC limit 1

2022/10/27 22:18:00 /home/cheng/Desktop/Linux/douyin-fighting/initialize/mysql.go:56
[0.276ms] [rows:-] SELECT count(*) FROM information_schema.statistics WHERE table_schema = 'douyin' AND table_name = 'favorites' AND index_name = 'idx_01'

2022/10/27 22:18:00 /data/go/pkg/mod/gorm.io/driver/mysql@v1.3.3/migrator.go:228
[0.055ms] [rows:-] SELECT DATABASE()

2022/10/27 22:18:00 /data/go/pkg/mod/gorm.io/driver/mysql@v1.3.3/migrator.go:231
[0.287ms] [rows:1] SELECT SCHEMA_NAME from Information_schema.SCHEMATA where SCHEMA_NAME LIKE 'douyin%' ORDER BY SCHEMA_NAME='douyin' DESC limit 1

2022/10/27 22:18:00 /home/cheng/Desktop/Linux/douyin-fighting/initialize/mysql.go:56
[0.247ms] [rows:-] SELECT count(*) FROM information_schema.statistics WHERE table_schema = 'douyin' AND table_name = 'favorites' AND index_name = 'idx_02'

2022/10/27 22:18:00 /data/go/pkg/mod/gorm.io/driver/mysql@v1.3.3/migrator.go:228
[0.062ms] [rows:-] SELECT DATABASE()

2022/10/27 22:18:00 /data/go/pkg/mod/gorm.io/driver/mysql@v1.3.3/migrator.go:231
[0.394ms] [rows:1] SELECT SCHEMA_NAME from Information_schema.SCHEMATA where SCHEMA_NAME LIKE 'douyin%' ORDER BY SCHEMA_NAME='douyin' DESC limit 1

2022/10/27 22:18:00 /home/cheng/Desktop/Linux/douyin-fighting/initialize/mysql.go:57
[0.170ms] [rows:-] SELECT count(*) FROM information_schema.tables WHERE table_schema = 'douyin' AND table_name = 'comments' AND table_type = 'BASE TABLE'

2022/10/27 22:18:00 /data/go/pkg/mod/gorm.io/driver/mysql@v1.3.3/migrator.go:228
[0.054ms] [rows:-] SELECT DATABASE()

2022/10/27 22:18:00 /data/go/pkg/mod/gorm.io/driver/mysql@v1.3.3/migrator.go:231
[0.309ms] [rows:1] SELECT SCHEMA_NAME from Information_schema.SCHEMATA where SCHEMA_NAME LIKE 'douyin%' ORDER BY SCHEMA_NAME='douyin' DESC limit 1

2022/10/27 22:18:00 /data/go/pkg/mod/gorm.io/driver/mysql@v1.3.3/migrator.go:148
[0.241ms] [rows:-] SELECT * FROM `comments` LIMIT 1

2022/10/27 22:18:00 /data/go/pkg/mod/gorm.io/driver/mysql@v1.3.3/migrator.go:166
[0.991ms] [rows:-] SELECT column_name, column_default, is_nullable = 'YES', data_type, character_maximum_length, column_type, column_key, extra, column_comment, numeric_precision, numeric_scale , datetime_precision FROM information_schema.columns WHERE table_schema = 'douyin' AND table_name = 'comments' ORDER BY ORDINAL_POSITION

2022/10/27 22:18:00 /data/go/pkg/mod/gorm.io/driver/mysql@v1.3.3/migrator.go:228
[0.102ms] [rows:-] SELECT DATABASE()

2022/10/27 22:18:00 /data/go/pkg/mod/gorm.io/driver/mysql@v1.3.3/migrator.go:231
[0.329ms] [rows:1] SELECT SCHEMA_NAME from Information_schema.SCHEMATA where SCHEMA_NAME LIKE 'douyin%' ORDER BY SCHEMA_NAME='douyin' DESC limit 1

2022/10/27 22:18:00 /home/cheng/Desktop/Linux/douyin-fighting/initialize/mysql.go:57
[0.256ms] [rows:-] SELECT count(*) FROM information_schema.statistics WHERE table_schema = 'douyin' AND table_name = 'comments' AND index_name = 'video_user'

2022/10/27 22:18:00 /data/go/pkg/mod/gorm.io/driver/mysql@v1.3.3/migrator.go:228
[0.095ms] [rows:-] SELECT DATABASE()

2022/10/27 22:18:00 /data/go/pkg/mod/gorm.io/driver/mysql@v1.3.3/migrator.go:231
[0.387ms] [rows:1] SELECT SCHEMA_NAME from Information_schema.SCHEMATA where SCHEMA_NAME LIKE 'douyin%' ORDER BY SCHEMA_NAME='douyin' DESC limit 1

2022/10/27 22:18:00 /home/cheng/Desktop/Linux/douyin-fighting/initialize/mysql.go:58
[0.319ms] [rows:-] SELECT count(*) FROM information_schema.tables WHERE table_schema = 'douyin' AND table_name = 'follows' AND table_type = 'BASE TABLE'

2022/10/27 22:18:00 /data/go/pkg/mod/gorm.io/driver/mysql@v1.3.3/migrator.go:228
[0.113ms] [rows:-] SELECT DATABASE()

2022/10/27 22:18:00 /data/go/pkg/mod/gorm.io/driver/mysql@v1.3.3/migrator.go:231
[0.352ms] [rows:1] SELECT SCHEMA_NAME from Information_schema.SCHEMATA where SCHEMA_NAME LIKE 'douyin%' ORDER BY SCHEMA_NAME='douyin' DESC limit 1

2022/10/27 22:18:00 /data/go/pkg/mod/gorm.io/driver/mysql@v1.3.3/migrator.go:148
[0.202ms] [rows:-] SELECT * FROM `follows` LIMIT 1

2022/10/27 22:18:00 /data/go/pkg/mod/gorm.io/driver/mysql@v1.3.3/migrator.go:166
[0.456ms] [rows:-] SELECT column_name, column_default, is_nullable = 'YES', data_type, character_maximum_length, column_type, column_key, extra, column_comment, numeric_precision, numeric_scale , datetime_precision FROM information_schema.columns WHERE table_schema = 'douyin' AND table_name = 'follows' ORDER BY ORDINAL_POSITION

2022/10/27 22:18:00 /data/go/pkg/mod/gorm.io/driver/mysql@v1.3.3/migrator.go:228
[0.093ms] [rows:-] SELECT DATABASE()

2022/10/27 22:18:00 /data/go/pkg/mod/gorm.io/driver/mysql@v1.3.3/migrator.go:231
[0.360ms] [rows:1] SELECT SCHEMA_NAME from Information_schema.SCHEMATA where SCHEMA_NAME LIKE 'douyin%' ORDER BY SCHEMA_NAME='douyin' DESC limit 1

2022/10/27 22:18:00 /home/cheng/Desktop/Linux/douyin-fighting/initialize/mysql.go:58
[0.298ms] [rows:-] SELECT count(*) FROM information_schema.statistics WHERE table_schema = 'douyin' AND table_name = 'follows' AND index_name = 'idx_01'

2022/10/27 22:18:00 /data/go/pkg/mod/gorm.io/driver/mysql@v1.3.3/migrator.go:228
[0.096ms] [rows:-] SELECT DATABASE()

2022/10/27 22:18:00 /data/go/pkg/mod/gorm.io/driver/mysql@v1.3.3/migrator.go:231
[0.313ms] [rows:1] SELECT SCHEMA_NAME from Information_schema.SCHEMATA where SCHEMA_NAME LIKE 'douyin%' ORDER BY SCHEMA_NAME='douyin' DESC limit 1

2022/10/27 22:18:00 /home/cheng/Desktop/Linux/douyin-fighting/initialize/mysql.go:58
[0.242ms] [rows:-] SELECT count(*) FROM information_schema.statistics WHERE table_schema = 'douyin' AND table_name = 'follows' AND index_name = 'idx_02'

2022/10/27 22:18:00 /home/cheng/Desktop/Linux/douyin-fighting/service/video_redis.go:47
[0.226ms] [rows:0] SELECT * FROM `videos`
