Global
Viper

2022/10/29 12:44:57 /data/go/pkg/mod/gorm.io/driver/mysql@v1.3.3/migrator.go:228
[0.071ms] [rows:-] SELECT DATABASE()

2022/10/29 12:44:57 /data/go/pkg/mod/gorm.io/driver/mysql@v1.3.3/migrator.go:231
[1.940ms] [rows:1] SELECT SCHEMA_NAME from Information_schema.SCHEMATA where SCHEMA_NAME LIKE 'douyin%' ORDER BY SCHEMA_NAME='douyin' DESC limit 1

2022/10/29 12:44:57 /home/cheng/Desktop/Linux/douyin-fighting/initialize/mysql.go:54
[0.302ms] [rows:-] SELECT count(*) FROM information_schema.tables WHERE table_schema = 'douyin' AND table_name = 'users' AND table_type = 'BASE TABLE'

2022/10/29 12:44:57 /data/go/pkg/mod/gorm.io/driver/mysql@v1.3.3/migrator.go:228
[0.108ms] [rows:-] SELECT DATABASE()

2022/10/29 12:44:57 /data/go/pkg/mod/gorm.io/driver/mysql@v1.3.3/migrator.go:231
[0.316ms] [rows:1] SELECT SCHEMA_NAME from Information_schema.SCHEMATA where SCHEMA_NAME LIKE 'douyin%' ORDER BY SCHEMA_NAME='douyin' DESC limit 1

2022/10/29 12:44:57 /data/go/pkg/mod/gorm.io/driver/mysql@v1.3.3/migrator.go:148
[0.510ms] [rows:-] SELECT * FROM `users` LIMIT 1

2022/10/29 12:44:57 /data/go/pkg/mod/gorm.io/driver/mysql@v1.3.3/migrator.go:166
[1.132ms] [rows:-] SELECT column_name, column_default, is_nullable = 'YES', data_type, character_maximum_length, column_type, column_key, extra, column_comment, numeric_precision, numeric_scale , datetime_precision FROM information_schema.columns WHERE table_schema = 'douyin' AND table_name = 'users' ORDER BY ORDINAL_POSITION

2022/10/29 12:44:57 /data/go/pkg/mod/gorm.io/driver/mysql@v1.3.3/migrator.go:228
[0.102ms] [rows:-] SELECT DATABASE()

2022/10/29 12:44:57 /data/go/pkg/mod/gorm.io/driver/mysql@v1.3.3/migrator.go:231
[0.444ms] [rows:1] SELECT SCHEMA_NAME from Information_schema.SCHEMATA where SCHEMA_NAME LIKE 'douyin%' ORDER BY SCHEMA_NAME='douyin' DESC limit 1

2022/10/29 12:44:57 /home/cheng/Desktop/Linux/douyin-fighting/initialize/mysql.go:55
[0.268ms] [rows:-] SELECT count(*) FROM information_schema.tables WHERE table_schema = 'douyin' AND table_name = 'videos' AND table_type = 'BASE TABLE'

2022/10/29 12:44:57 /data/go/pkg/mod/gorm.io/driver/mysql@v1.3.3/migrator.go:228
[0.094ms] [rows:-] SELECT DATABASE()

2022/10/29 12:44:57 /data/go/pkg/mod/gorm.io/driver/mysql@v1.3.3/migrator.go:231
[0.311ms] [rows:1] SELECT SCHEMA_NAME from Information_schema.SCHEMATA where SCHEMA_NAME LIKE 'douyin%' ORDER BY SCHEMA_NAME='douyin' DESC limit 1

2022/10/29 12:44:57 /data/go/pkg/mod/gorm.io/driver/mysql@v1.3.3/migrator.go:148
[0.837ms] [rows:-] SELECT * FROM `videos` LIMIT 1

2022/10/29 12:44:57 /data/go/pkg/mod/gorm.io/driver/mysql@v1.3.3/migrator.go:166
[0.570ms] [rows:-] SELECT column_name, column_default, is_nullable = 'YES', data_type, character_maximum_length, column_type, column_key, extra, column_comment, numeric_precision, numeric_scale , datetime_precision FROM information_schema.columns WHERE table_schema = 'douyin' AND table_name = 'videos' ORDER BY ORDINAL_POSITION

2022/10/29 12:44:57 /data/go/pkg/mod/gorm.io/driver/mysql@v1.3.3/migrator.go:228
[0.095ms] [rows:-] SELECT DATABASE()

2022/10/29 12:44:57 /data/go/pkg/mod/gorm.io/driver/mysql@v1.3.3/migrator.go:231
[0.354ms] [rows:1] SELECT SCHEMA_NAME from Information_schema.SCHEMATA where SCHEMA_NAME LIKE 'douyin%' ORDER BY SCHEMA_NAME='douyin' DESC limit 1

2022/10/29 12:44:57 /home/cheng/Desktop/Linux/douyin-fighting/initialize/mysql.go:55
[0.259ms] [rows:-] SELECT count(*) FROM information_schema.statistics WHERE table_schema = 'douyin' AND table_name = 'videos' AND index_name = 'idx_videos_author_id'

2022/10/29 12:44:57 /data/go/pkg/mod/gorm.io/driver/mysql@v1.3.3/migrator.go:228
[0.077ms] [rows:-] SELECT DATABASE()

2022/10/29 12:44:57 /data/go/pkg/mod/gorm.io/driver/mysql@v1.3.3/migrator.go:231
[0.298ms] [rows:1] SELECT SCHEMA_NAME from Information_schema.SCHEMATA where SCHEMA_NAME LIKE 'douyin%' ORDER BY SCHEMA_NAME='douyin' DESC limit 1

2022/10/29 12:44:57 /home/cheng/Desktop/Linux/douyin-fighting/initialize/mysql.go:55
[0.261ms] [rows:-] SELECT count(*) FROM information_schema.statistics WHERE table_schema = 'douyin' AND table_name = 'videos' AND index_name = 'idx_videos_created_at'

2022/10/29 12:44:57 /data/go/pkg/mod/gorm.io/driver/mysql@v1.3.3/migrator.go:228
[0.114ms] [rows:-] SELECT DATABASE()

2022/10/29 12:44:57 /data/go/pkg/mod/gorm.io/driver/mysql@v1.3.3/migrator.go:231
[1.150ms] [rows:1] SELECT SCHEMA_NAME from Information_schema.SCHEMATA where SCHEMA_NAME LIKE 'douyin%' ORDER BY SCHEMA_NAME='douyin' DESC limit 1

2022/10/29 12:44:57 /home/cheng/Desktop/Linux/douyin-fighting/initialize/mysql.go:56
[0.416ms] [rows:-] SELECT count(*) FROM information_schema.tables WHERE table_schema = 'douyin' AND table_name = 'favorites' AND table_type = 'BASE TABLE'

2022/10/29 12:44:57 /data/go/pkg/mod/gorm.io/driver/mysql@v1.3.3/migrator.go:228
[0.094ms] [rows:-] SELECT DATABASE()

2022/10/29 12:44:57 /data/go/pkg/mod/gorm.io/driver/mysql@v1.3.3/migrator.go:231
[0.750ms] [rows:1] SELECT SCHEMA_NAME from Information_schema.SCHEMATA where SCHEMA_NAME LIKE 'douyin%' ORDER BY SCHEMA_NAME='douyin' DESC limit 1

2022/10/29 12:44:57 /data/go/pkg/mod/gorm.io/driver/mysql@v1.3.3/migrator.go:148
[1.026ms] [rows:-] SELECT * FROM `favorites` LIMIT 1

2022/10/29 12:44:57 /data/go/pkg/mod/gorm.io/driver/mysql@v1.3.3/migrator.go:166
[0.626ms] [rows:-] SELECT column_name, column_default, is_nullable = 'YES', data_type, character_maximum_length, column_type, column_key, extra, column_comment, numeric_precision, numeric_scale , datetime_precision FROM information_schema.columns WHERE table_schema = 'douyin' AND table_name = 'favorites' ORDER BY ORDINAL_POSITION

2022/10/29 12:44:57 /data/go/pkg/mod/gorm.io/driver/mysql@v1.3.3/migrator.go:228
[0.092ms] [rows:-] SELECT DATABASE()

2022/10/29 12:44:57 /data/go/pkg/mod/gorm.io/driver/mysql@v1.3.3/migrator.go:231
[0.497ms] [rows:1] SELECT SCHEMA_NAME from Information_schema.SCHEMATA where SCHEMA_NAME LIKE 'douyin%' ORDER BY SCHEMA_NAME='douyin' DESC limit 1

2022/10/29 12:44:57 /home/cheng/Desktop/Linux/douyin-fighting/initialize/mysql.go:56
[1.011ms] [rows:-] SELECT count(*) FROM information_schema.statistics WHERE table_schema = 'douyin' AND table_name = 'favorites' AND index_name = 'idx_01'

2022/10/29 12:44:57 /data/go/pkg/mod/gorm.io/driver/mysql@v1.3.3/migrator.go:228
[0.100ms] [rows:-] SELECT DATABASE()

2022/10/29 12:44:57 /data/go/pkg/mod/gorm.io/driver/mysql@v1.3.3/migrator.go:231
[0.308ms] [rows:1] SELECT SCHEMA_NAME from Information_schema.SCHEMATA where SCHEMA_NAME LIKE 'douyin%' ORDER BY SCHEMA_NAME='douyin' DESC limit 1

2022/10/29 12:44:57 /home/cheng/Desktop/Linux/douyin-fighting/initialize/mysql.go:56
[0.449ms] [rows:-] SELECT count(*) FROM information_schema.statistics WHERE table_schema = 'douyin' AND table_name = 'favorites' AND index_name = 'idx_02'

2022/10/29 12:44:57 /data/go/pkg/mod/gorm.io/driver/mysql@v1.3.3/migrator.go:228
[0.097ms] [rows:-] SELECT DATABASE()

2022/10/29 12:44:57 /data/go/pkg/mod/gorm.io/driver/mysql@v1.3.3/migrator.go:231
[0.302ms] [rows:1] SELECT SCHEMA_NAME from Information_schema.SCHEMATA where SCHEMA_NAME LIKE 'douyin%' ORDER BY SCHEMA_NAME='douyin' DESC limit 1

2022/10/29 12:44:57 /home/cheng/Desktop/Linux/douyin-fighting/initialize/mysql.go:57
[0.231ms] [rows:-] SELECT count(*) FROM information_schema.tables WHERE table_schema = 'douyin' AND table_name = 'comments' AND table_type = 'BASE TABLE'

2022/10/29 12:44:57 /data/go/pkg/mod/gorm.io/driver/mysql@v1.3.3/migrator.go:228
[0.080ms] [rows:-] SELECT DATABASE()

2022/10/29 12:44:57 /data/go/pkg/mod/gorm.io/driver/mysql@v1.3.3/migrator.go:231
[0.307ms] [rows:1] SELECT SCHEMA_NAME from Information_schema.SCHEMATA where SCHEMA_NAME LIKE 'douyin%' ORDER BY SCHEMA_NAME='douyin' DESC limit 1

2022/10/29 12:44:57 /data/go/pkg/mod/gorm.io/driver/mysql@v1.3.3/migrator.go:148
[0.486ms] [rows:-] SELECT * FROM `comments` LIMIT 1

2022/10/29 12:44:57 /data/go/pkg/mod/gorm.io/driver/mysql@v1.3.3/migrator.go:166
[0.649ms] [rows:-] SELECT column_name, column_default, is_nullable = 'YES', data_type, character_maximum_length, column_type, column_key, extra, column_comment, numeric_precision, numeric_scale , datetime_precision FROM information_schema.columns WHERE table_schema = 'douyin' AND table_name = 'comments' ORDER BY ORDINAL_POSITION

2022/10/29 12:44:57 /data/go/pkg/mod/gorm.io/driver/mysql@v1.3.3/migrator.go:228
[0.100ms] [rows:-] SELECT DATABASE()

2022/10/29 12:44:57 /data/go/pkg/mod/gorm.io/driver/mysql@v1.3.3/migrator.go:231
[0.557ms] [rows:1] SELECT SCHEMA_NAME from Information_schema.SCHEMATA where SCHEMA_NAME LIKE 'douyin%' ORDER BY SCHEMA_NAME='douyin' DESC limit 1

2022/10/29 12:44:57 /home/cheng/Desktop/Linux/douyin-fighting/initialize/mysql.go:57
[0.261ms] [rows:-] SELECT count(*) FROM information_schema.statistics WHERE table_schema = 'douyin' AND table_name = 'comments' AND index_name = 'video_user'

2022/10/29 12:44:57 /data/go/pkg/mod/gorm.io/driver/mysql@v1.3.3/migrator.go:228
[0.554ms] [rows:-] SELECT DATABASE()

2022/10/29 12:44:57 /data/go/pkg/mod/gorm.io/driver/mysql@v1.3.3/migrator.go:231
[1.406ms] [rows:1] SELECT SCHEMA_NAME from Information_schema.SCHEMATA where SCHEMA_NAME LIKE 'douyin%' ORDER BY SCHEMA_NAME='douyin' DESC limit 1

2022/10/29 12:44:57 /home/cheng/Desktop/Linux/douyin-fighting/initialize/mysql.go:58
[0.331ms] [rows:-] SELECT count(*) FROM information_schema.tables WHERE table_schema = 'douyin' AND table_name = 'follows' AND table_type = 'BASE TABLE'

2022/10/29 12:44:57 /data/go/pkg/mod/gorm.io/driver/mysql@v1.3.3/migrator.go:228
[0.127ms] [rows:-] SELECT DATABASE()

2022/10/29 12:44:57 /data/go/pkg/mod/gorm.io/driver/mysql@v1.3.3/migrator.go:231
[0.374ms] [rows:1] SELECT SCHEMA_NAME from Information_schema.SCHEMATA where SCHEMA_NAME LIKE 'douyin%' ORDER BY SCHEMA_NAME='douyin' DESC limit 1

2022/10/29 12:44:57 /data/go/pkg/mod/gorm.io/driver/mysql@v1.3.3/migrator.go:148
[0.467ms] [rows:-] SELECT * FROM `follows` LIMIT 1

2022/10/29 12:44:57 /data/go/pkg/mod/gorm.io/driver/mysql@v1.3.3/migrator.go:166
[0.592ms] [rows:-] SELECT column_name, column_default, is_nullable = 'YES', data_type, character_maximum_length, column_type, column_key, extra, column_comment, numeric_precision, numeric_scale , datetime_precision FROM information_schema.columns WHERE table_schema = 'douyin' AND table_name = 'follows' ORDER BY ORDINAL_POSITION

2022/10/29 12:44:57 /data/go/pkg/mod/gorm.io/driver/mysql@v1.3.3/migrator.go:228
[0.092ms] [rows:-] SELECT DATABASE()

2022/10/29 12:44:57 /data/go/pkg/mod/gorm.io/driver/mysql@v1.3.3/migrator.go:231
[0.317ms] [rows:1] SELECT SCHEMA_NAME from Information_schema.SCHEMATA where SCHEMA_NAME LIKE 'douyin%' ORDER BY SCHEMA_NAME='douyin' DESC limit 1

2022/10/29 12:44:57 /home/cheng/Desktop/Linux/douyin-fighting/initialize/mysql.go:58
[0.267ms] [rows:-] SELECT count(*) FROM information_schema.statistics WHERE table_schema = 'douyin' AND table_name = 'follows' AND index_name = 'idx_02'

2022/10/29 12:44:57 /data/go/pkg/mod/gorm.io/driver/mysql@v1.3.3/migrator.go:228
[0.096ms] [rows:-] SELECT DATABASE()

2022/10/29 12:44:57 /data/go/pkg/mod/gorm.io/driver/mysql@v1.3.3/migrator.go:231
[0.307ms] [rows:1] SELECT SCHEMA_NAME from Information_schema.SCHEMATA where SCHEMA_NAME LIKE 'douyin%' ORDER BY SCHEMA_NAME='douyin' DESC limit 1

2022/10/29 12:44:57 /home/cheng/Desktop/Linux/douyin-fighting/initialize/mysql.go:58
[0.240ms] [rows:-] SELECT count(*) FROM information_schema.statistics WHERE table_schema = 'douyin' AND table_name = 'follows' AND index_name = 'idx_01'
MySQL
Redis
1111111111111111111
0.0.0.0:8080[GIN] 2022/10/29 - 12:45:02 | 200 |    1.021264ms |    192.168.77.1 | GET      "/douyin/favorite/list/?token=eyJhbGciOiJIUzI1NiIsInR5cCI6IkpXVCJ9.eyJVc2VySUQiOjIzNDUyNDk4NDI5NzU4ODQ5LCJOYW1lIjoiMSIsImV4cCI6MTY2NzE1ODczNiwibmJmIjoxNjY3MDcyMzM2LCJpYXQiOjE2NjcwNzIzMzZ9.ZREK1TRApCOg7qAhCZJZh8dcVp0yQpGLftEjVZb1aAo&user_id=23452498429758849"

2022/10/29 12:45:02 /home/cheng/Desktop/Linux/douyin-fighting/service/video.go:241
[3.919ms] [rows:7] SELECT * FROM `videos` WHERE video_id in (23453787305823617,23453727427939713,23453554370956673,23453395339726209,23452935241354625,23452930409516417,23452612732931457)

2022/10/29 12:45:02 /home/cheng/Desktop/Linux/douyin-fighting/service/comment.go:209
[1.124ms] [rows:0] SELECT `video_id`,COUNT(video_id) as comment_count FROM `comments` WHERE video_id in (23453787305823617,23453727427939713,23453554370956673,23453395339726209,23452935241354625,23452930409516417,23452612732931457) AND `comments`.`deleted_at` IS NULL GROUP BY `video_id`

2022/10/29 12:45:02 /home/cheng/Desktop/Linux/douyin-fighting/service/favorite.go:178
[1.724ms] [rows:0] SELECT `video_id`,COUNT(video_id) as favorite_count FROM `favorites` WHERE video_id in (23453787305823617,23453727427939713,23453554370956673,23453395339726209,23452935241354625,23452930409516417,23452612732931457) and is_favorite = true GROUP BY `video_id`
[GIN] 2022/10/29 - 12:45:02 | 500 |   10.316626ms |    192.168.77.1 | GET      "/douyin/publish/list/?token=eyJhbGciOiJIUzI1NiIsInR5cCI6IkpXVCJ9.eyJVc2VySUQiOjIzNDUyNDk4NDI5NzU4ODQ5LCJOYW1lIjoiMSIsImV4cCI6MTY2NzE1ODczNiwibmJmIjoxNjY3MDcyMzM2LCJpYXQiOjE2NjcwNzIzMzZ9.ZREK1TRApCOg7qAhCZJZh8dcVp0yQpGLftEjVZb1aAo&user_id=23452498429758849"

2022/10/29 12:45:05 /home/cheng/Desktop/Linux/douyin-fighting/service/video.go:241
[0.559ms] [rows:1] SELECT * FROM `videos` WHERE video_id in (23245963636264321)

2022/10/29 12:45:05 /home/cheng/Desktop/Linux/douyin-fighting/service/comment.go:209
[0.786ms] [rows:0] SELECT `video_id`,COUNT(video_id) as comment_count FROM `comments` WHERE video_id in (23245963636264321) AND `comments`.`deleted_at` IS NULL GROUP BY `video_id`

2022/10/29 12:45:05 /home/cheng/Desktop/Linux/douyin-fighting/service/favorite.go:178
[0.840ms] [rows:0] SELECT `video_id`,COUNT(video_id) as favorite_count FROM `favorites` WHERE video_id in (23245963636264321) and is_favorite = true GROUP BY `video_id`
[GIN] 2022/10/29 - 12:45:05 | 500 |    2.711897ms |    192.168.77.1 | GET      "/douyin/feed/?latest_time=1667072706253"

2022/10/29 12:45:10 /home/cheng/Desktop/Linux/douyin-fighting/service/user.go:28
[0.572ms] [rows:1] SELECT * FROM `users` WHERE name = '1' LIMIT 1
[GIN] 2022/10/29 - 12:45:10 | 200 |   57.934681ms |    192.168.77.1 | POST     "/douyin/user/login/?username=1&password=111111"
[GIN] 2022/10/29 - 12:45:10 | 200 |     222.439µs |    192.168.77.1 | GET      "/douyin/user/?user_id=23452498429758849&token=eyJhbGciOiJIUzI1NiIsInR5cCI6IkpXVCJ9.eyJVc2VySUQiOjIzNDUyNDk4NDI5NzU4ODQ5LCJOYW1lIjoiMSIsImV4cCI6MTY2NzE1OTExMCwibmJmIjoxNjY3MDcyNzEwLCJpYXQiOjE2NjcwNzI3MTB9.2qrTeSnZzPnomCtFE34WphwXRkJq8DDl6WXtazfYo40"
[GIN] 2022/10/29 - 12:45:10 | 200 |     498.257µs |    192.168.77.1 | GET      "/douyin/favorite/list/?token=eyJhbGciOiJIUzI1NiIsInR5cCI6IkpXVCJ9.eyJVc2VySUQiOjIzNDUyNDk4NDI5NzU4ODQ5LCJOYW1lIjoiMSIsImV4cCI6MTY2NzE1OTExMCwibmJmIjoxNjY3MDcyNzEwLCJpYXQiOjE2NjcwNzI3MTB9.2qrTeSnZzPnomCtFE34WphwXRkJq8DDl6WXtazfYo40&user_id=23452498429758849"

2022/10/29 12:45:10 /home/cheng/Desktop/Linux/douyin-fighting/service/video.go:241
[0.731ms] [rows:7] SELECT * FROM `videos` WHERE video_id in (23453787305823617,23453727427939713,23453554370956673,23453395339726209,23452935241354625,23452930409516417,23452612732931457)

2022/10/29 12:45:10 /home/cheng/Desktop/Linux/douyin-fighting/service/comment.go:209
[0.374ms] [rows:0] SELECT `video_id`,COUNT(video_id) as comment_count FROM `comments` WHERE video_id in (23453787305823617,23453727427939713,23453554370956673,23453395339726209,23452935241354625,23452930409516417,23452612732931457) AND `comments`.`deleted_at` IS NULL GROUP BY `video_id`

2022/10/29 12:45:10 /home/cheng/Desktop/Linux/douyin-fighting/service/favorite.go:178
[0.295ms] [rows:0] SELECT `video_id`,COUNT(video_id) as favorite_count FROM `favorites` WHERE video_id in (23453787305823617,23453727427939713,23453554370956673,23453395339726209,23452935241354625,23452930409516417,23452612732931457) and is_favorite = true GROUP BY `video_id`
[GIN] 2022/10/29 - 12:45:10 | 500 |    2.385401ms |    192.168.77.1 | GET      "/douyin/publish/list/?token=eyJhbGciOiJIUzI1NiIsInR5cCI6IkpXVCJ9.eyJVc2VySUQiOjIzNDUyNDk4NDI5NzU4ODQ5LCJOYW1lIjoiMSIsImV4cCI6MTY2NzE1OTExMCwibmJmIjoxNjY3MDcyNzEwLCJpYXQiOjE2NjcwNzI3MTB9.2qrTeSnZzPnomCtFE34WphwXRkJq8DDl6WXtazfYo40&user_id=23452498429758849"
publish 1111111111111111111
publish 2222222222222
publish 3333333333333
insert db

2022/10/29 12:45:20 /home/cheng/Desktop/Linux/douyin-fighting/service/video.go:70
[1.861ms] [rows:1] INSERT INTO `videos` (`title`,`play_name`,`cover_name`,`author_id`,`created_at`,`ext_info`,`video_id`) VALUES ('a','23457097416985985','23457097416985985.jpg',0,'2022-10-29 12:45:20.727',NULL,23457097416985985)
redis
redis 1

2022/10/29 12:45:20 /home/cheng/Desktop/Linux/douyin-fighting/service/video.go:86
[3.532ms] [rows:3] SELECT * FROM `videos` WHERE author_id = 0
redis 2
redis 3
cannot written to db
EXECABORT Transaction discarded because of previous errors.
[GIN] 2022/10/29 - 12:45:20 | 500 |   161.51867ms |    192.168.77.1 | POST     "/douyin/publish/action/"
