
2022/10/27 22:09:43 /data/go/pkg/mod/gorm.io/driver/mysql@v1.3.3/migrator.go:228
[0.096ms] [rows:-] SELECT DATABASE()

2022/10/27 22:09:43 /data/go/pkg/mod/gorm.io/driver/mysql@v1.3.3/migrator.go:231
[0.416ms] [rows:1] SELECT SCHEMA_NAME from Information_schema.SCHEMATA where SCHEMA_NAME LIKE 'douyin%' ORDER BY SCHEMA_NAME='douyin' DESC limit 1

2022/10/27 22:09:43 /home/cheng/Desktop/Linux/douyin-fighting/initialize/mysql.go:54
[0.298ms] [rows:-] SELECT count(*) FROM information_schema.tables WHERE table_schema = 'douyin' AND table_name = 'users' AND table_type = 'BASE TABLE'

2022/10/27 22:09:43 /data/go/pkg/mod/gorm.io/driver/mysql@v1.3.3/migrator.go:228
[0.187ms] [rows:-] SELECT DATABASE()

2022/10/27 22:09:43 /data/go/pkg/mod/gorm.io/driver/mysql@v1.3.3/migrator.go:231
[0.302ms] [rows:1] SELECT SCHEMA_NAME from Information_schema.SCHEMATA where SCHEMA_NAME LIKE 'douyin%' ORDER BY SCHEMA_NAME='douyin' DESC limit 1

2022/10/27 22:09:43 /data/go/pkg/mod/gorm.io/driver/mysql@v1.3.3/migrator.go:148
[0.216ms] [rows:-] SELECT * FROM `users` LIMIT 1

2022/10/27 22:09:43 /data/go/pkg/mod/gorm.io/driver/mysql@v1.3.3/migrator.go:166
[6.131ms] [rows:-] SELECT column_name, column_default, is_nullable = 'YES', data_type, character_maximum_length, column_type, column_key, extra, column_comment, numeric_precision, numeric_scale , datetime_precision FROM information_schema.columns WHERE table_schema = 'douyin' AND table_name = 'users' ORDER BY ORDINAL_POSITION

2022/10/27 22:09:43 /data/go/pkg/mod/gorm.io/driver/mysql@v1.3.3/migrator.go:228
[0.134ms] [rows:-] SELECT DATABASE()

2022/10/27 22:09:43 /data/go/pkg/mod/gorm.io/driver/mysql@v1.3.3/migrator.go:231
[0.352ms] [rows:1] SELECT SCHEMA_NAME from Information_schema.SCHEMATA where SCHEMA_NAME LIKE 'douyin%' ORDER BY SCHEMA_NAME='douyin' DESC limit 1

2022/10/27 22:09:43 /home/cheng/Desktop/Linux/douyin-fighting/initialize/mysql.go:55
[0.229ms] [rows:-] SELECT count(*) FROM information_schema.tables WHERE table_schema = 'douyin' AND table_name = 'videos' AND table_type = 'BASE TABLE'

2022/10/27 22:09:43 /data/go/pkg/mod/gorm.io/driver/mysql@v1.3.3/migrator.go:228
[0.096ms] [rows:-] SELECT DATABASE()

2022/10/27 22:09:43 /data/go/pkg/mod/gorm.io/driver/mysql@v1.3.3/migrator.go:231
[0.424ms] [rows:1] SELECT SCHEMA_NAME from Information_schema.SCHEMATA where SCHEMA_NAME LIKE 'douyin%' ORDER BY SCHEMA_NAME='douyin' DESC limit 1

2022/10/27 22:09:43 /data/go/pkg/mod/gorm.io/driver/mysql@v1.3.3/migrator.go:148
[0.139ms] [rows:-] SELECT * FROM `videos` LIMIT 1

2022/10/27 22:09:43 /data/go/pkg/mod/gorm.io/driver/mysql@v1.3.3/migrator.go:166
[0.437ms] [rows:-] SELECT column_name, column_default, is_nullable = 'YES', data_type, character_maximum_length, column_type, column_key, extra, column_comment, numeric_precision, numeric_scale , datetime_precision FROM information_schema.columns WHERE table_schema = 'douyin' AND table_name = 'videos' ORDER BY ORDINAL_POSITION

2022/10/27 22:09:43 /data/go/pkg/mod/gorm.io/driver/mysql@v1.3.3/migrator.go:228
[0.113ms] [rows:-] SELECT DATABASE()

2022/10/27 22:09:43 /data/go/pkg/mod/gorm.io/driver/mysql@v1.3.3/migrator.go:231
[0.288ms] [rows:1] SELECT SCHEMA_NAME from Information_schema.SCHEMATA where SCHEMA_NAME LIKE 'douyin%' ORDER BY SCHEMA_NAME='douyin' DESC limit 1

2022/10/27 22:09:43 /home/cheng/Desktop/Linux/douyin-fighting/initialize/mysql.go:55
[0.252ms] [rows:-] SELECT count(*) FROM information_schema.statistics WHERE table_schema = 'douyin' AND table_name = 'videos' AND index_name = 'idx_videos_author_id'

2022/10/27 22:09:43 /data/go/pkg/mod/gorm.io/driver/mysql@v1.3.3/migrator.go:228
[0.095ms] [rows:-] SELECT DATABASE()

2022/10/27 22:09:43 /data/go/pkg/mod/gorm.io/driver/mysql@v1.3.3/migrator.go:231
[0.313ms] [rows:1] SELECT SCHEMA_NAME from Information_schema.SCHEMATA where SCHEMA_NAME LIKE 'douyin%' ORDER BY SCHEMA_NAME='douyin' DESC limit 1

2022/10/27 22:09:43 /home/cheng/Desktop/Linux/douyin-fighting/initialize/mysql.go:55
[0.237ms] [rows:-] SELECT count(*) FROM information_schema.statistics WHERE table_schema = 'douyin' AND table_name = 'videos' AND index_name = 'idx_videos_created_at'

2022/10/27 22:09:43 /data/go/pkg/mod/gorm.io/driver/mysql@v1.3.3/migrator.go:228
[0.099ms] [rows:-] SELECT DATABASE()

2022/10/27 22:09:43 /data/go/pkg/mod/gorm.io/driver/mysql@v1.3.3/migrator.go:231
[0.284ms] [rows:1] SELECT SCHEMA_NAME from Information_schema.SCHEMATA where SCHEMA_NAME LIKE 'douyin%' ORDER BY SCHEMA_NAME='douyin' DESC limit 1

2022/10/27 22:09:43 /home/cheng/Desktop/Linux/douyin-fighting/initialize/mysql.go:56
[0.239ms] [rows:-] SELECT count(*) FROM information_schema.tables WHERE table_schema = 'douyin' AND table_name = 'favorites' AND table_type = 'BASE TABLE'

2022/10/27 22:09:43 /data/go/pkg/mod/gorm.io/driver/mysql@v1.3.3/migrator.go:228
[0.087ms] [rows:-] SELECT DATABASE()

2022/10/27 22:09:43 /data/go/pkg/mod/gorm.io/driver/mysql@v1.3.3/migrator.go:231
[3.681ms] [rows:1] SELECT SCHEMA_NAME from Information_schema.SCHEMATA where SCHEMA_NAME LIKE 'douyin%' ORDER BY SCHEMA_NAME='douyin' DESC limit 1

2022/10/27 22:09:43 /data/go/pkg/mod/gorm.io/driver/mysql@v1.3.3/migrator.go:148
[1.879ms] [rows:-] SELECT * FROM `favorites` LIMIT 1

2022/10/27 22:09:43 /data/go/pkg/mod/gorm.io/driver/mysql@v1.3.3/migrator.go:166
[1.625ms] [rows:-] SELECT column_name, column_default, is_nullable = 'YES', data_type, character_maximum_length, column_type, column_key, extra, column_comment, numeric_precision, numeric_scale , datetime_precision FROM information_schema.columns WHERE table_schema = 'douyin' AND table_name = 'favorites' ORDER BY ORDINAL_POSITION

2022/10/27 22:09:43 /data/go/pkg/mod/gorm.io/driver/mysql@v1.3.3/migrator.go:228
[0.217ms] [rows:-] SELECT DATABASE()

2022/10/27 22:09:43 /data/go/pkg/mod/gorm.io/driver/mysql@v1.3.3/migrator.go:231
[0.386ms] [rows:1] SELECT SCHEMA_NAME from Information_schema.SCHEMATA where SCHEMA_NAME LIKE 'douyin%' ORDER BY SCHEMA_NAME='douyin' DESC limit 1

2022/10/27 22:09:43 /home/cheng/Desktop/Linux/douyin-fighting/initialize/mysql.go:56
[0.369ms] [rows:-] SELECT count(*) FROM information_schema.statistics WHERE table_schema = 'douyin' AND table_name = 'favorites' AND index_name = 'idx_01'

2022/10/27 22:09:43 /data/go/pkg/mod/gorm.io/driver/mysql@v1.3.3/migrator.go:228
[0.183ms] [rows:-] SELECT DATABASE()

2022/10/27 22:09:43 /data/go/pkg/mod/gorm.io/driver/mysql@v1.3.3/migrator.go:231
[0.370ms] [rows:1] SELECT SCHEMA_NAME from Information_schema.SCHEMATA where SCHEMA_NAME LIKE 'douyin%' ORDER BY SCHEMA_NAME='douyin' DESC limit 1

2022/10/27 22:09:43 /home/cheng/Desktop/Linux/douyin-fighting/initialize/mysql.go:56
[0.311ms] [rows:-] SELECT count(*) FROM information_schema.statistics WHERE table_schema = 'douyin' AND table_name = 'favorites' AND index_name = 'idx_02'

2022/10/27 22:09:43 /data/go/pkg/mod/gorm.io/driver/mysql@v1.3.3/migrator.go:228
[0.148ms] [rows:-] SELECT DATABASE()

2022/10/27 22:09:43 /data/go/pkg/mod/gorm.io/driver/mysql@v1.3.3/migrator.go:231
[0.374ms] [rows:1] SELECT SCHEMA_NAME from Information_schema.SCHEMATA where SCHEMA_NAME LIKE 'douyin%' ORDER BY SCHEMA_NAME='douyin' DESC limit 1

2022/10/27 22:09:43 /home/cheng/Desktop/Linux/douyin-fighting/initialize/mysql.go:57
[0.336ms] [rows:-] SELECT count(*) FROM information_schema.tables WHERE table_schema = 'douyin' AND table_name = 'comments' AND table_type = 'BASE TABLE'

2022/10/27 22:09:43 /data/go/pkg/mod/gorm.io/driver/mysql@v1.3.3/migrator.go:228
[0.198ms] [rows:-] SELECT DATABASE()

2022/10/27 22:09:43 /data/go/pkg/mod/gorm.io/driver/mysql@v1.3.3/migrator.go:231
[0.460ms] [rows:1] SELECT SCHEMA_NAME from Information_schema.SCHEMATA where SCHEMA_NAME LIKE 'douyin%' ORDER BY SCHEMA_NAME='douyin' DESC limit 1

2022/10/27 22:09:43 /data/go/pkg/mod/gorm.io/driver/mysql@v1.3.3/migrator.go:148
[0.234ms] [rows:-] SELECT * FROM `comments` LIMIT 1

2022/10/27 22:09:43 /data/go/pkg/mod/gorm.io/driver/mysql@v1.3.3/migrator.go:166
[0.603ms] [rows:-] SELECT column_name, column_default, is_nullable = 'YES', data_type, character_maximum_length, column_type, column_key, extra, column_comment, numeric_precision, numeric_scale , datetime_precision FROM information_schema.columns WHERE table_schema = 'douyin' AND table_name = 'comments' ORDER BY ORDINAL_POSITION

2022/10/27 22:09:43 /data/go/pkg/mod/gorm.io/driver/mysql@v1.3.3/migrator.go:228
[0.290ms] [rows:-] SELECT DATABASE()

2022/10/27 22:09:43 /data/go/pkg/mod/gorm.io/driver/mysql@v1.3.3/migrator.go:231
[0.403ms] [rows:1] SELECT SCHEMA_NAME from Information_schema.SCHEMATA where SCHEMA_NAME LIKE 'douyin%' ORDER BY SCHEMA_NAME='douyin' DESC limit 1

2022/10/27 22:09:43 /home/cheng/Desktop/Linux/douyin-fighting/initialize/mysql.go:57
[0.627ms] [rows:-] SELECT count(*) FROM information_schema.statistics WHERE table_schema = 'douyin' AND table_name = 'comments' AND index_name = 'video_user'

2022/10/27 22:09:43 /data/go/pkg/mod/gorm.io/driver/mysql@v1.3.3/migrator.go:228
[0.138ms] [rows:-] SELECT DATABASE()

2022/10/27 22:09:43 /data/go/pkg/mod/gorm.io/driver/mysql@v1.3.3/migrator.go:231
[0.283ms] [rows:1] SELECT SCHEMA_NAME from Information_schema.SCHEMATA where SCHEMA_NAME LIKE 'douyin%' ORDER BY SCHEMA_NAME='douyin' DESC limit 1

2022/10/27 22:09:43 /home/cheng/Desktop/Linux/douyin-fighting/initialize/mysql.go:58
[0.286ms] [rows:-] SELECT count(*) FROM information_schema.tables WHERE table_schema = 'douyin' AND table_name = 'follows' AND table_type = 'BASE TABLE'

2022/10/27 22:09:43 /data/go/pkg/mod/gorm.io/driver/mysql@v1.3.3/migrator.go:228
[0.166ms] [rows:-] SELECT DATABASE()

2022/10/27 22:09:43 /data/go/pkg/mod/gorm.io/driver/mysql@v1.3.3/migrator.go:231
[0.296ms] [rows:1] SELECT SCHEMA_NAME from Information_schema.SCHEMATA where SCHEMA_NAME LIKE 'douyin%' ORDER BY SCHEMA_NAME='douyin' DESC limit 1

2022/10/27 22:09:43 /data/go/pkg/mod/gorm.io/driver/mysql@v1.3.3/migrator.go:148
[0.201ms] [rows:-] SELECT * FROM `follows` LIMIT 1

2022/10/27 22:09:43 /data/go/pkg/mod/gorm.io/driver/mysql@v1.3.3/migrator.go:166
[0.459ms] [rows:-] SELECT column_name, column_default, is_nullable = 'YES', data_type, character_maximum_length, column_type, column_key, extra, column_comment, numeric_precision, numeric_scale , datetime_precision FROM information_schema.columns WHERE table_schema = 'douyin' AND table_name = 'follows' ORDER BY ORDINAL_POSITION

2022/10/27 22:09:43 /data/go/pkg/mod/gorm.io/driver/mysql@v1.3.3/migrator.go:228
[0.135ms] [rows:-] SELECT DATABASE()

2022/10/27 22:09:43 /data/go/pkg/mod/gorm.io/driver/mysql@v1.3.3/migrator.go:231
[0.373ms] [rows:1] SELECT SCHEMA_NAME from Information_schema.SCHEMATA where SCHEMA_NAME LIKE 'douyin%' ORDER BY SCHEMA_NAME='douyin' DESC limit 1

2022/10/27 22:09:43 /home/cheng/Desktop/Linux/douyin-fighting/initialize/mysql.go:58
[0.282ms] [rows:-] SELECT count(*) FROM information_schema.statistics WHERE table_schema = 'douyin' AND table_name = 'follows' AND index_name = 'idx_01'

2022/10/27 22:09:43 /data/go/pkg/mod/gorm.io/driver/mysql@v1.3.3/migrator.go:228
[0.193ms] [rows:-] SELECT DATABASE()

2022/10/27 22:09:43 /data/go/pkg/mod/gorm.io/driver/mysql@v1.3.3/migrator.go:231
[0.284ms] [rows:1] SELECT SCHEMA_NAME from Information_schema.SCHEMATA where SCHEMA_NAME LIKE 'douyin%' ORDER BY SCHEMA_NAME='douyin' DESC limit 1

2022/10/27 22:09:43 /home/cheng/Desktop/Linux/douyin-fighting/initialize/mysql.go:58
[0.300ms] [rows:-] SELECT count(*) FROM information_schema.statistics WHERE table_schema = 'douyin' AND table_name = 'follows' AND index_name = 'idx_02'

2022/10/27 22:09:43 /home/cheng/Desktop/Linux/douyin-fighting/service/video_redis.go:47
[0.202ms] [rows:0] SELECT * FROM `videos`
