Global
Viper

2022/10/29 13:53:47 /data/go/pkg/mod/gorm.io/driver/mysql@v1.3.3/migrator.go:228
[0.729ms] [rows:-] SELECT DATABASE()

2022/10/29 13:53:47 /data/go/pkg/mod/gorm.io/driver/mysql@v1.3.3/migrator.go:231
[8.205ms] [rows:1] SELECT SCHEMA_NAME from Information_schema.SCHEMATA where SCHEMA_NAME LIKE 'douyin%' ORDER BY SCHEMA_NAME='douyin' DESC limit 1

2022/10/29 13:53:47 /home/cheng/Desktop/Linux/douyin-fighting/initialize/mysql.go:54
[0.546ms] [rows:-] SELECT count(*) FROM information_schema.tables WHERE table_schema = 'douyin' AND table_name = 'users' AND table_type = 'BASE TABLE'

2022/10/29 13:53:47 /data/go/pkg/mod/gorm.io/driver/mysql@v1.3.3/migrator.go:228
[0.110ms] [rows:-] SELECT DATABASE()

2022/10/29 13:53:47 /data/go/pkg/mod/gorm.io/driver/mysql@v1.3.3/migrator.go:231
[0.632ms] [rows:1] SELECT SCHEMA_NAME from Information_schema.SCHEMATA where SCHEMA_NAME LIKE 'douyin%' ORDER BY SCHEMA_NAME='douyin' DESC limit 1

2022/10/29 13:53:47 /data/go/pkg/mod/gorm.io/driver/mysql@v1.3.3/migrator.go:148
[11.378ms] [rows:-] SELECT * FROM `users` LIMIT 1

2022/10/29 13:53:47 /data/go/pkg/mod/gorm.io/driver/mysql@v1.3.3/migrator.go:166
[4.513ms] [rows:-] SELECT column_name, column_default, is_nullable = 'YES', data_type, character_maximum_length, column_type, column_key, extra, column_comment, numeric_precision, numeric_scale , datetime_precision FROM information_schema.columns WHERE table_schema = 'douyin' AND table_name = 'users' ORDER BY ORDINAL_POSITION

2022/10/29 13:53:47 /data/go/pkg/mod/gorm.io/driver/mysql@v1.3.3/migrator.go:228
[0.116ms] [rows:-] SELECT DATABASE()

2022/10/29 13:53:47 /data/go/pkg/mod/gorm.io/driver/mysql@v1.3.3/migrator.go:231
[1.655ms] [rows:1] SELECT SCHEMA_NAME from Information_schema.SCHEMATA where SCHEMA_NAME LIKE 'douyin%' ORDER BY SCHEMA_NAME='douyin' DESC limit 1

2022/10/29 13:53:47 /home/cheng/Desktop/Linux/douyin-fighting/initialize/mysql.go:55
[0.789ms] [rows:-] SELECT count(*) FROM information_schema.tables WHERE table_schema = 'douyin' AND table_name = 'videos' AND table_type = 'BASE TABLE'

2022/10/29 13:53:47 /data/go/pkg/mod/gorm.io/driver/mysql@v1.3.3/migrator.go:228
[0.078ms] [rows:-] SELECT DATABASE()

2022/10/29 13:53:47 /data/go/pkg/mod/gorm.io/driver/mysql@v1.3.3/migrator.go:231
[0.233ms] [rows:1] SELECT SCHEMA_NAME from Information_schema.SCHEMATA where SCHEMA_NAME LIKE 'douyin%' ORDER BY SCHEMA_NAME='douyin' DESC limit 1

2022/10/29 13:53:47 /data/go/pkg/mod/gorm.io/driver/mysql@v1.3.3/migrator.go:148
[1.716ms] [rows:-] SELECT * FROM `videos` LIMIT 1

2022/10/29 13:53:47 /data/go/pkg/mod/gorm.io/driver/mysql@v1.3.3/migrator.go:166
[0.908ms] [rows:-] SELECT column_name, column_default, is_nullable = 'YES', data_type, character_maximum_length, column_type, column_key, extra, column_comment, numeric_precision, numeric_scale , datetime_precision FROM information_schema.columns WHERE table_schema = 'douyin' AND table_name = 'videos' ORDER BY ORDINAL_POSITION

2022/10/29 13:53:47 /data/go/pkg/mod/gorm.io/driver/mysql@v1.3.3/migrator.go:228
[0.064ms] [rows:-] SELECT DATABASE()

2022/10/29 13:53:47 /data/go/pkg/mod/gorm.io/driver/mysql@v1.3.3/migrator.go:231
[0.227ms] [rows:1] SELECT SCHEMA_NAME from Information_schema.SCHEMATA where SCHEMA_NAME LIKE 'douyin%' ORDER BY SCHEMA_NAME='douyin' DESC limit 1

2022/10/29 13:53:47 /home/cheng/Desktop/Linux/douyin-fighting/initialize/mysql.go:55
[0.190ms] [rows:-] SELECT count(*) FROM information_schema.statistics WHERE table_schema = 'douyin' AND table_name = 'videos' AND index_name = 'idx_videos_author_id'

2022/10/29 13:53:47 /data/go/pkg/mod/gorm.io/driver/mysql@v1.3.3/migrator.go:228
[0.050ms] [rows:-] SELECT DATABASE()

2022/10/29 13:53:47 /data/go/pkg/mod/gorm.io/driver/mysql@v1.3.3/migrator.go:231
[0.969ms] [rows:1] SELECT SCHEMA_NAME from Information_schema.SCHEMATA where SCHEMA_NAME LIKE 'douyin%' ORDER BY SCHEMA_NAME='douyin' DESC limit 1

2022/10/29 13:53:47 /home/cheng/Desktop/Linux/douyin-fighting/initialize/mysql.go:55
[0.164ms] [rows:-] SELECT count(*) FROM information_schema.statistics WHERE table_schema = 'douyin' AND table_name = 'videos' AND index_name = 'idx_videos_created_at'

2022/10/29 13:53:47 /data/go/pkg/mod/gorm.io/driver/mysql@v1.3.3/migrator.go:228
[0.057ms] [rows:-] SELECT DATABASE()

2022/10/29 13:53:47 /data/go/pkg/mod/gorm.io/driver/mysql@v1.3.3/migrator.go:231
[0.717ms] [rows:1] SELECT SCHEMA_NAME from Information_schema.SCHEMATA where SCHEMA_NAME LIKE 'douyin%' ORDER BY SCHEMA_NAME='douyin' DESC limit 1

2022/10/29 13:53:47 /home/cheng/Desktop/Linux/douyin-fighting/initialize/mysql.go:56
[0.228ms] [rows:-] SELECT count(*) FROM information_schema.tables WHERE table_schema = 'douyin' AND table_name = 'favorites' AND table_type = 'BASE TABLE'

2022/10/29 13:53:47 /data/go/pkg/mod/gorm.io/driver/mysql@v1.3.3/migrator.go:228
[0.051ms] [rows:-] SELECT DATABASE()

2022/10/29 13:53:47 /data/go/pkg/mod/gorm.io/driver/mysql@v1.3.3/migrator.go:231
[0.279ms] [rows:1] SELECT SCHEMA_NAME from Information_schema.SCHEMATA where SCHEMA_NAME LIKE 'douyin%' ORDER BY SCHEMA_NAME='douyin' DESC limit 1

2022/10/29 13:53:47 /data/go/pkg/mod/gorm.io/driver/mysql@v1.3.3/migrator.go:148
[1.641ms] [rows:-] SELECT * FROM `favorites` LIMIT 1

2022/10/29 13:53:47 /data/go/pkg/mod/gorm.io/driver/mysql@v1.3.3/migrator.go:166
[0.979ms] [rows:-] SELECT column_name, column_default, is_nullable = 'YES', data_type, character_maximum_length, column_type, column_key, extra, column_comment, numeric_precision, numeric_scale , datetime_precision FROM information_schema.columns WHERE table_schema = 'douyin' AND table_name = 'favorites' ORDER BY ORDINAL_POSITION

2022/10/29 13:53:47 /data/go/pkg/mod/gorm.io/driver/mysql@v1.3.3/migrator.go:228
[0.097ms] [rows:-] SELECT DATABASE()

2022/10/29 13:53:47 /data/go/pkg/mod/gorm.io/driver/mysql@v1.3.3/migrator.go:231
[0.234ms] [rows:1] SELECT SCHEMA_NAME from Information_schema.SCHEMATA where SCHEMA_NAME LIKE 'douyin%' ORDER BY SCHEMA_NAME='douyin' DESC limit 1

2022/10/29 13:53:47 /home/cheng/Desktop/Linux/douyin-fighting/initialize/mysql.go:56
[0.795ms] [rows:-] SELECT count(*) FROM information_schema.statistics WHERE table_schema = 'douyin' AND table_name = 'favorites' AND index_name = 'idx_01'

2022/10/29 13:53:47 /data/go/pkg/mod/gorm.io/driver/mysql@v1.3.3/migrator.go:228
[0.055ms] [rows:-] SELECT DATABASE()

2022/10/29 13:53:47 /data/go/pkg/mod/gorm.io/driver/mysql@v1.3.3/migrator.go:231
[0.203ms] [rows:1] SELECT SCHEMA_NAME from Information_schema.SCHEMATA where SCHEMA_NAME LIKE 'douyin%' ORDER BY SCHEMA_NAME='douyin' DESC limit 1

2022/10/29 13:53:47 /home/cheng/Desktop/Linux/douyin-fighting/initialize/mysql.go:56
[0.849ms] [rows:-] SELECT count(*) FROM information_schema.statistics WHERE table_schema = 'douyin' AND table_name = 'favorites' AND index_name = 'idx_02'

2022/10/29 13:53:47 /data/go/pkg/mod/gorm.io/driver/mysql@v1.3.3/migrator.go:228
[0.064ms] [rows:-] SELECT DATABASE()

2022/10/29 13:53:47 /data/go/pkg/mod/gorm.io/driver/mysql@v1.3.3/migrator.go:231
[0.209ms] [rows:1] SELECT SCHEMA_NAME from Information_schema.SCHEMATA where SCHEMA_NAME LIKE 'douyin%' ORDER BY SCHEMA_NAME='douyin' DESC limit 1

2022/10/29 13:53:47 /home/cheng/Desktop/Linux/douyin-fighting/initialize/mysql.go:57
[0.191ms] [rows:-] SELECT count(*) FROM information_schema.tables WHERE table_schema = 'douyin' AND table_name = 'comments' AND table_type = 'BASE TABLE'

2022/10/29 13:53:47 /data/go/pkg/mod/gorm.io/driver/mysql@v1.3.3/migrator.go:228
[0.050ms] [rows:-] SELECT DATABASE()

2022/10/29 13:53:47 /data/go/pkg/mod/gorm.io/driver/mysql@v1.3.3/migrator.go:231
[0.776ms] [rows:1] SELECT SCHEMA_NAME from Information_schema.SCHEMATA where SCHEMA_NAME LIKE 'douyin%' ORDER BY SCHEMA_NAME='douyin' DESC limit 1

2022/10/29 13:53:47 /data/go/pkg/mod/gorm.io/driver/mysql@v1.3.3/migrator.go:148
[1.077ms] [rows:-] SELECT * FROM `comments` LIMIT 1

2022/10/29 13:53:47 /data/go/pkg/mod/gorm.io/driver/mysql@v1.3.3/migrator.go:166
[0.447ms] [rows:-] SELECT column_name, column_default, is_nullable = 'YES', data_type, character_maximum_length, column_type, column_key, extra, column_comment, numeric_precision, numeric_scale , datetime_precision FROM information_schema.columns WHERE table_schema = 'douyin' AND table_name = 'comments' ORDER BY ORDINAL_POSITION

2022/10/29 13:53:47 /data/go/pkg/mod/gorm.io/driver/mysql@v1.3.3/migrator.go:228
[0.074ms] [rows:-] SELECT DATABASE()

2022/10/29 13:53:47 /data/go/pkg/mod/gorm.io/driver/mysql@v1.3.3/migrator.go:231
[0.735ms] [rows:1] SELECT SCHEMA_NAME from Information_schema.SCHEMATA where SCHEMA_NAME LIKE 'douyin%' ORDER BY SCHEMA_NAME='douyin' DESC limit 1

2022/10/29 13:53:47 /home/cheng/Desktop/Linux/douyin-fighting/initialize/mysql.go:57
[0.183ms] [rows:-] SELECT count(*) FROM information_schema.statistics WHERE table_schema = 'douyin' AND table_name = 'comments' AND index_name = 'video_user'

2022/10/29 13:53:47 /data/go/pkg/mod/gorm.io/driver/mysql@v1.3.3/migrator.go:228
[0.059ms] [rows:-] SELECT DATABASE()

2022/10/29 13:53:47 /data/go/pkg/mod/gorm.io/driver/mysql@v1.3.3/migrator.go:231
[0.232ms] [rows:1] SELECT SCHEMA_NAME from Information_schema.SCHEMATA where SCHEMA_NAME LIKE 'douyin%' ORDER BY SCHEMA_NAME='douyin' DESC limit 1

2022/10/29 13:53:47 /home/cheng/Desktop/Linux/douyin-fighting/initialize/mysql.go:58
[0.764ms] [rows:-] SELECT count(*) FROM information_schema.tables WHERE table_schema = 'douyin' AND table_name = 'follows' AND table_type = 'BASE TABLE'

2022/10/29 13:53:47 /data/go/pkg/mod/gorm.io/driver/mysql@v1.3.3/migrator.go:228
[0.062ms] [rows:-] SELECT DATABASE()

2022/10/29 13:53:47 /data/go/pkg/mod/gorm.io/driver/mysql@v1.3.3/migrator.go:231
[0.209ms] [rows:1] SELECT SCHEMA_NAME from Information_schema.SCHEMATA where SCHEMA_NAME LIKE 'douyin%' ORDER BY SCHEMA_NAME='douyin' DESC limit 1

2022/10/29 13:53:47 /data/go/pkg/mod/gorm.io/driver/mysql@v1.3.3/migrator.go:148
[1.765ms] [rows:-] SELECT * FROM `follows` LIMIT 1

2022/10/29 13:53:47 /data/go/pkg/mod/gorm.io/driver/mysql@v1.3.3/migrator.go:166
[0.991ms] [rows:-] SELECT column_name, column_default, is_nullable = 'YES', data_type, character_maximum_length, column_type, column_key, extra, column_comment, numeric_precision, numeric_scale , datetime_precision FROM information_schema.columns WHERE table_schema = 'douyin' AND table_name = 'follows' ORDER BY ORDINAL_POSITION

2022/10/29 13:53:47 /data/go/pkg/mod/gorm.io/driver/mysql@v1.3.3/migrator.go:228
[0.072ms] [rows:-] SELECT DATABASE()

2022/10/29 13:53:47 /data/go/pkg/mod/gorm.io/driver/mysql@v1.3.3/migrator.go:231
[0.326ms] [rows:1] SELECT SCHEMA_NAME from Information_schema.SCHEMATA where SCHEMA_NAME LIKE 'douyin%' ORDER BY SCHEMA_NAME='douyin' DESC limit 1

2022/10/29 13:53:47 /home/cheng/Desktop/Linux/douyin-fighting/initialize/mysql.go:58
[0.445ms] [rows:-] SELECT count(*) FROM information_schema.statistics WHERE table_schema = 'douyin' AND table_name = 'follows' AND index_name = 'idx_01'

2022/10/29 13:53:47 /data/go/pkg/mod/gorm.io/driver/mysql@v1.3.3/migrator.go:228
[0.108ms] [rows:-] SELECT DATABASE()

2022/10/29 13:53:47 /data/go/pkg/mod/gorm.io/driver/mysql@v1.3.3/migrator.go:231
[1.361ms] [rows:1] SELECT SCHEMA_NAME from Information_schema.SCHEMATA where SCHEMA_NAME LIKE 'douyin%' ORDER BY SCHEMA_NAME='douyin' DESC limit 1

2022/10/29 13:53:47 /home/cheng/Desktop/Linux/douyin-fighting/initialize/mysql.go:58
[0.258ms] [rows:-] SELECT count(*) FROM information_schema.statistics WHERE table_schema = 'douyin' AND table_name = 'follows' AND index_name = 'idx_02'
MySQL
Redis
1111111111111111111
0.0.0.0:8080[GIN] 2022/10/29 - 13:53:52 | 200 |     992.379µs |    192.168.77.1 | GET      "/douyin/favorite/list/?token=eyJhbGciOiJIUzI1NiIsInR5cCI6IkpXVCJ9.eyJVc2VySUQiOjIzNDUyNDk4NDI5NzU4ODQ5LCJOYW1lIjoiMSIsImV4cCI6MTY2NzE2MjM3NSwibmJmIjoxNjY3MDc1OTc1LCJpYXQiOjE2NjcwNzU5NzV9.F2evzEjkR8YpG9M2aZ58rhUZUgQCs35gx7ZE4XRjBX8&user_id=23452498429758849"

2022/10/29 13:53:52 /home/cheng/Desktop/Linux/douyin-fighting/service/video.go:121
[4.481ms] [rows:7] SELECT * FROM `videos` WHERE author_id = 23452498429758849

2022/10/29 13:53:52 /home/cheng/Desktop/Linux/douyin-fighting/service/favorite.go:178
[0.972ms] [rows:0] SELECT `video_id`,COUNT(video_id) as favorite_count FROM `favorites` WHERE video_id in (23452612732931457,23452930409516417,23452935241354625,23453395339726209,23453554370956673,23453727427939713,23453787305823617) and is_favorite = true GROUP BY `video_id`

2022/10/29 13:53:52 /home/cheng/Desktop/Linux/douyin-fighting/service/comment.go:209
[0.384ms] [rows:0] SELECT `video_id`,COUNT(video_id) as comment_count FROM `comments` WHERE video_id in (23452612732931457,23452930409516417,23452935241354625,23453395339726209,23453554370956673,23453727427939713,23453787305823617) AND `comments`.`deleted_at` IS NULL GROUP BY `video_id`
[GIN] 2022/10/29 - 13:53:52 | 200 |   12.584706ms |    192.168.77.1 | GET      "/douyin/publish/list/?token=eyJhbGciOiJIUzI1NiIsInR5cCI6IkpXVCJ9.eyJVc2VySUQiOjIzNDUyNDk4NDI5NzU4ODQ5LCJOYW1lIjoiMSIsImV4cCI6MTY2NzE2MjM3NSwibmJmIjoxNjY3MDc1OTc1LCJpYXQiOjE2NjcwNzU5NzV9.F2evzEjkR8YpG9M2aZ58rhUZUgQCs35gx7ZE4XRjBX8&user_id=23452498429758849"

2022/10/29 13:53:56 /home/cheng/Desktop/Linux/douyin-fighting/service/video.go:243
[1.436ms] [rows:4] SELECT * FROM `videos` WHERE video_id in (23462739410177409,23462573751946625,23461385153301889,23245963636264321)

2022/10/29 13:53:56 /home/cheng/Desktop/Linux/douyin-fighting/service/comment.go:209
[0.262ms] [rows:0] SELECT `video_id`,COUNT(video_id) as comment_count FROM `comments` WHERE video_id in (23462739410177409,23462573751946625,23461385153301889,23245963636264321) AND `comments`.`deleted_at` IS NULL GROUP BY `video_id`

2022/10/29 13:53:56 /home/cheng/Desktop/Linux/douyin-fighting/service/favorite.go:178
[1.053ms] [rows:0] SELECT `video_id`,COUNT(video_id) as favorite_count FROM `favorites` WHERE video_id in (23462739410177409,23462573751946625,23461385153301889,23245963636264321) and is_favorite = true GROUP BY `video_id`
[GIN] 2022/10/29 - 13:53:56 | 500 |    3.617513ms |    192.168.77.1 | GET      "/douyin/feed/?latest_time=1667076837104&token=eyJhbGciOiJIUzI1NiIsInR5cCI6IkpXVCJ9.eyJVc2VySUQiOjIzNDUyNDk4NDI5NzU4ODQ5LCJOYW1lIjoiMSIsImV4cCI6MTY2NzE2MjM3NSwibmJmIjoxNjY3MDc1OTc1LCJpYXQiOjE2NjcwNzU5NzV9.F2evzEjkR8YpG9M2aZ58rhUZUgQCs35gx7ZE4XRjBX8"
[GIN] 2022/10/29 - 13:53:59 | 200 |     475.563µs |    192.168.77.1 | GET      "/douyin/favorite/list/?token=eyJhbGciOiJIUzI1NiIsInR5cCI6IkpXVCJ9.eyJVc2VySUQiOjIzNDUyNDk4NDI5NzU4ODQ5LCJOYW1lIjoiMSIsImV4cCI6MTY2NzE2MjM3NSwibmJmIjoxNjY3MDc1OTc1LCJpYXQiOjE2NjcwNzU5NzV9.F2evzEjkR8YpG9M2aZ58rhUZUgQCs35gx7ZE4XRjBX8&user_id=23452498429758849"

2022/10/29 13:53:59 /home/cheng/Desktop/Linux/douyin-fighting/service/video.go:243
[2.219ms] [rows:7] SELECT * FROM `videos` WHERE video_id in (23453787305823617,23453727427939713,23453554370956673,23453395339726209,23452935241354625,23452930409516417,23452612732931457)

2022/10/29 13:53:59 /home/cheng/Desktop/Linux/douyin-fighting/service/comment.go:209
[2.361ms] [rows:0] SELECT `video_id`,COUNT(video_id) as comment_count FROM `comments` WHERE video_id in (23453787305823617,23453727427939713,23453554370956673,23453395339726209,23452935241354625,23452930409516417,23452612732931457) AND `comments`.`deleted_at` IS NULL GROUP BY `video_id`

2022/10/29 13:53:59 /home/cheng/Desktop/Linux/douyin-fighting/service/favorite.go:178
[1.703ms] [rows:0] SELECT `video_id`,COUNT(video_id) as favorite_count FROM `favorites` WHERE video_id in (23453787305823617,23453727427939713,23453554370956673,23453395339726209,23452935241354625,23452930409516417,23452612732931457) and is_favorite = true GROUP BY `video_id`
[GIN] 2022/10/29 - 13:53:59 | 500 |    9.385912ms |    192.168.77.1 | GET      "/douyin/publish/list/?token=eyJhbGciOiJIUzI1NiIsInR5cCI6IkpXVCJ9.eyJVc2VySUQiOjIzNDUyNDk4NDI5NzU4ODQ5LCJOYW1lIjoiMSIsImV4cCI6MTY2NzE2MjM3NSwibmJmIjoxNjY3MDc1OTc1LCJpYXQiOjE2NjcwNzU5NzV9.F2evzEjkR8YpG9M2aZ58rhUZUgQCs35gx7ZE4XRjBX8&user_id=23452498429758849"
publish 1111111111111111111
publish 2222222222222
publish 3333333333333
insert db

2022/10/29 13:54:06 /home/cheng/Desktop/Linux/douyin-fighting/service/video.go:70
[2.574ms] [rows:1] INSERT INTO `videos` (`title`,`play_name`,`cover_name`,`author_id`,`created_at`,`ext_info`,`video_id`) VALUES ('a','23464019025218945','23464019025218945.jpg',0,'2022-10-29 13:54:06.556',NULL,23464019025218945)
redis
redis 1

2022/10/29 13:54:06 /home/cheng/Desktop/Linux/douyin-fighting/service/video.go:88
[0.658ms] [rows:10] SELECT * FROM `videos` WHERE author_id = 0
redis 2
redis 3
pipe 
pipe 1
pipe 2
pipe 3
pipe 4
cannot written to db
ERR wrong number of arguments for 'hset' command
[GIN] 2022/10/29 - 13:54:06 | 500 |  376.184725ms |    192.168.77.1 | POST     "/douyin/publish/action/"
