Global
Viper

2022/10/29 13:06:47 /data/go/pkg/mod/gorm.io/driver/mysql@v1.3.3/migrator.go:228
[1.681ms] [rows:-] SELECT DATABASE()

2022/10/29 13:06:47 /data/go/pkg/mod/gorm.io/driver/mysql@v1.3.3/migrator.go:231
[0.653ms] [rows:1] SELECT SCHEMA_NAME from Information_schema.SCHEMATA where SCHEMA_NAME LIKE 'douyin%' ORDER BY SCHEMA_NAME='douyin' DESC limit 1

2022/10/29 13:06:47 /home/cheng/Desktop/Linux/douyin-fighting/initialize/mysql.go:54
[1.168ms] [rows:-] SELECT count(*) FROM information_schema.tables WHERE table_schema = 'douyin' AND table_name = 'users' AND table_type = 'BASE TABLE'

2022/10/29 13:06:47 /data/go/pkg/mod/gorm.io/driver/mysql@v1.3.3/migrator.go:228
[0.129ms] [rows:-] SELECT DATABASE()

2022/10/29 13:06:47 /data/go/pkg/mod/gorm.io/driver/mysql@v1.3.3/migrator.go:231
[0.431ms] [rows:1] SELECT SCHEMA_NAME from Information_schema.SCHEMATA where SCHEMA_NAME LIKE 'douyin%' ORDER BY SCHEMA_NAME='douyin' DESC limit 1

2022/10/29 13:06:47 /data/go/pkg/mod/gorm.io/driver/mysql@v1.3.3/migrator.go:148
[1.409ms] [rows:-] SELECT * FROM `users` LIMIT 1

2022/10/29 13:06:47 /data/go/pkg/mod/gorm.io/driver/mysql@v1.3.3/migrator.go:166
[0.810ms] [rows:-] SELECT column_name, column_default, is_nullable = 'YES', data_type, character_maximum_length, column_type, column_key, extra, column_comment, numeric_precision, numeric_scale , datetime_precision FROM information_schema.columns WHERE table_schema = 'douyin' AND table_name = 'users' ORDER BY ORDINAL_POSITION

2022/10/29 13:06:47 /data/go/pkg/mod/gorm.io/driver/mysql@v1.3.3/migrator.go:228
[0.135ms] [rows:-] SELECT DATABASE()

2022/10/29 13:06:47 /data/go/pkg/mod/gorm.io/driver/mysql@v1.3.3/migrator.go:231
[0.971ms] [rows:1] SELECT SCHEMA_NAME from Information_schema.SCHEMATA where SCHEMA_NAME LIKE 'douyin%' ORDER BY SCHEMA_NAME='douyin' DESC limit 1

2022/10/29 13:06:47 /home/cheng/Desktop/Linux/douyin-fighting/initialize/mysql.go:55
[0.778ms] [rows:-] SELECT count(*) FROM information_schema.tables WHERE table_schema = 'douyin' AND table_name = 'videos' AND table_type = 'BASE TABLE'

2022/10/29 13:06:47 /data/go/pkg/mod/gorm.io/driver/mysql@v1.3.3/migrator.go:228
[0.199ms] [rows:-] SELECT DATABASE()

2022/10/29 13:06:47 /data/go/pkg/mod/gorm.io/driver/mysql@v1.3.3/migrator.go:231
[0.589ms] [rows:1] SELECT SCHEMA_NAME from Information_schema.SCHEMATA where SCHEMA_NAME LIKE 'douyin%' ORDER BY SCHEMA_NAME='douyin' DESC limit 1

2022/10/29 13:06:47 /data/go/pkg/mod/gorm.io/driver/mysql@v1.3.3/migrator.go:148
[0.762ms] [rows:-] SELECT * FROM `videos` LIMIT 1

2022/10/29 13:06:47 /data/go/pkg/mod/gorm.io/driver/mysql@v1.3.3/migrator.go:166
[0.496ms] [rows:-] SELECT column_name, column_default, is_nullable = 'YES', data_type, character_maximum_length, column_type, column_key, extra, column_comment, numeric_precision, numeric_scale , datetime_precision FROM information_schema.columns WHERE table_schema = 'douyin' AND table_name = 'videos' ORDER BY ORDINAL_POSITION

2022/10/29 13:06:47 /data/go/pkg/mod/gorm.io/driver/mysql@v1.3.3/migrator.go:228
[0.158ms] [rows:-] SELECT DATABASE()

2022/10/29 13:06:47 /data/go/pkg/mod/gorm.io/driver/mysql@v1.3.3/migrator.go:231
[0.545ms] [rows:1] SELECT SCHEMA_NAME from Information_schema.SCHEMATA where SCHEMA_NAME LIKE 'douyin%' ORDER BY SCHEMA_NAME='douyin' DESC limit 1

2022/10/29 13:06:47 /home/cheng/Desktop/Linux/douyin-fighting/initialize/mysql.go:55
[0.339ms] [rows:-] SELECT count(*) FROM information_schema.statistics WHERE table_schema = 'douyin' AND table_name = 'videos' AND index_name = 'idx_videos_author_id'

2022/10/29 13:06:47 /data/go/pkg/mod/gorm.io/driver/mysql@v1.3.3/migrator.go:228
[0.106ms] [rows:-] SELECT DATABASE()

2022/10/29 13:06:47 /data/go/pkg/mod/gorm.io/driver/mysql@v1.3.3/migrator.go:231
[0.383ms] [rows:1] SELECT SCHEMA_NAME from Information_schema.SCHEMATA where SCHEMA_NAME LIKE 'douyin%' ORDER BY SCHEMA_NAME='douyin' DESC limit 1

2022/10/29 13:06:47 /home/cheng/Desktop/Linux/douyin-fighting/initialize/mysql.go:55
[0.514ms] [rows:-] SELECT count(*) FROM information_schema.statistics WHERE table_schema = 'douyin' AND table_name = 'videos' AND index_name = 'idx_videos_created_at'

2022/10/29 13:06:47 /data/go/pkg/mod/gorm.io/driver/mysql@v1.3.3/migrator.go:228
[0.151ms] [rows:-] SELECT DATABASE()

2022/10/29 13:06:47 /data/go/pkg/mod/gorm.io/driver/mysql@v1.3.3/migrator.go:231
[0.370ms] [rows:1] SELECT SCHEMA_NAME from Information_schema.SCHEMATA where SCHEMA_NAME LIKE 'douyin%' ORDER BY SCHEMA_NAME='douyin' DESC limit 1

2022/10/29 13:06:47 /home/cheng/Desktop/Linux/douyin-fighting/initialize/mysql.go:56
[0.516ms] [rows:-] SELECT count(*) FROM information_schema.tables WHERE table_schema = 'douyin' AND table_name = 'favorites' AND table_type = 'BASE TABLE'

2022/10/29 13:06:47 /data/go/pkg/mod/gorm.io/driver/mysql@v1.3.3/migrator.go:228
[0.109ms] [rows:-] SELECT DATABASE()

2022/10/29 13:06:47 /data/go/pkg/mod/gorm.io/driver/mysql@v1.3.3/migrator.go:231
[0.340ms] [rows:1] SELECT SCHEMA_NAME from Information_schema.SCHEMATA where SCHEMA_NAME LIKE 'douyin%' ORDER BY SCHEMA_NAME='douyin' DESC limit 1

2022/10/29 13:06:47 /data/go/pkg/mod/gorm.io/driver/mysql@v1.3.3/migrator.go:148
[0.585ms] [rows:-] SELECT * FROM `favorites` LIMIT 1

2022/10/29 13:06:47 /data/go/pkg/mod/gorm.io/driver/mysql@v1.3.3/migrator.go:166
[0.460ms] [rows:-] SELECT column_name, column_default, is_nullable = 'YES', data_type, character_maximum_length, column_type, column_key, extra, column_comment, numeric_precision, numeric_scale , datetime_precision FROM information_schema.columns WHERE table_schema = 'douyin' AND table_name = 'favorites' ORDER BY ORDINAL_POSITION

2022/10/29 13:06:47 /data/go/pkg/mod/gorm.io/driver/mysql@v1.3.3/migrator.go:228
[0.151ms] [rows:-] SELECT DATABASE()

2022/10/29 13:06:47 /data/go/pkg/mod/gorm.io/driver/mysql@v1.3.3/migrator.go:231
[2.341ms] [rows:1] SELECT SCHEMA_NAME from Information_schema.SCHEMATA where SCHEMA_NAME LIKE 'douyin%' ORDER BY SCHEMA_NAME='douyin' DESC limit 1

2022/10/29 13:06:47 /home/cheng/Desktop/Linux/douyin-fighting/initialize/mysql.go:56
[1.787ms] [rows:-] SELECT count(*) FROM information_schema.statistics WHERE table_schema = 'douyin' AND table_name = 'favorites' AND index_name = 'idx_01'

2022/10/29 13:06:47 /data/go/pkg/mod/gorm.io/driver/mysql@v1.3.3/migrator.go:228
[0.150ms] [rows:-] SELECT DATABASE()

2022/10/29 13:06:47 /data/go/pkg/mod/gorm.io/driver/mysql@v1.3.3/migrator.go:231
[0.657ms] [rows:1] SELECT SCHEMA_NAME from Information_schema.SCHEMATA where SCHEMA_NAME LIKE 'douyin%' ORDER BY SCHEMA_NAME='douyin' DESC limit 1

2022/10/29 13:06:47 /home/cheng/Desktop/Linux/douyin-fighting/initialize/mysql.go:56
[0.366ms] [rows:-] SELECT count(*) FROM information_schema.statistics WHERE table_schema = 'douyin' AND table_name = 'favorites' AND index_name = 'idx_02'

2022/10/29 13:06:47 /data/go/pkg/mod/gorm.io/driver/mysql@v1.3.3/migrator.go:228
[0.103ms] [rows:-] SELECT DATABASE()

2022/10/29 13:06:47 /data/go/pkg/mod/gorm.io/driver/mysql@v1.3.3/migrator.go:231
[0.376ms] [rows:1] SELECT SCHEMA_NAME from Information_schema.SCHEMATA where SCHEMA_NAME LIKE 'douyin%' ORDER BY SCHEMA_NAME='douyin' DESC limit 1

2022/10/29 13:06:47 /home/cheng/Desktop/Linux/douyin-fighting/initialize/mysql.go:57
[0.316ms] [rows:-] SELECT count(*) FROM information_schema.tables WHERE table_schema = 'douyin' AND table_name = 'comments' AND table_type = 'BASE TABLE'

2022/10/29 13:06:47 /data/go/pkg/mod/gorm.io/driver/mysql@v1.3.3/migrator.go:228
[0.124ms] [rows:-] SELECT DATABASE()

2022/10/29 13:06:47 /data/go/pkg/mod/gorm.io/driver/mysql@v1.3.3/migrator.go:231
[0.355ms] [rows:1] SELECT SCHEMA_NAME from Information_schema.SCHEMATA where SCHEMA_NAME LIKE 'douyin%' ORDER BY SCHEMA_NAME='douyin' DESC limit 1

2022/10/29 13:06:47 /data/go/pkg/mod/gorm.io/driver/mysql@v1.3.3/migrator.go:148
[0.850ms] [rows:-] SELECT * FROM `comments` LIMIT 1

2022/10/29 13:06:47 /data/go/pkg/mod/gorm.io/driver/mysql@v1.3.3/migrator.go:166
[0.677ms] [rows:-] SELECT column_name, column_default, is_nullable = 'YES', data_type, character_maximum_length, column_type, column_key, extra, column_comment, numeric_precision, numeric_scale , datetime_precision FROM information_schema.columns WHERE table_schema = 'douyin' AND table_name = 'comments' ORDER BY ORDINAL_POSITION

2022/10/29 13:06:47 /data/go/pkg/mod/gorm.io/driver/mysql@v1.3.3/migrator.go:228
[0.141ms] [rows:-] SELECT DATABASE()

2022/10/29 13:06:47 /data/go/pkg/mod/gorm.io/driver/mysql@v1.3.3/migrator.go:231
[0.394ms] [rows:1] SELECT SCHEMA_NAME from Information_schema.SCHEMATA where SCHEMA_NAME LIKE 'douyin%' ORDER BY SCHEMA_NAME='douyin' DESC limit 1

2022/10/29 13:06:47 /home/cheng/Desktop/Linux/douyin-fighting/initialize/mysql.go:57
[0.324ms] [rows:-] SELECT count(*) FROM information_schema.statistics WHERE table_schema = 'douyin' AND table_name = 'comments' AND index_name = 'video_user'

2022/10/29 13:06:47 /data/go/pkg/mod/gorm.io/driver/mysql@v1.3.3/migrator.go:228
[0.137ms] [rows:-] SELECT DATABASE()

2022/10/29 13:06:47 /data/go/pkg/mod/gorm.io/driver/mysql@v1.3.3/migrator.go:231
[0.576ms] [rows:1] SELECT SCHEMA_NAME from Information_schema.SCHEMATA where SCHEMA_NAME LIKE 'douyin%' ORDER BY SCHEMA_NAME='douyin' DESC limit 1

2022/10/29 13:06:47 /home/cheng/Desktop/Linux/douyin-fighting/initialize/mysql.go:58
[0.314ms] [rows:-] SELECT count(*) FROM information_schema.tables WHERE table_schema = 'douyin' AND table_name = 'follows' AND table_type = 'BASE TABLE'

2022/10/29 13:06:47 /data/go/pkg/mod/gorm.io/driver/mysql@v1.3.3/migrator.go:228
[0.103ms] [rows:-] SELECT DATABASE()

2022/10/29 13:06:47 /data/go/pkg/mod/gorm.io/driver/mysql@v1.3.3/migrator.go:231
[0.548ms] [rows:1] SELECT SCHEMA_NAME from Information_schema.SCHEMATA where SCHEMA_NAME LIKE 'douyin%' ORDER BY SCHEMA_NAME='douyin' DESC limit 1

2022/10/29 13:06:47 /data/go/pkg/mod/gorm.io/driver/mysql@v1.3.3/migrator.go:148
[0.546ms] [rows:-] SELECT * FROM `follows` LIMIT 1

2022/10/29 13:06:47 /data/go/pkg/mod/gorm.io/driver/mysql@v1.3.3/migrator.go:166
[0.538ms] [rows:-] SELECT column_name, column_default, is_nullable = 'YES', data_type, character_maximum_length, column_type, column_key, extra, column_comment, numeric_precision, numeric_scale , datetime_precision FROM information_schema.columns WHERE table_schema = 'douyin' AND table_name = 'follows' ORDER BY ORDINAL_POSITION

2022/10/29 13:06:47 /data/go/pkg/mod/gorm.io/driver/mysql@v1.3.3/migrator.go:228
[0.140ms] [rows:-] SELECT DATABASE()

2022/10/29 13:06:47 /data/go/pkg/mod/gorm.io/driver/mysql@v1.3.3/migrator.go:231
[0.379ms] [rows:1] SELECT SCHEMA_NAME from Information_schema.SCHEMATA where SCHEMA_NAME LIKE 'douyin%' ORDER BY SCHEMA_NAME='douyin' DESC limit 1

2022/10/29 13:06:47 /home/cheng/Desktop/Linux/douyin-fighting/initialize/mysql.go:58
[0.306ms] [rows:-] SELECT count(*) FROM information_schema.statistics WHERE table_schema = 'douyin' AND table_name = 'follows' AND index_name = 'idx_01'

2022/10/29 13:06:47 /data/go/pkg/mod/gorm.io/driver/mysql@v1.3.3/migrator.go:228
[0.104ms] [rows:-] SELECT DATABASE()

2022/10/29 13:06:47 /data/go/pkg/mod/gorm.io/driver/mysql@v1.3.3/migrator.go:231
[0.358ms] [rows:1] SELECT SCHEMA_NAME from Information_schema.SCHEMATA where SCHEMA_NAME LIKE 'douyin%' ORDER BY SCHEMA_NAME='douyin' DESC limit 1

2022/10/29 13:06:47 /home/cheng/Desktop/Linux/douyin-fighting/initialize/mysql.go:58
[0.534ms] [rows:-] SELECT count(*) FROM information_schema.statistics WHERE table_schema = 'douyin' AND table_name = 'follows' AND index_name = 'idx_02'
MySQL
Redis
1111111111111111111
0.0.0.0:8080
2022/10/29 13:06:54 /home/cheng/Desktop/Linux/douyin-fighting/service/video.go:121
[1.347ms] [rows:7] SELECT * FROM `videos` WHERE author_id = 23452498429758849

2022/10/29 13:06:54 /home/cheng/Desktop/Linux/douyin-fighting/service/favorite.go:178
[0.625ms] [rows:0] SELECT `video_id`,COUNT(video_id) as favorite_count FROM `favorites` WHERE video_id in (23452612732931457,23452930409516417,23452935241354625,23453395339726209,23453554370956673,23453727427939713,23453787305823617) and is_favorite = true GROUP BY `video_id`

2022/10/29 13:06:54 /home/cheng/Desktop/Linux/douyin-fighting/service/comment.go:209
[0.610ms] [rows:0] SELECT `video_id`,COUNT(video_id) as comment_count FROM `comments` WHERE video_id in (23452612732931457,23452930409516417,23452935241354625,23453395339726209,23453554370956673,23453727427939713,23453787305823617) AND `comments`.`deleted_at` IS NULL GROUP BY `video_id`

2022/10/29 13:06:54 /home/cheng/Desktop/Linux/douyin-fighting/service/user.go:51
[0.661ms] [rows:1] SELECT * FROM `users` WHERE user_id = 23452498429758849 LIMIT 1

2022/10/29 13:06:54 /home/cheng/Desktop/Linux/douyin-fighting/service/user.go:54
[0.621ms] [rows:1] SELECT count(*) FROM `follows` WHERE follower_id = 23452498429758849 and is_follow = true

2022/10/29 13:06:54 /home/cheng/Desktop/Linux/douyin-fighting/service/favorite.go:114
[5.600ms] [rows:0] SELECT `video_id`,`is_favorite` FROM `favorites` WHERE user_id = 23452498429758849

2022/10/29 13:06:54 /home/cheng/Desktop/Linux/douyin-fighting/service/user.go:57
[0.475ms] [rows:1] SELECT count(*) FROM `follows` WHERE celebrity_id = 23452498429758849 and is_follow = true

2022/10/29 13:06:54 /home/cheng/Desktop/Linux/douyin-fighting/service/user.go:60
[0.461ms] [rows:1] SELECT count(*) FROM `favorites` WHERE user_id = 23452498429758849 and is_favorite = true

2022/10/29 13:06:54 /home/cheng/Desktop/Linux/douyin-fighting/service/follow.go:105
[3.151ms] [rows:0] SELECT `celebrity_id`,`is_follow` FROM `follows` WHERE follower_id = 23452498429758849
[GIN] 2022/10/29 - 13:06:54 | 200 |   11.269835ms |    192.168.77.1 | GET      "/douyin/favorite/list/?token=eyJhbGciOiJIUzI1NiIsInR5cCI6IkpXVCJ9.eyJVc2VySUQiOjIzNDUyNDk4NDI5NzU4ODQ5LCJOYW1lIjoiMSIsImV4cCI6MTY2NzE1OTExMCwibmJmIjoxNjY3MDcyNzEwLCJpYXQiOjE2NjcwNzI3MTB9.2qrTeSnZzPnomCtFE34WphwXRkJq8DDl6WXtazfYo40&user_id=23452498429758849"

2022/10/29 13:06:54 /home/cheng/Desktop/Linux/douyin-fighting/service/video.go:289
[4.002ms] [rows:7] SELECT * FROM `videos` WHERE author_id = 23452498429758849

2022/10/29 13:06:54 /home/cheng/Desktop/Linux/douyin-fighting/service/favorite.go:178
[0.477ms] [rows:0] SELECT `video_id`,COUNT(video_id) as favorite_count FROM `favorites` WHERE video_id in (23453787305823617,23453727427939713,23453554370956673,23453395339726209,23452935241354625,23452930409516417,23452612732931457) and is_favorite = true GROUP BY `video_id`
[GIN] 2022/10/29 - 13:06:54 | 200 |   12.539427ms |    192.168.77.1 | GET      "/douyin/publish/list/?token=eyJhbGciOiJIUzI1NiIsInR5cCI6IkpXVCJ9.eyJVc2VySUQiOjIzNDUyNDk4NDI5NzU4ODQ5LCJOYW1lIjoiMSIsImV4cCI6MTY2NzE1OTExMCwibmJmIjoxNjY3MDcyNzEwLCJpYXQiOjE2NjcwNzI3MTB9.2qrTeSnZzPnomCtFE34WphwXRkJq8DDl6WXtazfYo40&user_id=23452498429758849"

2022/10/29 13:06:59 /home/cheng/Desktop/Linux/douyin-fighting/service/video.go:243
[0.375ms] [rows:1] SELECT * FROM `videos` WHERE video_id in (23245963636264321)

2022/10/29 13:06:59 /home/cheng/Desktop/Linux/douyin-fighting/service/comment.go:209
[0.230ms] [rows:0] SELECT `video_id`,COUNT(video_id) as comment_count FROM `comments` WHERE video_id in (23245963636264321) AND `comments`.`deleted_at` IS NULL GROUP BY `video_id`

2022/10/29 13:06:59 /home/cheng/Desktop/Linux/douyin-fighting/service/favorite.go:178
[0.389ms] [rows:0] SELECT `video_id`,COUNT(video_id) as favorite_count FROM `favorites` WHERE video_id in (23245963636264321) and is_favorite = true GROUP BY `video_id`
[GIN] 2022/10/29 - 13:06:59 | 500 |    1.555249ms |    192.168.77.1 | GET      "/douyin/feed/?latest_time=1667074020140&token=eyJhbGciOiJIUzI1NiIsInR5cCI6IkpXVCJ9.eyJVc2VySUQiOjIzNDUyNDk4NDI5NzU4ODQ5LCJOYW1lIjoiMSIsImV4cCI6MTY2NzE1OTExMCwibmJmIjoxNjY3MDcyNzEwLCJpYXQiOjE2NjcwNzI3MTB9.2qrTeSnZzPnomCtFE34WphwXRkJq8DDl6WXtazfYo40"
publish 1111111111111111111
publish 2222222222222
publish 3333333333333
insert db

2022/10/29 13:07:12 /home/cheng/Desktop/Linux/douyin-fighting/service/video.go:70
[4.020ms] [rows:1] INSERT INTO `videos` (`title`,`play_name`,`cover_name`,`author_id`,`created_at`,`ext_info`,`video_id`) VALUES ('a','23459298218626433','23459298218626433.jpg',0,'2022-10-29 13:07:12.464',NULL,23459298218626433)
[GIN] 2022/10/29 - 13:07:12 | 200 |  107.857083ms |    192.168.77.1 | POST     "/douyin/publish/action/"
[GIN] 2022/10/29 - 13:07:36 | 200 |     520.344µs |    192.168.77.1 | GET      "/douyin/favorite/list/?token=eyJhbGciOiJIUzI1NiIsInR5cCI6IkpXVCJ9.eyJVc2VySUQiOjIzNDUyNDk4NDI5NzU4ODQ5LCJOYW1lIjoiMSIsImV4cCI6MTY2NzE1OTExMCwibmJmIjoxNjY3MDcyNzEwLCJpYXQiOjE2NjcwNzI3MTB9.2qrTeSnZzPnomCtFE34WphwXRkJq8DDl6WXtazfYo40&user_id=23452498429758849"

2022/10/29 13:07:36 /home/cheng/Desktop/Linux/douyin-fighting/service/video.go:243
[0.565ms] [rows:7] SELECT * FROM `videos` WHERE video_id in (23453787305823617,23453727427939713,23453554370956673,23453395339726209,23452935241354625,23452930409516417,23452612732931457)

2022/10/29 13:07:36 /home/cheng/Desktop/Linux/douyin-fighting/service/comment.go:209
[0.501ms] [rows:0] SELECT `video_id`,COUNT(video_id) as comment_count FROM `comments` WHERE video_id in (23453787305823617,23453727427939713,23453554370956673,23453395339726209,23452935241354625,23452930409516417,23452612732931457) AND `comments`.`deleted_at` IS NULL GROUP BY `video_id`

2022/10/29 13:07:36 /home/cheng/Desktop/Linux/douyin-fighting/service/favorite.go:178
[0.284ms] [rows:0] SELECT `video_id`,COUNT(video_id) as favorite_count FROM `favorites` WHERE video_id in (23453787305823617,23453727427939713,23453554370956673,23453395339726209,23452935241354625,23452930409516417,23452612732931457) and is_favorite = true GROUP BY `video_id`
[GIN] 2022/10/29 - 13:07:36 | 500 |    2.326735ms |    192.168.77.1 | GET      "/douyin/publish/list/?token=eyJhbGciOiJIUzI1NiIsInR5cCI6IkpXVCJ9.eyJVc2VySUQiOjIzNDUyNDk4NDI5NzU4ODQ5LCJOYW1lIjoiMSIsImV4cCI6MTY2NzE1OTExMCwibmJmIjoxNjY3MDcyNzEwLCJpYXQiOjE2NjcwNzI3MTB9.2qrTeSnZzPnomCtFE34WphwXRkJq8DDl6WXtazfYo40&user_id=23452498429758849"
