
2022/10/27 22:09:57 /data/go/pkg/mod/gorm.io/driver/mysql@v1.3.3/migrator.go:228
[0.066ms] [rows:-] SELECT DATABASE()

2022/10/27 22:09:57 /data/go/pkg/mod/gorm.io/driver/mysql@v1.3.3/migrator.go:231
[0.399ms] [rows:1] SELECT SCHEMA_NAME from Information_schema.SCHEMATA where SCHEMA_NAME LIKE 'douyin%' ORDER BY SCHEMA_NAME='douyin' DESC limit 1

2022/10/27 22:09:57 /home/cheng/Desktop/Linux/douyin-fighting/initialize/mysql.go:54
[0.286ms] [rows:-] SELECT count(*) FROM information_schema.tables WHERE table_schema = 'douyin' AND table_name = 'users' AND table_type = 'BASE TABLE'

2022/10/27 22:09:57 /data/go/pkg/mod/gorm.io/driver/mysql@v1.3.3/migrator.go:228
[0.099ms] [rows:-] SELECT DATABASE()

2022/10/27 22:09:57 /data/go/pkg/mod/gorm.io/driver/mysql@v1.3.3/migrator.go:231
[0.276ms] [rows:1] SELECT SCHEMA_NAME from Information_schema.SCHEMATA where SCHEMA_NAME LIKE 'douyin%' ORDER BY SCHEMA_NAME='douyin' DESC limit 1

2022/10/27 22:09:57 /data/go/pkg/mod/gorm.io/driver/mysql@v1.3.3/migrator.go:148
[0.201ms] [rows:-] SELECT * FROM `users` LIMIT 1

2022/10/27 22:09:57 /data/go/pkg/mod/gorm.io/driver/mysql@v1.3.3/migrator.go:166
[0.449ms] [rows:-] SELECT column_name, column_default, is_nullable = 'YES', data_type, character_maximum_length, column_type, column_key, extra, column_comment, numeric_precision, numeric_scale , datetime_precision FROM information_schema.columns WHERE table_schema = 'douyin' AND table_name = 'users' ORDER BY ORDINAL_POSITION

2022/10/27 22:09:57 /data/go/pkg/mod/gorm.io/driver/mysql@v1.3.3/migrator.go:228
[0.074ms] [rows:-] SELECT DATABASE()

2022/10/27 22:09:57 /data/go/pkg/mod/gorm.io/driver/mysql@v1.3.3/migrator.go:231
[0.295ms] [rows:1] SELECT SCHEMA_NAME from Information_schema.SCHEMATA where SCHEMA_NAME LIKE 'douyin%' ORDER BY SCHEMA_NAME='douyin' DESC limit 1

2022/10/27 22:09:57 /home/cheng/Desktop/Linux/douyin-fighting/initialize/mysql.go:55
[0.240ms] [rows:-] SELECT count(*) FROM information_schema.tables WHERE table_schema = 'douyin' AND table_name = 'videos' AND table_type = 'BASE TABLE'

2022/10/27 22:09:57 /data/go/pkg/mod/gorm.io/driver/mysql@v1.3.3/migrator.go:228
[0.103ms] [rows:-] SELECT DATABASE()

2022/10/27 22:09:57 /data/go/pkg/mod/gorm.io/driver/mysql@v1.3.3/migrator.go:231
[0.269ms] [rows:1] SELECT SCHEMA_NAME from Information_schema.SCHEMATA where SCHEMA_NAME LIKE 'douyin%' ORDER BY SCHEMA_NAME='douyin' DESC limit 1

2022/10/27 22:09:57 /data/go/pkg/mod/gorm.io/driver/mysql@v1.3.3/migrator.go:148
[0.164ms] [rows:-] SELECT * FROM `videos` LIMIT 1

2022/10/27 22:09:57 /data/go/pkg/mod/gorm.io/driver/mysql@v1.3.3/migrator.go:166
[0.431ms] [rows:-] SELECT column_name, column_default, is_nullable = 'YES', data_type, character_maximum_length, column_type, column_key, extra, column_comment, numeric_precision, numeric_scale , datetime_precision FROM information_schema.columns WHERE table_schema = 'douyin' AND table_name = 'videos' ORDER BY ORDINAL_POSITION

2022/10/27 22:09:57 /data/go/pkg/mod/gorm.io/driver/mysql@v1.3.3/migrator.go:228
[0.071ms] [rows:-] SELECT DATABASE()

2022/10/27 22:09:57 /data/go/pkg/mod/gorm.io/driver/mysql@v1.3.3/migrator.go:231
[0.285ms] [rows:1] SELECT SCHEMA_NAME from Information_schema.SCHEMATA where SCHEMA_NAME LIKE 'douyin%' ORDER BY SCHEMA_NAME='douyin' DESC limit 1

2022/10/27 22:09:57 /home/cheng/Desktop/Linux/douyin-fighting/initialize/mysql.go:55
[0.239ms] [rows:-] SELECT count(*) FROM information_schema.statistics WHERE table_schema = 'douyin' AND table_name = 'videos' AND index_name = 'idx_videos_author_id'

2022/10/27 22:09:57 /data/go/pkg/mod/gorm.io/driver/mysql@v1.3.3/migrator.go:228
[0.103ms] [rows:-] SELECT DATABASE()

2022/10/27 22:09:57 /data/go/pkg/mod/gorm.io/driver/mysql@v1.3.3/migrator.go:231
[0.284ms] [rows:1] SELECT SCHEMA_NAME from Information_schema.SCHEMATA where SCHEMA_NAME LIKE 'douyin%' ORDER BY SCHEMA_NAME='douyin' DESC limit 1

2022/10/27 22:09:57 /home/cheng/Desktop/Linux/douyin-fighting/initialize/mysql.go:55
[0.228ms] [rows:-] SELECT count(*) FROM information_schema.statistics WHERE table_schema = 'douyin' AND table_name = 'videos' AND index_name = 'idx_videos_created_at'

2022/10/27 22:09:57 /data/go/pkg/mod/gorm.io/driver/mysql@v1.3.3/migrator.go:228
[0.068ms] [rows:-] SELECT DATABASE()

2022/10/27 22:09:57 /data/go/pkg/mod/gorm.io/driver/mysql@v1.3.3/migrator.go:231
[0.304ms] [rows:1] SELECT SCHEMA_NAME from Information_schema.SCHEMATA where SCHEMA_NAME LIKE 'douyin%' ORDER BY SCHEMA_NAME='douyin' DESC limit 1

2022/10/27 22:09:57 /home/cheng/Desktop/Linux/douyin-fighting/initialize/mysql.go:56
[0.244ms] [rows:-] SELECT count(*) FROM information_schema.tables WHERE table_schema = 'douyin' AND table_name = 'favorites' AND table_type = 'BASE TABLE'

2022/10/27 22:09:57 /data/go/pkg/mod/gorm.io/driver/mysql@v1.3.3/migrator.go:228
[0.101ms] [rows:-] SELECT DATABASE()

2022/10/27 22:09:57 /data/go/pkg/mod/gorm.io/driver/mysql@v1.3.3/migrator.go:231
[0.269ms] [rows:1] SELECT SCHEMA_NAME from Information_schema.SCHEMATA where SCHEMA_NAME LIKE 'douyin%' ORDER BY SCHEMA_NAME='douyin' DESC limit 1

2022/10/27 22:09:57 /data/go/pkg/mod/gorm.io/driver/mysql@v1.3.3/migrator.go:148
[0.163ms] [rows:-] SELECT * FROM `favorites` LIMIT 1

2022/10/27 22:09:57 /data/go/pkg/mod/gorm.io/driver/mysql@v1.3.3/migrator.go:166
[0.416ms] [rows:-] SELECT column_name, column_default, is_nullable = 'YES', data_type, character_maximum_length, column_type, column_key, extra, column_comment, numeric_precision, numeric_scale , datetime_precision FROM information_schema.columns WHERE table_schema = 'douyin' AND table_name = 'favorites' ORDER BY ORDINAL_POSITION

2022/10/27 22:09:57 /data/go/pkg/mod/gorm.io/driver/mysql@v1.3.3/migrator.go:228
[0.070ms] [rows:-] SELECT DATABASE()

2022/10/27 22:09:57 /data/go/pkg/mod/gorm.io/driver/mysql@v1.3.3/migrator.go:231
[0.285ms] [rows:1] SELECT SCHEMA_NAME from Information_schema.SCHEMATA where SCHEMA_NAME LIKE 'douyin%' ORDER BY SCHEMA_NAME='douyin' DESC limit 1

2022/10/27 22:09:57 /home/cheng/Desktop/Linux/douyin-fighting/initialize/mysql.go:56
[0.233ms] [rows:-] SELECT count(*) FROM information_schema.statistics WHERE table_schema = 'douyin' AND table_name = 'favorites' AND index_name = 'idx_01'

2022/10/27 22:09:57 /data/go/pkg/mod/gorm.io/driver/mysql@v1.3.3/migrator.go:228
[0.102ms] [rows:-] SELECT DATABASE()

2022/10/27 22:09:57 /data/go/pkg/mod/gorm.io/driver/mysql@v1.3.3/migrator.go:231
[0.269ms] [rows:1] SELECT SCHEMA_NAME from Information_schema.SCHEMATA where SCHEMA_NAME LIKE 'douyin%' ORDER BY SCHEMA_NAME='douyin' DESC limit 1

2022/10/27 22:09:57 /home/cheng/Desktop/Linux/douyin-fighting/initialize/mysql.go:56
[0.248ms] [rows:-] SELECT count(*) FROM information_schema.statistics WHERE table_schema = 'douyin' AND table_name = 'favorites' AND index_name = 'idx_02'

2022/10/27 22:09:57 /data/go/pkg/mod/gorm.io/driver/mysql@v1.3.3/migrator.go:228
[0.069ms] [rows:-] SELECT DATABASE()

2022/10/27 22:09:57 /data/go/pkg/mod/gorm.io/driver/mysql@v1.3.3/migrator.go:231
[0.271ms] [rows:1] SELECT SCHEMA_NAME from Information_schema.SCHEMATA where SCHEMA_NAME LIKE 'douyin%' ORDER BY SCHEMA_NAME='douyin' DESC limit 1

2022/10/27 22:09:57 /home/cheng/Desktop/Linux/douyin-fighting/initialize/mysql.go:57
[0.244ms] [rows:-] SELECT count(*) FROM information_schema.tables WHERE table_schema = 'douyin' AND table_name = 'comments' AND table_type = 'BASE TABLE'

2022/10/27 22:09:57 /data/go/pkg/mod/gorm.io/driver/mysql@v1.3.3/migrator.go:228
[0.104ms] [rows:-] SELECT DATABASE()

2022/10/27 22:09:57 /data/go/pkg/mod/gorm.io/driver/mysql@v1.3.3/migrator.go:231
[0.280ms] [rows:1] SELECT SCHEMA_NAME from Information_schema.SCHEMATA where SCHEMA_NAME LIKE 'douyin%' ORDER BY SCHEMA_NAME='douyin' DESC limit 1

2022/10/27 22:09:57 /data/go/pkg/mod/gorm.io/driver/mysql@v1.3.3/migrator.go:148
[0.159ms] [rows:-] SELECT * FROM `comments` LIMIT 1

2022/10/27 22:09:57 /data/go/pkg/mod/gorm.io/driver/mysql@v1.3.3/migrator.go:166
[0.404ms] [rows:-] SELECT column_name, column_default, is_nullable = 'YES', data_type, character_maximum_length, column_type, column_key, extra, column_comment, numeric_precision, numeric_scale , datetime_precision FROM information_schema.columns WHERE table_schema = 'douyin' AND table_name = 'comments' ORDER BY ORDINAL_POSITION

2022/10/27 22:09:57 /data/go/pkg/mod/gorm.io/driver/mysql@v1.3.3/migrator.go:228
[0.070ms] [rows:-] SELECT DATABASE()

2022/10/27 22:09:57 /data/go/pkg/mod/gorm.io/driver/mysql@v1.3.3/migrator.go:231
[0.272ms] [rows:1] SELECT SCHEMA_NAME from Information_schema.SCHEMATA where SCHEMA_NAME LIKE 'douyin%' ORDER BY SCHEMA_NAME='douyin' DESC limit 1

2022/10/27 22:09:57 /home/cheng/Desktop/Linux/douyin-fighting/initialize/mysql.go:57
[0.232ms] [rows:-] SELECT count(*) FROM information_schema.statistics WHERE table_schema = 'douyin' AND table_name = 'comments' AND index_name = 'video_user'

2022/10/27 22:09:57 /data/go/pkg/mod/gorm.io/driver/mysql@v1.3.3/migrator.go:228
[0.068ms] [rows:-] SELECT DATABASE()

2022/10/27 22:09:57 /data/go/pkg/mod/gorm.io/driver/mysql@v1.3.3/migrator.go:231
[0.300ms] [rows:1] SELECT SCHEMA_NAME from Information_schema.SCHEMATA where SCHEMA_NAME LIKE 'douyin%' ORDER BY SCHEMA_NAME='douyin' DESC limit 1

2022/10/27 22:09:57 /home/cheng/Desktop/Linux/douyin-fighting/initialize/mysql.go:58
[0.237ms] [rows:-] SELECT count(*) FROM information_schema.tables WHERE table_schema = 'douyin' AND table_name = 'follows' AND table_type = 'BASE TABLE'

2022/10/27 22:09:57 /data/go/pkg/mod/gorm.io/driver/mysql@v1.3.3/migrator.go:228
[0.101ms] [rows:-] SELECT DATABASE()

2022/10/27 22:09:57 /data/go/pkg/mod/gorm.io/driver/mysql@v1.3.3/migrator.go:231
[0.280ms] [rows:1] SELECT SCHEMA_NAME from Information_schema.SCHEMATA where SCHEMA_NAME LIKE 'douyin%' ORDER BY SCHEMA_NAME='douyin' DESC limit 1

2022/10/27 22:09:57 /data/go/pkg/mod/gorm.io/driver/mysql@v1.3.3/migrator.go:148
[0.159ms] [rows:-] SELECT * FROM `follows` LIMIT 1

2022/10/27 22:09:57 /data/go/pkg/mod/gorm.io/driver/mysql@v1.3.3/migrator.go:166
[0.395ms] [rows:-] SELECT column_name, column_default, is_nullable = 'YES', data_type, character_maximum_length, column_type, column_key, extra, column_comment, numeric_precision, numeric_scale , datetime_precision FROM information_schema.columns WHERE table_schema = 'douyin' AND table_name = 'follows' ORDER BY ORDINAL_POSITION

2022/10/27 22:09:57 /data/go/pkg/mod/gorm.io/driver/mysql@v1.3.3/migrator.go:228
[0.071ms] [rows:-] SELECT DATABASE()

2022/10/27 22:09:57 /data/go/pkg/mod/gorm.io/driver/mysql@v1.3.3/migrator.go:231
[4.347ms] [rows:1] SELECT SCHEMA_NAME from Information_schema.SCHEMATA where SCHEMA_NAME LIKE 'douyin%' ORDER BY SCHEMA_NAME='douyin' DESC limit 1

2022/10/27 22:09:57 /home/cheng/Desktop/Linux/douyin-fighting/initialize/mysql.go:58
[0.879ms] [rows:-] SELECT count(*) FROM information_schema.statistics WHERE table_schema = 'douyin' AND table_name = 'follows' AND index_name = 'idx_01'

2022/10/27 22:09:57 /data/go/pkg/mod/gorm.io/driver/mysql@v1.3.3/migrator.go:228
[0.235ms] [rows:-] SELECT DATABASE()

2022/10/27 22:09:57 /data/go/pkg/mod/gorm.io/driver/mysql@v1.3.3/migrator.go:231
[0.304ms] [rows:1] SELECT SCHEMA_NAME from Information_schema.SCHEMATA where SCHEMA_NAME LIKE 'douyin%' ORDER BY SCHEMA_NAME='douyin' DESC limit 1

2022/10/27 22:09:57 /home/cheng/Desktop/Linux/douyin-fighting/initialize/mysql.go:58
[0.203ms] [rows:-] SELECT count(*) FROM information_schema.statistics WHERE table_schema = 'douyin' AND table_name = 'follows' AND index_name = 'idx_02'

2022/10/27 22:09:57 /home/cheng/Desktop/Linux/douyin-fighting/service/video_redis.go:47
[0.124ms] [rows:0] SELECT * FROM `videos`
